[0.006s] Invoking command in '/home/noahw/programs/machpilot/src/FSMPilot/build/fsm_ros_wrapper': CMAKE_PREFIX_PATH=${CMAKE_PREFIX_PATH}:/opt/ros/humble /usr/bin/cmake --build /home/noahw/programs/machpilot/src/FSMPilot/build/fsm_ros_wrapper -- -j32 -l32
[0.024s] [35m[1mConsolidate compiler generated dependencies of target state_machine_node[0m
[0.036s] [ 10%] [32mBuilding CXX object CMakeFiles/state_machine_node.dir/src/ros_main.cpp.o[0m
[0.036s] [ 20%] [32mBuilding CXX object CMakeFiles/state_machine_node.dir/src/state_machine_node.cpp.o[0m
[0.036s] [ 30%] [32mBuilding CXX object CMakeFiles/state_machine_node.dir/src/FSMPilotStates.cpp.o[0m
[0.039s] [01m[K/home/noahw/programs/machpilot/src/FSMPilot/src/FSMPilotStates.cpp:1:34:[m[K [01;35m[Kwarning: [m[Kextra tokens at end of #include directive
[0.039s]     1 | #include "state_machine_node.hpp"[01;35m[K;[m[K
[0.039s]       |                                  [01;35m[K^[m[K
[0.039s] [01m[K/home/noahw/programs/machpilot/src/FSMPilot/src/FSMPilotStates.cpp:1:10:[m[K [01;31m[Kfatal error: [m[Kstate_machine_node.hpp: No such file or directory
[0.039s]     1 | #include [01;31m[K"state_machine_node.hpp"[m[K;
[0.039s]       |          [01;31m[K^~~~~~~~~~~~~~~~~~~~~~~~[m[K
[0.039s] compilation terminated.
[0.039s] gmake[2]: *** [CMakeFiles/state_machine_node.dir/build.make:188: CMakeFiles/state_machine_node.dir/src/FSMPilotStates.cpp.o] Error 1
[0.039s] gmake[2]: *** Waiting for unfinished jobs....
[1.282s] In file included from [01m[K/home/noahw/programs/machpilot/src/FSMPilot/src/state_machine_node.cpp:1[m[K:
[1.282s] [01m[K/home/noahw/programs/machpilot/src/FSMPilot/include/fsm_ros_wrapper/state_machine_node.hpp:19:38:[m[K [01;31m[Kerror: [m[K‘[01m[KUInt8[m[K’ is not a member of ‘[01m[Kstd_msgs::msg[m[K’; did you mean ‘[01m[KUInt64[m[K’?
[1.282s]    19 |     rclcpp::Publisher<std_msgs::msg::[01;31m[KUInt8[m[K>::SharedPtr state_publisher;
[1.282s]       |                                      [01;31m[K^~~~~[m[K
[1.282s]       |                                      [32m[KUInt64[m[K
[1.282s] [01m[K/home/noahw/programs/machpilot/src/FSMPilot/include/fsm_ros_wrapper/state_machine_node.hpp:19:43:[m[K [01;31m[Kerror: [m[Ktemplate argument 1 is invalid
[1.282s]    19 |     rclcpp::Publisher<std_msgs::msg::UInt8[01;31m[K>[m[K::SharedPtr state_publisher;
[1.282s]       |                                           [01;31m[K^[m[K
[1.282s] [01m[K/home/noahw/programs/machpilot/src/FSMPilot/include/fsm_ros_wrapper/state_machine_node.hpp:19:46:[m[K [01;31m[Kerror: [m[Kexpected ‘[01m[K;[m[K’ at end of member declaration
[1.282s]    19 |     rclcpp::Publisher<std_msgs::msg::UInt8>::[01;31m[KSharedPtr[m[K state_publisher;
[1.282s]       |                                              [01;31m[K^~~~~~~~~[m[K
[1.282s]       |                                                       [32m[K;[m[K
[1.282s] In file included from [01m[K/home/noahw/programs/machpilot/src/FSMPilot/src/ros_main.cpp:2[m[K:
[1.282s] [01m[K/home/noahw/programs/machpilot/src/FSMPilot/include/fsm_ros_wrapper/state_machine_node.hpp:19:38:[m[K [01;31m[Kerror: [m[K‘[01m[KUInt8[m[K’ is not a member of ‘[01m[Kstd_msgs::msg[m[K’; did you mean ‘[01m[KUInt64[m[K’?
[1.282s]    19 |     rclcpp::Publisher<std_msgs::msg::[01;31m[KUInt8[m[K>::SharedPtr state_publisher;
[1.282s]       |                                      [01;31m[K^~~~~[m[K
[1.282s]       |                                      [32m[KUInt64[m[K
[1.282s] [01m[K/home/noahw/programs/machpilot/src/FSMPilot/include/fsm_ros_wrapper/state_machine_node.hpp:19:43:[m[K [01;31m[Kerror: [m[Ktemplate argument 1 is invalid
[1.283s]    19 |     rclcpp::Publisher<std_msgs::msg::UInt8[01;31m[K>[m[K::SharedPtr state_publisher;
[1.283s]       |                                           [01;31m[K^[m[K
[1.283s] [01m[K/home/noahw/programs/machpilot/src/FSMPilot/include/fsm_ros_wrapper/state_machine_node.hpp:19:46:[m[K [01;31m[Kerror: [m[Kexpected ‘[01m[K;[m[K’ at end of member declaration
[1.283s]    19 |     rclcpp::Publisher<std_msgs::msg::UInt8>::[01;31m[KSharedPtr[m[K state_publisher;
[1.283s]       |                                              [01;31m[K^~~~~~~~~[m[K
[1.283s]       |                                                       [32m[K;[m[K
[1.283s] [01m[K/home/noahw/programs/machpilot/src/FSMPilot/include/fsm_ros_wrapper/state_machine_node.hpp:19:56:[m[K [01;31m[Kerror: [m[K‘[01m[Kstate_publisher[m[K’ does not name a type
[1.283s]    19 |     rclcpp::Publisher<std_msgs::msg::UInt8>::SharedPtr [01;31m[Kstate_publisher[m[K;
[1.283s]       |                                                        [01;31m[K^~~~~~~~~~~~~~~[m[K
[1.283s] [01m[K/home/noahw/programs/machpilot/src/FSMPilot/include/fsm_ros_wrapper/state_machine_node.hpp:19:56:[m[K [01;31m[Kerror: [m[K‘[01m[Kstate_publisher[m[K’ does not name a type
[1.283s]    19 |     rclcpp::Publisher<std_msgs::msg::UInt8>::SharedPtr [01;31m[Kstate_publisher[m[K;
[1.283s]       |                                                        [01;31m[K^~~~~~~~~~~~~~~[m[K
[1.331s] [01m[K/home/noahw/programs/machpilot/src/FSMPilot/src/state_machine_node.cpp:[m[K In constructor ‘[01m[KStateMachineNode::StateMachineNode()[m[K’:
[1.331s] [01m[K/home/noahw/programs/machpilot/src/FSMPilot/src/state_machine_node.cpp:26:5:[m[K [01;31m[Kerror: [m[K‘[01m[Kstate_publisher_[m[K’ was not declared in this scope; did you mean ‘[01m[Kcreate_publisher[m[K’?
[1.331s]    26 |     [01;31m[Kstate_publisher_[m[K = this->create_publisher<std_msgs::msg::String>("fsm/current_state", 10);
[1.331s]       |     [01;31m[K^~~~~~~~~~~~~~~~[m[K
[1.331s]       |     [32m[Kcreate_publisher[m[K
[1.564s] gmake[2]: *** [CMakeFiles/state_machine_node.dir/build.make:76: CMakeFiles/state_machine_node.dir/src/ros_main.cpp.o] Error 1
[3.126s] gmake[2]: *** [CMakeFiles/state_machine_node.dir/build.make:90: CMakeFiles/state_machine_node.dir/src/state_machine_node.cpp.o] Error 1
[3.127s] gmake[1]: *** [CMakeFiles/Makefile2:137: CMakeFiles/state_machine_node.dir/all] Error 2
[3.127s] gmake: *** [Makefile:146: all] Error 2
[3.129s] Invoked command in '/home/noahw/programs/machpilot/src/FSMPilot/build/fsm_ros_wrapper' returned '2': CMAKE_PREFIX_PATH=${CMAKE_PREFIX_PATH}:/opt/ros/humble /usr/bin/cmake --build /home/noahw/programs/machpilot/src/FSMPilot/build/fsm_ros_wrapper -- -j32 -l32
