[0.006s] Invoking command in '/home/noahw/programs/machpilot/src/FSMPilot/build/fsm_ros_wrapper': CMAKE_PREFIX_PATH=/opt/ros/humble /usr/bin/cmake --build /home/noahw/programs/machpilot/src/FSMPilot/build/fsm_ros_wrapper -- -j32 -l32
[0.027s] [35m[1mConsolidate compiler generated dependencies of target state_machine_node[0m
[0.034s] [ 22%] [32mBuilding CXX object CMakeFiles/state_machine_node.dir/src/ros_main.cpp.o[0m
[0.034s] [ 22%] [32mBuilding CXX object CMakeFiles/state_machine_node.dir/src/state_machine_node.cpp.o[0m
[0.034s] [ 33%] [32mBuilding CXX object CMakeFiles/state_machine_node.dir/src/ErrorManager.cpp.o[0m
[0.034s] [ 44%] [32mBuilding CXX object CMakeFiles/state_machine_node.dir/src/FireManager.cpp.o[0m
[0.035s] [ 55%] [32mBuilding CXX object CMakeFiles/state_machine_node.dir/src/FSMPilot.cpp.o[0m
[0.035s] [ 66%] [32mBuilding CXX object CMakeFiles/state_machine_node.dir/src/ErrorManagerList.cpp.o[0m
[0.136s] In file included from [01m[K/home/noahw/programs/machpilot/src/FSMPilot/src/state_machine_node.cpp:1[m[K:
[0.136s] [01m[K/home/noahw/programs/machpilot/src/FSMPilot/include/fsm_ros_wrapper/state_machine_node.hpp:8:10:[m[K [01;31m[Kfatal error: [m[KStateMachine.hpp: No such file or directory
[0.136s]     8 | #include [01;31m[K"StateMachine.hpp"[m[K // Your state machine header
[0.136s]       |          [01;31m[K^~~~~~~~~~~~~~~~~~[m[K
[0.136s] In file included from [01m[K/home/noahw/programs/machpilot/src/FSMPilot/src/ros_main.cpp:2[m[K:
[0.136s] [01m[K/home/noahw/programs/machpilot/src/FSMPilot/include/fsm_ros_wrapper/state_machine_node.hpp:8:10:[m[K [01;31m[Kfatal error: [m[KStateMachine.hpp: No such file or directory
[0.136s]     8 | #include [01;31m[K"StateMachine.hpp"[m[K // Your state machine header
[0.136s]       |          [01;31m[K^~~~~~~~~~~~~~~~~~[m[K
[0.137s] compilation terminated.
[0.137s] compilation terminated.
[0.137s] gmake[2]: *** [CMakeFiles/state_machine_node.dir/build.make:76: CMakeFiles/state_machine_node.dir/src/ros_main.cpp.o] Error 1
[0.137s] gmake[2]: *** Waiting for unfinished jobs....
[0.137s] gmake[2]: *** [CMakeFiles/state_machine_node.dir/build.make:90: CMakeFiles/state_machine_node.dir/src/state_machine_node.cpp.o] Error 1
[0.175s] gmake[1]: *** [CMakeFiles/Makefile2:137: CMakeFiles/state_machine_node.dir/all] Error 2
[0.175s] gmake: *** [Makefile:146: all] Error 2
[0.177s] Invoked command in '/home/noahw/programs/machpilot/src/FSMPilot/build/fsm_ros_wrapper' returned '2': CMAKE_PREFIX_PATH=/opt/ros/humble /usr/bin/cmake --build /home/noahw/programs/machpilot/src/FSMPilot/build/fsm_ros_wrapper -- -j32 -l32
