-- The C compiler identification is GNU 11.4.0
-- The CXX compiler identification is GNU 11.4.0
-- Detecting C compiler ABI info
-- Detecting C compiler ABI info - done
-- Check for working C compiler: /usr/bin/gcc - skipped
-- Detecting C compile features
-- Detecting C compile features - done
-- Detecting CXX compiler ABI info
-- Detecting CXX compiler ABI info - done
-- Check for working CXX compiler: /usr/bin/g++ - skipped
-- Detecting CXX compile features
-- Detecting CXX compile features - done
-- Configuring done
-- Generating done
-- Build files have been written to: /workspace/src/build/FSMPilot
[ 25%] [32mBuilding CXX object CMakeFiles/FSMPilot.dir/FSMPilot.cpp.o[0m
[ 37%] [32mBuilding CXX object CMakeFiles/FSMPilot.dir/main.cpp.o[0m
[ 50%] [32mBuilding CXX object CMakeFiles/FSMPilot.dir/ScreenManager.cpp.o[0m
[ 50%] [32mBuilding CXX object CMakeFiles/FSMPilot.dir/motorManager.cpp.o[0m
In file included from [01m[K/workspace/src/vehicle_manager_system/FSMPilot/FSMPilot.cpp:1[m[K:
[01m[K/workspace/src/vehicle_manager_system/FSMPilot/FSMPilot.hpp:4:10:[m[K [01;31m[Kfatal error: [m[Ktinyfsm.hpp: No such file or directory
    4 | #include [01;31m[K<tinyfsm.hpp>[m[K
      |          [01;31m[K^~~~~~~~~~~~~[m[K
compilation terminated.
In file included from [01m[K/workspace/src/vehicle_manager_system/FSMPilot/main.cpp:1[m[K:
[01m[K/workspace/src/vehicle_manager_system/FSMPilot/FSMPilot.hpp:4:10:[m[K [01;31m[Kfatal error: [m[Ktinyfsm.hpp: No such file or directory
    4 | #include [01;31m[K<tinyfsm.hpp>[m[K
      |          [01;31m[K^~~~~~~~~~~~~[m[K
compilation terminated.
gmake[2]: *** [CMakeFiles/FSMPilot.dir/build.make:90: CMakeFiles/FSMPilot.dir/FSMPilot.cpp.o] Error 1
gmake[2]: *** Waiting for unfinished jobs....
gmake[2]: *** [CMakeFiles/FSMPilot.dir/build.make:76: CMakeFiles/FSMPilot.dir/main.cpp.o] Error 1
gmake[1]: *** [CMakeFiles/Makefile2:83: CMakeFiles/FSMPilot.dir/all] Error 2
gmake: *** [Makefile:91: all] Error 2
