[0.007s] Invoking command in '/home/noahw/programs/machpilot/src/FSMPilot/build/fsm_ros_wrapper': CMAKE_PREFIX_PATH=/opt/ros/humble /usr/bin/cmake --build /home/noahw/programs/machpilot/src/FSMPilot/build/fsm_ros_wrapper -- -j32 -l32
[0.036s] [ 10%] [32mBuilding CXX object CMakeFiles/state_machine_node.dir/src/ros_main.cpp.o[0m
[0.036s] [ 20%] [32mBuilding CXX object CMakeFiles/state_machine_node.dir/src/FSMPilot.cpp.o[0m
[0.036s] [ 30%] [32mBuilding CXX object CMakeFiles/state_machine_node.dir/src/ErrorManager.cpp.o[0m
[0.037s] [ 40%] [32mBuilding CXX object CMakeFiles/state_machine_node.dir/src/state_machine_node.cpp.o[0m
[0.038s] [ 60%] [32mBuilding CXX object CMakeFiles/state_machine_node.dir/src/FSMPilotStates.cpp.o[0m
[0.038s] [ 70%] [32mBuilding CXX object CMakeFiles/state_machine_node.dir/src/FireManager.cpp.o[0m
[0.038s] [ 70%] [32mBuilding CXX object CMakeFiles/state_machine_node.dir/src/ErrorManagerList.cpp.o[0m
[0.043s] [01m[K/home/noahw/programs/machpilot/src/FSMPilot/src/FSMPilotStates.cpp:1:10:[m[K [01;31m[Kfatal error: [m[Kfsm_ros_wrapper/FSMPilotStates.hpp: No such file or directory
[0.043s]     1 | #include [01;31m[K"fsm_ros_wrapper/FSMPilotStates.hpp"[m[K
[0.043s]       |          [01;31m[K^~~~~~~~~~~~~~~~~~~~~~~~~~~~~~~~~~~~[m[K
[0.043s] compilation terminated.
[0.044s] gmake[2]: *** [CMakeFiles/state_machine_node.dir/build.make:188: CMakeFiles/state_machine_node.dir/src/FSMPilotStates.cpp.o] Error 1
[0.044s] gmake[2]: *** Waiting for unfinished jobs....
[0.067s] In file included from [01m[K/home/noahw/programs/machpilot/src/FSMPilot/src/FSMPilot.cpp:1[m[K:
[0.067s] [01m[K/home/noahw/programs/machpilot/src/FSMPilot/src/FSMPilot.hpp:10:10:[m[K [01;31m[Kfatal error: [m[Kfsm_ros_wrapper/FSMPilotStates.hpp: No such file or directory
[0.067s]    10 | #include [01;31m[K"fsm_ros_wrapper/FSMPilotStates.hpp"[m[K
[0.067s]       |          [01;31m[K^~~~~~~~~~~~~~~~~~~~~~~~~~~~~~~~~~~~[m[K
[0.067s] compilation terminated.
[0.068s] gmake[2]: *** [CMakeFiles/state_machine_node.dir/build.make:104: CMakeFiles/state_machine_node.dir/src/FSMPilot.cpp.o] Error 1
[0.071s] In file included from [01m[K/home/noahw/programs/machpilot/src/FSMPilot/src/ErrorManager.hpp:6[m[K,
[0.071s]                  from [01m[K/home/noahw/programs/machpilot/src/FSMPilot/src/FireManager.hpp:1[m[K,
[0.071s]                  from [01m[K/home/noahw/programs/machpilot/src/FSMPilot/src/FireManager.cpp:1[m[K:
[0.071s] [01m[K/home/noahw/programs/machpilot/src/FSMPilot/src/FSMPilot.hpp:10:10:[m[K [01;31m[Kfatal error: [m[Kfsm_ros_wrapper/FSMPilotStates.hpp: No such file or directory
[0.071s]    10 | #include [01;31m[K"fsm_ros_wrapper/FSMPilotStates.hpp"[m[K
[0.071s]       |          [01;31m[K^~~~~~~~~~~~~~~~~~~~~~~~~~~~~~~~~~~~[m[K
[0.071s] compilation terminated.
[0.072s] gmake[2]: *** [CMakeFiles/state_machine_node.dir/build.make:160: CMakeFiles/state_machine_node.dir/src/FireManager.cpp.o] Error 1
[0.079s] In file included from [01m[K/home/noahw/programs/machpilot/src/FSMPilot/src/ErrorManager.hpp:6[m[K,
[0.079s]                  from [01m[K/home/noahw/programs/machpilot/src/FSMPilot/src/ErrorManager.cpp:3[m[K:
[0.079s] [01m[K/home/noahw/programs/machpilot/src/FSMPilot/src/FSMPilot.hpp:10:10:[m[K [01;31m[Kfatal error: [m[Kfsm_ros_wrapper/FSMPilotStates.hpp: No such file or directory
[0.079s]    10 | #include [01;31m[K"fsm_ros_wrapper/FSMPilotStates.hpp"[m[K
[0.079s]       |          [01;31m[K^~~~~~~~~~~~~~~~~~~~~~~~~~~~~~~~~~~~[m[K
[0.079s] compilation terminated.
[0.080s] gmake[2]: *** [CMakeFiles/state_machine_node.dir/build.make:146: CMakeFiles/state_machine_node.dir/src/ErrorManager.cpp.o] Error 1
[0.081s] In file included from [01m[K/home/noahw/programs/machpilot/src/FSMPilot/src/ErrorManager.hpp:6[m[K,
[0.081s]                  from [01m[K/home/noahw/programs/machpilot/src/FSMPilot/src/ErrorManagerList.hpp:1[m[K,
[0.081s]                  from [01m[K/home/noahw/programs/machpilot/src/FSMPilot/src/ErrorManagerList.cpp:1[m[K:
[0.082s] [01m[K/home/noahw/programs/machpilot/src/FSMPilot/src/FSMPilot.hpp:10:10:[m[K [01;31m[Kfatal error: [m[Kfsm_ros_wrapper/FSMPilotStates.hpp: No such file or directory
[0.082s]    10 | #include [01;31m[K"fsm_ros_wrapper/FSMPilotStates.hpp"[m[K
[0.082s]       |          [01;31m[K^~~~~~~~~~~~~~~~~~~~~~~~~~~~~~~~~~~~[m[K
[0.082s] compilation terminated.
[0.082s] gmake[2]: *** [CMakeFiles/state_machine_node.dir/build.make:174: CMakeFiles/state_machine_node.dir/src/ErrorManagerList.cpp.o] Error 1
[0.127s] In file included from [01m[K/home/noahw/programs/machpilot/src/FSMPilot/src/state_machine_node.cpp:3[m[K:
[0.127s] [01m[K/home/noahw/programs/machpilot/src/FSMPilot/src/FSMPilot.hpp:10:10:[m[K [01;31m[Kfatal error: [m[Kfsm_ros_wrapper/FSMPilotStates.hpp: No such file or directory
[0.127s]    10 | #include [01;31m[K"fsm_ros_wrapper/FSMPilotStates.hpp"[m[K
[0.127s]       |          [01;31m[K^~~~~~~~~~~~~~~~~~~~~~~~~~~~~~~~~~~~[m[K
[0.127s] compilation terminated.
[0.128s] In file included from [01m[K/home/noahw/programs/machpilot/src/FSMPilot/src/ros_main.cpp:3[m[K:
[0.128s] [01m[K/home/noahw/programs/machpilot/src/FSMPilot/src/FSMPilot.hpp:10:10:[m[K [01;31m[Kfatal error: [m[Kfsm_ros_wrapper/FSMPilotStates.hpp: No such file or directory
[0.128s]    10 | #include [01;31m[K"fsm_ros_wrapper/FSMPilotStates.hpp"[m[K
[0.128s]       |          [01;31m[K^~~~~~~~~~~~~~~~~~~~~~~~~~~~~~~~~~~~[m[K
[0.128s] compilation terminated.
[0.128s] gmake[2]: *** [CMakeFiles/state_machine_node.dir/build.make:90: CMakeFiles/state_machine_node.dir/src/state_machine_node.cpp.o] Error 1
[0.129s] gmake[2]: *** [CMakeFiles/state_machine_node.dir/build.make:76: CMakeFiles/state_machine_node.dir/src/ros_main.cpp.o] Error 1
[0.129s] gmake[1]: *** [CMakeFiles/Makefile2:137: CMakeFiles/state_machine_node.dir/all] Error 2
[0.129s] gmake: *** [Makefile:146: all] Error 2
[0.131s] Invoked command in '/home/noahw/programs/machpilot/src/FSMPilot/build/fsm_ros_wrapper' returned '2': CMAKE_PREFIX_PATH=/opt/ros/humble /usr/bin/cmake --build /home/noahw/programs/machpilot/src/FSMPilot/build/fsm_ros_wrapper -- -j32 -l32
