[0.267s] DEBUG:colcon:Command line arguments: ['/usr/bin/colcon', 'build']
[0.267s] DEBUG:colcon:Parsed command line arguments: Namespace(log_base=None, log_level=None, verb_name='build', build_base='build', install_base='install', merge_install=False, symlink_install=False, test_result_base=None, continue_on_error=False, executor='parallel', parallel_workers=32, event_handlers=None, ignore_user_meta=False, metas=['./colcon.meta'], base_paths=['.'], packages_ignore=None, packages_ignore_regex=None, paths=None, packages_up_to=None, packages_up_to_regex=None, packages_above=None, packages_above_and_dependencies=None, packages_above_depth=None, packages_select_by_dep=None, packages_skip_by_dep=None, packages_skip_up_to=None, packages_select_build_failed=False, packages_skip_build_finished=False, packages_select_test_failures=False, packages_skip_test_passed=False, packages_select=None, packages_skip=None, packages_select_regex=None, packages_skip_regex=None, packages_start=None, packages_end=None, allow_overriding=[], cmake_args=None, cmake_target=None, cmake_target_skip_unavailable=False, cmake_clean_cache=False, cmake_clean_first=False, cmake_force_configure=False, ament_cmake_args=None, catkin_cmake_args=None, catkin_skip_building_tests=False, mixin_files=None, mixin=None, verb_parser=<colcon_mixin.mixin.mixin_argument.MixinArgumentDecorator object at 0x7f1308274be0>, verb_extension=<colcon_core.verb.build.BuildVerb object at 0x7f1308274670>, main=<bound method BuildVerb.main of <colcon_core.verb.build.BuildVerb object at 0x7f1308274670>>, mixin_verb=('build',))
[0.489s] Level 1:colcon.colcon_core.package_discovery:discover_packages(colcon_meta) check parameters
[0.489s] Level 1:colcon.colcon_core.package_discovery:discover_packages(recursive) check parameters
[0.489s] Level 1:colcon.colcon_core.package_discovery:discover_packages(ignore) check parameters
[0.489s] Level 1:colcon.colcon_core.package_discovery:discover_packages(path) check parameters
[0.489s] Level 1:colcon.colcon_core.package_discovery:discover_packages(colcon_meta) discover
[0.489s] Level 1:colcon.colcon_core.package_discovery:discover_packages(recursive) discover
[0.489s] INFO:colcon.colcon_core.package_discovery:Crawling recursively for packages in '/home/noahw/programs/machpilot/src/FSMPilot'
[0.489s] Level 1:colcon.colcon_core.package_identification:_identify(.) by extensions ['ignore', 'ignore_ament_install']
[0.489s] Level 1:colcon.colcon_core.package_identification:_identify(.) by extension 'ignore'
[0.489s] Level 1:colcon.colcon_core.package_identification:_identify(.) by extension 'ignore_ament_install'
[0.489s] Level 1:colcon.colcon_core.package_identification:_identify(.) by extensions ['colcon_pkg']
[0.489s] Level 1:colcon.colcon_core.package_identification:_identify(.) by extension 'colcon_pkg'
[0.489s] Level 1:colcon.colcon_core.package_identification:_identify(.) by extensions ['colcon_meta']
[0.489s] Level 1:colcon.colcon_core.package_identification:_identify(.) by extension 'colcon_meta'
[0.489s] Level 1:colcon.colcon_core.package_identification:_identify(.) by extensions ['ros']
[0.489s] Level 1:colcon.colcon_core.package_identification:_identify(.) by extension 'ros'
[0.501s] DEBUG:colcon.colcon_core.package_identification:Package '.' with type 'ros.ament_cmake' and name 'fsm_ros_wrapper'
[0.501s] Level 1:colcon.colcon_core.package_discovery:discover_packages(recursive) using defaults
[0.501s] Level 1:colcon.colcon_core.package_discovery:discover_packages(ignore) discover
[0.501s] Level 1:colcon.colcon_core.package_discovery:discover_packages(ignore) using defaults
[0.501s] Level 1:colcon.colcon_core.package_discovery:discover_packages(path) discover
[0.501s] Level 1:colcon.colcon_core.package_discovery:discover_packages(path) using defaults
[0.534s] Level 1:colcon.colcon_core.package_discovery:discover_packages(prefix_path) check parameters
[0.534s] Level 1:colcon.colcon_core.package_discovery:discover_packages(prefix_path) discover
[0.538s] DEBUG:colcon.colcon_installed_package_information.package_discovery:Found 235 installed packages in /opt/ros/humble
[0.539s] Level 1:colcon.colcon_core.package_discovery:discover_packages(prefix_path) using defaults
[0.589s] Level 5:colcon.colcon_core.verb:set package 'fsm_ros_wrapper' build argument 'cmake_args' from command line to 'None'
[0.589s] Level 5:colcon.colcon_core.verb:set package 'fsm_ros_wrapper' build argument 'cmake_target' from command line to 'None'
[0.589s] Level 5:colcon.colcon_core.verb:set package 'fsm_ros_wrapper' build argument 'cmake_target_skip_unavailable' from command line to 'False'
[0.589s] Level 5:colcon.colcon_core.verb:set package 'fsm_ros_wrapper' build argument 'cmake_clean_cache' from command line to 'False'
[0.589s] Level 5:colcon.colcon_core.verb:set package 'fsm_ros_wrapper' build argument 'cmake_clean_first' from command line to 'False'
[0.589s] Level 5:colcon.colcon_core.verb:set package 'fsm_ros_wrapper' build argument 'cmake_force_configure' from command line to 'False'
[0.589s] Level 5:colcon.colcon_core.verb:set package 'fsm_ros_wrapper' build argument 'ament_cmake_args' from command line to 'None'
[0.589s] Level 5:colcon.colcon_core.verb:set package 'fsm_ros_wrapper' build argument 'catkin_cmake_args' from command line to 'None'
[0.589s] Level 5:colcon.colcon_core.verb:set package 'fsm_ros_wrapper' build argument 'catkin_skip_building_tests' from command line to 'False'
[0.589s] DEBUG:colcon.colcon_core.verb:Building package 'fsm_ros_wrapper' with the following arguments: {'ament_cmake_args': None, 'build_base': '/home/noahw/programs/machpilot/src/FSMPilot/build/fsm_ros_wrapper', 'catkin_cmake_args': None, 'catkin_skip_building_tests': False, 'cmake_args': None, 'cmake_clean_cache': False, 'cmake_clean_first': False, 'cmake_force_configure': False, 'cmake_target': None, 'cmake_target_skip_unavailable': False, 'install_base': '/home/noahw/programs/machpilot/src/FSMPilot/install/fsm_ros_wrapper', 'merge_install': False, 'path': '/home/noahw/programs/machpilot/src/FSMPilot', 'symlink_install': False, 'test_result_base': None}
[0.589s] INFO:colcon.colcon_core.executor:Executing jobs using 'parallel' executor
[0.590s] DEBUG:colcon.colcon_parallel_executor.executor.parallel:run_until_complete
[0.590s] INFO:colcon.colcon_ros.task.ament_cmake.build:Building ROS package in '/home/noahw/programs/machpilot/src/FSMPilot' with build type 'ament_cmake'
[0.590s] INFO:colcon.colcon_cmake.task.cmake.build:Building CMake package in '/home/noahw/programs/machpilot/src/FSMPilot'
[0.594s] INFO:colcon.colcon_core.plugin_system:Skipping extension 'colcon_core.shell.bat': Not used on non-Windows systems
[0.594s] INFO:colcon.colcon_core.shell:Skip shell extension 'powershell' for command environment: Not usable outside of PowerShell
[0.594s] DEBUG:colcon.colcon_core.shell:Skip shell extension 'dsv' for command environment
[0.601s] DEBUG:colcon.colcon_core.event_handler.log_command:Invoking command in '/home/noahw/programs/machpilot/src/FSMPilot/build/fsm_ros_wrapper': CMAKE_PREFIX_PATH=/opt/ros/humble /usr/bin/cmake --build /home/noahw/programs/machpilot/src/FSMPilot/build/fsm_ros_wrapper -- -j32 -l32
[4.008s] DEBUG:colcon.colcon_core.event_handler.log_command:Invoked command in '/home/noahw/programs/machpilot/src/FSMPilot/build/fsm_ros_wrapper' returned '2': CMAKE_PREFIX_PATH=/opt/ros/humble /usr/bin/cmake --build /home/noahw/programs/machpilot/src/FSMPilot/build/fsm_ros_wrapper -- -j32 -l32
[4.010s] Level 1:colcon.colcon_core.environment:create_environment_scripts_only(fsm_ros_wrapper)
[4.014s] Level 1:colcon.colcon_core.environment:checking '/home/noahw/programs/machpilot/src/FSMPilot/install/fsm_ros_wrapper' for CMake module files
[4.015s] Level 1:colcon.colcon_core.environment:checking '/home/noahw/programs/machpilot/src/FSMPilot/install/fsm_ros_wrapper' for CMake config files
[4.016s] Level 1:colcon.colcon_core.environment:checking '/home/noahw/programs/machpilot/src/FSMPilot/install/fsm_ros_wrapper/bin'
[4.016s] Level 1:colcon.colcon_core.environment:checking '/home/noahw/programs/machpilot/src/FSMPilot/install/fsm_ros_wrapper/lib/pkgconfig/fsm_ros_wrapper.pc'
[4.016s] Level 1:colcon.colcon_core.environment:checking '/home/noahw/programs/machpilot/src/FSMPilot/install/fsm_ros_wrapper/lib/python3.10/site-packages'
[4.016s] Level 1:colcon.colcon_core.environment:checking '/home/noahw/programs/machpilot/src/FSMPilot/install/fsm_ros_wrapper/bin'
[4.017s] INFO:colcon.colcon_core.shell:Creating package script '/home/noahw/programs/machpilot/src/FSMPilot/install/fsm_ros_wrapper/share/fsm_ros_wrapper/package.ps1'
[4.018s] INFO:colcon.colcon_core.shell:Creating package descriptor '/home/noahw/programs/machpilot/src/FSMPilot/install/fsm_ros_wrapper/share/fsm_ros_wrapper/package.dsv'
[4.018s] INFO:colcon.colcon_core.shell:Creating package script '/home/noahw/programs/machpilot/src/FSMPilot/install/fsm_ros_wrapper/share/fsm_ros_wrapper/package.sh'
[4.019s] INFO:colcon.colcon_core.shell:Creating package script '/home/noahw/programs/machpilot/src/FSMPilot/install/fsm_ros_wrapper/share/fsm_ros_wrapper/package.bash'
[4.020s] INFO:colcon.colcon_core.shell:Creating package script '/home/noahw/programs/machpilot/src/FSMPilot/install/fsm_ros_wrapper/share/fsm_ros_wrapper/package.zsh'
[4.020s] Level 1:colcon.colcon_core.environment:create_file_with_runtime_dependencies(/home/noahw/programs/machpilot/src/FSMPilot/install/fsm_ros_wrapper/share/colcon-core/packages/fsm_ros_wrapper)
[4.031s] DEBUG:colcon.colcon_parallel_executor.executor.parallel:closing loop
[4.031s] DEBUG:colcon.colcon_parallel_executor.executor.parallel:loop closed
[4.031s] DEBUG:colcon.colcon_parallel_executor.executor.parallel:run_until_complete finished with '2'
[4.031s] DEBUG:colcon.colcon_core.event_reactor:joining thread
[4.144s] INFO:colcon.colcon_core.plugin_system:Skipping extension 'colcon_notification.desktop_notification.notify_send': Could not find 'notify-send'
[4.144s] INFO:colcon.colcon_core.plugin_system:Skipping extension 'colcon_notification.desktop_notification.terminal_notifier': Not used on non-Darwin systems
[4.144s] INFO:colcon.colcon_core.plugin_system:Skipping extension 'colcon_notification.desktop_notification.win32': Not used on non-Windows systems
[4.144s] INFO:colcon.colcon_notification.desktop_notification:Sending desktop notification using 'notify2'
[4.144s] DEBUG:colcon.colcon_notification.desktop_notification.notify2:Failed to initialize notify2: org.freedesktop.DBus.Error.FileNotFound: Failed to connect to socket /run/user/1000/bus: No such file or directory
[4.144s] DEBUG:colcon.colcon_core.event_reactor:joined thread
[4.144s] INFO:colcon.colcon_core.shell:Creating prefix script '/home/noahw/programs/machpilot/src/FSMPilot/install/local_setup.ps1'
[4.145s] INFO:colcon.colcon_core.shell:Creating prefix util module '/home/noahw/programs/machpilot/src/FSMPilot/install/_local_setup_util_ps1.py'
[4.146s] INFO:colcon.colcon_core.shell:Creating prefix chain script '/home/noahw/programs/machpilot/src/FSMPilot/install/setup.ps1'
[4.147s] INFO:colcon.colcon_core.shell:Creating prefix script '/home/noahw/programs/machpilot/src/FSMPilot/install/local_setup.sh'
[4.148s] INFO:colcon.colcon_core.shell:Creating prefix util module '/home/noahw/programs/machpilot/src/FSMPilot/install/_local_setup_util_sh.py'
[4.148s] INFO:colcon.colcon_core.shell:Creating prefix chain script '/home/noahw/programs/machpilot/src/FSMPilot/install/setup.sh'
[4.149s] INFO:colcon.colcon_core.shell:Creating prefix script '/home/noahw/programs/machpilot/src/FSMPilot/install/local_setup.bash'
[4.149s] INFO:colcon.colcon_core.shell:Creating prefix chain script '/home/noahw/programs/machpilot/src/FSMPilot/install/setup.bash'
[4.150s] INFO:colcon.colcon_core.shell:Creating prefix script '/home/noahw/programs/machpilot/src/FSMPilot/install/local_setup.zsh'
[4.151s] INFO:colcon.colcon_core.shell:Creating prefix chain script '/home/noahw/programs/machpilot/src/FSMPilot/install/setup.zsh'
