In file included from [01m[K/home/noahw/programs/machpilot/src/FSMPilot/include/fsm_ros_wrapper/state_machine_node.hpp:8[m[K,
                 from [01m[K/home/noahw/programs/machpilot/src/FSMPilot/src/state_machine_node.cpp:1[m[K:
[01m[K/home/noahw/programs/machpilot/src/FSMPilot/src/FSMPilot.hpp:13:1:[m[K [01;31m[Kerror: [m[Kmultiple types in one declaration
   13 | [01;31m[Kclass[m[K StateMachineNode
      | [01;31m[K^~~~~[m[K
In file included from [01m[K/home/noahw/programs/machpilot/src/FSMPilot/src/FSMPilot.hpp:11[m[K,
                 from [01m[K/home/noahw/programs/machpilot/src/FSMPilot/src/ErrorManager.hpp:6[m[K,
                 from [01m[K/home/noahw/programs/machpilot/src/FSMPilot/src/ErrorManagerList.hpp:1[m[K,
                 from [01m[K/home/noahw/programs/machpilot/src/FSMPilot/src/ErrorManagerList.cpp:1[m[K:
[01m[K/home/noahw/programs/machpilot/src/FSMPilot/include/fsm_ros_wrapper/state_machine_node.hpp:28:2:[m[K [01;31m[Kerror: [m[Kexpected ‘[01m[K;[m[K’ after class definition
   28 | }
      |  [01;31m[K^[m[K
      |  [32m[K;[m[K
In file included from [01m[K/home/noahw/programs/machpilot/src/FSMPilot/src/ErrorManager.hpp:6[m[K,
                 from [01m[K/home/noahw/programs/machpilot/src/FSMPilot/src/ErrorManagerList.hpp:1[m[K,
                 from [01m[K/home/noahw/programs/machpilot/src/FSMPilot/src/ErrorManagerList.cpp:1[m[K:
[01m[K/home/noahw/programs/machpilot/src/FSMPilot/src/FSMPilot.hpp:13:1:[m[K [01;31m[Kerror: [m[Kmultiple types in one declaration
   13 | [01;31m[Kclass[m[K StateMachineNode
      | [01;31m[K^~~~~[m[K
In file included from [01m[K/home/noahw/programs/machpilot/src/FSMPilot/include/fsm_ros_wrapper/state_machine_node.hpp:8[m[K,
                 from [01m[K/home/noahw/programs/machpilot/src/FSMPilot/src/ros_main.cpp:2[m[K:
[01m[K/home/noahw/programs/machpilot/src/FSMPilot/src/FSMPilot.hpp:13:1:[m[K [01;31m[Kerror: [m[Kmultiple types in one declaration
   13 | [01;31m[Kclass[m[K StateMachineNode
      | [01;31m[K^~~~~[m[K
In file included from [01m[K/home/noahw/programs/machpilot/src/FSMPilot/src/state_machine_node.cpp:1[m[K:
[01m[K/home/noahw/programs/machpilot/src/FSMPilot/include/fsm_ros_wrapper/state_machine_node.hpp:28:2:[m[K [01;31m[Kerror: [m[Kexpected ‘[01m[K;[m[K’ after class definition
   28 | }
      |  [01;31m[K^[m[K
      |  [32m[K;[m[K
In file included from [01m[K/home/noahw/programs/machpilot/src/FSMPilot/src/FSMPilot.hpp:11[m[K,
                 from [01m[K/home/noahw/programs/machpilot/src/FSMPilot/src/ErrorManager.hpp:6[m[K,
                 from [01m[K/home/noahw/programs/machpilot/src/FSMPilot/src/ErrorManager.cpp:3[m[K:
[01m[K/home/noahw/programs/machpilot/src/FSMPilot/include/fsm_ros_wrapper/state_machine_node.hpp:28:2:[m[K [01;31m[Kerror: [m[Kexpected ‘[01m[K;[m[K’ after class definition
   28 | }
      |  [01;31m[K^[m[K
      |  [32m[K;[m[K
In file included from [01m[K/home/noahw/programs/machpilot/src/FSMPilot/src/ErrorManager.hpp:6[m[K,
                 from [01m[K/home/noahw/programs/machpilot/src/FSMPilot/src/ErrorManager.cpp:3[m[K:
[01m[K/home/noahw/programs/machpilot/src/FSMPilot/src/FSMPilot.hpp:13:1:[m[K [01;31m[Kerror: [m[Kmultiple types in one declaration
   13 | [01;31m[Kclass[m[K StateMachineNode
      | [01;31m[K^~~~~[m[K
[01m[K/home/noahw/programs/machpilot/src/FSMPilot/src/state_machine_node.cpp:86:6:[m[K [01;31m[Kerror: [m[Kno declaration matches ‘[01m[Kvoid StateMachineNode::publish_state(FSMPilotStates)[m[K’
   86 | void [01;31m[KStateMachineNode[m[K::publish_state(FSMPilotStates state) {
      |      [01;31m[K^~~~~~~~~~~~~~~~[m[K
[01m[K/home/noahw/programs/machpilot/src/FSMPilot/src/state_machine_node.cpp:86:6:[m[K [01;36m[Knote: [m[Kno functions named ‘[01m[Kvoid StateMachineNode::publish_state(FSMPilotStates)[m[K’
In file included from [01m[K/home/noahw/programs/machpilot/src/FSMPilot/src/state_machine_node.cpp:1[m[K:
[01m[K/home/noahw/programs/machpilot/src/FSMPilot/include/fsm_ros_wrapper/state_machine_node.hpp:11:7:[m[K [01;36m[Knote: [m[K‘[01m[Kclass StateMachineNode[m[K’ defined here
   11 | class [01;36m[KStateMachineNode[m[K : public rclcpp::Node
      |       [01;36m[K^~~~~~~~~~~~~~~~[m[K
In file included from [01m[K/home/noahw/programs/machpilot/src/FSMPilot/src/FSMPilot.hpp:11[m[K,
                 from [01m[K/home/noahw/programs/machpilot/src/FSMPilot/src/FSMPilot.cpp:1[m[K:
[01m[K/home/noahw/programs/machpilot/src/FSMPilot/include/fsm_ros_wrapper/state_machine_node.hpp:28:2:[m[K [01;31m[Kerror: [m[Kexpected ‘[01m[K;[m[K’ after class definition
   28 | }
      |  [01;31m[K^[m[K
      |  [32m[K;[m[K
In file included from [01m[K/home/noahw/programs/machpilot/src/FSMPilot/src/FSMPilot.cpp:1[m[K:
[01m[K/home/noahw/programs/machpilot/src/FSMPilot/src/FSMPilot.hpp:13:1:[m[K [01;31m[Kerror: [m[Kmultiple types in one declaration
   13 | [01;31m[Kclass[m[K StateMachineNode
      | [01;31m[K^~~~~[m[K
In file included from [01m[K/home/noahw/programs/machpilot/src/FSMPilot/src/ros_main.cpp:2[m[K:
[01m[K/home/noahw/programs/machpilot/src/FSMPilot/include/fsm_ros_wrapper/state_machine_node.hpp:28:2:[m[K [01;31m[Kerror: [m[Kexpected ‘[01m[K;[m[K’ after class definition
   28 | }
      |  [01;31m[K^[m[K
      |  [32m[K;[m[K
In file included from [01m[K/home/noahw/programs/machpilot/src/FSMPilot/src/FSMPilot.hpp:11[m[K,
                 from [01m[K/home/noahw/programs/machpilot/src/FSMPilot/src/ErrorManager.hpp:6[m[K,
                 from [01m[K/home/noahw/programs/machpilot/src/FSMPilot/src/FireManager.hpp:1[m[K,
                 from [01m[K/home/noahw/programs/machpilot/src/FSMPilot/src/FireManager.cpp:1[m[K:
[01m[K/home/noahw/programs/machpilot/src/FSMPilot/include/fsm_ros_wrapper/state_machine_node.hpp:28:2:[m[K [01;31m[Kerror: [m[Kexpected ‘[01m[K;[m[K’ after class definition
   28 | }
      |  [01;31m[K^[m[K
      |  [32m[K;[m[K
In file included from [01m[K/home/noahw/programs/machpilot/src/FSMPilot/src/ErrorManager.hpp:6[m[K,
                 from [01m[K/home/noahw/programs/machpilot/src/FSMPilot/src/FireManager.hpp:1[m[K,
                 from [01m[K/home/noahw/programs/machpilot/src/FSMPilot/src/FireManager.cpp:1[m[K:
[01m[K/home/noahw/programs/machpilot/src/FSMPilot/src/FSMPilot.hpp:13:1:[m[K [01;31m[Kerror: [m[Kmultiple types in one declaration
   13 | [01;31m[Kclass[m[K StateMachineNode
      | [01;31m[K^~~~~[m[K
[01m[K/home/noahw/programs/machpilot/src/FSMPilot/src/FSMPilot.cpp:[m[K In member function ‘[01m[Kvoid StateMachine::entry()[m[K’:
[01m[K/home/noahw/programs/machpilot/src/FSMPilot/src/FSMPilot.cpp:48:5:[m[K [01;31m[Kerror: [m[K‘[01m[Kget_main_node[m[K’ was not declared in this scope
   48 |     [01;31m[Kget_main_node[m[K()->publish_state(get_state());
      |     [01;31m[K^~~~~~~~~~~~~[m[K
gmake[2]: *** [CMakeFiles/state_machine_node.dir/build.make:174: CMakeFiles/state_machine_node.dir/src/ErrorManagerList.cpp.o] Error 1
gmake[2]: *** Waiting for unfinished jobs....
gmake[2]: *** [CMakeFiles/state_machine_node.dir/build.make:146: CMakeFiles/state_machine_node.dir/src/ErrorManager.cpp.o] Error 1
gmake[2]: *** [CMakeFiles/state_machine_node.dir/build.make:160: CMakeFiles/state_machine_node.dir/src/FireManager.cpp.o] Error 1
gmake[2]: *** [CMakeFiles/state_machine_node.dir/build.make:76: CMakeFiles/state_machine_node.dir/src/ros_main.cpp.o] Error 1
gmake[2]: *** [CMakeFiles/state_machine_node.dir/build.make:104: CMakeFiles/state_machine_node.dir/src/FSMPilot.cpp.o] Error 1
gmake[2]: *** [CMakeFiles/state_machine_node.dir/build.make:90: CMakeFiles/state_machine_node.dir/src/state_machine_node.cpp.o] Error 1
gmake[1]: *** [CMakeFiles/Makefile2:137: CMakeFiles/state_machine_node.dir/all] Error 2
gmake: *** [Makefile:146: all] Error 2
