[0.009s] Invoking command in '/home/noahw/programs/machpilot/src/FSMPilot/build/fsm_ros_wrapper': CMAKE_PREFIX_PATH=${CMAKE_PREFIX_PATH}:/opt/ros/humble /usr/bin/cmake --build /home/noahw/programs/machpilot/src/FSMPilot/build/fsm_ros_wrapper -- -j32 -l32
[0.078s] [35m[1mConsolidate compiler generated dependencies of target state_machine_node[0m
[0.094s] [ 10%] [32mBuilding CXX object CMakeFiles/state_machine_node.dir/src/ros_main.cpp.o[0m
[0.094s] [ 30%] [32mBuilding CXX object CMakeFiles/state_machine_node.dir/src/state_machine_node.cpp.o[0m
[0.094s] [ 30%] [32mBuilding CXX object CMakeFiles/state_machine_node.dir/src/FSMPilot.cpp.o[0m
[0.094s] [ 40%] [32mBuilding CXX object CMakeFiles/state_machine_node.dir/src/FireManager.cpp.o[0m
[0.095s] [ 50%] [32mBuilding CXX object CMakeFiles/state_machine_node.dir/src/ErrorManager.cpp.o[0m
[0.095s] [ 60%] [32mBuilding CXX object CMakeFiles/state_machine_node.dir/src/ErrorManagerList.cpp.o[0m
[1.634s] In file included from [01m[K/home/noahw/programs/machpilot/src/FSMPilot/include/fsm_ros_wrapper/state_machine_node.hpp:8[m[K,
[1.634s]                  from [01m[K/home/noahw/programs/machpilot/src/FSMPilot/src/state_machine_node.cpp:1[m[K:
[1.634s] [01m[K/home/noahw/programs/machpilot/src/FSMPilot/src/FSMPilot.hpp:13:1:[m[K [01;31m[Kerror: [m[Kmultiple types in one declaration
[1.634s]    13 | [01;31m[Kclass[m[K StateMachineNode
[1.634s]       | [01;31m[K^~~~~[m[K
[1.655s] In file included from [01m[K/home/noahw/programs/machpilot/src/FSMPilot/src/FSMPilot.hpp:11[m[K,
[1.655s]                  from [01m[K/home/noahw/programs/machpilot/src/FSMPilot/src/ErrorManager.hpp:6[m[K,
[1.655s]                  from [01m[K/home/noahw/programs/machpilot/src/FSMPilot/src/ErrorManagerList.hpp:1[m[K,
[1.655s]                  from [01m[K/home/noahw/programs/machpilot/src/FSMPilot/src/ErrorManagerList.cpp:1[m[K:
[1.655s] [01m[K/home/noahw/programs/machpilot/src/FSMPilot/include/fsm_ros_wrapper/state_machine_node.hpp:28:2:[m[K [01;31m[Kerror: [m[Kexpected ‘[01m[K;[m[K’ after class definition
[1.655s]    28 | }
[1.655s]       |  [01;31m[K^[m[K
[1.655s]       |  [32m[K;[m[K
[1.655s] In file included from [01m[K/home/noahw/programs/machpilot/src/FSMPilot/src/ErrorManager.hpp:6[m[K,
[1.655s]                  from [01m[K/home/noahw/programs/machpilot/src/FSMPilot/src/ErrorManagerList.hpp:1[m[K,
[1.655s]                  from [01m[K/home/noahw/programs/machpilot/src/FSMPilot/src/ErrorManagerList.cpp:1[m[K:
[1.655s] [01m[K/home/noahw/programs/machpilot/src/FSMPilot/src/FSMPilot.hpp:13:1:[m[K [01;31m[Kerror: [m[Kmultiple types in one declaration
[1.655s]    13 | [01;31m[Kclass[m[K StateMachineNode
[1.655s]       | [01;31m[K^~~~~[m[K
[1.667s] In file included from [01m[K/home/noahw/programs/machpilot/src/FSMPilot/include/fsm_ros_wrapper/state_machine_node.hpp:8[m[K,
[1.667s]                  from [01m[K/home/noahw/programs/machpilot/src/FSMPilot/src/ros_main.cpp:2[m[K:
[1.667s] [01m[K/home/noahw/programs/machpilot/src/FSMPilot/src/FSMPilot.hpp:13:1:[m[K [01;31m[Kerror: [m[Kmultiple types in one declaration
[1.667s]    13 | [01;31m[Kclass[m[K StateMachineNode
[1.667s]       | [01;31m[K^~~~~[m[K
[1.683s] In file included from [01m[K/home/noahw/programs/machpilot/src/FSMPilot/src/state_machine_node.cpp:1[m[K:
[1.684s] [01m[K/home/noahw/programs/machpilot/src/FSMPilot/include/fsm_ros_wrapper/state_machine_node.hpp:28:2:[m[K [01;31m[Kerror: [m[Kexpected ‘[01m[K;[m[K’ after class definition
[1.684s]    28 | }
[1.684s]       |  [01;31m[K^[m[K
[1.684s]       |  [32m[K;[m[K
[1.684s] In file included from [01m[K/home/noahw/programs/machpilot/src/FSMPilot/src/FSMPilot.hpp:11[m[K,
[1.684s]                  from [01m[K/home/noahw/programs/machpilot/src/FSMPilot/src/ErrorManager.hpp:6[m[K,
[1.684s]                  from [01m[K/home/noahw/programs/machpilot/src/FSMPilot/src/ErrorManager.cpp:3[m[K:
[1.684s] [01m[K/home/noahw/programs/machpilot/src/FSMPilot/include/fsm_ros_wrapper/state_machine_node.hpp:28:2:[m[K [01;31m[Kerror: [m[Kexpected ‘[01m[K;[m[K’ after class definition
[1.684s]    28 | }
[1.684s]       |  [01;31m[K^[m[K
[1.684s]       |  [32m[K;[m[K
[1.684s] In file included from [01m[K/home/noahw/programs/machpilot/src/FSMPilot/src/ErrorManager.hpp:6[m[K,
[1.684s]                  from [01m[K/home/noahw/programs/machpilot/src/FSMPilot/src/ErrorManager.cpp:3[m[K:
[1.684s] [01m[K/home/noahw/programs/machpilot/src/FSMPilot/src/FSMPilot.hpp:13:1:[m[K [01;31m[Kerror: [m[Kmultiple types in one declaration
[1.684s]    13 | [01;31m[Kclass[m[K StateMachineNode
[1.684s]       | [01;31m[K^~~~~[m[K
[1.690s] [01m[K/home/noahw/programs/machpilot/src/FSMPilot/src/state_machine_node.cpp:86:6:[m[K [01;31m[Kerror: [m[Kno declaration matches ‘[01m[Kvoid StateMachineNode::publish_state(FSMPilotStates)[m[K’
[1.690s]    86 | void [01;31m[KStateMachineNode[m[K::publish_state(FSMPilotStates state) {
[1.690s]       |      [01;31m[K^~~~~~~~~~~~~~~~[m[K
[1.690s] [01m[K/home/noahw/programs/machpilot/src/FSMPilot/src/state_machine_node.cpp:86:6:[m[K [01;36m[Knote: [m[Kno functions named ‘[01m[Kvoid StateMachineNode::publish_state(FSMPilotStates)[m[K’
[1.690s] In file included from [01m[K/home/noahw/programs/machpilot/src/FSMPilot/src/state_machine_node.cpp:1[m[K:
[1.690s] [01m[K/home/noahw/programs/machpilot/src/FSMPilot/include/fsm_ros_wrapper/state_machine_node.hpp:11:7:[m[K [01;36m[Knote: [m[K‘[01m[Kclass StateMachineNode[m[K’ defined here
[1.690s]    11 | class [01;36m[KStateMachineNode[m[K : public rclcpp::Node
[1.690s]       |       [01;36m[K^~~~~~~~~~~~~~~~[m[K
[1.714s] In file included from [01m[K/home/noahw/programs/machpilot/src/FSMPilot/src/FSMPilot.hpp:11[m[K,
[1.715s]                  from [01m[K/home/noahw/programs/machpilot/src/FSMPilot/src/FSMPilot.cpp:1[m[K:
[1.715s] [01m[K/home/noahw/programs/machpilot/src/FSMPilot/include/fsm_ros_wrapper/state_machine_node.hpp:28:2:[m[K [01;31m[Kerror: [m[Kexpected ‘[01m[K;[m[K’ after class definition
[1.715s]    28 | }
[1.715s]       |  [01;31m[K^[m[K
[1.715s]       |  [32m[K;[m[K
[1.715s] In file included from [01m[K/home/noahw/programs/machpilot/src/FSMPilot/src/FSMPilot.cpp:1[m[K:
[1.715s] [01m[K/home/noahw/programs/machpilot/src/FSMPilot/src/FSMPilot.hpp:13:1:[m[K [01;31m[Kerror: [m[Kmultiple types in one declaration
[1.715s]    13 | [01;31m[Kclass[m[K StateMachineNode
[1.715s]       | [01;31m[K^~~~~[m[K
[1.717s] In file included from [01m[K/home/noahw/programs/machpilot/src/FSMPilot/src/ros_main.cpp:2[m[K:
[1.717s] [01m[K/home/noahw/programs/machpilot/src/FSMPilot/include/fsm_ros_wrapper/state_machine_node.hpp:28:2:[m[K [01;31m[Kerror: [m[Kexpected ‘[01m[K;[m[K’ after class definition
[1.717s]    28 | }
[1.717s]       |  [01;31m[K^[m[K
[1.717s]       |  [32m[K;[m[K
[1.717s] In file included from [01m[K/home/noahw/programs/machpilot/src/FSMPilot/src/FSMPilot.hpp:11[m[K,
[1.717s]                  from [01m[K/home/noahw/programs/machpilot/src/FSMPilot/src/ErrorManager.hpp:6[m[K,
[1.717s]                  from [01m[K/home/noahw/programs/machpilot/src/FSMPilot/src/FireManager.hpp:1[m[K,
[1.717s]                  from [01m[K/home/noahw/programs/machpilot/src/FSMPilot/src/FireManager.cpp:1[m[K:
[1.717s] [01m[K/home/noahw/programs/machpilot/src/FSMPilot/include/fsm_ros_wrapper/state_machine_node.hpp:28:2:[m[K [01;31m[Kerror: [m[Kexpected ‘[01m[K;[m[K’ after class definition
[1.717s]    28 | }
[1.717s]       |  [01;31m[K^[m[K
[1.718s]       |  [32m[K;[m[K
[1.718s] In file included from [01m[K/home/noahw/programs/machpilot/src/FSMPilot/src/ErrorManager.hpp:6[m[K,
[1.718s]                  from [01m[K/home/noahw/programs/machpilot/src/FSMPilot/src/FireManager.hpp:1[m[K,
[1.718s]                  from [01m[K/home/noahw/programs/machpilot/src/FSMPilot/src/FireManager.cpp:1[m[K:
[1.718s] [01m[K/home/noahw/programs/machpilot/src/FSMPilot/src/FSMPilot.hpp:13:1:[m[K [01;31m[Kerror: [m[Kmultiple types in one declaration
[1.718s]    13 | [01;31m[Kclass[m[K StateMachineNode
[1.718s]       | [01;31m[K^~~~~[m[K
[1.722s] [01m[K/home/noahw/programs/machpilot/src/FSMPilot/src/FSMPilot.cpp:[m[K In member function ‘[01m[Kvoid StateMachine::entry()[m[K’:
[1.722s] [01m[K/home/noahw/programs/machpilot/src/FSMPilot/src/FSMPilot.cpp:48:5:[m[K [01;31m[Kerror: [m[K‘[01m[Kget_main_node[m[K’ was not declared in this scope
[1.722s]    48 |     [01;31m[Kget_main_node[m[K()->publish_state(get_state());
[1.722s]       |     [01;31m[K^~~~~~~~~~~~~[m[K
[1.936s] gmake[2]: *** [CMakeFiles/state_machine_node.dir/build.make:174: CMakeFiles/state_machine_node.dir/src/ErrorManagerList.cpp.o] Error 1
[1.936s] gmake[2]: *** Waiting for unfinished jobs....
[1.943s] gmake[2]: *** [CMakeFiles/state_machine_node.dir/build.make:146: CMakeFiles/state_machine_node.dir/src/ErrorManager.cpp.o] Error 1
[1.975s] gmake[2]: *** [CMakeFiles/state_machine_node.dir/build.make:160: CMakeFiles/state_machine_node.dir/src/FireManager.cpp.o] Error 1
[1.986s] gmake[2]: *** [CMakeFiles/state_machine_node.dir/build.make:76: CMakeFiles/state_machine_node.dir/src/ros_main.cpp.o] Error 1
[1.994s] gmake[2]: *** [CMakeFiles/state_machine_node.dir/build.make:104: CMakeFiles/state_machine_node.dir/src/FSMPilot.cpp.o] Error 1
[3.554s] gmake[2]: *** [CMakeFiles/state_machine_node.dir/build.make:90: CMakeFiles/state_machine_node.dir/src/state_machine_node.cpp.o] Error 1
[3.554s] gmake[1]: *** [CMakeFiles/Makefile2:137: CMakeFiles/state_machine_node.dir/all] Error 2
[3.555s] gmake: *** [Makefile:146: all] Error 2
[3.557s] Invoked command in '/home/noahw/programs/machpilot/src/FSMPilot/build/fsm_ros_wrapper' returned '2': CMAKE_PREFIX_PATH=${CMAKE_PREFIX_PATH}:/opt/ros/humble /usr/bin/cmake --build /home/noahw/programs/machpilot/src/FSMPilot/build/fsm_ros_wrapper -- -j32 -l32
