[0.317s] DEBUG:colcon:Command line arguments: ['/usr/bin/colcon', 'build']
[0.317s] DEBUG:colcon:Parsed command line arguments: Namespace(log_base=None, log_level=None, verb_name='build', build_base='build', install_base='install', merge_install=False, symlink_install=False, test_result_base=None, continue_on_error=False, executor='parallel', parallel_workers=32, event_handlers=None, ignore_user_meta=False, metas=['./colcon.meta'], base_paths=['.'], packages_ignore=None, packages_ignore_regex=None, paths=None, packages_up_to=None, packages_up_to_regex=None, packages_above=None, packages_above_and_dependencies=None, packages_above_depth=None, packages_select_by_dep=None, packages_skip_by_dep=None, packages_skip_up_to=None, packages_select_build_failed=False, packages_skip_build_finished=False, packages_select_test_failures=False, packages_skip_test_passed=False, packages_select=None, packages_skip=None, packages_select_regex=None, packages_skip_regex=None, packages_start=None, packages_end=None, allow_overriding=[], cmake_args=None, cmake_target=None, cmake_target_skip_unavailable=False, cmake_clean_cache=False, cmake_clean_first=False, cmake_force_configure=False, ament_cmake_args=None, catkin_cmake_args=None, catkin_skip_building_tests=False, mixin_files=None, mixin=None, verb_parser=<colcon_mixin.mixin.mixin_argument.MixinArgumentDecorator object at 0x7f15a0bdcbe0>, verb_extension=<colcon_core.verb.build.BuildVerb object at 0x7f15a0bdc670>, main=<bound method BuildVerb.main of <colcon_core.verb.build.BuildVerb object at 0x7f15a0bdc670>>, mixin_verb=('build',))
[0.482s] Level 1:colcon.colcon_core.package_discovery:discover_packages(colcon_meta) check parameters
[0.482s] Level 1:colcon.colcon_core.package_discovery:discover_packages(recursive) check parameters
[0.483s] Level 1:colcon.colcon_core.package_discovery:discover_packages(ignore) check parameters
[0.483s] Level 1:colcon.colcon_core.package_discovery:discover_packages(path) check parameters
[0.483s] Level 1:colcon.colcon_core.package_discovery:discover_packages(colcon_meta) discover
[0.483s] Level 1:colcon.colcon_core.package_discovery:discover_packages(recursive) discover
[0.483s] INFO:colcon.colcon_core.package_discovery:Crawling recursively for packages in '/home/noahw/programs/machpilot/src/FSMPilot'
[0.483s] Level 1:colcon.colcon_core.package_identification:_identify(.) by extensions ['ignore', 'ignore_ament_install']
[0.483s] Level 1:colcon.colcon_core.package_identification:_identify(.) by extension 'ignore'
[0.483s] Level 1:colcon.colcon_core.package_identification:_identify(.) by extension 'ignore_ament_install'
[0.483s] Level 1:colcon.colcon_core.package_identification:_identify(.) by extensions ['colcon_pkg']
[0.483s] Level 1:colcon.colcon_core.package_identification:_identify(.) by extension 'colcon_pkg'
[0.483s] Level 1:colcon.colcon_core.package_identification:_identify(.) by extensions ['colcon_meta']
[0.483s] Level 1:colcon.colcon_core.package_identification:_identify(.) by extension 'colcon_meta'
[0.483s] Level 1:colcon.colcon_core.package_identification:_identify(.) by extensions ['ros']
[0.483s] Level 1:colcon.colcon_core.package_identification:_identify(.) by extension 'ros'
[0.494s] DEBUG:colcon.colcon_core.package_identification:Package '.' with type 'ros.ament_cmake' and name 'fsm_ros_wrapper'
[0.494s] Level 1:colcon.colcon_core.package_discovery:discover_packages(recursive) using defaults
[0.494s] Level 1:colcon.colcon_core.package_discovery:discover_packages(ignore) discover
[0.494s] Level 1:colcon.colcon_core.package_discovery:discover_packages(ignore) using defaults
[0.494s] Level 1:colcon.colcon_core.package_discovery:discover_packages(path) discover
[0.494s] Level 1:colcon.colcon_core.package_discovery:discover_packages(path) using defaults
[0.523s] Level 1:colcon.colcon_core.package_discovery:discover_packages(prefix_path) check parameters
[0.523s] Level 1:colcon.colcon_core.package_discovery:discover_packages(prefix_path) discover
[0.526s] DEBUG:colcon.colcon_installed_package_information.package_discovery:Found 235 installed packages in /opt/ros/humble
[0.526s] Level 1:colcon.colcon_core.package_discovery:discover_packages(prefix_path) using defaults
[0.547s] Level 5:colcon.colcon_core.verb:set package 'fsm_ros_wrapper' build argument 'cmake_args' from command line to 'None'
[0.547s] Level 5:colcon.colcon_core.verb:set package 'fsm_ros_wrapper' build argument 'cmake_target' from command line to 'None'
[0.547s] Level 5:colcon.colcon_core.verb:set package 'fsm_ros_wrapper' build argument 'cmake_target_skip_unavailable' from command line to 'False'
[0.547s] Level 5:colcon.colcon_core.verb:set package 'fsm_ros_wrapper' build argument 'cmake_clean_cache' from command line to 'False'
[0.547s] Level 5:colcon.colcon_core.verb:set package 'fsm_ros_wrapper' build argument 'cmake_clean_first' from command line to 'False'
[0.547s] Level 5:colcon.colcon_core.verb:set package 'fsm_ros_wrapper' build argument 'cmake_force_configure' from command line to 'False'
[0.547s] Level 5:colcon.colcon_core.verb:set package 'fsm_ros_wrapper' build argument 'ament_cmake_args' from command line to 'None'
[0.547s] Level 5:colcon.colcon_core.verb:set package 'fsm_ros_wrapper' build argument 'catkin_cmake_args' from command line to 'None'
[0.547s] Level 5:colcon.colcon_core.verb:set package 'fsm_ros_wrapper' build argument 'catkin_skip_building_tests' from command line to 'False'
[0.547s] DEBUG:colcon.colcon_core.verb:Building package 'fsm_ros_wrapper' with the following arguments: {'ament_cmake_args': None, 'build_base': '/home/noahw/programs/machpilot/src/FSMPilot/build/fsm_ros_wrapper', 'catkin_cmake_args': None, 'catkin_skip_building_tests': False, 'cmake_args': None, 'cmake_clean_cache': False, 'cmake_clean_first': False, 'cmake_force_configure': False, 'cmake_target': None, 'cmake_target_skip_unavailable': False, 'install_base': '/home/noahw/programs/machpilot/src/FSMPilot/install/fsm_ros_wrapper', 'merge_install': False, 'path': '/home/noahw/programs/machpilot/src/FSMPilot', 'symlink_install': False, 'test_result_base': None}
[0.547s] INFO:colcon.colcon_core.executor:Executing jobs using 'parallel' executor
[0.548s] DEBUG:colcon.colcon_parallel_executor.executor.parallel:run_until_complete
[0.548s] INFO:colcon.colcon_ros.task.ament_cmake.build:Building ROS package in '/home/noahw/programs/machpilot/src/FSMPilot' with build type 'ament_cmake'
[0.548s] INFO:colcon.colcon_cmake.task.cmake.build:Building CMake package in '/home/noahw/programs/machpilot/src/FSMPilot'
[0.553s] INFO:colcon.colcon_core.plugin_system:Skipping extension 'colcon_core.shell.bat': Not used on non-Windows systems
[0.553s] INFO:colcon.colcon_core.shell:Skip shell extension 'powershell' for command environment: Not usable outside of PowerShell
[0.553s] DEBUG:colcon.colcon_core.shell:Skip shell extension 'dsv' for command environment
[0.559s] DEBUG:colcon.colcon_core.event_handler.log_command:Invoking command in '/home/noahw/programs/machpilot/src/FSMPilot/build/fsm_ros_wrapper': CMAKE_PREFIX_PATH=/opt/ros/humble /usr/bin/cmake /home/noahw/programs/machpilot/src/FSMPilot -DCMAKE_INSTALL_PREFIX=/home/noahw/programs/machpilot/src/FSMPilot/install/fsm_ros_wrapper
[10.719s] DEBUG:colcon.colcon_core.event_handler.log_command:Invoked command in '/home/noahw/programs/machpilot/src/FSMPilot/build/fsm_ros_wrapper' returned '0': CMAKE_PREFIX_PATH=/opt/ros/humble /usr/bin/cmake /home/noahw/programs/machpilot/src/FSMPilot -DCMAKE_INSTALL_PREFIX=/home/noahw/programs/machpilot/src/FSMPilot/install/fsm_ros_wrapper
[10.721s] DEBUG:colcon.colcon_core.event_handler.log_command:Invoking command in '/home/noahw/programs/machpilot/src/FSMPilot/build/fsm_ros_wrapper': CMAKE_PREFIX_PATH=/opt/ros/humble /usr/bin/cmake --build /home/noahw/programs/machpilot/src/FSMPilot/build/fsm_ros_wrapper -- -j32 -l32
[10.985s] DEBUG:colcon.colcon_core.event_handler.log_command:Invoked command in '/home/noahw/programs/machpilot/src/FSMPilot/build/fsm_ros_wrapper' returned '2': CMAKE_PREFIX_PATH=/opt/ros/humble /usr/bin/cmake --build /home/noahw/programs/machpilot/src/FSMPilot/build/fsm_ros_wrapper -- -j32 -l32
[10.985s] Level 1:colcon.colcon_core.environment:create_environment_scripts_only(fsm_ros_wrapper)
[10.992s] Level 1:colcon.colcon_core.environment:checking '/home/noahw/programs/machpilot/src/FSMPilot/install/fsm_ros_wrapper' for CMake module files
[10.993s] Level 1:colcon.colcon_core.environment:checking '/home/noahw/programs/machpilot/src/FSMPilot/install/fsm_ros_wrapper' for CMake config files
[10.993s] Level 1:colcon.colcon_core.environment:checking '/home/noahw/programs/machpilot/src/FSMPilot/install/fsm_ros_wrapper/bin'
[10.993s] Level 1:colcon.colcon_core.environment:checking '/home/noahw/programs/machpilot/src/FSMPilot/install/fsm_ros_wrapper/lib/pkgconfig/fsm_ros_wrapper.pc'
[10.993s] Level 1:colcon.colcon_core.environment:checking '/home/noahw/programs/machpilot/src/FSMPilot/install/fsm_ros_wrapper/lib/python3.10/site-packages'
[10.993s] Level 1:colcon.colcon_core.environment:checking '/home/noahw/programs/machpilot/src/FSMPilot/install/fsm_ros_wrapper/bin'
[10.993s] INFO:colcon.colcon_core.shell:Creating package script '/home/noahw/programs/machpilot/src/FSMPilot/install/fsm_ros_wrapper/share/fsm_ros_wrapper/package.ps1'
[10.994s] INFO:colcon.colcon_core.shell:Creating package descriptor '/home/noahw/programs/machpilot/src/FSMPilot/install/fsm_ros_wrapper/share/fsm_ros_wrapper/package.dsv'
[10.995s] INFO:colcon.colcon_core.shell:Creating package script '/home/noahw/programs/machpilot/src/FSMPilot/install/fsm_ros_wrapper/share/fsm_ros_wrapper/package.sh'
[10.995s] INFO:colcon.colcon_core.shell:Creating package script '/home/noahw/programs/machpilot/src/FSMPilot/install/fsm_ros_wrapper/share/fsm_ros_wrapper/package.bash'
[10.996s] INFO:colcon.colcon_core.shell:Creating package script '/home/noahw/programs/machpilot/src/FSMPilot/install/fsm_ros_wrapper/share/fsm_ros_wrapper/package.zsh'
[10.998s] Level 1:colcon.colcon_core.environment:create_file_with_runtime_dependencies(/home/noahw/programs/machpilot/src/FSMPilot/install/fsm_ros_wrapper/share/colcon-core/packages/fsm_ros_wrapper)
[11.008s] DEBUG:colcon.colcon_parallel_executor.executor.parallel:closing loop
[11.009s] DEBUG:colcon.colcon_parallel_executor.executor.parallel:loop closed
[11.009s] DEBUG:colcon.colcon_parallel_executor.executor.parallel:run_until_complete finished with '2'
[11.009s] DEBUG:colcon.colcon_core.event_reactor:joining thread
[11.088s] INFO:colcon.colcon_core.plugin_system:Skipping extension 'colcon_notification.desktop_notification.notify_send': Could not find 'notify-send'
[11.088s] INFO:colcon.colcon_core.plugin_system:Skipping extension 'colcon_notification.desktop_notification.terminal_notifier': Not used on non-Darwin systems
[11.088s] INFO:colcon.colcon_core.plugin_system:Skipping extension 'colcon_notification.desktop_notification.win32': Not used on non-Windows systems
[11.088s] INFO:colcon.colcon_notification.desktop_notification:Sending desktop notification using 'notify2'
[11.088s] DEBUG:colcon.colcon_notification.desktop_notification.notify2:Failed to initialize notify2: org.freedesktop.DBus.Error.FileNotFound: Failed to connect to socket /run/user/1000/bus: No such file or directory
[11.088s] DEBUG:colcon.colcon_core.event_reactor:joined thread
[11.088s] INFO:colcon.colcon_core.shell:Creating prefix script '/home/noahw/programs/machpilot/src/FSMPilot/install/local_setup.ps1'
[11.089s] INFO:colcon.colcon_core.shell:Creating prefix util module '/home/noahw/programs/machpilot/src/FSMPilot/install/_local_setup_util_ps1.py'
[11.090s] INFO:colcon.colcon_core.shell:Creating prefix chain script '/home/noahw/programs/machpilot/src/FSMPilot/install/setup.ps1'
[11.091s] INFO:colcon.colcon_core.shell:Creating prefix script '/home/noahw/programs/machpilot/src/FSMPilot/install/local_setup.sh'
[11.091s] INFO:colcon.colcon_core.shell:Creating prefix util module '/home/noahw/programs/machpilot/src/FSMPilot/install/_local_setup_util_sh.py'
[11.091s] INFO:colcon.colcon_core.shell:Creating prefix chain script '/home/noahw/programs/machpilot/src/FSMPilot/install/setup.sh'
[11.092s] INFO:colcon.colcon_core.shell:Creating prefix script '/home/noahw/programs/machpilot/src/FSMPilot/install/local_setup.bash'
[11.093s] INFO:colcon.colcon_core.shell:Creating prefix chain script '/home/noahw/programs/machpilot/src/FSMPilot/install/setup.bash'
[11.093s] INFO:colcon.colcon_core.shell:Creating prefix script '/home/noahw/programs/machpilot/src/FSMPilot/install/local_setup.zsh'
[11.094s] INFO:colcon.colcon_core.shell:Creating prefix chain script '/home/noahw/programs/machpilot/src/FSMPilot/install/setup.zsh'
