[01m[K/home/noahw/programs/machpilot/src/FSMPilot/src/state_machine_node.cpp:[m[K In constructor ‘[01m[KStateMachineNode::StateMachineNode()[m[K’:
[01m[K/home/noahw/programs/machpilot/src/FSMPilot/src/state_machine_node.cpp:23:38:[m[K [01;31m[Kerror: [m[Kexpected primary-expression before ‘[01m[K>[m[K’ token
   23 |     StateMachine::start<Uninitialized[01;31m[K>[m[K();
      |                                      [01;31m[K^[m[K
[01m[K/home/noahw/programs/machpilot/src/FSMPilot/src/state_machine_node.cpp:23:40:[m[K [01;31m[Kerror: [m[Kexpected primary-expression before ‘[01m[K)[m[K’ token
   23 |     StateMachine::start<Uninitialized>([01;31m[K)[m[K;
      |                                        [01;31m[K^[m[K
[01m[K/home/noahw/programs/machpilot/src/FSMPilot/src/state_machine_node.cpp:[m[K In member function ‘[01m[Kvoid StateMachineNode::publish_state_callback()[m[K’:
[01m[K/home/noahw/programs/machpilot/src/FSMPilot/src/state_machine_node.cpp:106:39:[m[K [01;31m[Kerror: [m[Kinvalid cast to abstract class type ‘[01m[KStateMachine[m[K’
  106 |     auto& fsm_instance = StateMachine([01;31m[K)[m[K;
      |                                       [01;31m[K^[m[K
In file included from [01m[K/home/noahw/programs/machpilot/src/FSMPilot/include/fsm_ros_wrapper/state_machine_node.hpp:8[m[K,
                 from [01m[K/home/noahw/programs/machpilot/src/FSMPilot/src/state_machine_node.cpp:1[m[K:
[01m[K/home/noahw/programs/machpilot/src/FSMPilot/src/FSMPilot.hpp:43:7:[m[K [01;36m[Knote: [m[K  because the following virtual functions are pure within ‘[01m[KStateMachine[m[K’:
   43 | class [01;36m[KStateMachine[m[K : public tinyfsm::Fsm<StateMachine> {
      |       [01;36m[K^~~~~~~~~~~~[m[K
[01m[K/home/noahw/programs/machpilot/src/FSMPilot/src/FSMPilot.hpp:54:25:[m[K [01;36m[Knote: [m[K    ‘[01m[Kvirtual ScreenState StateMachine::get_screen_state()[m[K’
   54 |     virtual ScreenState [01;36m[Kget_screen_state[m[K() = 0;
      |                         [01;36m[K^~~~~~~~~~~~~~~~[m[K
[01m[K/home/noahw/programs/machpilot/src/FSMPilot/src/FSMPilot.hpp:57:25:[m[K [01;36m[Knote: [m[K    ‘[01m[Kvirtual std::string StateMachine::get_name() const[m[K’
   57 |     virtual std::string [01;36m[Kget_name[m[K() const=0;
      |                         [01;36m[K^~~~~~~~[m[K
gmake[2]: *** [CMakeFiles/state_machine_node.dir/build.make:90: CMakeFiles/state_machine_node.dir/src/state_machine_node.cpp.o] Error 1
gmake[1]: *** [CMakeFiles/Makefile2:137: CMakeFiles/state_machine_node.dir/all] Error 2
gmake: *** [Makefile:146: all] Error 2
