[0.007s] Invoking command in '/home/noahw/programs/machpilot/src/FSMPilot/build/fsm_ros_wrapper': CMAKE_PREFIX_PATH=/opt/ros/humble /usr/bin/cmake --build /home/noahw/programs/machpilot/src/FSMPilot/build/fsm_ros_wrapper -- -j32 -l32
[0.045s] [35m[1mConsolidate compiler generated dependencies of target state_machine_node[0m
[0.053s] [ 11%] [32mBuilding CXX object CMakeFiles/state_machine_node.dir/src/ros_main.cpp.o[0m
[0.053s] [ 22%] [32mBuilding CXX object CMakeFiles/state_machine_node.dir/src/state_machine_node.cpp.o[0m
[0.053s] [ 33%] [32mBuilding CXX object CMakeFiles/state_machine_node.dir/src/FSMPilot.cpp.o[0m
[0.067s] [01m[K/home/noahw/programs/machpilot/src/FSMPilot/src/FSMPilot.cpp:1:10:[m[K [01;31m[Kfatal error: [m[KFMPilot.hpp: No such file or directory
[0.067s]     1 | #include [01;31m[K"FMPilot.hpp"[m[K
[0.067s]       |          [01;31m[K^~~~~~~~~~~~~[m[K
[0.067s] compilation terminated.
[0.067s] gmake[2]: *** [CMakeFiles/state_machine_node.dir/build.make:104: CMakeFiles/state_machine_node.dir/src/FSMPilot.cpp.o] Error 1
[0.067s] gmake[2]: *** Waiting for unfinished jobs....
[0.174s] In file included from [01m[K/home/noahw/programs/machpilot/src/FSMPilot/src/ros_main.cpp:2[m[K:
[0.174s] [01m[K/home/noahw/programs/machpilot/src/FSMPilot/include/fsm_ros_wrapper/state_machine_node.hpp:8:10:[m[K [01;31m[Kfatal error: [m[KFMPilot.hpp: No such file or directory
[0.174s]     8 | #include [01;31m[K"FMPilot.hpp"[m[K
[0.174s]       |          [01;31m[K^~~~~~~~~~~~~[m[K
[0.174s] compilation terminated.
[0.174s] In file included from [01m[K/home/noahw/programs/machpilot/src/FSMPilot/src/state_machine_node.cpp:1[m[K:
[0.174s] [01m[K/home/noahw/programs/machpilot/src/FSMPilot/include/fsm_ros_wrapper/state_machine_node.hpp:8:10:[m[K [01;31m[Kfatal error: [m[KFMPilot.hpp: No such file or directory
[0.174s]     8 | #include [01;31m[K"FMPilot.hpp"[m[K
[0.174s]       |          [01;31m[K^~~~~~~~~~~~~[m[K
[0.174s] compilation terminated.
[0.179s] gmake[2]: *** [CMakeFiles/state_machine_node.dir/build.make:76: CMakeFiles/state_machine_node.dir/src/ros_main.cpp.o] Error 1
[0.179s] gmake[2]: *** [CMakeFiles/state_machine_node.dir/build.make:90: CMakeFiles/state_machine_node.dir/src/state_machine_node.cpp.o] Error 1
[0.179s] gmake[1]: *** [CMakeFiles/Makefile2:137: CMakeFiles/state_machine_node.dir/all] Error 2
[0.179s] gmake: *** [Makefile:146: all] Error 2
[0.181s] Invoked command in '/home/noahw/programs/machpilot/src/FSMPilot/build/fsm_ros_wrapper' returned '2': CMAKE_PREFIX_PATH=/opt/ros/humble /usr/bin/cmake --build /home/noahw/programs/machpilot/src/FSMPilot/build/fsm_ros_wrapper -- -j32 -l32
