[0.010s] Invoking command in '/home/noahw/programs/machpilot/src/FSMPilot/build/fsm_ros_wrapper': CMAKE_PREFIX_PATH=${CMAKE_PREFIX_PATH}:/opt/ros/humble /usr/bin/cmake --build /home/noahw/programs/machpilot/src/FSMPilot/build/fsm_ros_wrapper -- -j32 -l32
[0.065s] [35m[1mConsolidate compiler generated dependencies of target state_machine_node[0m
[0.081s] [ 10%] [32mBuilding CXX object CMakeFiles/state_machine_node.dir/src/state_machine_node.cpp.o[0m
[1.553s] In file included from [01m[K/opt/ros/humble/include/rclcpp/rclcpp/logging.hpp:24[m[K,
[1.553s]                  from [01m[K/opt/ros/humble/include/rclcpp/rclcpp/client.hpp:40[m[K,
[1.553s]                  from [01m[K/opt/ros/humble/include/rclcpp/rclcpp/callback_group.hpp:24[m[K,
[1.553s]                  from [01m[K/opt/ros/humble/include/rclcpp/rclcpp/any_executable.hpp:20[m[K,
[1.553s]                  from [01m[K/opt/ros/humble/include/rclcpp/rclcpp/memory_strategy.hpp:25[m[K,
[1.553s]                  from [01m[K/opt/ros/humble/include/rclcpp/rclcpp/memory_strategies.hpp:18[m[K,
[1.553s]                  from [01m[K/opt/ros/humble/include/rclcpp/rclcpp/executor_options.hpp:20[m[K,
[1.553s]                  from [01m[K/opt/ros/humble/include/rclcpp/rclcpp/executor.hpp:37[m[K,
[1.553s]                  from [01m[K/opt/ros/humble/include/rclcpp/rclcpp/executors/multi_threaded_executor.hpp:25[m[K,
[1.553s]                  from [01m[K/opt/ros/humble/include/rclcpp/rclcpp/executors.hpp:21[m[K,
[1.553s]                  from [01m[K/opt/ros/humble/include/rclcpp/rclcpp/rclcpp.hpp:155[m[K,
[1.553s]                  from [01m[K/home/noahw/programs/machpilot/src/FSMPilot/include/fsm_ros_wrapper/state_machine_node.hpp:4[m[K,
[1.553s]                  from [01m[K/home/noahw/programs/machpilot/src/FSMPilot/src/state_machine_node.cpp:1[m[K:
[1.553s] [01m[K/home/noahw/programs/machpilot/src/FSMPilot/src/state_machine_node.cpp:[m[K In function ‘[01m[Kvoid pubish_state(std::shared_ptr<StateMachineNode>, FSMPilotStates)[m[K’:
[1.553s] [01m[K/home/noahw/programs/machpilot/src/FSMPilot/src/state_machine_node.cpp:92:37:[m[K [01;35m[Kwarning: [m[Ktoo many arguments for format [[01;35m[K]8;;https://gcc.gnu.org/onlinedocs/gcc/Warning-Options.html#index-Wformat-extra-args-Wformat-extra-args]8;;[m[K]
[1.553s]    92 |     RCLCPP_INFO(node->get_logger(), [01;35m[K"Event: InState {}"[m[K, std::string(get_name(message)));
[1.553s]       |                                     [01;35m[K^~~~~~~~~~~~~~~~~~~[m[K
[6.670s] [ 20%] [32m[1mLinking CXX executable state_machine_node[0m
[7.033s] [100%] Built target state_machine_node
[7.040s] Invoked command in '/home/noahw/programs/machpilot/src/FSMPilot/build/fsm_ros_wrapper' returned '0': CMAKE_PREFIX_PATH=${CMAKE_PREFIX_PATH}:/opt/ros/humble /usr/bin/cmake --build /home/noahw/programs/machpilot/src/FSMPilot/build/fsm_ros_wrapper -- -j32 -l32
[7.047s] Invoking command in '/home/noahw/programs/machpilot/src/FSMPilot/build/fsm_ros_wrapper': CMAKE_PREFIX_PATH=${CMAKE_PREFIX_PATH}:/opt/ros/humble /usr/bin/cmake --install /home/noahw/programs/machpilot/src/FSMPilot/build/fsm_ros_wrapper
[7.050s] -- Install configuration: ""
[7.052s] -- Installing: /home/noahw/programs/machpilot/src/FSMPilot/install/fsm_ros_wrapper/lib/fsm_ros_wrapper/state_machine_node
[7.055s] -- Set runtime path of "/home/noahw/programs/machpilot/src/FSMPilot/install/fsm_ros_wrapper/lib/fsm_ros_wrapper/state_machine_node" to ""
[7.056s] -- Up-to-date: /home/noahw/programs/machpilot/src/FSMPilot/install/fsm_ros_wrapper/share/ament_index/resource_index/package_run_dependencies/fsm_ros_wrapper
[7.056s] -- Up-to-date: /home/noahw/programs/machpilot/src/FSMPilot/install/fsm_ros_wrapper/share/ament_index/resource_index/parent_prefix_path/fsm_ros_wrapper
[7.056s] -- Up-to-date: /home/noahw/programs/machpilot/src/FSMPilot/install/fsm_ros_wrapper/share/fsm_ros_wrapper/environment/ament_prefix_path.sh
[7.056s] -- Up-to-date: /home/noahw/programs/machpilot/src/FSMPilot/install/fsm_ros_wrapper/share/fsm_ros_wrapper/environment/ament_prefix_path.dsv
[7.056s] -- Up-to-date: /home/noahw/programs/machpilot/src/FSMPilot/install/fsm_ros_wrapper/share/fsm_ros_wrapper/environment/path.sh
[7.056s] -- Up-to-date: /home/noahw/programs/machpilot/src/FSMPilot/install/fsm_ros_wrapper/share/fsm_ros_wrapper/environment/path.dsv
[7.056s] -- Up-to-date: /home/noahw/programs/machpilot/src/FSMPilot/install/fsm_ros_wrapper/share/fsm_ros_wrapper/local_setup.bash
[7.056s] -- Up-to-date: /home/noahw/programs/machpilot/src/FSMPilot/install/fsm_ros_wrapper/share/fsm_ros_wrapper/local_setup.sh
[7.056s] -- Up-to-date: /home/noahw/programs/machpilot/src/FSMPilot/install/fsm_ros_wrapper/share/fsm_ros_wrapper/local_setup.zsh
[7.056s] -- Up-to-date: /home/noahw/programs/machpilot/src/FSMPilot/install/fsm_ros_wrapper/share/fsm_ros_wrapper/local_setup.dsv
[7.056s] -- Installing: /home/noahw/programs/machpilot/src/FSMPilot/install/fsm_ros_wrapper/share/fsm_ros_wrapper/package.dsv
[7.057s] -- Up-to-date: /home/noahw/programs/machpilot/src/FSMPilot/install/fsm_ros_wrapper/share/ament_index/resource_index/packages/fsm_ros_wrapper
[7.057s] -- Up-to-date: /home/noahw/programs/machpilot/src/FSMPilot/install/fsm_ros_wrapper/share/fsm_ros_wrapper/cmake/fsm_ros_wrapperConfig.cmake
[7.057s] -- Up-to-date: /home/noahw/programs/machpilot/src/FSMPilot/install/fsm_ros_wrapper/share/fsm_ros_wrapper/cmake/fsm_ros_wrapperConfig-version.cmake
[7.057s] -- Up-to-date: /home/noahw/programs/machpilot/src/FSMPilot/install/fsm_ros_wrapper/share/fsm_ros_wrapper/package.xml
[7.058s] Invoked command in '/home/noahw/programs/machpilot/src/FSMPilot/build/fsm_ros_wrapper' returned '0': CMAKE_PREFIX_PATH=${CMAKE_PREFIX_PATH}:/opt/ros/humble /usr/bin/cmake --install /home/noahw/programs/machpilot/src/FSMPilot/build/fsm_ros_wrapper
