[0.227s] DEBUG:colcon:Command line arguments: ['/usr/bin/colcon', 'build']
[0.227s] DEBUG:colcon:Parsed command line arguments: Namespace(log_base=None, log_level=None, verb_name='build', build_base='build', install_base='install', merge_install=False, symlink_install=False, test_result_base=None, continue_on_error=False, executor='parallel', parallel_workers=32, event_handlers=None, ignore_user_meta=False, metas=['./colcon.meta'], base_paths=['.'], packages_ignore=None, packages_ignore_regex=None, paths=None, packages_up_to=None, packages_up_to_regex=None, packages_above=None, packages_above_and_dependencies=None, packages_above_depth=None, packages_select_by_dep=None, packages_skip_by_dep=None, packages_skip_up_to=None, packages_select_build_failed=False, packages_skip_build_finished=False, packages_select_test_failures=False, packages_skip_test_passed=False, packages_select=None, packages_skip=None, packages_select_regex=None, packages_skip_regex=None, packages_start=None, packages_end=None, allow_overriding=[], cmake_args=None, cmake_target=None, cmake_target_skip_unavailable=False, cmake_clean_cache=False, cmake_clean_first=False, cmake_force_configure=False, ament_cmake_args=None, catkin_cmake_args=None, catkin_skip_building_tests=False, mixin_files=None, mixin=None, verb_parser=<colcon_mixin.mixin.mixin_argument.MixinArgumentDecorator object at 0x7fa53d130bb0>, verb_extension=<colcon_core.verb.build.BuildVerb object at 0x7fa53d130640>, main=<bound method BuildVerb.main of <colcon_core.verb.build.BuildVerb object at 0x7fa53d130640>>, mixin_verb=('build',))
[0.431s] Level 1:colcon.colcon_core.package_discovery:discover_packages(colcon_meta) check parameters
[0.431s] Level 1:colcon.colcon_core.package_discovery:discover_packages(recursive) check parameters
[0.431s] Level 1:colcon.colcon_core.package_discovery:discover_packages(ignore) check parameters
[0.431s] Level 1:colcon.colcon_core.package_discovery:discover_packages(path) check parameters
[0.431s] Level 1:colcon.colcon_core.package_discovery:discover_packages(colcon_meta) discover
[0.431s] Level 1:colcon.colcon_core.package_discovery:discover_packages(recursive) discover
[0.431s] INFO:colcon.colcon_core.package_discovery:Crawling recursively for packages in '/home/noahw/programs/machpilot/src/FSMPilot'
[0.431s] Level 1:colcon.colcon_core.package_identification:_identify(.) by extensions ['ignore', 'ignore_ament_install']
[0.431s] Level 1:colcon.colcon_core.package_identification:_identify(.) by extension 'ignore'
[0.431s] Level 1:colcon.colcon_core.package_identification:_identify(.) by extension 'ignore_ament_install'
[0.431s] Level 1:colcon.colcon_core.package_identification:_identify(.) by extensions ['colcon_pkg']
[0.431s] Level 1:colcon.colcon_core.package_identification:_identify(.) by extension 'colcon_pkg'
[0.431s] Level 1:colcon.colcon_core.package_identification:_identify(.) by extensions ['colcon_meta']
[0.431s] Level 1:colcon.colcon_core.package_identification:_identify(.) by extension 'colcon_meta'
[0.431s] Level 1:colcon.colcon_core.package_identification:_identify(.) by extensions ['ros']
[0.431s] Level 1:colcon.colcon_core.package_identification:_identify(.) by extension 'ros'
[0.442s] DEBUG:colcon.colcon_core.package_identification:Package '.' with type 'ros.ament_cmake' and name 'fsm_ros_wrapper'
[0.442s] Level 1:colcon.colcon_core.package_discovery:discover_packages(recursive) using defaults
[0.442s] Level 1:colcon.colcon_core.package_discovery:discover_packages(ignore) discover
[0.442s] Level 1:colcon.colcon_core.package_discovery:discover_packages(ignore) using defaults
[0.442s] Level 1:colcon.colcon_core.package_discovery:discover_packages(path) discover
[0.443s] Level 1:colcon.colcon_core.package_discovery:discover_packages(path) using defaults
[0.470s] Level 1:colcon.colcon_core.package_discovery:discover_packages(prefix_path) check parameters
[0.470s] Level 1:colcon.colcon_core.package_discovery:discover_packages(prefix_path) discover
[0.474s] DEBUG:colcon.colcon_installed_package_information.package_discovery:Found 1 installed packages in /home/noahw/programs/machpilot/src/FSMPilot/install
[0.475s] DEBUG:colcon.colcon_installed_package_information.package_discovery:Found 235 installed packages in /opt/ros/humble
[0.476s] Level 1:colcon.colcon_core.package_discovery:discover_packages(prefix_path) using defaults
[0.522s] Level 5:colcon.colcon_core.verb:set package 'fsm_ros_wrapper' build argument 'cmake_args' from command line to 'None'
[0.522s] Level 5:colcon.colcon_core.verb:set package 'fsm_ros_wrapper' build argument 'cmake_target' from command line to 'None'
[0.522s] Level 5:colcon.colcon_core.verb:set package 'fsm_ros_wrapper' build argument 'cmake_target_skip_unavailable' from command line to 'False'
[0.522s] Level 5:colcon.colcon_core.verb:set package 'fsm_ros_wrapper' build argument 'cmake_clean_cache' from command line to 'False'
[0.522s] Level 5:colcon.colcon_core.verb:set package 'fsm_ros_wrapper' build argument 'cmake_clean_first' from command line to 'False'
[0.522s] Level 5:colcon.colcon_core.verb:set package 'fsm_ros_wrapper' build argument 'cmake_force_configure' from command line to 'False'
[0.522s] Level 5:colcon.colcon_core.verb:set package 'fsm_ros_wrapper' build argument 'ament_cmake_args' from command line to 'None'
[0.522s] Level 5:colcon.colcon_core.verb:set package 'fsm_ros_wrapper' build argument 'catkin_cmake_args' from command line to 'None'
[0.522s] Level 5:colcon.colcon_core.verb:set package 'fsm_ros_wrapper' build argument 'catkin_skip_building_tests' from command line to 'False'
[0.522s] DEBUG:colcon.colcon_core.verb:Building package 'fsm_ros_wrapper' with the following arguments: {'ament_cmake_args': None, 'build_base': '/home/noahw/programs/machpilot/src/FSMPilot/build/fsm_ros_wrapper', 'catkin_cmake_args': None, 'catkin_skip_building_tests': False, 'cmake_args': None, 'cmake_clean_cache': False, 'cmake_clean_first': False, 'cmake_force_configure': False, 'cmake_target': None, 'cmake_target_skip_unavailable': False, 'install_base': '/home/noahw/programs/machpilot/src/FSMPilot/install/fsm_ros_wrapper', 'merge_install': False, 'path': '/home/noahw/programs/machpilot/src/FSMPilot', 'symlink_install': False, 'test_result_base': None}
[0.522s] INFO:colcon.colcon_core.executor:Executing jobs using 'parallel' executor
[0.523s] DEBUG:colcon.colcon_parallel_executor.executor.parallel:run_until_complete
[0.523s] INFO:colcon.colcon_ros.task.ament_cmake.build:Building ROS package in '/home/noahw/programs/machpilot/src/FSMPilot' with build type 'ament_cmake'
[0.523s] INFO:colcon.colcon_cmake.task.cmake.build:Building CMake package in '/home/noahw/programs/machpilot/src/FSMPilot'
[0.534s] INFO:colcon.colcon_core.plugin_system:Skipping extension 'colcon_core.shell.bat': Not used on non-Windows systems
[0.534s] INFO:colcon.colcon_core.shell:Skip shell extension 'powershell' for command environment: Not usable outside of PowerShell
[0.534s] DEBUG:colcon.colcon_core.shell:Skip shell extension 'dsv' for command environment
[0.539s] DEBUG:colcon.colcon_core.event_handler.log_command:Invoking command in '/home/noahw/programs/machpilot/src/FSMPilot/build/fsm_ros_wrapper': CMAKE_PREFIX_PATH=${CMAKE_PREFIX_PATH}:/opt/ros/humble /usr/bin/cmake --build /home/noahw/programs/machpilot/src/FSMPilot/build/fsm_ros_wrapper -- -j32 -l32
[2.759s] DEBUG:colcon.colcon_core.event_handler.log_command:Invoked command in '/home/noahw/programs/machpilot/src/FSMPilot/build/fsm_ros_wrapper' returned '0': CMAKE_PREFIX_PATH=${CMAKE_PREFIX_PATH}:/opt/ros/humble /usr/bin/cmake --build /home/noahw/programs/machpilot/src/FSMPilot/build/fsm_ros_wrapper -- -j32 -l32
[2.764s] DEBUG:colcon.colcon_core.event_handler.log_command:Invoking command in '/home/noahw/programs/machpilot/src/FSMPilot/build/fsm_ros_wrapper': CMAKE_PREFIX_PATH=${CMAKE_PREFIX_PATH}:/opt/ros/humble /usr/bin/cmake --install /home/noahw/programs/machpilot/src/FSMPilot/build/fsm_ros_wrapper
[2.776s] Level 1:colcon.colcon_core.environment:create_environment_scripts_only(fsm_ros_wrapper)
[2.776s] DEBUG:colcon.colcon_core.event_handler.log_command:Invoked command in '/home/noahw/programs/machpilot/src/FSMPilot/build/fsm_ros_wrapper' returned '0': CMAKE_PREFIX_PATH=${CMAKE_PREFIX_PATH}:/opt/ros/humble /usr/bin/cmake --install /home/noahw/programs/machpilot/src/FSMPilot/build/fsm_ros_wrapper
[2.782s] Level 1:colcon.colcon_core.environment:checking '/home/noahw/programs/machpilot/src/FSMPilot/install/fsm_ros_wrapper' for CMake module files
[2.782s] Level 1:colcon.colcon_core.environment:checking '/home/noahw/programs/machpilot/src/FSMPilot/install/fsm_ros_wrapper' for CMake config files
[2.783s] Level 1:colcon.colcon_core.shell:create_environment_hook('fsm_ros_wrapper', 'cmake_prefix_path')
[2.784s] INFO:colcon.colcon_core.shell:Creating environment hook '/home/noahw/programs/machpilot/src/FSMPilot/install/fsm_ros_wrapper/share/fsm_ros_wrapper/hook/cmake_prefix_path.ps1'
[2.784s] INFO:colcon.colcon_core.shell:Creating environment descriptor '/home/noahw/programs/machpilot/src/FSMPilot/install/fsm_ros_wrapper/share/fsm_ros_wrapper/hook/cmake_prefix_path.dsv'
[2.785s] INFO:colcon.colcon_core.shell:Creating environment hook '/home/noahw/programs/machpilot/src/FSMPilot/install/fsm_ros_wrapper/share/fsm_ros_wrapper/hook/cmake_prefix_path.sh'
[2.786s] Level 1:colcon.colcon_core.environment:checking '/home/noahw/programs/machpilot/src/FSMPilot/install/fsm_ros_wrapper/lib'
[2.786s] Level 1:colcon.colcon_core.environment:checking '/home/noahw/programs/machpilot/src/FSMPilot/install/fsm_ros_wrapper/bin'
[2.786s] Level 1:colcon.colcon_core.environment:checking '/home/noahw/programs/machpilot/src/FSMPilot/install/fsm_ros_wrapper/lib/pkgconfig/fsm_ros_wrapper.pc'
[2.786s] Level 1:colcon.colcon_core.environment:checking '/home/noahw/programs/machpilot/src/FSMPilot/install/fsm_ros_wrapper/lib/python3.10/site-packages'
[2.786s] Level 1:colcon.colcon_core.environment:checking '/home/noahw/programs/machpilot/src/FSMPilot/install/fsm_ros_wrapper/bin'
[2.786s] INFO:colcon.colcon_core.shell:Creating package script '/home/noahw/programs/machpilot/src/FSMPilot/install/fsm_ros_wrapper/share/fsm_ros_wrapper/package.ps1'
[2.787s] INFO:colcon.colcon_core.shell:Creating package descriptor '/home/noahw/programs/machpilot/src/FSMPilot/install/fsm_ros_wrapper/share/fsm_ros_wrapper/package.dsv'
[2.787s] INFO:colcon.colcon_core.shell:Creating package script '/home/noahw/programs/machpilot/src/FSMPilot/install/fsm_ros_wrapper/share/fsm_ros_wrapper/package.sh'
[2.788s] INFO:colcon.colcon_core.shell:Creating package script '/home/noahw/programs/machpilot/src/FSMPilot/install/fsm_ros_wrapper/share/fsm_ros_wrapper/package.bash'
[2.789s] INFO:colcon.colcon_core.shell:Creating package script '/home/noahw/programs/machpilot/src/FSMPilot/install/fsm_ros_wrapper/share/fsm_ros_wrapper/package.zsh'
[2.789s] Level 1:colcon.colcon_core.environment:create_file_with_runtime_dependencies(/home/noahw/programs/machpilot/src/FSMPilot/install/fsm_ros_wrapper/share/colcon-core/packages/fsm_ros_wrapper)
[2.790s] Level 1:colcon.colcon_core.environment:create_environment_scripts_only(fsm_ros_wrapper)
[2.790s] Level 1:colcon.colcon_core.environment:checking '/home/noahw/programs/machpilot/src/FSMPilot/install/fsm_ros_wrapper' for CMake module files
[2.790s] Level 1:colcon.colcon_core.environment:checking '/home/noahw/programs/machpilot/src/FSMPilot/install/fsm_ros_wrapper' for CMake config files
[2.790s] Level 1:colcon.colcon_core.shell:create_environment_hook('fsm_ros_wrapper', 'cmake_prefix_path')
[2.790s] INFO:colcon.colcon_core.shell:Creating environment hook '/home/noahw/programs/machpilot/src/FSMPilot/install/fsm_ros_wrapper/share/fsm_ros_wrapper/hook/cmake_prefix_path.ps1'
[2.790s] INFO:colcon.colcon_core.shell:Creating environment descriptor '/home/noahw/programs/machpilot/src/FSMPilot/install/fsm_ros_wrapper/share/fsm_ros_wrapper/hook/cmake_prefix_path.dsv'
[2.791s] INFO:colcon.colcon_core.shell:Creating environment hook '/home/noahw/programs/machpilot/src/FSMPilot/install/fsm_ros_wrapper/share/fsm_ros_wrapper/hook/cmake_prefix_path.sh'
[2.791s] Level 1:colcon.colcon_core.environment:checking '/home/noahw/programs/machpilot/src/FSMPilot/install/fsm_ros_wrapper/lib'
[2.791s] Level 1:colcon.colcon_core.environment:checking '/home/noahw/programs/machpilot/src/FSMPilot/install/fsm_ros_wrapper/bin'
[2.791s] Level 1:colcon.colcon_core.environment:checking '/home/noahw/programs/machpilot/src/FSMPilot/install/fsm_ros_wrapper/lib/pkgconfig/fsm_ros_wrapper.pc'
[2.791s] Level 1:colcon.colcon_core.environment:checking '/home/noahw/programs/machpilot/src/FSMPilot/install/fsm_ros_wrapper/lib/python3.10/site-packages'
[2.791s] Level 1:colcon.colcon_core.environment:checking '/home/noahw/programs/machpilot/src/FSMPilot/install/fsm_ros_wrapper/bin'
[2.791s] INFO:colcon.colcon_core.shell:Creating package script '/home/noahw/programs/machpilot/src/FSMPilot/install/fsm_ros_wrapper/share/fsm_ros_wrapper/package.ps1'
[2.792s] INFO:colcon.colcon_core.shell:Creating package descriptor '/home/noahw/programs/machpilot/src/FSMPilot/install/fsm_ros_wrapper/share/fsm_ros_wrapper/package.dsv'
[2.792s] INFO:colcon.colcon_core.shell:Creating package script '/home/noahw/programs/machpilot/src/FSMPilot/install/fsm_ros_wrapper/share/fsm_ros_wrapper/package.sh'
[2.792s] INFO:colcon.colcon_core.shell:Creating package script '/home/noahw/programs/machpilot/src/FSMPilot/install/fsm_ros_wrapper/share/fsm_ros_wrapper/package.bash'
[2.793s] INFO:colcon.colcon_core.shell:Creating package script '/home/noahw/programs/machpilot/src/FSMPilot/install/fsm_ros_wrapper/share/fsm_ros_wrapper/package.zsh'
[2.793s] Level 1:colcon.colcon_core.environment:create_file_with_runtime_dependencies(/home/noahw/programs/machpilot/src/FSMPilot/install/fsm_ros_wrapper/share/colcon-core/packages/fsm_ros_wrapper)
[2.793s] DEBUG:colcon.colcon_parallel_executor.executor.parallel:closing loop
[2.794s] DEBUG:colcon.colcon_parallel_executor.executor.parallel:loop closed
[2.794s] DEBUG:colcon.colcon_parallel_executor.executor.parallel:run_until_complete finished with '0'
[2.794s] DEBUG:colcon.colcon_core.event_reactor:joining thread
[2.849s] INFO:colcon.colcon_core.plugin_system:Skipping extension 'colcon_notification.desktop_notification.notify_send': Could not find 'notify-send'
[2.849s] INFO:colcon.colcon_core.plugin_system:Skipping extension 'colcon_notification.desktop_notification.terminal_notifier': Not used on non-Darwin systems
[2.849s] INFO:colcon.colcon_core.plugin_system:Skipping extension 'colcon_notification.desktop_notification.win32': Not used on non-Windows systems
[2.849s] INFO:colcon.colcon_notification.desktop_notification:Sending desktop notification using 'notify2'
[2.850s] DEBUG:colcon.colcon_notification.desktop_notification.notify2:Failed to initialize notify2: org.freedesktop.DBus.Error.FileNotFound: Failed to connect to socket /run/user/1000/bus: No such file or directory
[2.850s] DEBUG:colcon.colcon_core.event_reactor:joined thread
[2.850s] INFO:colcon.colcon_core.shell:Creating prefix script '/home/noahw/programs/machpilot/src/FSMPilot/install/local_setup.ps1'
[2.851s] INFO:colcon.colcon_core.shell:Creating prefix util module '/home/noahw/programs/machpilot/src/FSMPilot/install/_local_setup_util_ps1.py'
[2.852s] INFO:colcon.colcon_core.shell:Creating prefix chain script '/home/noahw/programs/machpilot/src/FSMPilot/install/setup.ps1'
[2.852s] INFO:colcon.colcon_core.shell:Creating prefix script '/home/noahw/programs/machpilot/src/FSMPilot/install/local_setup.sh'
[2.853s] INFO:colcon.colcon_core.shell:Creating prefix util module '/home/noahw/programs/machpilot/src/FSMPilot/install/_local_setup_util_sh.py'
[2.853s] INFO:colcon.colcon_core.shell:Creating prefix chain script '/home/noahw/programs/machpilot/src/FSMPilot/install/setup.sh'
[2.854s] INFO:colcon.colcon_core.shell:Creating prefix script '/home/noahw/programs/machpilot/src/FSMPilot/install/local_setup.bash'
[2.854s] INFO:colcon.colcon_core.shell:Creating prefix chain script '/home/noahw/programs/machpilot/src/FSMPilot/install/setup.bash'
[2.855s] INFO:colcon.colcon_core.shell:Creating prefix script '/home/noahw/programs/machpilot/src/FSMPilot/install/local_setup.zsh'
[2.856s] INFO:colcon.colcon_core.shell:Creating prefix chain script '/home/noahw/programs/machpilot/src/FSMPilot/install/setup.zsh'
