[0.048s] Invoking command in '/workspace/src/build/health_monitor': CMAKE_PREFIX_PATH=/opt/ros/humble /usr/bin/cmake /workspace/src/vehicle_manager_system/health_monitor -DCMAKE_INSTALL_PREFIX=/workspace/src/install/health_monitor
[0.184s] -- The C compiler identification is GNU 11.4.0
[0.318s] -- The CXX compiler identification is GNU 11.4.0
[0.344s] -- Detecting C compiler ABI info
[0.679s] -- Detecting C compiler ABI info - done
[0.707s] -- Check for working C compiler: /usr/bin/cc - skipped
[0.710s] -- Detecting C compile features
[0.711s] -- Detecting C compile features - done
[0.727s] -- Detecting CXX compiler ABI info
[1.014s] -- Detecting CXX compiler ABI info - done
[1.034s] -- Check for working CXX compiler: /usr/bin/c++ - skipped
[1.035s] -- Detecting CXX compile features
[1.037s] -- Detecting CXX compile features - done
[1.056s] -- Found ament_cmake: 1.3.12 (/opt/ros/humble/share/ament_cmake/cmake)
[1.259s] -- Found Python3: /usr/bin/python3 (found version "3.10.12") found components: Interpreter 
[1.431s] -- Found rclcpp: 16.0.15 (/opt/ros/humble/share/rclcpp/cmake)
[1.479s] -- Found rosidl_generator_c: 3.1.7 (/opt/ros/humble/share/rosidl_generator_c/cmake)
[1.485s] -- Found rosidl_adapter: 3.1.7 (/opt/ros/humble/share/rosidl_adapter/cmake)
[1.494s] -- Found rosidl_generator_cpp: 3.1.7 (/opt/ros/humble/share/rosidl_generator_cpp/cmake)
[1.523s] -- Using all available rosidl_typesupport_c: rosidl_typesupport_fastrtps_c;rosidl_typesupport_introspection_c
[1.553s] -- Using all available rosidl_typesupport_cpp: rosidl_typesupport_fastrtps_cpp;rosidl_typesupport_introspection_cpp
[1.651s] -- Found rmw_implementation_cmake: 6.1.2 (/opt/ros/humble/share/rmw_implementation_cmake/cmake)
[1.659s] -- Found rmw_fastrtps_cpp: 6.2.9 (/opt/ros/humble/share/rmw_fastrtps_cpp/cmake)
[1.827s] -- Found OpenSSL: /usr/lib/x86_64-linux-gnu/libcrypto.so (found version "3.0.2")  
[1.852s] -- Found FastRTPS: /opt/ros/humble/include  
[1.886s] -- Using RMW implementation 'rmw_fastrtps_cpp' as default
[1.904s] -- Looking for pthread.h
[2.229s] -- Looking for pthread.h - found
[2.235s] -- Performing Test CMAKE_HAVE_LIBC_PTHREAD
[2.584s] -- Performing Test CMAKE_HAVE_LIBC_PTHREAD - Success
[2.589s] -- Found Threads: TRUE  
[2.699s] -- Found rclcpp_action: 16.0.15 (/opt/ros/humble/share/rclcpp_action/cmake)
[2.777s] -- Found rosidl_default_generators: 1.2.0 (/opt/ros/humble/share/rosidl_default_generators/cmake)
[2.795s] -- Found rclcpp_lifecycle: 16.0.15 (/opt/ros/humble/share/rclcpp_lifecycle/cmake)
[2.837s] [31mCMake Error at CMakeLists.txt:33 (install):
[2.839s]   install TARGETS given target "_lib" which does not exist.
[2.840s] 
[2.841s] [0m
[2.843s] -- Found ament_lint_auto: 0.12.14 (/opt/ros/humble/share/ament_lint_auto/cmake)
[3.171s] -- Added test 'cppcheck' to perform static code analysis on C / C++ code
[3.173s] -- Configured cppcheck include dirs: $<BUILD_INTERFACE:/workspace/src/vehicle_manager_system/health_monitor/include/health_monitor>;$<BUILD_INTERFACE:/workspace/src/vehicle_manager_system/health_monitor/../dependencies/include>
[3.175s] -- Configured cppcheck exclude dirs and/or files: 
[3.181s] -- Added test 'cpplint' to check C / C++ code against the Google style
[3.184s] -- Configured cpplint exclude dirs and/or files: 
[3.188s] -- Added test 'lint_cmake' to check CMake code style
[3.203s] -- Added test 'uncrustify' to check C / C++ code style
[3.206s] -- Configured uncrustify additional arguments: 
[3.211s] -- Added test 'xmllint' to check XML markup files
[3.263s] -- Configuring incomplete, errors occurred!
[3.266s] See also "/workspace/src/build/health_monitor/CMakeFiles/CMakeOutput.log".
[3.291s] Invoked command in '/workspace/src/build/health_monitor' returned '1': CMAKE_PREFIX_PATH=/opt/ros/humble /usr/bin/cmake /workspace/src/vehicle_manager_system/health_monitor -DCMAKE_INSTALL_PREFIX=/workspace/src/install/health_monitor
