-- Found ament_cmake: 1.3.12 (/opt/ros/humble/share/ament_cmake/cmake)
-- Found rclcpp: 16.0.15 (/opt/ros/humble/share/rclcpp/cmake)
-- Found rosidl_generator_c: 3.1.7 (/opt/ros/humble/share/rosidl_generator_c/cmake)
-- Found rosidl_adapter: 3.1.7 (/opt/ros/humble/share/rosidl_adapter/cmake)
-- Found rosidl_generator_cpp: 3.1.7 (/opt/ros/humble/share/rosidl_generator_cpp/cmake)
-- Using all available rosidl_typesupport_c: rosidl_typesupport_fastrtps_c;rosidl_typesupport_introspection_c
-- Using all available rosidl_typesupport_cpp: rosidl_typesupport_fastrtps_cpp;rosidl_typesupport_introspection_cpp
-- Found rmw_implementation_cmake: 6.1.2 (/opt/ros/humble/share/rmw_implementation_cmake/cmake)
-- Found rmw_fastrtps_cpp: 6.2.9 (/opt/ros/humble/share/rmw_fastrtps_cpp/cmake)
-- Using RMW implementation 'rmw_fastrtps_cpp' as default
-- Found rclcpp_lifecycle: 16.0.15 (/opt/ros/humble/share/rclcpp_lifecycle/cmake)
-- Found sensor_msgs: 4.9.0 (/opt/ros/humble/share/sensor_msgs/cmake)
-- Found diagnostic_msgs: 4.9.0 (/opt/ros/humble/share/diagnostic_msgs/cmake)
-- Found ament_cmake_gtest: 1.3.12 (/opt/ros/humble/share/ament_cmake_gtest/cmake)
-- Found gtest sources under '/opt/ros/humble/src/gtest_vendor': C++ tests using 'Google Test' will be built
-- Configuring done
-- Generating done
-- Build files have been written to: /workspace/src/build/ublox_gps_driver
[ 23%] [32mBuilding CXX object CMakeFiles/ublox_messages.dir/src/ublox_messages.cpp.o[0m
[ 23%] [32mBuilding CXX object gtest/CMakeFiles/gtest_main.dir/src/gtest_main.cc.o[0m
[ 23%] [32mBuilding C object CMakeFiles/uart_lib.dir/workspace/src/embedded_system/dependencies/src/uart.c.o[0m
[ 23%] [32mBuilding CXX object gtest/CMakeFiles/gtest.dir/src/gtest-all.cc.o[0m
[ 29%] [32m[1mLinking C static library libuart_lib.a[0m
[ 29%] Built target uart_lib
[ 41%] [32mBuilding CXX object CMakeFiles/uart_interface.dir/src/uart_interface.cpp.o[0m
[ 41%] [32m[1mLinking CXX static library libublox_messages.a[0m
[ 41%] Built target ublox_messages
[ 47%] [32mBuilding CXX object CMakeFiles/ublox_parser.dir/src/ublox_parser.cpp.o[0m
[ 52%] [32m[1mLinking CXX static library libuart_interface.a[0m
[ 52%] Built target uart_interface
[ 58%] [32m[1mLinking CXX static library libublox_parser.a[0m
[ 58%] Built target ublox_parser
[ 70%] [32mBuilding CXX object CMakeFiles/gps_node.dir/src/main.cpp.o[0m
[ 70%] [32mBuilding CXX object CMakeFiles/gps_node.dir/src/gps_node.cpp.o[0m
[ 76%] [32m[1mLinking CXX static library libgtest_main.a[0m
[ 76%] Built target gtest_main
[ 82%] [32m[1mLinking CXX static library libgtest.a[0m
[ 82%] Built target gtest
[ 88%] [32mBuilding CXX object CMakeFiles/test_checksum.dir/test/test_checksum.cpp.o[0m
[ 94%] [32m[1mLinking CXX executable test_checksum[0m
[ 94%] Built target test_checksum
