[0.218s] Invoking command in '/workspace/src/build/accel': CMAKE_PREFIX_PATH=/opt/ros/humble /usr/bin/cmake /workspace/src/embedded_system/accel -DCMAKE_INSTALL_PREFIX=/workspace/src/install/accel
[0.802s] -- The C compiler identification is GNU 11.4.0
[1.227s] -- The CXX compiler identification is GNU 11.4.0
[1.295s] -- Detecting C compiler ABI info
[1.984s] -- Detecting C compiler ABI info - done
[2.049s] -- Check for working C compiler: /usr/bin/cc - skipped
[2.055s] -- Detecting C compile features
[2.061s] -- Detecting C compile features - done
[2.078s] -- Detecting CXX compiler ABI info
[2.842s] -- Detecting CXX compiler ABI info - done
[2.909s] -- Check for working CXX compiler: /usr/bin/c++ - skipped
[2.915s] -- Detecting CXX compile features
[2.921s] -- Detecting CXX compile features - done
[3.006s] -- Found ament_cmake: 1.3.12 (/opt/ros/humble/share/ament_cmake/cmake)
[3.620s] -- Found Python3: /usr/bin/python3 (found version "3.10.12") found components: Interpreter 
[4.496s] -- Found rclcpp: 16.0.15 (/opt/ros/humble/share/rclcpp/cmake)
[4.703s] -- Found rosidl_generator_c: 3.1.7 (/opt/ros/humble/share/rosidl_generator_c/cmake)
[4.747s] -- Found rosidl_adapter: 3.1.7 (/opt/ros/humble/share/rosidl_adapter/cmake)
[4.789s] -- Found rosidl_generator_cpp: 3.1.7 (/opt/ros/humble/share/rosidl_generator_cpp/cmake)
[4.823s] -- Using all available rosidl_typesupport_c: rosidl_typesupport_fastrtps_c;rosidl_typesupport_introspection_c
[4.891s] -- Using all available rosidl_typesupport_cpp: rosidl_typesupport_fastrtps_cpp;rosidl_typesupport_introspection_cpp
[5.141s] -- Found rmw_implementation_cmake: 6.1.2 (/opt/ros/humble/share/rmw_implementation_cmake/cmake)
[5.152s] -- Found rmw_fastrtps_cpp: 6.2.9 (/opt/ros/humble/share/rmw_fastrtps_cpp/cmake)
[5.577s] -- Found OpenSSL: /usr/lib/x86_64-linux-gnu/libcrypto.so (found version "3.0.2")  
[5.635s] -- Found FastRTPS: /opt/ros/humble/include  
[5.709s] -- Using RMW implementation 'rmw_fastrtps_cpp' as default
[5.767s] -- Looking for pthread.h
[6.378s] -- Looking for pthread.h - found
[6.389s] -- Performing Test CMAKE_HAVE_LIBC_PTHREAD
[7.138s] -- Performing Test CMAKE_HAVE_LIBC_PTHREAD - Success
[7.156s] -- Found Threads: TRUE  
[7.393s] -- Found rclcpp_action: 16.0.15 (/opt/ros/humble/share/rclcpp_action/cmake)
[7.519s] -- Found rosidl_default_generators: 1.2.0 (/opt/ros/humble/share/rosidl_default_generators/cmake)
[7.547s] -- Found rclcpp_lifecycle: 16.0.15 (/opt/ros/humble/share/rclcpp_lifecycle/cmake)
[7.624s] -- Found ament_lint_auto: 0.12.14 (/opt/ros/humble/share/ament_lint_auto/cmake)
[8.289s] -- Added test 'cppcheck' to perform static code analysis on C / C++ code
[8.293s] -- Configured cppcheck include dirs: $<BUILD_INTERFACE:/workspace/src/embedded_system/accel/include/accel>;$<BUILD_INTERFACE:/workspace/src/embedded_system/accel/../dependencies/include>
[8.296s] -- Configured cppcheck exclude dirs and/or files: 
[8.402s] -- Added test 'cpplint' to check C / C++ code against the Google style
[8.405s] -- Configured cpplint exclude dirs and/or files: 
[8.449s] -- Added test 'lint_cmake' to check CMake code style
[8.589s] -- Added test 'uncrustify' to check C / C++ code style
[8.594s] -- Configured uncrustify additional arguments: 
[8.622s] -- Added test 'xmllint' to check XML markup files
[8.719s] -- Configuring done
[8.810s] [31mCMake Error at CMakeLists.txt:41 (add_executable):
[8.813s]   Cannot find source file:
[8.815s] 
[8.818s]     src/adxl345_driver.c
[8.821s] 
[8.824s]   Tried extensions .c .C .c++ .cc .cpp .cxx .cu .mpp .m .M .mm .ixx .cppm .h
[8.828s]   .hh .h++ .hm .hpp .hxx .in .txx .f .F .for .f77 .f90 .f95 .f03 .hip .ispc
[8.831s] 
[8.835s] [0m
[8.838s] [31mCMake Error at CMakeLists.txt:41 (add_executable):
[8.843s]   No SOURCES given to target: adxl345_node
[8.847s] 
[8.849s] [0m
[8.852s] [0mCMake Generate step failed.  Build files cannot be regenerated correctly.[0m
