[01m[K/home/noahw/programs/machpilot/src/FSMPilot/src/FSMPilotStates.cpp:1:34:[m[K [01;35m[Kwarning: [m[Kextra tokens at end of #include directive
    1 | #include "state_machine_node.hpp"[01;35m[K;[m[K
      |                                  [01;35m[K^[m[K
[01m[K/home/noahw/programs/machpilot/src/FSMPilot/src/FSMPilotStates.cpp:1:10:[m[K [01;31m[Kfatal error: [m[Kstate_machine_node.hpp: No such file or directory
    1 | #include [01;31m[K"state_machine_node.hpp"[m[K;
      |          [01;31m[K^~~~~~~~~~~~~~~~~~~~~~~~[m[K
compilation terminated.
gmake[2]: *** [CMakeFiles/state_machine_node.dir/build.make:188: CMakeFiles/state_machine_node.dir/src/FSMPilotStates.cpp.o] Error 1
gmake[2]: *** Waiting for unfinished jobs....
In file included from [01m[K/home/noahw/programs/machpilot/src/FSMPilot/src/state_machine_node.cpp:1[m[K:
[01m[K/home/noahw/programs/machpilot/src/FSMPilot/include/fsm_ros_wrapper/state_machine_node.hpp:19:38:[m[K [01;31m[Kerror: [m[K‘[01m[KUInt8[m[K’ is not a member of ‘[01m[Kstd_msgs::msg[m[K’; did you mean ‘[01m[KUInt64[m[K’?
   19 |     rclcpp::Publisher<std_msgs::msg::[01;31m[KUInt8[m[K>::SharedPtr state_publisher;
      |                                      [01;31m[K^~~~~[m[K
      |                                      [32m[KUInt64[m[K
[01m[K/home/noahw/programs/machpilot/src/FSMPilot/include/fsm_ros_wrapper/state_machine_node.hpp:19:43:[m[K [01;31m[Kerror: [m[Ktemplate argument 1 is invalid
   19 |     rclcpp::Publisher<std_msgs::msg::UInt8[01;31m[K>[m[K::SharedPtr state_publisher;
      |                                           [01;31m[K^[m[K
In file included from [01m[K/home/noahw/programs/machpilot/src/FSMPilot/src/ros_main.cpp:2[m[K:
[01m[K/home/noahw/programs/machpilot/src/FSMPilot/include/fsm_ros_wrapper/state_machine_node.hpp:19:38:[m[K [01;31m[Kerror: [m[K‘[01m[KUInt8[m[K’ is not a member of ‘[01m[Kstd_msgs::msg[m[K’; did you mean ‘[01m[KUInt64[m[K’?
   19 |     rclcpp::Publisher<std_msgs::msg::[01;31m[KUInt8[m[K>::SharedPtr state_publisher;
      |                                      [01;31m[K^~~~~[m[K
      |                                      [32m[KUInt64[m[K
[01m[K/home/noahw/programs/machpilot/src/FSMPilot/include/fsm_ros_wrapper/state_machine_node.hpp:19:43:[m[K [01;31m[Kerror: [m[Ktemplate argument 1 is invalid
   19 |     rclcpp::Publisher<std_msgs::msg::UInt8[01;31m[K>[m[K::SharedPtr state_publisher;
      |                                           [01;31m[K^[m[K
[01m[K/home/noahw/programs/machpilot/src/FSMPilot/include/fsm_ros_wrapper/state_machine_node.hpp:19:46:[m[K [01;31m[Kerror: [m[Kexpected ‘[01m[K;[m[K’ at end of member declaration
   19 |     rclcpp::Publisher<std_msgs::msg::UInt8>::[01;31m[KSharedPtr[m[K state_publisher;
      |                                              [01;31m[K^~~~~~~~~[m[K
      |                                                       [32m[K;[m[K
[01m[K/home/noahw/programs/machpilot/src/FSMPilot/include/fsm_ros_wrapper/state_machine_node.hpp:19:46:[m[K [01;31m[Kerror: [m[Kexpected ‘[01m[K;[m[K’ at end of member declaration
   19 |     rclcpp::Publisher<std_msgs::msg::UInt8>::[01;31m[KSharedPtr[m[K state_publisher;
      |                                              [01;31m[K^~~~~~~~~[m[K
      |                                                       [32m[K;[m[K
[01m[K/home/noahw/programs/machpilot/src/FSMPilot/include/fsm_ros_wrapper/state_machine_node.hpp:19:56:[m[K [01;31m[Kerror: [m[K‘[01m[Kstate_publisher[m[K’ does not name a type
   19 |     rclcpp::Publisher<std_msgs::msg::UInt8>::SharedPtr [01;31m[Kstate_publisher[m[K;
      |                                                        [01;31m[K^~~~~~~~~~~~~~~[m[K
[01m[K/home/noahw/programs/machpilot/src/FSMPilot/include/fsm_ros_wrapper/state_machine_node.hpp:19:56:[m[K [01;31m[Kerror: [m[K‘[01m[Kstate_publisher[m[K’ does not name a type
   19 |     rclcpp::Publisher<std_msgs::msg::UInt8>::SharedPtr [01;31m[Kstate_publisher[m[K;
      |                                                        [01;31m[K^~~~~~~~~~~~~~~[m[K
[01m[K/home/noahw/programs/machpilot/src/FSMPilot/src/state_machine_node.cpp:[m[K In constructor ‘[01m[KStateMachineNode::StateMachineNode()[m[K’:
[01m[K/home/noahw/programs/machpilot/src/FSMPilot/src/state_machine_node.cpp:26:5:[m[K [01;31m[Kerror: [m[K‘[01m[Kstate_publisher_[m[K’ was not declared in this scope; did you mean ‘[01m[Kcreate_publisher[m[K’?
   26 |     [01;31m[Kstate_publisher_[m[K = this->create_publisher<std_msgs::msg::String>("fsm/current_state", 10);
      |     [01;31m[K^~~~~~~~~~~~~~~~[m[K
      |     [32m[Kcreate_publisher[m[K
gmake[2]: *** [CMakeFiles/state_machine_node.dir/build.make:76: CMakeFiles/state_machine_node.dir/src/ros_main.cpp.o] Error 1
gmake[2]: *** [CMakeFiles/state_machine_node.dir/build.make:90: CMakeFiles/state_machine_node.dir/src/state_machine_node.cpp.o] Error 1
gmake[1]: *** [CMakeFiles/Makefile2:137: CMakeFiles/state_machine_node.dir/all] Error 2
gmake: *** [Makefile:146: all] Error 2
