[0.071s] DEBUG:colcon:Command line arguments: ['/usr/bin/colcon', 'build', '--packages-select', 'health_monitor']
[0.071s] DEBUG:colcon:Parsed command line arguments: Namespace(log_base=None, log_level=None, verb_name='build', build_base='build', install_base='install', merge_install=False, symlink_install=False, test_result_base=None, continue_on_error=False, executor='parallel', parallel_workers=12, event_handlers=None, ignore_user_meta=False, metas=['./colcon.meta'], base_paths=['.'], packages_ignore=None, packages_ignore_regex=None, paths=None, packages_up_to=None, packages_up_to_regex=None, packages_above=None, packages_above_and_dependencies=None, packages_above_depth=None, packages_select_by_dep=None, packages_skip_by_dep=None, packages_skip_up_to=None, packages_select_build_failed=False, packages_skip_build_finished=False, packages_select_test_failures=False, packages_skip_test_passed=False, packages_select=['health_monitor'], packages_skip=None, packages_select_regex=None, packages_skip_regex=None, packages_start=None, packages_end=None, cmake_args=None, cmake_target=None, cmake_target_skip_unavailable=False, cmake_clean_cache=False, cmake_clean_first=False, cmake_force_configure=False, ament_cmake_args=None, catkin_cmake_args=None, catkin_skip_building_tests=False, mixin_files=None, mixin=None, verb_parser=<colcon_mixin.mixin.mixin_argument.MixinArgumentDecorator object at 0x7d94bd45e620>, verb_extension=<colcon_core.verb.build.BuildVerb object at 0x7d94bd45dea0>, main=<bound method BuildVerb.main of <colcon_core.verb.build.BuildVerb object at 0x7d94bd45dea0>>, mixin_verb=('build',))
[0.139s] Level 1:colcon.colcon_core.package_discovery:discover_packages(colcon_meta) check parameters
[0.139s] INFO:colcon.colcon_metadata.package_discovery.colcon_meta:Using configuration from '/root/.colcon/metadata/default/Gazebo.meta'
[0.140s] INFO:colcon.colcon_metadata.package_discovery.colcon_meta:Using configuration from '/root/.colcon/metadata/default/fastdds.meta'
[0.140s] INFO:colcon.colcon_metadata.package_discovery.colcon_meta:Using configuration from '/root/.colcon/metadata/default/fastrtps.meta'
[0.140s] Level 1:colcon.colcon_core.package_discovery:discover_packages(recursive) check parameters
[0.140s] Level 1:colcon.colcon_core.package_discovery:discover_packages(ignore) check parameters
[0.140s] Level 1:colcon.colcon_core.package_discovery:discover_packages(path) check parameters
[0.140s] Level 1:colcon.colcon_core.package_discovery:discover_packages(colcon_meta) discover
[0.140s] Level 1:colcon.colcon_core.package_discovery:discover_packages(recursive) discover
[0.140s] INFO:colcon.colcon_core.package_discovery:Crawling recursively for packages in '/workspace/src'
[0.140s] Level 1:colcon.colcon_core.package_identification:_identify(.) by extensions ['ignore', 'ignore_ament_install']
[0.140s] Level 1:colcon.colcon_core.package_identification:_identify(.) by extension 'ignore'
[0.140s] Level 1:colcon.colcon_core.package_identification:_identify(.) by extension 'ignore_ament_install'
[0.140s] Level 1:colcon.colcon_core.package_identification:_identify(.) by extensions ['colcon_pkg']
[0.140s] Level 1:colcon.colcon_core.package_identification:_identify(.) by extension 'colcon_pkg'
[0.140s] Level 1:colcon.colcon_core.package_identification:_identify(.) by extensions ['colcon_meta']
[0.140s] Level 1:colcon.colcon_core.package_identification:_identify(.) by extension 'colcon_meta'
[0.140s] Level 1:colcon.colcon_core.package_identification:_identify(.) by extensions ['ros']
[0.140s] Level 1:colcon.colcon_core.package_identification:_identify(.) by extension 'ros'
[0.148s] Level 1:colcon.colcon_core.package_identification:_identify(.) by extensions ['cmake', 'python']
[0.148s] Level 1:colcon.colcon_core.package_identification:_identify(.) by extension 'cmake'
[0.148s] Level 1:colcon.colcon_core.package_identification:_identify(.) by extension 'python'
[0.148s] Level 1:colcon.colcon_core.package_identification:_identify(.) by extensions ['python_setup_py']
[0.148s] Level 1:colcon.colcon_core.package_identification:_identify(.) by extension 'python_setup_py'
[0.148s] Level 1:colcon.colcon_core.package_identification:_identify(build) by extensions ['ignore', 'ignore_ament_install']
[0.148s] Level 1:colcon.colcon_core.package_identification:_identify(build) by extension 'ignore'
[0.148s] Level 1:colcon.colcon_core.package_identification:_identify(build) ignored
[0.148s] Level 1:colcon.colcon_core.package_identification:_identify(embedded_system) by extensions ['ignore', 'ignore_ament_install']
[0.148s] Level 1:colcon.colcon_core.package_identification:_identify(embedded_system) by extension 'ignore'
[0.148s] Level 1:colcon.colcon_core.package_identification:_identify(embedded_system) by extension 'ignore_ament_install'
[0.148s] Level 1:colcon.colcon_core.package_identification:_identify(embedded_system) by extensions ['colcon_pkg']
[0.148s] Level 1:colcon.colcon_core.package_identification:_identify(embedded_system) by extension 'colcon_pkg'
[0.148s] Level 1:colcon.colcon_core.package_identification:_identify(embedded_system) by extensions ['colcon_meta']
[0.148s] Level 1:colcon.colcon_core.package_identification:_identify(embedded_system) by extension 'colcon_meta'
[0.148s] Level 1:colcon.colcon_core.package_identification:_identify(embedded_system) by extensions ['ros']
[0.149s] Level 1:colcon.colcon_core.package_identification:_identify(embedded_system) by extension 'ros'
[0.149s] Level 1:colcon.colcon_core.package_identification:_identify(embedded_system) by extensions ['cmake', 'python']
[0.149s] Level 1:colcon.colcon_core.package_identification:_identify(embedded_system) by extension 'cmake'
[0.149s] Level 1:colcon.colcon_core.package_identification:_identify(embedded_system) by extension 'python'
[0.149s] Level 1:colcon.colcon_core.package_identification:_identify(embedded_system) by extensions ['python_setup_py']
[0.149s] Level 1:colcon.colcon_core.package_identification:_identify(embedded_system) by extension 'python_setup_py'
[0.149s] Level 1:colcon.colcon_core.package_identification:_identify(embedded_system/accel) by extensions ['ignore', 'ignore_ament_install']
[0.149s] Level 1:colcon.colcon_core.package_identification:_identify(embedded_system/accel) by extension 'ignore'
[0.149s] Level 1:colcon.colcon_core.package_identification:_identify(embedded_system/accel) by extension 'ignore_ament_install'
[0.149s] Level 1:colcon.colcon_core.package_identification:_identify(embedded_system/accel) by extensions ['colcon_pkg']
[0.149s] Level 1:colcon.colcon_core.package_identification:_identify(embedded_system/accel) by extension 'colcon_pkg'
[0.149s] Level 1:colcon.colcon_core.package_identification:_identify(embedded_system/accel) by extensions ['colcon_meta']
[0.149s] Level 1:colcon.colcon_core.package_identification:_identify(embedded_system/accel) by extension 'colcon_meta'
[0.149s] Level 1:colcon.colcon_core.package_identification:_identify(embedded_system/accel) by extensions ['ros']
[0.149s] Level 1:colcon.colcon_core.package_identification:_identify(embedded_system/accel) by extension 'ros'
[0.152s] DEBUG:colcon.colcon_core.package_identification:Package 'embedded_system/accel' with type 'ros.ament_cmake' and name 'accel'
[0.152s] Level 1:colcon.colcon_core.package_identification:_identify(embedded_system/airspeed) by extensions ['ignore', 'ignore_ament_install']
[0.152s] Level 1:colcon.colcon_core.package_identification:_identify(embedded_system/airspeed) by extension 'ignore'
[0.152s] Level 1:colcon.colcon_core.package_identification:_identify(embedded_system/airspeed) by extension 'ignore_ament_install'
[0.152s] Level 1:colcon.colcon_core.package_identification:_identify(embedded_system/airspeed) by extensions ['colcon_pkg']
[0.152s] Level 1:colcon.colcon_core.package_identification:_identify(embedded_system/airspeed) by extension 'colcon_pkg'
[0.152s] Level 1:colcon.colcon_core.package_identification:_identify(embedded_system/airspeed) by extensions ['colcon_meta']
[0.152s] Level 1:colcon.colcon_core.package_identification:_identify(embedded_system/airspeed) by extension 'colcon_meta'
[0.152s] Level 1:colcon.colcon_core.package_identification:_identify(embedded_system/airspeed) by extensions ['ros']
[0.152s] Level 1:colcon.colcon_core.package_identification:_identify(embedded_system/airspeed) by extension 'ros'
[0.154s] DEBUG:colcon.colcon_core.package_identification:Package 'embedded_system/airspeed' with type 'ros.ament_cmake' and name 'airspeed'
[0.154s] Level 1:colcon.colcon_core.package_identification:_identify(embedded_system/dependencies) by extensions ['ignore', 'ignore_ament_install']
[0.154s] Level 1:colcon.colcon_core.package_identification:_identify(embedded_system/dependencies) by extension 'ignore'
[0.154s] Level 1:colcon.colcon_core.package_identification:_identify(embedded_system/dependencies) by extension 'ignore_ament_install'
[0.154s] Level 1:colcon.colcon_core.package_identification:_identify(embedded_system/dependencies) by extensions ['colcon_pkg']
[0.154s] Level 1:colcon.colcon_core.package_identification:_identify(embedded_system/dependencies) by extension 'colcon_pkg'
[0.154s] Level 1:colcon.colcon_core.package_identification:_identify(embedded_system/dependencies) by extensions ['colcon_meta']
[0.154s] Level 1:colcon.colcon_core.package_identification:_identify(embedded_system/dependencies) by extension 'colcon_meta'
[0.154s] Level 1:colcon.colcon_core.package_identification:_identify(embedded_system/dependencies) by extensions ['ros']
[0.154s] Level 1:colcon.colcon_core.package_identification:_identify(embedded_system/dependencies) by extension 'ros'
[0.154s] Level 1:colcon.colcon_core.package_identification:_identify(embedded_system/dependencies) by extensions ['cmake', 'python']
[0.154s] Level 1:colcon.colcon_core.package_identification:_identify(embedded_system/dependencies) by extension 'cmake'
[0.154s] Level 1:colcon.colcon_core.package_identification:_identify(embedded_system/dependencies) by extension 'python'
[0.154s] Level 1:colcon.colcon_core.package_identification:_identify(embedded_system/dependencies) by extensions ['python_setup_py']
[0.154s] Level 1:colcon.colcon_core.package_identification:_identify(embedded_system/dependencies) by extension 'python_setup_py'
[0.154s] Level 1:colcon.colcon_core.package_identification:_identify(embedded_system/dependencies/include) by extensions ['ignore', 'ignore_ament_install']
[0.154s] Level 1:colcon.colcon_core.package_identification:_identify(embedded_system/dependencies/include) by extension 'ignore'
[0.154s] Level 1:colcon.colcon_core.package_identification:_identify(embedded_system/dependencies/include) by extension 'ignore_ament_install'
[0.154s] Level 1:colcon.colcon_core.package_identification:_identify(embedded_system/dependencies/include) by extensions ['colcon_pkg']
[0.154s] Level 1:colcon.colcon_core.package_identification:_identify(embedded_system/dependencies/include) by extension 'colcon_pkg'
[0.154s] Level 1:colcon.colcon_core.package_identification:_identify(embedded_system/dependencies/include) by extensions ['colcon_meta']
[0.154s] Level 1:colcon.colcon_core.package_identification:_identify(embedded_system/dependencies/include) by extension 'colcon_meta'
[0.154s] Level 1:colcon.colcon_core.package_identification:_identify(embedded_system/dependencies/include) by extensions ['ros']
[0.154s] Level 1:colcon.colcon_core.package_identification:_identify(embedded_system/dependencies/include) by extension 'ros'
[0.154s] Level 1:colcon.colcon_core.package_identification:_identify(embedded_system/dependencies/include) by extensions ['cmake', 'python']
[0.154s] Level 1:colcon.colcon_core.package_identification:_identify(embedded_system/dependencies/include) by extension 'cmake'
[0.154s] Level 1:colcon.colcon_core.package_identification:_identify(embedded_system/dependencies/include) by extension 'python'
[0.154s] Level 1:colcon.colcon_core.package_identification:_identify(embedded_system/dependencies/include) by extensions ['python_setup_py']
[0.154s] Level 1:colcon.colcon_core.package_identification:_identify(embedded_system/dependencies/include) by extension 'python_setup_py'
[0.154s] Level 1:colcon.colcon_core.package_identification:_identify(embedded_system/dependencies/src) by extensions ['ignore', 'ignore_ament_install']
[0.155s] Level 1:colcon.colcon_core.package_identification:_identify(embedded_system/dependencies/src) by extension 'ignore'
[0.155s] Level 1:colcon.colcon_core.package_identification:_identify(embedded_system/dependencies/src) by extension 'ignore_ament_install'
[0.155s] Level 1:colcon.colcon_core.package_identification:_identify(embedded_system/dependencies/src) by extensions ['colcon_pkg']
[0.155s] Level 1:colcon.colcon_core.package_identification:_identify(embedded_system/dependencies/src) by extension 'colcon_pkg'
[0.155s] Level 1:colcon.colcon_core.package_identification:_identify(embedded_system/dependencies/src) by extensions ['colcon_meta']
[0.155s] Level 1:colcon.colcon_core.package_identification:_identify(embedded_system/dependencies/src) by extension 'colcon_meta'
[0.155s] Level 1:colcon.colcon_core.package_identification:_identify(embedded_system/dependencies/src) by extensions ['ros']
[0.155s] Level 1:colcon.colcon_core.package_identification:_identify(embedded_system/dependencies/src) by extension 'ros'
[0.155s] Level 1:colcon.colcon_core.package_identification:_identify(embedded_system/dependencies/src) by extensions ['cmake', 'python']
[0.155s] Level 1:colcon.colcon_core.package_identification:_identify(embedded_system/dependencies/src) by extension 'cmake'
[0.155s] Level 1:colcon.colcon_core.package_identification:_identify(embedded_system/dependencies/src) by extension 'python'
[0.155s] Level 1:colcon.colcon_core.package_identification:_identify(embedded_system/dependencies/src) by extensions ['python_setup_py']
[0.155s] Level 1:colcon.colcon_core.package_identification:_identify(embedded_system/dependencies/src) by extension 'python_setup_py'
[0.155s] Level 1:colcon.colcon_core.package_identification:_identify(embedded_system/display) by extensions ['ignore', 'ignore_ament_install']
[0.155s] Level 1:colcon.colcon_core.package_identification:_identify(embedded_system/display) by extension 'ignore'
[0.155s] Level 1:colcon.colcon_core.package_identification:_identify(embedded_system/display) by extension 'ignore_ament_install'
[0.155s] Level 1:colcon.colcon_core.package_identification:_identify(embedded_system/display) by extensions ['colcon_pkg']
[0.155s] Level 1:colcon.colcon_core.package_identification:_identify(embedded_system/display) by extension 'colcon_pkg'
[0.155s] Level 1:colcon.colcon_core.package_identification:_identify(embedded_system/display) by extensions ['colcon_meta']
[0.155s] Level 1:colcon.colcon_core.package_identification:_identify(embedded_system/display) by extension 'colcon_meta'
[0.155s] Level 1:colcon.colcon_core.package_identification:_identify(embedded_system/display) by extensions ['ros']
[0.155s] Level 1:colcon.colcon_core.package_identification:_identify(embedded_system/display) by extension 'ros'
[0.155s] DEBUG:colcon.colcon_core.package_identification:Package 'embedded_system/display' with type 'ros.ament_cmake' and name 'display_sub'
[0.155s] Level 1:colcon.colcon_core.package_identification:_identify(embedded_system/gps) by extensions ['ignore', 'ignore_ament_install']
[0.155s] Level 1:colcon.colcon_core.package_identification:_identify(embedded_system/gps) by extension 'ignore'
[0.156s] Level 1:colcon.colcon_core.package_identification:_identify(embedded_system/gps) by extension 'ignore_ament_install'
[0.156s] Level 1:colcon.colcon_core.package_identification:_identify(embedded_system/gps) by extensions ['colcon_pkg']
[0.156s] Level 1:colcon.colcon_core.package_identification:_identify(embedded_system/gps) by extension 'colcon_pkg'
[0.156s] Level 1:colcon.colcon_core.package_identification:_identify(embedded_system/gps) by extensions ['colcon_meta']
[0.156s] Level 1:colcon.colcon_core.package_identification:_identify(embedded_system/gps) by extension 'colcon_meta'
[0.156s] Level 1:colcon.colcon_core.package_identification:_identify(embedded_system/gps) by extensions ['ros']
[0.156s] Level 1:colcon.colcon_core.package_identification:_identify(embedded_system/gps) by extension 'ros'
[0.156s] DEBUG:colcon.colcon_core.package_identification:Package 'embedded_system/gps' with type 'ros.ament_cmake' and name 'gps'
[0.156s] Level 1:colcon.colcon_core.package_identification:_identify(embedded_system/h20pro) by extensions ['ignore', 'ignore_ament_install']
[0.156s] Level 1:colcon.colcon_core.package_identification:_identify(embedded_system/h20pro) by extension 'ignore'
[0.156s] Level 1:colcon.colcon_core.package_identification:_identify(embedded_system/h20pro) by extension 'ignore_ament_install'
[0.156s] Level 1:colcon.colcon_core.package_identification:_identify(embedded_system/h20pro) by extensions ['colcon_pkg']
[0.156s] Level 1:colcon.colcon_core.package_identification:_identify(embedded_system/h20pro) by extension 'colcon_pkg'
[0.156s] Level 1:colcon.colcon_core.package_identification:_identify(embedded_system/h20pro) by extensions ['colcon_meta']
[0.156s] Level 1:colcon.colcon_core.package_identification:_identify(embedded_system/h20pro) by extension 'colcon_meta'
[0.156s] Level 1:colcon.colcon_core.package_identification:_identify(embedded_system/h20pro) by extensions ['ros']
[0.156s] Level 1:colcon.colcon_core.package_identification:_identify(embedded_system/h20pro) by extension 'ros'
[0.157s] DEBUG:colcon.colcon_core.package_identification:Package 'embedded_system/h20pro' with type 'ros.ament_cmake' and name 'h20pro'
[0.157s] Level 1:colcon.colcon_core.package_identification:_identify(embedded_system/orient) by extensions ['ignore', 'ignore_ament_install']
[0.157s] Level 1:colcon.colcon_core.package_identification:_identify(embedded_system/orient) by extension 'ignore'
[0.157s] Level 1:colcon.colcon_core.package_identification:_identify(embedded_system/orient) by extension 'ignore_ament_install'
[0.157s] Level 1:colcon.colcon_core.package_identification:_identify(embedded_system/orient) by extensions ['colcon_pkg']
[0.157s] Level 1:colcon.colcon_core.package_identification:_identify(embedded_system/orient) by extension 'colcon_pkg'
[0.157s] Level 1:colcon.colcon_core.package_identification:_identify(embedded_system/orient) by extensions ['colcon_meta']
[0.157s] Level 1:colcon.colcon_core.package_identification:_identify(embedded_system/orient) by extension 'colcon_meta'
[0.157s] Level 1:colcon.colcon_core.package_identification:_identify(embedded_system/orient) by extensions ['ros']
[0.157s] Level 1:colcon.colcon_core.package_identification:_identify(embedded_system/orient) by extension 'ros'
[0.157s] DEBUG:colcon.colcon_core.package_identification:Package 'embedded_system/orient' with type 'ros.ament_cmake' and name 'orient'
[0.157s] Level 1:colcon.colcon_core.package_identification:_identify(embedded_system/orient2) by extensions ['ignore', 'ignore_ament_install']
[0.157s] Level 1:colcon.colcon_core.package_identification:_identify(embedded_system/orient2) by extension 'ignore'
[0.158s] Level 1:colcon.colcon_core.package_identification:_identify(embedded_system/orient2) by extension 'ignore_ament_install'
[0.158s] Level 1:colcon.colcon_core.package_identification:_identify(embedded_system/orient2) by extensions ['colcon_pkg']
[0.158s] Level 1:colcon.colcon_core.package_identification:_identify(embedded_system/orient2) by extension 'colcon_pkg'
[0.158s] Level 1:colcon.colcon_core.package_identification:_identify(embedded_system/orient2) by extensions ['colcon_meta']
[0.158s] Level 1:colcon.colcon_core.package_identification:_identify(embedded_system/orient2) by extension 'colcon_meta'
[0.158s] Level 1:colcon.colcon_core.package_identification:_identify(embedded_system/orient2) by extensions ['ros']
[0.158s] Level 1:colcon.colcon_core.package_identification:_identify(embedded_system/orient2) by extension 'ros'
[0.158s] DEBUG:colcon.colcon_core.package_identification:Package 'embedded_system/orient2' with type 'ros.ament_cmake' and name 'orient2'
[0.158s] Level 1:colcon.colcon_core.package_identification:_identify(embedded_system/pressure) by extensions ['ignore', 'ignore_ament_install']
[0.158s] Level 1:colcon.colcon_core.package_identification:_identify(embedded_system/pressure) by extension 'ignore'
[0.158s] Level 1:colcon.colcon_core.package_identification:_identify(embedded_system/pressure) by extension 'ignore_ament_install'
[0.158s] Level 1:colcon.colcon_core.package_identification:_identify(embedded_system/pressure) by extensions ['colcon_pkg']
[0.158s] Level 1:colcon.colcon_core.package_identification:_identify(embedded_system/pressure) by extension 'colcon_pkg'
[0.158s] Level 1:colcon.colcon_core.package_identification:_identify(embedded_system/pressure) by extensions ['colcon_meta']
[0.158s] Level 1:colcon.colcon_core.package_identification:_identify(embedded_system/pressure) by extension 'colcon_meta'
[0.158s] Level 1:colcon.colcon_core.package_identification:_identify(embedded_system/pressure) by extensions ['ros']
[0.158s] Level 1:colcon.colcon_core.package_identification:_identify(embedded_system/pressure) by extension 'ros'
[0.159s] DEBUG:colcon.colcon_core.package_identification:Package 'embedded_system/pressure' with type 'ros.ament_cmake' and name 'pressure'
[0.159s] Level 1:colcon.colcon_core.package_identification:_identify(embedded_system/pwm) by extensions ['ignore', 'ignore_ament_install']
[0.159s] Level 1:colcon.colcon_core.package_identification:_identify(embedded_system/pwm) by extension 'ignore'
[0.159s] Level 1:colcon.colcon_core.package_identification:_identify(embedded_system/pwm) by extension 'ignore_ament_install'
[0.159s] Level 1:colcon.colcon_core.package_identification:_identify(embedded_system/pwm) by extensions ['colcon_pkg']
[0.159s] Level 1:colcon.colcon_core.package_identification:_identify(embedded_system/pwm) by extension 'colcon_pkg'
[0.159s] Level 1:colcon.colcon_core.package_identification:_identify(embedded_system/pwm) by extensions ['colcon_meta']
[0.159s] Level 1:colcon.colcon_core.package_identification:_identify(embedded_system/pwm) by extension 'colcon_meta'
[0.159s] Level 1:colcon.colcon_core.package_identification:_identify(embedded_system/pwm) by extensions ['ros']
[0.159s] Level 1:colcon.colcon_core.package_identification:_identify(embedded_system/pwm) by extension 'ros'
[0.159s] DEBUG:colcon.colcon_core.package_identification:Package 'embedded_system/pwm' with type 'ros.ament_cmake' and name 'pwm'
[0.160s] Level 1:colcon.colcon_core.package_identification:_identify(gnc) by extensions ['ignore', 'ignore_ament_install']
[0.160s] Level 1:colcon.colcon_core.package_identification:_identify(gnc) by extension 'ignore'
[0.160s] Level 1:colcon.colcon_core.package_identification:_identify(gnc) by extension 'ignore_ament_install'
[0.160s] Level 1:colcon.colcon_core.package_identification:_identify(gnc) by extensions ['colcon_pkg']
[0.160s] Level 1:colcon.colcon_core.package_identification:_identify(gnc) by extension 'colcon_pkg'
[0.160s] Level 1:colcon.colcon_core.package_identification:_identify(gnc) by extensions ['colcon_meta']
[0.160s] Level 1:colcon.colcon_core.package_identification:_identify(gnc) by extension 'colcon_meta'
[0.160s] Level 1:colcon.colcon_core.package_identification:_identify(gnc) by extensions ['ros']
[0.160s] Level 1:colcon.colcon_core.package_identification:_identify(gnc) by extension 'ros'
[0.160s] DEBUG:colcon.colcon_core.package_identification:Package 'gnc' with type 'ros.ament_cmake' and name 'gnc'
[0.160s] Level 1:colcon.colcon_core.package_identification:_identify(install) by extensions ['ignore', 'ignore_ament_install']
[0.160s] Level 1:colcon.colcon_core.package_identification:_identify(install) by extension 'ignore'
[0.160s] Level 1:colcon.colcon_core.package_identification:_identify(install) ignored
[0.160s] Level 1:colcon.colcon_core.package_identification:_identify(log) by extensions ['ignore', 'ignore_ament_install']
[0.160s] Level 1:colcon.colcon_core.package_identification:_identify(log) by extension 'ignore'
[0.160s] Level 1:colcon.colcon_core.package_identification:_identify(log) ignored
[0.160s] Level 1:colcon.colcon_core.package_identification:_identify(telemetry_manager) by extensions ['ignore', 'ignore_ament_install']
[0.160s] Level 1:colcon.colcon_core.package_identification:_identify(telemetry_manager) by extension 'ignore'
[0.160s] Level 1:colcon.colcon_core.package_identification:_identify(telemetry_manager) by extension 'ignore_ament_install'
[0.160s] Level 1:colcon.colcon_core.package_identification:_identify(telemetry_manager) by extensions ['colcon_pkg']
[0.161s] Level 1:colcon.colcon_core.package_identification:_identify(telemetry_manager) by extension 'colcon_pkg'
[0.161s] Level 1:colcon.colcon_core.package_identification:_identify(telemetry_manager) by extensions ['colcon_meta']
[0.161s] Level 1:colcon.colcon_core.package_identification:_identify(telemetry_manager) by extension 'colcon_meta'
[0.161s] Level 1:colcon.colcon_core.package_identification:_identify(telemetry_manager) by extensions ['ros']
[0.161s] Level 1:colcon.colcon_core.package_identification:_identify(telemetry_manager) by extension 'ros'
[0.161s] Level 1:colcon.colcon_core.package_identification:_identify(telemetry_manager) by extensions ['cmake', 'python']
[0.161s] Level 1:colcon.colcon_core.package_identification:_identify(telemetry_manager) by extension 'cmake'
[0.161s] Level 1:colcon.colcon_core.package_identification:_identify(telemetry_manager) by extension 'python'
[0.161s] Level 1:colcon.colcon_core.package_identification:_identify(telemetry_manager) by extensions ['python_setup_py']
[0.161s] Level 1:colcon.colcon_core.package_identification:_identify(telemetry_manager) by extension 'python_setup_py'
[0.161s] Level 1:colcon.colcon_core.package_identification:_identify(telemetry_manager/communicator) by extensions ['ignore', 'ignore_ament_install']
[0.161s] Level 1:colcon.colcon_core.package_identification:_identify(telemetry_manager/communicator) by extension 'ignore'
[0.161s] Level 1:colcon.colcon_core.package_identification:_identify(telemetry_manager/communicator) by extension 'ignore_ament_install'
[0.161s] Level 1:colcon.colcon_core.package_identification:_identify(telemetry_manager/communicator) by extensions ['colcon_pkg']
[0.161s] Level 1:colcon.colcon_core.package_identification:_identify(telemetry_manager/communicator) by extension 'colcon_pkg'
[0.161s] Level 1:colcon.colcon_core.package_identification:_identify(telemetry_manager/communicator) by extensions ['colcon_meta']
[0.161s] Level 1:colcon.colcon_core.package_identification:_identify(telemetry_manager/communicator) by extension 'colcon_meta'
[0.161s] Level 1:colcon.colcon_core.package_identification:_identify(telemetry_manager/communicator) by extensions ['ros']
[0.161s] Level 1:colcon.colcon_core.package_identification:_identify(telemetry_manager/communicator) by extension 'ros'
[0.161s] DEBUG:colcon.colcon_core.package_identification:Package 'telemetry_manager/communicator' with type 'ros.ament_cmake' and name 'communicator'
[0.161s] Level 1:colcon.colcon_core.package_identification:_identify(templates) by extensions ['ignore', 'ignore_ament_install']
[0.161s] Level 1:colcon.colcon_core.package_identification:_identify(templates) by extension 'ignore'
[0.161s] Level 1:colcon.colcon_core.package_identification:_identify(templates) by extension 'ignore_ament_install'
[0.161s] Level 1:colcon.colcon_core.package_identification:_identify(templates) by extensions ['colcon_pkg']
[0.161s] Level 1:colcon.colcon_core.package_identification:_identify(templates) by extension 'colcon_pkg'
[0.162s] Level 1:colcon.colcon_core.package_identification:_identify(templates) by extensions ['colcon_meta']
[0.162s] Level 1:colcon.colcon_core.package_identification:_identify(templates) by extension 'colcon_meta'
[0.162s] Level 1:colcon.colcon_core.package_identification:_identify(templates) by extensions ['ros']
[0.162s] Level 1:colcon.colcon_core.package_identification:_identify(templates) by extension 'ros'
[0.162s] Level 1:colcon.colcon_core.package_identification:_identify(templates) by extensions ['cmake', 'python']
[0.162s] Level 1:colcon.colcon_core.package_identification:_identify(templates) by extension 'cmake'
[0.162s] Level 1:colcon.colcon_core.package_identification:_identify(templates) by extension 'python'
[0.162s] Level 1:colcon.colcon_core.package_identification:_identify(templates) by extensions ['python_setup_py']
[0.162s] Level 1:colcon.colcon_core.package_identification:_identify(templates) by extension 'python_setup_py'
[0.162s] Level 1:colcon.colcon_core.package_identification:_identify(templates/docs) by extensions ['ignore', 'ignore_ament_install']
[0.162s] Level 1:colcon.colcon_core.package_identification:_identify(templates/docs) by extension 'ignore'
[0.162s] Level 1:colcon.colcon_core.package_identification:_identify(templates/docs) by extension 'ignore_ament_install'
[0.162s] Level 1:colcon.colcon_core.package_identification:_identify(templates/docs) by extensions ['colcon_pkg']
[0.162s] Level 1:colcon.colcon_core.package_identification:_identify(templates/docs) by extension 'colcon_pkg'
[0.162s] Level 1:colcon.colcon_core.package_identification:_identify(templates/docs) by extensions ['colcon_meta']
[0.162s] Level 1:colcon.colcon_core.package_identification:_identify(templates/docs) by extension 'colcon_meta'
[0.162s] Level 1:colcon.colcon_core.package_identification:_identify(templates/docs) by extensions ['ros']
[0.162s] Level 1:colcon.colcon_core.package_identification:_identify(templates/docs) by extension 'ros'
[0.162s] Level 1:colcon.colcon_core.package_identification:_identify(templates/docs) by extensions ['cmake', 'python']
[0.162s] Level 1:colcon.colcon_core.package_identification:_identify(templates/docs) by extension 'cmake'
[0.162s] Level 1:colcon.colcon_core.package_identification:_identify(templates/docs) by extension 'python'
[0.162s] Level 1:colcon.colcon_core.package_identification:_identify(templates/docs) by extensions ['python_setup_py']
[0.162s] Level 1:colcon.colcon_core.package_identification:_identify(templates/docs) by extension 'python_setup_py'
[0.162s] Level 1:colcon.colcon_core.package_identification:_identify(testing) by extensions ['ignore', 'ignore_ament_install']
[0.162s] Level 1:colcon.colcon_core.package_identification:_identify(testing) by extension 'ignore'
[0.162s] Level 1:colcon.colcon_core.package_identification:_identify(testing) by extension 'ignore_ament_install'
[0.162s] Level 1:colcon.colcon_core.package_identification:_identify(testing) by extensions ['colcon_pkg']
[0.162s] Level 1:colcon.colcon_core.package_identification:_identify(testing) by extension 'colcon_pkg'
[0.162s] Level 1:colcon.colcon_core.package_identification:_identify(testing) by extensions ['colcon_meta']
[0.162s] Level 1:colcon.colcon_core.package_identification:_identify(testing) by extension 'colcon_meta'
[0.162s] Level 1:colcon.colcon_core.package_identification:_identify(testing) by extensions ['ros']
[0.162s] Level 1:colcon.colcon_core.package_identification:_identify(testing) by extension 'ros'
[0.163s] DEBUG:colcon.colcon_core.package_identification:Package 'testing' with type 'ros.ament_cmake' and name 'testing'
[0.163s] Level 1:colcon.colcon_core.package_identification:_identify(util) by extensions ['ignore', 'ignore_ament_install']
[0.163s] Level 1:colcon.colcon_core.package_identification:_identify(util) by extension 'ignore'
[0.163s] Level 1:colcon.colcon_core.package_identification:_identify(util) by extension 'ignore_ament_install'
[0.163s] Level 1:colcon.colcon_core.package_identification:_identify(util) by extensions ['colcon_pkg']
[0.163s] Level 1:colcon.colcon_core.package_identification:_identify(util) by extension 'colcon_pkg'
[0.163s] Level 1:colcon.colcon_core.package_identification:_identify(util) by extensions ['colcon_meta']
[0.163s] Level 1:colcon.colcon_core.package_identification:_identify(util) by extension 'colcon_meta'
[0.163s] Level 1:colcon.colcon_core.package_identification:_identify(util) by extensions ['ros']
[0.163s] Level 1:colcon.colcon_core.package_identification:_identify(util) by extension 'ros'
[0.163s] Level 1:colcon.colcon_core.package_identification:_identify(util) by extensions ['cmake', 'python']
[0.163s] Level 1:colcon.colcon_core.package_identification:_identify(util) by extension 'cmake'
[0.163s] Level 1:colcon.colcon_core.package_identification:_identify(util) by extension 'python'
[0.163s] Level 1:colcon.colcon_core.package_identification:_identify(util) by extensions ['python_setup_py']
[0.163s] Level 1:colcon.colcon_core.package_identification:_identify(util) by extension 'python_setup_py'
[0.163s] Level 1:colcon.colcon_core.package_identification:_identify(util/interfaces) by extensions ['ignore', 'ignore_ament_install']
[0.163s] Level 1:colcon.colcon_core.package_identification:_identify(util/interfaces) by extension 'ignore'
[0.163s] Level 1:colcon.colcon_core.package_identification:_identify(util/interfaces) by extension 'ignore_ament_install'
[0.163s] Level 1:colcon.colcon_core.package_identification:_identify(util/interfaces) by extensions ['colcon_pkg']
[0.163s] Level 1:colcon.colcon_core.package_identification:_identify(util/interfaces) by extension 'colcon_pkg'
[0.163s] Level 1:colcon.colcon_core.package_identification:_identify(util/interfaces) by extensions ['colcon_meta']
[0.163s] Level 1:colcon.colcon_core.package_identification:_identify(util/interfaces) by extension 'colcon_meta'
[0.163s] Level 1:colcon.colcon_core.package_identification:_identify(util/interfaces) by extensions ['ros']
[0.163s] Level 1:colcon.colcon_core.package_identification:_identify(util/interfaces) by extension 'ros'
[0.164s] DEBUG:colcon.colcon_core.package_identification:Package 'util/interfaces' with type 'ros.ament_cmake' and name 'interfaces'
[0.164s] Level 1:colcon.colcon_core.package_identification:_identify(util/matlab_msg_gen) by extensions ['ignore', 'ignore_ament_install']
[0.164s] Level 1:colcon.colcon_core.package_identification:_identify(util/matlab_msg_gen) by extension 'ignore'
[0.164s] Level 1:colcon.colcon_core.package_identification:_identify(util/matlab_msg_gen) ignored
[0.164s] Level 1:colcon.colcon_core.package_identification:_identify(vehicle_manager_system) by extensions ['ignore', 'ignore_ament_install']
[0.164s] Level 1:colcon.colcon_core.package_identification:_identify(vehicle_manager_system) by extension 'ignore'
[0.164s] Level 1:colcon.colcon_core.package_identification:_identify(vehicle_manager_system) by extension 'ignore_ament_install'
[0.164s] Level 1:colcon.colcon_core.package_identification:_identify(vehicle_manager_system) by extensions ['colcon_pkg']
[0.164s] Level 1:colcon.colcon_core.package_identification:_identify(vehicle_manager_system) by extension 'colcon_pkg'
[0.164s] Level 1:colcon.colcon_core.package_identification:_identify(vehicle_manager_system) by extensions ['colcon_meta']
[0.164s] Level 1:colcon.colcon_core.package_identification:_identify(vehicle_manager_system) by extension 'colcon_meta'
[0.164s] Level 1:colcon.colcon_core.package_identification:_identify(vehicle_manager_system) by extensions ['ros']
[0.164s] Level 1:colcon.colcon_core.package_identification:_identify(vehicle_manager_system) by extension 'ros'
[0.164s] Level 1:colcon.colcon_core.package_identification:_identify(vehicle_manager_system) by extensions ['cmake', 'python']
[0.164s] Level 1:colcon.colcon_core.package_identification:_identify(vehicle_manager_system) by extension 'cmake'
[0.164s] Level 1:colcon.colcon_core.package_identification:_identify(vehicle_manager_system) by extension 'python'
[0.164s] Level 1:colcon.colcon_core.package_identification:_identify(vehicle_manager_system) by extensions ['python_setup_py']
[0.164s] Level 1:colcon.colcon_core.package_identification:_identify(vehicle_manager_system) by extension 'python_setup_py'
[0.164s] Level 1:colcon.colcon_core.package_identification:_identify(vehicle_manager_system/FSMPilot) by extensions ['ignore', 'ignore_ament_install']
[0.164s] Level 1:colcon.colcon_core.package_identification:_identify(vehicle_manager_system/FSMPilot) by extension 'ignore'
[0.164s] Level 1:colcon.colcon_core.package_identification:_identify(vehicle_manager_system/FSMPilot) by extension 'ignore_ament_install'
[0.164s] Level 1:colcon.colcon_core.package_identification:_identify(vehicle_manager_system/FSMPilot) by extensions ['colcon_pkg']
[0.164s] Level 1:colcon.colcon_core.package_identification:_identify(vehicle_manager_system/FSMPilot) by extension 'colcon_pkg'
[0.164s] Level 1:colcon.colcon_core.package_identification:_identify(vehicle_manager_system/FSMPilot) by extensions ['colcon_meta']
[0.164s] Level 1:colcon.colcon_core.package_identification:_identify(vehicle_manager_system/FSMPilot) by extension 'colcon_meta'
[0.164s] Level 1:colcon.colcon_core.package_identification:_identify(vehicle_manager_system/FSMPilot) by extensions ['ros']
[0.164s] Level 1:colcon.colcon_core.package_identification:_identify(vehicle_manager_system/FSMPilot) by extension 'ros'
[0.164s] Level 1:colcon.colcon_core.package_identification:_identify(vehicle_manager_system/FSMPilot) by extensions ['cmake', 'python']
[0.164s] Level 1:colcon.colcon_core.package_identification:_identify(vehicle_manager_system/FSMPilot) by extension 'cmake'
[0.167s] Level 1:colcon.colcon_core.package_identification:_identify(vehicle_manager_system/FSMPilot) by extension 'python'
[0.167s] DEBUG:colcon.colcon_core.package_identification:Package 'vehicle_manager_system/FSMPilot' with type 'cmake' and name 'FSMPilot'
[0.167s] Level 1:colcon.colcon_core.package_identification:_identify(vehicle_manager_system/health_monitor) by extensions ['ignore', 'ignore_ament_install']
[0.167s] Level 1:colcon.colcon_core.package_identification:_identify(vehicle_manager_system/health_monitor) by extension 'ignore'
[0.167s] Level 1:colcon.colcon_core.package_identification:_identify(vehicle_manager_system/health_monitor) by extension 'ignore_ament_install'
[0.167s] Level 1:colcon.colcon_core.package_identification:_identify(vehicle_manager_system/health_monitor) by extensions ['colcon_pkg']
[0.167s] Level 1:colcon.colcon_core.package_identification:_identify(vehicle_manager_system/health_monitor) by extension 'colcon_pkg'
[0.167s] Level 1:colcon.colcon_core.package_identification:_identify(vehicle_manager_system/health_monitor) by extensions ['colcon_meta']
[0.167s] Level 1:colcon.colcon_core.package_identification:_identify(vehicle_manager_system/health_monitor) by extension 'colcon_meta'
[0.167s] Level 1:colcon.colcon_core.package_identification:_identify(vehicle_manager_system/health_monitor) by extensions ['ros']
[0.167s] Level 1:colcon.colcon_core.package_identification:_identify(vehicle_manager_system/health_monitor) by extension 'ros'
[0.168s] DEBUG:colcon.colcon_core.package_identification:Package 'vehicle_manager_system/health_monitor' with type 'ros.ament_cmake' and name 'health_monitor'
[0.168s] Level 1:colcon.colcon_core.package_identification:_identify(vehicle_manager_system/monitor) by extensions ['ignore', 'ignore_ament_install']
[0.168s] Level 1:colcon.colcon_core.package_identification:_identify(vehicle_manager_system/monitor) by extension 'ignore'
[0.168s] Level 1:colcon.colcon_core.package_identification:_identify(vehicle_manager_system/monitor) by extension 'ignore_ament_install'
[0.168s] Level 1:colcon.colcon_core.package_identification:_identify(vehicle_manager_system/monitor) by extensions ['colcon_pkg']
[0.168s] Level 1:colcon.colcon_core.package_identification:_identify(vehicle_manager_system/monitor) by extension 'colcon_pkg'
[0.168s] Level 1:colcon.colcon_core.package_identification:_identify(vehicle_manager_system/monitor) by extensions ['colcon_meta']
[0.168s] Level 1:colcon.colcon_core.package_identification:_identify(vehicle_manager_system/monitor) by extension 'colcon_meta'
[0.168s] Level 1:colcon.colcon_core.package_identification:_identify(vehicle_manager_system/monitor) by extensions ['ros']
[0.168s] Level 1:colcon.colcon_core.package_identification:_identify(vehicle_manager_system/monitor) by extension 'ros'
[0.168s] DEBUG:colcon.colcon_core.package_identification:Package 'vehicle_manager_system/monitor' with type 'ros.ament_cmake' and name 'monitor'
[0.168s] Level 1:colcon.colcon_core.package_discovery:discover_packages(recursive) using defaults
[0.168s] Level 1:colcon.colcon_core.package_discovery:discover_packages(ignore) discover
[0.168s] Level 1:colcon.colcon_core.package_discovery:discover_packages(ignore) using defaults
[0.168s] Level 1:colcon.colcon_core.package_discovery:discover_packages(path) discover
[0.168s] Level 1:colcon.colcon_core.package_discovery:discover_packages(path) using defaults
[0.191s] INFO:colcon.colcon_core.package_selection:Skipping not selected package 'FSMPilot' in 'vehicle_manager_system/FSMPilot'
[0.191s] INFO:colcon.colcon_core.package_selection:Skipping not selected package 'accel' in 'embedded_system/accel'
[0.191s] INFO:colcon.colcon_core.package_selection:Skipping not selected package 'airspeed' in 'embedded_system/airspeed'
[0.191s] INFO:colcon.colcon_core.package_selection:Skipping not selected package 'communicator' in 'telemetry_manager/communicator'
[0.191s] INFO:colcon.colcon_core.package_selection:Skipping not selected package 'display_sub' in 'embedded_system/display'
[0.191s] INFO:colcon.colcon_core.package_selection:Skipping not selected package 'gnc' in 'gnc'
[0.191s] INFO:colcon.colcon_core.package_selection:Skipping not selected package 'gps' in 'embedded_system/gps'
[0.191s] INFO:colcon.colcon_core.package_selection:Skipping not selected package 'interfaces' in 'util/interfaces'
[0.191s] INFO:colcon.colcon_core.package_selection:Skipping not selected package 'monitor' in 'vehicle_manager_system/monitor'
[0.191s] INFO:colcon.colcon_core.package_selection:Skipping not selected package 'orient' in 'embedded_system/orient'
[0.191s] INFO:colcon.colcon_core.package_selection:Skipping not selected package 'orient2' in 'embedded_system/orient2'
[0.191s] INFO:colcon.colcon_core.package_selection:Skipping not selected package 'pressure' in 'embedded_system/pressure'
[0.191s] INFO:colcon.colcon_core.package_selection:Skipping not selected package 'pwm' in 'embedded_system/pwm'
[0.191s] INFO:colcon.colcon_core.package_selection:Skipping not selected package 'h20pro' in 'embedded_system/h20pro'
[0.191s] INFO:colcon.colcon_core.package_selection:Skipping not selected package 'testing' in 'testing'
[0.191s] Level 5:colcon.colcon_core.verb:set package 'health_monitor' build argument 'cmake_args' from command line to 'None'
[0.191s] Level 5:colcon.colcon_core.verb:set package 'health_monitor' build argument 'cmake_target' from command line to 'None'
[0.191s] Level 5:colcon.colcon_core.verb:set package 'health_monitor' build argument 'cmake_target_skip_unavailable' from command line to 'False'
[0.191s] Level 5:colcon.colcon_core.verb:set package 'health_monitor' build argument 'cmake_clean_cache' from command line to 'False'
[0.191s] Level 5:colcon.colcon_core.verb:set package 'health_monitor' build argument 'cmake_clean_first' from command line to 'False'
[0.191s] Level 5:colcon.colcon_core.verb:set package 'health_monitor' build argument 'cmake_force_configure' from command line to 'False'
[0.191s] Level 5:colcon.colcon_core.verb:set package 'health_monitor' build argument 'ament_cmake_args' from command line to 'None'
[0.191s] Level 5:colcon.colcon_core.verb:set package 'health_monitor' build argument 'catkin_cmake_args' from command line to 'None'
[0.191s] Level 5:colcon.colcon_core.verb:set package 'health_monitor' build argument 'catkin_skip_building_tests' from command line to 'False'
[0.191s] DEBUG:colcon.colcon_core.verb:Building package 'health_monitor' with the following arguments: {'ament_cmake_args': None, 'build_base': '/workspace/src/build/health_monitor', 'catkin_cmake_args': None, 'catkin_skip_building_tests': False, 'cmake_args': None, 'cmake_clean_cache': False, 'cmake_clean_first': False, 'cmake_force_configure': False, 'cmake_target': None, 'cmake_target_skip_unavailable': False, 'install_base': '/workspace/src/install/health_monitor', 'merge_install': False, 'path': '/workspace/src/vehicle_manager_system/health_monitor', 'symlink_install': False, 'test_result_base': None}
[0.191s] INFO:colcon.colcon_core.executor:Executing jobs using 'parallel' executor
[0.192s] DEBUG:colcon.colcon_parallel_executor.executor.parallel:run_until_complete
[0.193s] INFO:colcon.colcon_ros.task.ament_cmake.build:Building ROS package in '/workspace/src/vehicle_manager_system/health_monitor' with build type 'ament_cmake'
[0.193s] INFO:colcon.colcon_cmake.task.cmake.build:Building CMake package in '/workspace/src/vehicle_manager_system/health_monitor'
[0.195s] INFO:colcon.colcon_core.plugin_system:Skipping extension 'colcon_core.shell.bat': Not used on non-Windows systems
[0.195s] INFO:colcon.colcon_core.shell:Skip shell extension 'powershell' for command environment: Not usable outside of PowerShell
[0.195s] DEBUG:colcon.colcon_core.shell:Skip shell extension 'dsv' for command environment
[0.204s] DEBUG:colcon.colcon_core.event_handler.log_command:Invoking command in '/workspace/src/build/health_monitor': CMAKE_PREFIX_PATH=/opt/ros/humble /usr/bin/cmake --build /workspace/src/build/health_monitor -- -j12 -l12
[3.874s] DEBUG:colcon.colcon_core.event_handler.log_command:Invoked command in '/workspace/src/build/health_monitor' returned '2': CMAKE_PREFIX_PATH=/opt/ros/humble /usr/bin/cmake --build /workspace/src/build/health_monitor -- -j12 -l12
[3.875s] Level 1:colcon.colcon_core.environment:create_environment_scripts_only(health_monitor)
[3.876s] Level 1:colcon.colcon_core.environment:checking '/workspace/src/install/health_monitor' for CMake module files
[3.877s] Level 1:colcon.colcon_core.environment:checking '/workspace/src/install/health_monitor' for CMake config files
[3.877s] Level 1:colcon.colcon_core.environment:checking '/workspace/src/install/health_monitor/bin'
[3.877s] Level 1:colcon.colcon_core.environment:checking '/workspace/src/install/health_monitor/lib/pkgconfig/health_monitor.pc'
[3.878s] Level 1:colcon.colcon_core.environment:checking '/workspace/src/install/health_monitor/lib/python3.10/site-packages'
[3.878s] Level 1:colcon.colcon_core.environment:checking '/workspace/src/install/health_monitor/bin'
[3.879s] INFO:colcon.colcon_core.shell:Creating package script '/workspace/src/install/health_monitor/share/health_monitor/package.ps1'
[3.879s] INFO:colcon.colcon_core.shell:Creating package descriptor '/workspace/src/install/health_monitor/share/health_monitor/package.dsv'
[3.880s] INFO:colcon.colcon_core.shell:Creating package script '/workspace/src/install/health_monitor/share/health_monitor/package.sh'
[3.881s] INFO:colcon.colcon_core.shell:Creating package script '/workspace/src/install/health_monitor/share/health_monitor/package.bash'
[3.881s] INFO:colcon.colcon_core.shell:Creating package script '/workspace/src/install/health_monitor/share/health_monitor/package.zsh'
[3.881s] Level 1:colcon.colcon_core.environment:create_file_with_runtime_dependencies(/workspace/src/install/health_monitor/share/colcon-core/packages/health_monitor)
[3.892s] DEBUG:colcon.colcon_parallel_executor.executor.parallel:closing loop
[3.892s] DEBUG:colcon.colcon_parallel_executor.executor.parallel:loop closed
[3.893s] DEBUG:colcon.colcon_parallel_executor.executor.parallel:run_until_complete finished with '2'
[3.893s] DEBUG:colcon.colcon_core.event_reactor:joining thread
[3.896s] INFO:colcon.colcon_core.plugin_system:Skipping extension 'colcon_notification.desktop_notification.notify_send': Could not find 'notify-send'
[3.896s] INFO:colcon.colcon_core.plugin_system:Skipping extension 'colcon_notification.desktop_notification.terminal_notifier': Not used on non-Darwin systems
[3.897s] INFO:colcon.colcon_core.plugin_system:Skipping extension 'colcon_notification.desktop_notification.win32': Not used on non-Windows systems
[3.897s] INFO:colcon.colcon_notification.desktop_notification:Sending desktop notification using 'notify2'
[3.897s] DEBUG:colcon.colcon_notification.desktop_notification.notify2:Failed to initialize notify2: org.freedesktop.DBus.Error.NotSupported: Unable to autolaunch a dbus-daemon without a $DISPLAY for X11
[3.897s] DEBUG:colcon.colcon_core.event_reactor:joined thread
[3.897s] INFO:colcon.colcon_core.shell:Creating prefix script '/workspace/src/install/local_setup.ps1'
[3.898s] INFO:colcon.colcon_core.shell:Creating prefix util module '/workspace/src/install/_local_setup_util_ps1.py'
[3.899s] INFO:colcon.colcon_core.shell:Creating prefix chain script '/workspace/src/install/setup.ps1'
[3.899s] INFO:colcon.colcon_core.shell:Creating prefix script '/workspace/src/install/local_setup.sh'
[3.900s] INFO:colcon.colcon_core.shell:Creating prefix util module '/workspace/src/install/_local_setup_util_sh.py'
[3.900s] INFO:colcon.colcon_core.shell:Creating prefix chain script '/workspace/src/install/setup.sh'
[3.901s] INFO:colcon.colcon_core.shell:Creating prefix script '/workspace/src/install/local_setup.bash'
[3.901s] INFO:colcon.colcon_core.shell:Creating prefix chain script '/workspace/src/install/setup.bash'
[3.902s] INFO:colcon.colcon_core.shell:Creating prefix script '/workspace/src/install/local_setup.zsh'
[3.902s] INFO:colcon.colcon_core.shell:Creating prefix chain script '/workspace/src/install/setup.zsh'
