[0.009s] Invoking command in '/home/noahw/programs/machpilot/src/FSMPilot/build/fsm_ros_wrapper': CMAKE_PREFIX_PATH=${CMAKE_PREFIX_PATH}:/opt/ros/humble /usr/bin/cmake --build /home/noahw/programs/machpilot/src/FSMPilot/build/fsm_ros_wrapper -- -j32 -l32
[0.063s] [35m[1mConsolidate compiler generated dependencies of target state_machine_node[0m
[0.074s] [ 30%] [32mBuilding CXX object CMakeFiles/state_machine_node.dir/src/FSMPilot.cpp.o[0m
[0.074s] [ 30%] [32mBuilding CXX object CMakeFiles/state_machine_node.dir/src/state_machine_node.cpp.o[0m
[0.075s] [ 30%] [32mBuilding CXX object CMakeFiles/state_machine_node.dir/src/ros_main.cpp.o[0m
[0.075s] [ 40%] [32mBuilding CXX object CMakeFiles/state_machine_node.dir/src/ErrorManager.cpp.o[0m
[0.075s] [ 50%] [32mBuilding CXX object CMakeFiles/state_machine_node.dir/src/ErrorManagerList.cpp.o[0m
[0.075s] [ 60%] [32mBuilding CXX object CMakeFiles/state_machine_node.dir/src/FireManager.cpp.o[0m
[0.197s] In file included from [01m[K/home/noahw/programs/machpilot/src/FSMPilot/src/FSMPilot.cpp:1[m[K:
[0.197s] [01m[K/home/noahw/programs/machpilot/src/FSMPilot/src/FSMPilot.hpp:75:20:[m[K [01;31m[Kerror: [m[K‘[01m[KFSMPilotStates Uninitialized::get_state() const[m[K’ marked ‘[01m[Koverride[m[K’, but does not override
[0.197s]    75 |     FSMPilotStates [01;31m[Kget_state[m[K() const override;
[0.197s]       |                    [01;31m[K^~~~~~~~~[m[K
[0.197s] [01m[K/home/noahw/programs/machpilot/src/FSMPilot/src/FSMPilot.hpp:83:20:[m[K [01;31m[Kerror: [m[K‘[01m[KFSMPilotStates Initialized::get_state() const[m[K’ marked ‘[01m[Koverride[m[K’, but does not override
[0.197s]    83 |     FSMPilotStates [01;31m[Kget_state[m[K() const override;
[0.197s]       |                    [01;31m[K^~~~~~~~~[m[K
[0.198s] [01m[K/home/noahw/programs/machpilot/src/FSMPilot/src/FSMPilot.hpp:91:20:[m[K [01;31m[Kerror: [m[K‘[01m[KFSMPilotStates Armed::get_state() const[m[K’ marked ‘[01m[Koverride[m[K’, but does not override
[0.198s]    91 |     FSMPilotStates [01;31m[Kget_state[m[K() const override;
[0.198s]       |                    [01;31m[K^~~~~~~~~[m[K
[0.198s] [01m[K/home/noahw/programs/machpilot/src/FSMPilot/src/FSMPilot.hpp:100:20:[m[K [01;31m[Kerror: [m[K‘[01m[KFSMPilotStates ManualFlight::get_state() const[m[K’ marked ‘[01m[Koverride[m[K’, but does not override
[0.198s]   100 |     FSMPilotStates [01;31m[Kget_state[m[K() const override;
[0.198s]       |                    [01;31m[K^~~~~~~~~[m[K
[0.198s] [01m[K/home/noahw/programs/machpilot/src/FSMPilot/src/FSMPilot.hpp:107:20:[m[K [01;31m[Kerror: [m[K‘[01m[KFSMPilotStates Disarm::get_state() const[m[K’ marked ‘[01m[Koverride[m[K’, but does not override
[0.198s]   107 |     FSMPilotStates [01;31m[Kget_state[m[K() const override;
[0.198s]       |                    [01;31m[K^~~~~~~~~[m[K
[0.198s] [01m[K/home/noahw/programs/machpilot/src/FSMPilot/src/FSMPilot.hpp:115:20:[m[K [01;31m[Kerror: [m[K‘[01m[KFSMPilotStates Shutdown::get_state() const[m[K’ marked ‘[01m[Koverride[m[K’, but does not override
[0.198s]   115 |     FSMPilotStates [01;31m[Kget_state[m[K() const override;
[0.198s]       |                    [01;31m[K^~~~~~~~~[m[K
[0.226s] In file included from [01m[K/home/noahw/programs/machpilot/src/FSMPilot/src/ErrorManager.hpp:6[m[K,
[0.226s]                  from [01m[K/home/noahw/programs/machpilot/src/FSMPilot/src/ErrorManager.cpp:3[m[K:
[0.226s] [01m[K/home/noahw/programs/machpilot/src/FSMPilot/src/FSMPilot.hpp:75:20:[m[K [01;31m[Kerror: [m[K‘[01m[KFSMPilotStates Uninitialized::get_state() const[m[K’ marked ‘[01m[Koverride[m[K’, but does not override
[0.226s]    75 |     FSMPilotStates [01;31m[Kget_state[m[K() const override;
[0.226s]       |                    [01;31m[K^~~~~~~~~[m[K
[0.226s] [01m[K/home/noahw/programs/machpilot/src/FSMPilot/src/FSMPilot.hpp:83:20:[m[K [01;31m[Kerror: [m[K‘[01m[KFSMPilotStates Initialized::get_state() const[m[K’ marked ‘[01m[Koverride[m[K’, but does not override
[0.226s]    83 |     FSMPilotStates [01;31m[Kget_state[m[K() const override;
[0.226s]       |                    [01;31m[K^~~~~~~~~[m[K
[0.226s] [01m[K/home/noahw/programs/machpilot/src/FSMPilot/src/FSMPilot.hpp:91:20:[m[K [01;31m[Kerror: [m[K‘[01m[KFSMPilotStates Armed::get_state() const[m[K’ marked ‘[01m[Koverride[m[K’, but does not override
[0.226s]    91 |     FSMPilotStates [01;31m[Kget_state[m[K() const override;
[0.226s]       |                    [01;31m[K^~~~~~~~~[m[K
[0.226s] [01m[K/home/noahw/programs/machpilot/src/FSMPilot/src/FSMPilot.hpp:100:20:[m[K [01;31m[Kerror: [m[K‘[01m[KFSMPilotStates ManualFlight::get_state() const[m[K’ marked ‘[01m[Koverride[m[K’, but does not override
[0.226s]   100 |     FSMPilotStates [01;31m[Kget_state[m[K() const override;
[0.226s]       |                    [01;31m[K^~~~~~~~~[m[K
[0.226s] [01m[K/home/noahw/programs/machpilot/src/FSMPilot/src/FSMPilot.hpp:107:20:[m[K [01;31m[Kerror: [m[K‘[01m[KFSMPilotStates Disarm::get_state() const[m[K’ marked ‘[01m[Koverride[m[K’, but does not override
[0.226s]   107 |     FSMPilotStates [01;31m[Kget_state[m[K() const override;
[0.226s]       |                    [01;31m[K^~~~~~~~~[m[K
[0.226s] [01m[K/home/noahw/programs/machpilot/src/FSMPilot/src/FSMPilot.hpp:115:20:[m[K [01;31m[Kerror: [m[K‘[01m[KFSMPilotStates Shutdown::get_state() const[m[K’ marked ‘[01m[Koverride[m[K’, but does not override
[0.226s]   115 |     FSMPilotStates [01;31m[Kget_state[m[K() const override;
[0.226s]       |                    [01;31m[K^~~~~~~~~[m[K
[0.227s] In file included from [01m[K/home/noahw/programs/machpilot/src/FSMPilot/src/ErrorManager.hpp:6[m[K,
[0.227s]                  from [01m[K/home/noahw/programs/machpilot/src/FSMPilot/src/FireManager.hpp:1[m[K,
[0.227s]                  from [01m[K/home/noahw/programs/machpilot/src/FSMPilot/src/FireManager.cpp:1[m[K:
[0.227s] [01m[K/home/noahw/programs/machpilot/src/FSMPilot/src/FSMPilot.hpp:75:20:[m[K [01;31m[Kerror: [m[K‘[01m[KFSMPilotStates Uninitialized::get_state() const[m[K’ marked ‘[01m[Koverride[m[K’, but does not override
[0.227s]    75 |     FSMPilotStates [01;31m[Kget_state[m[K() const override;
[0.227s]       |                    [01;31m[K^~~~~~~~~[m[K
[0.227s] [01m[K/home/noahw/programs/machpilot/src/FSMPilot/src/FSMPilot.hpp:83:20:[m[K [01;31m[Kerror: [m[K‘[01m[KFSMPilotStates Initialized::get_state() const[m[K’ marked ‘[01m[Koverride[m[K’, but does not override
[0.227s]    83 |     FSMPilotStates [01;31m[Kget_state[m[K() const override;
[0.227s]       |                    [01;31m[K^~~~~~~~~[m[K
[0.227s] [01m[K/home/noahw/programs/machpilot/src/FSMPilot/src/FSMPilot.hpp:91:20:[m[K [01;31m[Kerror: [m[K‘[01m[KFSMPilotStates Armed::get_state() const[m[K’ marked ‘[01m[Koverride[m[K’, but does not override
[0.227s]    91 |     FSMPilotStates [01;31m[Kget_state[m[K() const override;
[0.227s]       |                    [01;31m[K^~~~~~~~~[m[K
[0.227s] [01m[K/home/noahw/programs/machpilot/src/FSMPilot/src/FSMPilot.hpp:100:20:[m[K [01;31m[Kerror: [m[K‘[01m[KFSMPilotStates ManualFlight::get_state() const[m[K’ marked ‘[01m[Koverride[m[K’, but does not override
[0.227s]   100 |     FSMPilotStates [01;31m[Kget_state[m[K() const override;
[0.227s]       |                    [01;31m[K^~~~~~~~~[m[K
[0.227s] [01m[K/home/noahw/programs/machpilot/src/FSMPilot/src/FSMPilot.hpp:107:20:[m[K [01;31m[Kerror: [m[K‘[01m[KFSMPilotStates Disarm::get_state() const[m[K’ marked ‘[01m[Koverride[m[K’, but does not override
[0.227s]   107 |     FSMPilotStates [01;31m[Kget_state[m[K() const override;
[0.227s]       |                    [01;31m[K^~~~~~~~~[m[K
[0.227s] [01m[K/home/noahw/programs/machpilot/src/FSMPilot/src/FSMPilot.hpp:115:20:[m[K [01;31m[Kerror: [m[K‘[01m[KFSMPilotStates Shutdown::get_state() const[m[K’ marked ‘[01m[Koverride[m[K’, but does not override
[0.227s]   115 |     FSMPilotStates [01;31m[Kget_state[m[K() const override;
[0.227s]       |                    [01;31m[K^~~~~~~~~[m[K
[0.230s] In file included from [01m[K/home/noahw/programs/machpilot/src/FSMPilot/src/ErrorManager.hpp:6[m[K,
[0.231s]                  from [01m[K/home/noahw/programs/machpilot/src/FSMPilot/src/ErrorManagerList.hpp:1[m[K,
[0.231s]                  from [01m[K/home/noahw/programs/machpilot/src/FSMPilot/src/ErrorManagerList.cpp:1[m[K:
[0.231s] [01m[K/home/noahw/programs/machpilot/src/FSMPilot/src/FSMPilot.hpp:75:20:[m[K [01;31m[Kerror: [m[K‘[01m[KFSMPilotStates Uninitialized::get_state() const[m[K’ marked ‘[01m[Koverride[m[K’, but does not override
[0.231s]    75 |     FSMPilotStates [01;31m[Kget_state[m[K() const override;
[0.231s]       |                    [01;31m[K^~~~~~~~~[m[K
[0.231s] [01m[K/home/noahw/programs/machpilot/src/FSMPilot/src/FSMPilot.hpp:83:20:[m[K [01;31m[Kerror: [m[K‘[01m[KFSMPilotStates Initialized::get_state() const[m[K’ marked ‘[01m[Koverride[m[K’, but does not override
[0.231s]    83 |     FSMPilotStates [01;31m[Kget_state[m[K() const override;
[0.231s]       |                    [01;31m[K^~~~~~~~~[m[K
[0.231s] [01m[K/home/noahw/programs/machpilot/src/FSMPilot/src/FSMPilot.hpp:91:20:[m[K [01;31m[Kerror: [m[K‘[01m[KFSMPilotStates Armed::get_state() const[m[K’ marked ‘[01m[Koverride[m[K’, but does not override
[0.231s]    91 |     FSMPilotStates [01;31m[Kget_state[m[K() const override;
[0.231s]       |                    [01;31m[K^~~~~~~~~[m[K
[0.231s] [01m[K/home/noahw/programs/machpilot/src/FSMPilot/src/FSMPilot.hpp:100:20:[m[K [01;31m[Kerror: [m[K‘[01m[KFSMPilotStates ManualFlight::get_state() const[m[K’ marked ‘[01m[Koverride[m[K’, but does not override
[0.231s]   100 |     FSMPilotStates [01;31m[Kget_state[m[K() const override;
[0.231s]       |                    [01;31m[K^~~~~~~~~[m[K
[0.231s] [01m[K/home/noahw/programs/machpilot/src/FSMPilot/src/FSMPilot.hpp:107:20:[m[K [01;31m[Kerror: [m[K‘[01m[KFSMPilotStates Disarm::get_state() const[m[K’ marked ‘[01m[Koverride[m[K’, but does not override
[0.231s]   107 |     FSMPilotStates [01;31m[Kget_state[m[K() const override;
[0.231s]       |                    [01;31m[K^~~~~~~~~[m[K
[0.231s] [01m[K/home/noahw/programs/machpilot/src/FSMPilot/src/FSMPilot.hpp:115:20:[m[K [01;31m[Kerror: [m[K‘[01m[KFSMPilotStates Shutdown::get_state() const[m[K’ marked ‘[01m[Koverride[m[K’, but does not override
[0.231s]   115 |     FSMPilotStates [01;31m[Kget_state[m[K() const override;
[0.231s]       |                    [01;31m[K^~~~~~~~~[m[K
[0.233s] [01m[K/home/noahw/programs/machpilot/src/FSMPilot/src/FSMPilot.cpp:62:28:[m[K [01;31m[Kerror: [m[Knon-member function ‘[01m[KFSMPilotStates get_state()[m[K’ cannot have cv-qualifier
[0.233s]    62 | FSMPilotStates get_state() [01;31m[Kconst[m[K{
[0.233s]       |                            [01;31m[K^~~~~[m[K
[0.233s] [01m[K/home/noahw/programs/machpilot/src/FSMPilot/src/FSMPilot.cpp:103:28:[m[K [01;31m[Kerror: [m[Knon-member function ‘[01m[KFSMPilotStates get_state()[m[K’ cannot have cv-qualifier
[0.233s]   103 | FSMPilotStates get_state() [01;31m[Kconst[m[K{
[0.233s]       |                            [01;31m[K^~~~~[m[K
[0.233s] [01m[K/home/noahw/programs/machpilot/src/FSMPilot/src/FSMPilot.cpp:103:16:[m[K [01;31m[Kerror: [m[Kredefinition of ‘[01m[KFSMPilotStates get_state()[m[K’
[0.234s]   103 | FSMPilotStates [01;31m[Kget_state[m[K() const{
[0.234s]       |                [01;31m[K^~~~~~~~~[m[K
[0.234s] [01m[K/home/noahw/programs/machpilot/src/FSMPilot/src/FSMPilot.cpp:62:16:[m[K [01;36m[Knote: [m[K‘[01m[KFSMPilotStates get_state()[m[K’ previously defined here
[0.234s]    62 | FSMPilotStates [01;36m[Kget_state[m[K() const{
[0.234s]       |                [01;36m[K^~~~~~~~~[m[K
[0.234s] [01m[K/home/noahw/programs/machpilot/src/FSMPilot/src/FSMPilot.cpp:125:28:[m[K [01;31m[Kerror: [m[Knon-member function ‘[01m[KFSMPilotStates get_state()[m[K’ cannot have cv-qualifier
[0.234s]   125 | FSMPilotStates get_state() [01;31m[Kconst[m[K{
[0.234s]       |                            [01;31m[K^~~~~[m[K
[0.234s] [01m[K/home/noahw/programs/machpilot/src/FSMPilot/src/FSMPilot.cpp:125:16:[m[K [01;31m[Kerror: [m[Kredefinition of ‘[01m[KFSMPilotStates get_state()[m[K’
[0.234s]   125 | FSMPilotStates [01;31m[Kget_state[m[K() const{
[0.234s]       |                [01;31m[K^~~~~~~~~[m[K
[0.234s] [01m[K/home/noahw/programs/machpilot/src/FSMPilot/src/FSMPilot.cpp:62:16:[m[K [01;36m[Knote: [m[K‘[01m[KFSMPilotStates get_state()[m[K’ previously defined here
[0.234s]    62 | FSMPilotStates [01;36m[Kget_state[m[K() const{
[0.234s]       |                [01;36m[K^~~~~~~~~[m[K
[0.234s] [01m[K/home/noahw/programs/machpilot/src/FSMPilot/src/FSMPilot.cpp:151:28:[m[K [01;31m[Kerror: [m[Knon-member function ‘[01m[KFSMPilotStates get_state()[m[K’ cannot have cv-qualifier
[0.234s]   151 | FSMPilotStates get_state() [01;31m[Kconst[m[K{
[0.234s]       |                            [01;31m[K^~~~~[m[K
[0.234s] [01m[K/home/noahw/programs/machpilot/src/FSMPilot/src/FSMPilot.cpp:151:16:[m[K [01;31m[Kerror: [m[Kredefinition of ‘[01m[KFSMPilotStates get_state()[m[K’
[0.234s]   151 | FSMPilotStates [01;31m[Kget_state[m[K() const{
[0.234s]       |                [01;31m[K^~~~~~~~~[m[K
[0.234s] [01m[K/home/noahw/programs/machpilot/src/FSMPilot/src/FSMPilot.cpp:62:16:[m[K [01;36m[Knote: [m[K‘[01m[KFSMPilotStates get_state()[m[K’ previously defined here
[0.234s]    62 | FSMPilotStates [01;36m[Kget_state[m[K() const{
[0.234s]       |                [01;36m[K^~~~~~~~~[m[K
[0.234s] [01m[K/home/noahw/programs/machpilot/src/FSMPilot/src/FSMPilot.cpp:169:28:[m[K [01;31m[Kerror: [m[Knon-member function ‘[01m[KFSMPilotStates get_state()[m[K’ cannot have cv-qualifier
[0.234s]   169 | FSMPilotStates get_state() [01;31m[Kconst[m[K{
[0.234s]       |                            [01;31m[K^~~~~[m[K
[0.234s] [01m[K/home/noahw/programs/machpilot/src/FSMPilot/src/FSMPilot.cpp:169:16:[m[K [01;31m[Kerror: [m[Kredefinition of ‘[01m[KFSMPilotStates get_state()[m[K’
[0.234s]   169 | FSMPilotStates [01;31m[Kget_state[m[K() const{
[0.234s]       |                [01;31m[K^~~~~~~~~[m[K
[0.234s] [01m[K/home/noahw/programs/machpilot/src/FSMPilot/src/FSMPilot.cpp:62:16:[m[K [01;36m[Knote: [m[K‘[01m[KFSMPilotStates get_state()[m[K’ previously defined here
[0.234s]    62 | FSMPilotStates [01;36m[Kget_state[m[K() const{
[0.234s]       |                [01;36m[K^~~~~~~~~[m[K
[0.235s] [01m[K/home/noahw/programs/machpilot/src/FSMPilot/src/FSMPilot.cpp:191:28:[m[K [01;31m[Kerror: [m[Knon-member function ‘[01m[KFSMPilotStates get_state()[m[K’ cannot have cv-qualifier
[0.235s]   191 | FSMPilotStates get_state() [01;31m[Kconst[m[K{
[0.235s]       |                            [01;31m[K^~~~~[m[K
[0.235s] [01m[K/home/noahw/programs/machpilot/src/FSMPilot/src/FSMPilot.cpp:191:16:[m[K [01;31m[Kerror: [m[Kredefinition of ‘[01m[KFSMPilotStates get_state()[m[K’
[0.235s]   191 | FSMPilotStates [01;31m[Kget_state[m[K() const{
[0.235s]       |                [01;31m[K^~~~~~~~~[m[K
[0.235s] [01m[K/home/noahw/programs/machpilot/src/FSMPilot/src/FSMPilot.cpp:62:16:[m[K [01;36m[Knote: [m[K‘[01m[KFSMPilotStates get_state()[m[K’ previously defined here
[0.235s]    62 | FSMPilotStates [01;36m[Kget_state[m[K() const{
[0.235s]       |                [01;36m[K^~~~~~~~~[m[K
[0.235s] In file included from [01m[K/home/noahw/programs/machpilot/src/FSMPilot/src/FSMPilot.hpp:4[m[K,
[0.235s]                  from [01m[K/home/noahw/programs/machpilot/src/FSMPilot/src/FSMPilot.cpp:1[m[K:
[0.235s] /home/noahw/programs/machpilot/src/FSMPilot/third_party/tinyfsm/include/tinyfsm.hpp: In instantiation of ‘[01m[Ktinyfsm::_state_instance<Uninitialized>::value_type tinyfsm::_state_instance<Uninitialized>::value[m[K’:
[0.235s] [01m[K/home/noahw/programs/machpilot/src/FSMPilot/src/FSMPilot.cpp:204:1:[m[K   required from here
[0.235s] [01m[K/home/noahw/programs/machpilot/src/FSMPilot/third_party/tinyfsm/include/tinyfsm.hpp:80:43:[m[K [01;31m[Kerror: [m[Kcannot declare variable ‘[01m[Ktinyfsm::_state_instance<Uninitialized>::value[m[K’ to be of abstract type ‘[01m[KUninitialized[m[K’
[0.235s]    80 |   typename _state_instance<S>::value_type [01;31m[K_state_instance<S>[m[K::value;
[0.235s]       |                                           [01;31m[K^~~~~~~~~~~~~~~~~~[m[K
[0.235s] In file included from [01m[K/home/noahw/programs/machpilot/src/FSMPilot/src/FSMPilot.cpp:1[m[K:
[0.235s] [01m[K/home/noahw/programs/machpilot/src/FSMPilot/src/FSMPilot.hpp:68:7:[m[K [01;36m[Knote: [m[K  because the following virtual functions are pure within ‘[01m[KUninitialized[m[K’:
[0.235s]    68 | class [01;36m[KUninitialized[m[K : public StateMachine {
[0.235s]       |       [01;36m[K^~~~~~~~~~~~~[m[K
[0.235s] [01m[K/home/noahw/programs/machpilot/src/FSMPilot/src/FSMPilot.hpp:59:28:[m[K [01;36m[Knote: [m[K    ‘[01m[Kvirtual FSMPilotStates StateMachine::get_state()[m[K’
[0.235s]    59 |     virtual FSMPilotStates [01;36m[Kget_state[m[K()=0;
[0.235s]       |                            [01;36m[K^~~~~~~~~[m[K
[0.244s] In file included from [01m[K/home/noahw/programs/machpilot/src/FSMPilot/src/FSMPilot.hpp:4[m[K,
[0.244s]                  from [01m[K/home/noahw/programs/machpilot/src/FSMPilot/src/FSMPilot.cpp:1[m[K:
[0.244s] /home/noahw/programs/machpilot/src/FSMPilot/third_party/tinyfsm/include/tinyfsm.hpp: In instantiation of ‘[01m[Ktinyfsm::_state_instance<Initialized>::value_type tinyfsm::_state_instance<Initialized>::value[m[K’:
[0.244s] [01m[K/home/noahw/programs/machpilot/src/FSMPilot/third_party/tinyfsm/include/tinyfsm.hpp:137:27:[m[K   required from ‘[01m[Kvoid tinyfsm::Fsm<F>::transit() [with S = Initialized; F = StateMachine][m[K’
[0.244s] [01m[K/home/noahw/programs/machpilot/src/FSMPilot/src/FSMPilot.cpp:73:29:[m[K   required from here
[0.244s] [01m[K/home/noahw/programs/machpilot/src/FSMPilot/third_party/tinyfsm/include/tinyfsm.hpp:80:43:[m[K [01;31m[Kerror: [m[Kcannot declare variable ‘[01m[Ktinyfsm::_state_instance<Initialized>::value[m[K’ to be of abstract type ‘[01m[KInitialized[m[K’
[0.244s]    80 |   typename _state_instance<S>::value_type [01;31m[K_state_instance<S>[m[K::value;
[0.244s]       |                                           [01;31m[K^~~~~~~~~~~~~~~~~~[m[K
[0.244s] In file included from [01m[K/home/noahw/programs/machpilot/src/FSMPilot/src/FSMPilot.cpp:1[m[K:
[0.244s] [01m[K/home/noahw/programs/machpilot/src/FSMPilot/src/FSMPilot.hpp:82:7:[m[K [01;36m[Knote: [m[K  because the following virtual functions are pure within ‘[01m[KInitialized[m[K’:
[0.244s]    82 | class [01;36m[KInitialized[m[K : public StateMachine {
[0.244s]       |       [01;36m[K^~~~~~~~~~~[m[K
[0.244s] [01m[K/home/noahw/programs/machpilot/src/FSMPilot/src/FSMPilot.hpp:59:28:[m[K [01;36m[Knote: [m[K    ‘[01m[Kvirtual FSMPilotStates StateMachine::get_state()[m[K’
[0.244s]    59 |     virtual FSMPilotStates [01;36m[Kget_state[m[K()=0;
[0.244s]       |                            [01;36m[K^~~~~~~~~[m[K
[0.244s] In file included from [01m[K/home/noahw/programs/machpilot/src/FSMPilot/src/FSMPilot.hpp:4[m[K,
[0.244s]                  from [01m[K/home/noahw/programs/machpilot/src/FSMPilot/src/FSMPilot.cpp:1[m[K:
[0.244s] /home/noahw/programs/machpilot/src/FSMPilot/third_party/tinyfsm/include/tinyfsm.hpp: In instantiation of ‘[01m[Ktinyfsm::_state_instance<Armed>::value_type tinyfsm::_state_instance<Armed>::value[m[K’:
[0.244s] [01m[K/home/noahw/programs/machpilot/src/FSMPilot/third_party/tinyfsm/include/tinyfsm.hpp:137:27:[m[K   required from ‘[01m[Kvoid tinyfsm::Fsm<F>::transit() [with S = Armed; F = StateMachine][m[K’
[0.244s] [01m[K/home/noahw/programs/machpilot/src/FSMPilot/src/FSMPilot.cpp:112:19:[m[K   required from here
[0.244s] [01m[K/home/noahw/programs/machpilot/src/FSMPilot/third_party/tinyfsm/include/tinyfsm.hpp:80:43:[m[K [01;31m[Kerror: [m[Kcannot declare variable ‘[01m[Ktinyfsm::_state_instance<Armed>::value[m[K’ to be of abstract type ‘[01m[KArmed[m[K’
[0.244s]    80 |   typename _state_instance<S>::value_type [01;31m[K_state_instance<S>[m[K::value;
[0.245s]       |                                           [01;31m[K^~~~~~~~~~~~~~~~~~[m[K
[0.245s] In file included from [01m[K/home/noahw/programs/machpilot/src/FSMPilot/src/FSMPilot.cpp:1[m[K:
[0.245s] [01m[K/home/noahw/programs/machpilot/src/FSMPilot/src/FSMPilot.hpp:90:7:[m[K [01;36m[Knote: [m[K  because the following virtual functions are pure within ‘[01m[KArmed[m[K’:
[0.245s]    90 | class [01;36m[KArmed[m[K : public StateMachine {
[0.245s]       |       [01;36m[K^~~~~[m[K
[0.245s] [01m[K/home/noahw/programs/machpilot/src/FSMPilot/src/FSMPilot.hpp:59:28:[m[K [01;36m[Knote: [m[K    ‘[01m[Kvirtual FSMPilotStates StateMachine::get_state()[m[K’
[0.245s]    59 |     virtual FSMPilotStates [01;36m[Kget_state[m[K()=0;
[0.245s]       |                            [01;36m[K^~~~~~~~~[m[K
[0.245s] In file included from [01m[K/home/noahw/programs/machpilot/src/FSMPilot/src/FSMPilot.hpp:4[m[K,
[0.245s]                  from [01m[K/home/noahw/programs/machpilot/src/FSMPilot/src/FSMPilot.cpp:1[m[K:
[0.245s] /home/noahw/programs/machpilot/src/FSMPilot/third_party/tinyfsm/include/tinyfsm.hpp: In instantiation of ‘[01m[Ktinyfsm::_state_instance<ManualFlight>::value_type tinyfsm::_state_instance<ManualFlight>::value[m[K’:
[0.245s] [01m[K/home/noahw/programs/machpilot/src/FSMPilot/third_party/tinyfsm/include/tinyfsm.hpp:137:27:[m[K   required from ‘[01m[Kvoid tinyfsm::Fsm<F>::transit() [with S = ManualFlight; F = StateMachine][m[K’
[0.245s] [01m[K/home/noahw/programs/machpilot/src/FSMPilot/src/FSMPilot.cpp:134:26:[m[K   required from here
[0.245s] [01m[K/home/noahw/programs/machpilot/src/FSMPilot/third_party/tinyfsm/include/tinyfsm.hpp:80:43:[m[K [01;31m[Kerror: [m[Kcannot declare variable ‘[01m[Ktinyfsm::_state_instance<ManualFlight>::value[m[K’ to be of abstract type ‘[01m[KManualFlight[m[K’
[0.245s]    80 |   typename _state_instance<S>::value_type [01;31m[K_state_instance<S>[m[K::value;
[0.245s]       |                                           [01;31m[K^~~~~~~~~~~~~~~~~~[m[K
[0.245s] In file included from [01m[K/home/noahw/programs/machpilot/src/FSMPilot/src/FSMPilot.cpp:1[m[K:
[0.245s] [01m[K/home/noahw/programs/machpilot/src/FSMPilot/src/FSMPilot.hpp:99:7:[m[K [01;36m[Knote: [m[K  because the following virtual functions are pure within ‘[01m[KManualFlight[m[K’:
[0.245s]    99 | class [01;36m[KManualFlight[m[K : public StateMachine {
[0.245s]       |       [01;36m[K^~~~~~~~~~~~[m[K
[0.245s] [01m[K/home/noahw/programs/machpilot/src/FSMPilot/src/FSMPilot.hpp:59:28:[m[K [01;36m[Knote: [m[K    ‘[01m[Kvirtual FSMPilotStates StateMachine::get_state()[m[K’
[0.245s]    59 |     virtual FSMPilotStates [01;36m[Kget_state[m[K()=0;
[0.245s]       |                            [01;36m[K^~~~~~~~~[m[K
[0.245s] In file included from [01m[K/home/noahw/programs/machpilot/src/FSMPilot/src/FSMPilot.hpp:4[m[K,
[0.245s]                  from [01m[K/home/noahw/programs/machpilot/src/FSMPilot/src/FSMPilot.cpp:1[m[K:
[0.245s] /home/noahw/programs/machpilot/src/FSMPilot/third_party/tinyfsm/include/tinyfsm.hpp: In instantiation of ‘[01m[Ktinyfsm::_state_instance<Disarm>::value_type tinyfsm::_state_instance<Disarm>::value[m[K’:
[0.245s] [01m[K/home/noahw/programs/machpilot/src/FSMPilot/third_party/tinyfsm/include/tinyfsm.hpp:137:27:[m[K   required from ‘[01m[Kvoid tinyfsm::Fsm<F>::transit() [with S = Disarm; F = StateMachine][m[K’
[0.245s] [01m[K/home/noahw/programs/machpilot/src/FSMPilot/src/FSMPilot.cpp:138:20:[m[K   required from here
[0.245s] [01m[K/home/noahw/programs/machpilot/src/FSMPilot/third_party/tinyfsm/include/tinyfsm.hpp:80:43:[m[K [01;31m[Kerror: [m[Kcannot declare variable ‘[01m[Ktinyfsm::_state_instance<Disarm>::value[m[K’ to be of abstract type ‘[01m[KDisarm[m[K’
[0.245s]    80 |   typename _state_instance<S>::value_type [01;31m[K_state_instance<S>[m[K::value;
[0.245s]       |                                           [01;31m[K^~~~~~~~~~~~~~~~~~[m[K
[0.245s] In file included from [01m[K/home/noahw/programs/machpilot/src/FSMPilot/src/FSMPilot.cpp:1[m[K:
[0.245s] [01m[K/home/noahw/programs/machpilot/src/FSMPilot/src/FSMPilot.hpp:106:7:[m[K [01;36m[Knote: [m[K  because the following virtual functions are pure within ‘[01m[KDisarm[m[K’:
[0.245s]   106 | class [01;36m[KDisarm[m[K : public StateMachine {
[0.245s]       |       [01;36m[K^~~~~~[m[K
[0.245s] [01m[K/home/noahw/programs/machpilot/src/FSMPilot/src/FSMPilot.hpp:59:28:[m[K [01;36m[Knote: [m[K    ‘[01m[Kvirtual FSMPilotStates StateMachine::get_state()[m[K’
[0.245s]    59 |     virtual FSMPilotStates [01;36m[Kget_state[m[K()=0;
[0.245s]       |                            [01;36m[K^~~~~~~~~[m[K
[0.245s] In file included from [01m[K/home/noahw/programs/machpilot/src/FSMPilot/src/FSMPilot.hpp:4[m[K,
[0.245s]                  from [01m[K/home/noahw/programs/machpilot/src/FSMPilot/src/FSMPilot.cpp:1[m[K:
[0.245s] /home/noahw/programs/machpilot/src/FSMPilot/third_party/tinyfsm/include/tinyfsm.hpp: In instantiation of ‘[01m[Ktinyfsm::_state_instance<Shutdown>::value_type tinyfsm::_state_instance<Shutdown>::value[m[K’:
[0.246s] [01m[K/home/noahw/programs/machpilot/src/FSMPilot/third_party/tinyfsm/include/tinyfsm.hpp:137:27:[m[K   required from ‘[01m[Kvoid tinyfsm::Fsm<F>::transit() [with S = Shutdown; F = StateMachine][m[K’
[0.246s] [01m[K/home/noahw/programs/machpilot/src/FSMPilot/src/FSMPilot.cpp:178:22:[m[K   required from here
[0.246s] [01m[K/home/noahw/programs/machpilot/src/FSMPilot/third_party/tinyfsm/include/tinyfsm.hpp:80:43:[m[K [01;31m[Kerror: [m[Kcannot declare variable ‘[01m[Ktinyfsm::_state_instance<Shutdown>::value[m[K’ to be of abstract type ‘[01m[KShutdown[m[K’
[0.246s]    80 |   typename _state_instance<S>::value_type [01;31m[K_state_instance<S>[m[K::value;
[0.246s]       |                                           [01;31m[K^~~~~~~~~~~~~~~~~~[m[K
[0.246s] In file included from [01m[K/home/noahw/programs/machpilot/src/FSMPilot/src/FSMPilot.cpp:1[m[K:
[0.246s] [01m[K/home/noahw/programs/machpilot/src/FSMPilot/src/FSMPilot.hpp:114:7:[m[K [01;36m[Knote: [m[K  because the following virtual functions are pure within ‘[01m[KShutdown[m[K’:
[0.246s]   114 | class [01;36m[KShutdown[m[K : public StateMachine {
[0.246s]       |       [01;36m[K^~~~~~~~[m[K
[0.246s] [01m[K/home/noahw/programs/machpilot/src/FSMPilot/src/FSMPilot.hpp:59:28:[m[K [01;36m[Knote: [m[K    ‘[01m[Kvirtual FSMPilotStates StateMachine::get_state()[m[K’
[0.246s]    59 |     virtual FSMPilotStates [01;36m[Kget_state[m[K()=0;
[0.246s]       |                            [01;36m[K^~~~~~~~~[m[K
[0.246s] gmake[2]: *** [CMakeFiles/state_machine_node.dir/build.make:146: CMakeFiles/state_machine_node.dir/src/ErrorManager.cpp.o] Error 1
[0.246s] gmake[2]: *** Waiting for unfinished jobs....
[0.246s] gmake[2]: *** [CMakeFiles/state_machine_node.dir/build.make:160: CMakeFiles/state_machine_node.dir/src/FireManager.cpp.o] Error 1
[0.246s] gmake[2]: *** [CMakeFiles/state_machine_node.dir/build.make:174: CMakeFiles/state_machine_node.dir/src/ErrorManagerList.cpp.o] Error 1
[0.254s] gmake[2]: *** [CMakeFiles/state_machine_node.dir/build.make:104: CMakeFiles/state_machine_node.dir/src/FSMPilot.cpp.o] Error 1
[1.415s] In file included from [01m[K/home/noahw/programs/machpilot/src/FSMPilot/include/fsm_ros_wrapper/state_machine_node.hpp:8[m[K,
[1.415s]                  from [01m[K/home/noahw/programs/machpilot/src/FSMPilot/src/state_machine_node.cpp:1[m[K:
[1.415s] [01m[K/home/noahw/programs/machpilot/src/FSMPilot/src/FSMPilot.hpp:75:20:[m[K [01;31m[Kerror: [m[K‘[01m[KFSMPilotStates Uninitialized::get_state() const[m[K’ marked ‘[01m[Koverride[m[K’, but does not override
[1.415s]    75 |     FSMPilotStates [01;31m[Kget_state[m[K() const override;
[1.415s]       |                    [01;31m[K^~~~~~~~~[m[K
[1.415s] [01m[K/home/noahw/programs/machpilot/src/FSMPilot/src/FSMPilot.hpp:83:20:[m[K [01;31m[Kerror: [m[K‘[01m[KFSMPilotStates Initialized::get_state() const[m[K’ marked ‘[01m[Koverride[m[K’, but does not override
[1.416s]    83 |     FSMPilotStates [01;31m[Kget_state[m[K() const override;
[1.416s]       |                    [01;31m[K^~~~~~~~~[m[K
[1.416s] [01m[K/home/noahw/programs/machpilot/src/FSMPilot/src/FSMPilot.hpp:91:20:[m[K [01;31m[Kerror: [m[K‘[01m[KFSMPilotStates Armed::get_state() const[m[K’ marked ‘[01m[Koverride[m[K’, but does not override
[1.416s]    91 |     FSMPilotStates [01;31m[Kget_state[m[K() const override;
[1.416s]       |                    [01;31m[K^~~~~~~~~[m[K
[1.416s] [01m[K/home/noahw/programs/machpilot/src/FSMPilot/src/FSMPilot.hpp:100:20:[m[K [01;31m[Kerror: [m[K‘[01m[KFSMPilotStates ManualFlight::get_state() const[m[K’ marked ‘[01m[Koverride[m[K’, but does not override
[1.416s]   100 |     FSMPilotStates [01;31m[Kget_state[m[K() const override;
[1.416s]       |                    [01;31m[K^~~~~~~~~[m[K
[1.416s] [01m[K/home/noahw/programs/machpilot/src/FSMPilot/src/FSMPilot.hpp:107:20:[m[K [01;31m[Kerror: [m[K‘[01m[KFSMPilotStates Disarm::get_state() const[m[K’ marked ‘[01m[Koverride[m[K’, but does not override
[1.416s]   107 |     FSMPilotStates [01;31m[Kget_state[m[K() const override;
[1.416s]       |                    [01;31m[K^~~~~~~~~[m[K
[1.416s] [01m[K/home/noahw/programs/machpilot/src/FSMPilot/src/FSMPilot.hpp:115:20:[m[K [01;31m[Kerror: [m[K‘[01m[KFSMPilotStates Shutdown::get_state() const[m[K’ marked ‘[01m[Koverride[m[K’, but does not override
[1.416s]   115 |     FSMPilotStates [01;31m[Kget_state[m[K() const override;
[1.416s]       |                    [01;31m[K^~~~~~~~~[m[K
[1.416s] In file included from [01m[K/home/noahw/programs/machpilot/src/FSMPilot/include/fsm_ros_wrapper/state_machine_node.hpp:8[m[K,
[1.416s]                  from [01m[K/home/noahw/programs/machpilot/src/FSMPilot/src/ros_main.cpp:2[m[K:
[1.416s] [01m[K/home/noahw/programs/machpilot/src/FSMPilot/src/FSMPilot.hpp:75:20:[m[K [01;31m[Kerror: [m[K‘[01m[KFSMPilotStates Uninitialized::get_state() const[m[K’ marked ‘[01m[Koverride[m[K’, but does not override
[1.416s]    75 |     FSMPilotStates [01;31m[Kget_state[m[K() const override;
[1.416s]       |                    [01;31m[K^~~~~~~~~[m[K
[1.416s] [01m[K/home/noahw/programs/machpilot/src/FSMPilot/src/FSMPilot.hpp:83:20:[m[K [01;31m[Kerror: [m[K‘[01m[KFSMPilotStates Initialized::get_state() const[m[K’ marked ‘[01m[Koverride[m[K’, but does not override
[1.416s]    83 |     FSMPilotStates [01;31m[Kget_state[m[K() const override;
[1.416s]       |                    [01;31m[K^~~~~~~~~[m[K
[1.416s] [01m[K/home/noahw/programs/machpilot/src/FSMPilot/src/FSMPilot.hpp:91:20:[m[K [01;31m[Kerror: [m[K‘[01m[KFSMPilotStates Armed::get_state() const[m[K’ marked ‘[01m[Koverride[m[K’, but does not override
[1.416s]    91 |     FSMPilotStates [01;31m[Kget_state[m[K() const override;
[1.416s]       |                    [01;31m[K^~~~~~~~~[m[K
[1.416s] [01m[K/home/noahw/programs/machpilot/src/FSMPilot/src/FSMPilot.hpp:100:20:[m[K [01;31m[Kerror: [m[K‘[01m[KFSMPilotStates ManualFlight::get_state() const[m[K’ marked ‘[01m[Koverride[m[K’, but does not override
[1.416s]   100 |     FSMPilotStates [01;31m[Kget_state[m[K() const override;
[1.416s]       |                    [01;31m[K^~~~~~~~~[m[K
[1.416s] [01m[K/home/noahw/programs/machpilot/src/FSMPilot/src/FSMPilot.hpp:107:20:[m[K [01;31m[Kerror: [m[K‘[01m[KFSMPilotStates Disarm::get_state() const[m[K’ marked ‘[01m[Koverride[m[K’, but does not override
[1.416s]   107 |     FSMPilotStates [01;31m[Kget_state[m[K() const override;
[1.416s]       |                    [01;31m[K^~~~~~~~~[m[K
[1.416s] [01m[K/home/noahw/programs/machpilot/src/FSMPilot/src/FSMPilot.hpp:115:20:[m[K [01;31m[Kerror: [m[K‘[01m[KFSMPilotStates Shutdown::get_state() const[m[K’ marked ‘[01m[Koverride[m[K’, but does not override
[1.416s]   115 |     FSMPilotStates [01;31m[Kget_state[m[K() const override;
[1.416s]       |                    [01;31m[K^~~~~~~~~[m[K
[1.714s] gmake[2]: *** [CMakeFiles/state_machine_node.dir/build.make:76: CMakeFiles/state_machine_node.dir/src/ros_main.cpp.o] Error 1
[3.214s] gmake[2]: *** [CMakeFiles/state_machine_node.dir/build.make:90: CMakeFiles/state_machine_node.dir/src/state_machine_node.cpp.o] Error 1
[3.214s] gmake[1]: *** [CMakeFiles/Makefile2:137: CMakeFiles/state_machine_node.dir/all] Error 2
[3.214s] gmake: *** [Makefile:146: all] Error 2
[3.216s] Invoked command in '/home/noahw/programs/machpilot/src/FSMPilot/build/fsm_ros_wrapper' returned '2': CMAKE_PREFIX_PATH=${CMAKE_PREFIX_PATH}:/opt/ros/humble /usr/bin/cmake --build /home/noahw/programs/machpilot/src/FSMPilot/build/fsm_ros_wrapper -- -j32 -l32
