[0.033s] Invoking command in '/workspace/src/build/health_monitor': CMAKE_PREFIX_PATH=/opt/ros/humble /usr/bin/cmake /workspace/src/vehicle_manager_system/health_monitor -DCMAKE_INSTALL_PREFIX=/workspace/src/install/health_monitor
[0.055s] -- Found ament_cmake: 1.3.12 (/opt/ros/humble/share/ament_cmake/cmake)
[0.235s] -- Found rclcpp: 16.0.15 (/opt/ros/humble/share/rclcpp/cmake)
[0.266s] -- Found rosidl_generator_c: 3.1.7 (/opt/ros/humble/share/rosidl_generator_c/cmake)
[0.271s] -- Found rosidl_adapter: 3.1.7 (/opt/ros/humble/share/rosidl_adapter/cmake)
[0.278s] -- Found rosidl_generator_cpp: 3.1.7 (/opt/ros/humble/share/rosidl_generator_cpp/cmake)
[0.292s] -- Using all available rosidl_typesupport_c: rosidl_typesupport_fastrtps_c;rosidl_typesupport_introspection_c
[0.315s] -- Using all available rosidl_typesupport_cpp: rosidl_typesupport_fastrtps_cpp;rosidl_typesupport_introspection_cpp
[0.362s] -- Found rmw_implementation_cmake: 6.1.2 (/opt/ros/humble/share/rmw_implementation_cmake/cmake)
[0.366s] -- Found rmw_fastrtps_cpp: 6.2.9 (/opt/ros/humble/share/rmw_fastrtps_cpp/cmake)
[0.565s] -- Using RMW implementation 'rmw_fastrtps_cpp' as default
[0.635s] -- Found rclcpp_action: 16.0.15 (/opt/ros/humble/share/rclcpp_action/cmake)
[0.676s] -- Found rosidl_default_generators: 1.2.0 (/opt/ros/humble/share/rosidl_default_generators/cmake)
[0.687s] -- Found rclcpp_lifecycle: 16.0.15 (/opt/ros/humble/share/rclcpp_lifecycle/cmake)
[0.720s] -- Found ament_lint_auto: 0.12.14 (/opt/ros/humble/share/ament_lint_auto/cmake)
[0.855s] -- Added test 'cppcheck' to perform static code analysis on C / C++ code
[0.857s] -- Configured cppcheck include dirs: $<BUILD_INTERFACE:/workspace/src/vehicle_manager_system/health_monitor/include/health_monitor>;$<BUILD_INTERFACE:/workspace/src/vehicle_manager_system/health_monitor/../dependencies/include>
[0.858s] -- Configured cppcheck exclude dirs and/or files: 
[0.861s] -- Added test 'cpplint' to check C / C++ code against the Google style
[0.862s] -- Configured cpplint exclude dirs and/or files: 
[0.864s] -- Added test 'lint_cmake' to check CMake code style
[0.870s] -- Added test 'uncrustify' to check C / C++ code style
[0.871s] -- Configured uncrustify additional arguments: 
[0.873s] -- Added test 'xmllint' to check XML markup files
[0.886s] -- Configuring done
[0.927s] [31mCMake Error at CMakeLists.txt:19 (add_executable):
[0.930s]   Cannot find source file:
[0.932s] 
[0.933s]     src/errorMonitor.cpp
[0.937s] 
[0.938s]   Tried extensions .c .C .c++ .cc .cpp .cxx .cu .mpp .m .M .mm .ixx .cppm .h
[0.940s]   .hh .h++ .hm .hpp .hxx .in .txx .f .F .for .f77 .f90 .f95 .f03 .hip .ispc
[0.942s] 
[0.944s] [0m
[0.947s] [31mCMake Error in CMakeLists.txt:
[0.948s]   The CXX_STANDARD property on target "health_monitor" contained an invalid
[0.955s]   value: "18".
[0.956s] 
[0.957s] [0m
[0.958s] [0mCMake Generate step failed.  Build files cannot be regenerated correctly.[0m
[0.959s] Invoked command in '/workspace/src/build/health_monitor' returned '1': CMAKE_PREFIX_PATH=/opt/ros/humble /usr/bin/cmake /workspace/src/vehicle_manager_system/health_monitor -DCMAKE_INSTALL_PREFIX=/workspace/src/install/health_monitor
