[35m[1mConsolidate compiler generated dependencies of target state_machine_node[0m
[ 10%] [32mBuilding CXX object CMakeFiles/state_machine_node.dir/src/ros_main.cpp.o[0m
[ 30%] [32mBuilding CXX object CMakeFiles/state_machine_node.dir/src/state_machine_node.cpp.o[0m
[ 30%] [32mBuilding CXX object CMakeFiles/state_machine_node.dir/src/FSMPilot.cpp.o[0m
[01m[K/home/noahw/programs/machpilot/src/FSMPilot/src/FSMPilot.cpp:62:28:[m[K [01;31m[Kerror: [m[Knon-member function ‘[01m[KFSMPilotStates get_state()[m[K’ cannot have cv-qualifier
   62 | FSMPilotStates get_state() [01;31m[Kconst[m[K{
      |                            [01;31m[K^~~~~[m[K
[01m[K/home/noahw/programs/machpilot/src/FSMPilot/src/FSMPilot.cpp:103:28:[m[K [01;31m[Kerror: [m[Knon-member function ‘[01m[KFSMPilotStates get_state()[m[K’ cannot have cv-qualifier
  103 | FSMPilotStates get_state() [01;31m[Kconst[m[K{
      |                            [01;31m[K^~~~~[m[K
[01m[K/home/noahw/programs/machpilot/src/FSMPilot/src/FSMPilot.cpp:103:16:[m[K [01;31m[Kerror: [m[Kredefinition of ‘[01m[KFSMPilotStates get_state()[m[K’
  103 | FSMPilotStates [01;31m[Kget_state[m[K() const{
      |                [01;31m[K^~~~~~~~~[m[K
[01m[K/home/noahw/programs/machpilot/src/FSMPilot/src/FSMPilot.cpp:62:16:[m[K [01;36m[Knote: [m[K‘[01m[KFSMPilotStates get_state()[m[K’ previously defined here
   62 | FSMPilotStates [01;36m[Kget_state[m[K() const{
      |                [01;36m[K^~~~~~~~~[m[K
[01m[K/home/noahw/programs/machpilot/src/FSMPilot/src/FSMPilot.cpp:125:28:[m[K [01;31m[Kerror: [m[Knon-member function ‘[01m[KFSMPilotStates get_state()[m[K’ cannot have cv-qualifier
  125 | FSMPilotStates get_state() [01;31m[Kconst[m[K{
      |                            [01;31m[K^~~~~[m[K
[01m[K/home/noahw/programs/machpilot/src/FSMPilot/src/FSMPilot.cpp:125:16:[m[K [01;31m[Kerror: [m[Kredefinition of ‘[01m[KFSMPilotStates get_state()[m[K’
  125 | FSMPilotStates [01;31m[Kget_state[m[K() const{
      |                [01;31m[K^~~~~~~~~[m[K
[01m[K/home/noahw/programs/machpilot/src/FSMPilot/src/FSMPilot.cpp:62:16:[m[K [01;36m[Knote: [m[K‘[01m[KFSMPilotStates get_state()[m[K’ previously defined here
   62 | FSMPilotStates [01;36m[Kget_state[m[K() const{
      |                [01;36m[K^~~~~~~~~[m[K
[01m[K/home/noahw/programs/machpilot/src/FSMPilot/src/FSMPilot.cpp:151:28:[m[K [01;31m[Kerror: [m[Knon-member function ‘[01m[KFSMPilotStates get_state()[m[K’ cannot have cv-qualifier
  151 | FSMPilotStates get_state() [01;31m[Kconst[m[K{
      |                            [01;31m[K^~~~~[m[K
[01m[K/home/noahw/programs/machpilot/src/FSMPilot/src/FSMPilot.cpp:151:16:[m[K [01;31m[Kerror: [m[Kredefinition of ‘[01m[KFSMPilotStates get_state()[m[K’
  151 | FSMPilotStates [01;31m[Kget_state[m[K() const{
      |                [01;31m[K^~~~~~~~~[m[K
[01m[K/home/noahw/programs/machpilot/src/FSMPilot/src/FSMPilot.cpp:62:16:[m[K [01;36m[Knote: [m[K‘[01m[KFSMPilotStates get_state()[m[K’ previously defined here
   62 | FSMPilotStates [01;36m[Kget_state[m[K() const{
      |                [01;36m[K^~~~~~~~~[m[K
[01m[K/home/noahw/programs/machpilot/src/FSMPilot/src/FSMPilot.cpp:169:28:[m[K [01;31m[Kerror: [m[Knon-member function ‘[01m[KFSMPilotStates get_state()[m[K’ cannot have cv-qualifier
  169 | FSMPilotStates get_state() [01;31m[Kconst[m[K{
      |                            [01;31m[K^~~~~[m[K
[01m[K/home/noahw/programs/machpilot/src/FSMPilot/src/FSMPilot.cpp:169:16:[m[K [01;31m[Kerror: [m[Kredefinition of ‘[01m[KFSMPilotStates get_state()[m[K’
  169 | FSMPilotStates [01;31m[Kget_state[m[K() const{
      |                [01;31m[K^~~~~~~~~[m[K
[01m[K/home/noahw/programs/machpilot/src/FSMPilot/src/FSMPilot.cpp:62:16:[m[K [01;36m[Knote: [m[K‘[01m[KFSMPilotStates get_state()[m[K’ previously defined here
   62 | FSMPilotStates [01;36m[Kget_state[m[K() const{
      |                [01;36m[K^~~~~~~~~[m[K
[01m[K/home/noahw/programs/machpilot/src/FSMPilot/src/FSMPilot.cpp:191:28:[m[K [01;31m[Kerror: [m[Knon-member function ‘[01m[KFSMPilotStates get_state()[m[K’ cannot have cv-qualifier
  191 | FSMPilotStates get_state() [01;31m[Kconst[m[K{
      |                            [01;31m[K^~~~~[m[K
[01m[K/home/noahw/programs/machpilot/src/FSMPilot/src/FSMPilot.cpp:191:16:[m[K [01;31m[Kerror: [m[Kredefinition of ‘[01m[KFSMPilotStates get_state()[m[K’
  191 | FSMPilotStates [01;31m[Kget_state[m[K() const{
      |                [01;31m[K^~~~~~~~~[m[K
[01m[K/home/noahw/programs/machpilot/src/FSMPilot/src/FSMPilot.cpp:62:16:[m[K [01;36m[Knote: [m[K‘[01m[KFSMPilotStates get_state()[m[K’ previously defined here
   62 | FSMPilotStates [01;36m[Kget_state[m[K() const{
      |                [01;36m[K^~~~~~~~~[m[K
In file included from [01m[K/home/noahw/programs/machpilot/src/FSMPilot/src/FSMPilot.hpp:4[m[K,
                 from [01m[K/home/noahw/programs/machpilot/src/FSMPilot/src/FSMPilot.cpp:1[m[K:
/home/noahw/programs/machpilot/src/FSMPilot/third_party/tinyfsm/include/tinyfsm.hpp: In instantiation of ‘[01m[Ktinyfsm::_state_instance<Uninitialized>::value_type tinyfsm::_state_instance<Uninitialized>::value[m[K’:
[01m[K/home/noahw/programs/machpilot/src/FSMPilot/src/FSMPilot.cpp:204:1:[m[K   required from here
[01m[K/home/noahw/programs/machpilot/src/FSMPilot/third_party/tinyfsm/include/tinyfsm.hpp:80:43:[m[K [01;31m[Kerror: [m[Kcannot declare variable ‘[01m[Ktinyfsm::_state_instance<Uninitialized>::value[m[K’ to be of abstract type ‘[01m[KUninitialized[m[K’
   80 |   typename _state_instance<S>::value_type [01;31m[K_state_instance<S>[m[K::value;
      |                                           [01;31m[K^~~~~~~~~~~~~~~~~~[m[K
In file included from [01m[K/home/noahw/programs/machpilot/src/FSMPilot/src/FSMPilot.cpp:1[m[K:
[01m[K/home/noahw/programs/machpilot/src/FSMPilot/src/FSMPilot.hpp:68:7:[m[K [01;36m[Knote: [m[K  because the following virtual functions are pure within ‘[01m[KUninitialized[m[K’:
   68 | class [01;36m[KUninitialized[m[K : public StateMachine {
      |       [01;36m[K^~~~~~~~~~~~~[m[K
[01m[K/home/noahw/programs/machpilot/src/FSMPilot/src/FSMPilot.hpp:59:28:[m[K [01;36m[Knote: [m[K    ‘[01m[Kvirtual FSMPilotStates StateMachine::get_state()[m[K’
   59 |     virtual FSMPilotStates [01;36m[Kget_state[m[K()=0;
      |                            [01;36m[K^~~~~~~~~[m[K
In file included from [01m[K/home/noahw/programs/machpilot/src/FSMPilot/src/FSMPilot.hpp:4[m[K,
                 from [01m[K/home/noahw/programs/machpilot/src/FSMPilot/src/FSMPilot.cpp:1[m[K:
/home/noahw/programs/machpilot/src/FSMPilot/third_party/tinyfsm/include/tinyfsm.hpp: In instantiation of ‘[01m[Ktinyfsm::_state_instance<Initialized>::value_type tinyfsm::_state_instance<Initialized>::value[m[K’:
[01m[K/home/noahw/programs/machpilot/src/FSMPilot/third_party/tinyfsm/include/tinyfsm.hpp:137:27:[m[K   required from ‘[01m[Kvoid tinyfsm::Fsm<F>::transit() [with S = Initialized; F = StateMachine][m[K’
[01m[K/home/noahw/programs/machpilot/src/FSMPilot/src/FSMPilot.cpp:73:29:[m[K   required from here
[01m[K/home/noahw/programs/machpilot/src/FSMPilot/third_party/tinyfsm/include/tinyfsm.hpp:80:43:[m[K [01;31m[Kerror: [m[Kcannot declare variable ‘[01m[Ktinyfsm::_state_instance<Initialized>::value[m[K’ to be of abstract type ‘[01m[KInitialized[m[K’
   80 |   typename _state_instance<S>::value_type [01;31m[K_state_instance<S>[m[K::value;
      |                                           [01;31m[K^~~~~~~~~~~~~~~~~~[m[K
In file included from [01m[K/home/noahw/programs/machpilot/src/FSMPilot/src/FSMPilot.cpp:1[m[K:
[01m[K/home/noahw/programs/machpilot/src/FSMPilot/src/FSMPilot.hpp:81:7:[m[K [01;36m[Knote: [m[K  because the following virtual functions are pure within ‘[01m[KInitialized[m[K’:
   81 | class [01;36m[KInitialized[m[K : public StateMachine {
      |       [01;36m[K^~~~~~~~~~~[m[K
[01m[K/home/noahw/programs/machpilot/src/FSMPilot/src/FSMPilot.hpp:59:28:[m[K [01;36m[Knote: [m[K    ‘[01m[Kvirtual FSMPilotStates StateMachine::get_state()[m[K’
   59 |     virtual FSMPilotStates [01;36m[Kget_state[m[K()=0;
      |                            [01;36m[K^~~~~~~~~[m[K
In file included from [01m[K/home/noahw/programs/machpilot/src/FSMPilot/src/FSMPilot.hpp:4[m[K,
                 from [01m[K/home/noahw/programs/machpilot/src/FSMPilot/src/FSMPilot.cpp:1[m[K:
/home/noahw/programs/machpilot/src/FSMPilot/third_party/tinyfsm/include/tinyfsm.hpp: In instantiation of ‘[01m[Ktinyfsm::_state_instance<Armed>::value_type tinyfsm::_state_instance<Armed>::value[m[K’:
[01m[K/home/noahw/programs/machpilot/src/FSMPilot/third_party/tinyfsm/include/tinyfsm.hpp:137:27:[m[K   required from ‘[01m[Kvoid tinyfsm::Fsm<F>::transit() [with S = Armed; F = StateMachine][m[K’
[01m[K/home/noahw/programs/machpilot/src/FSMPilot/src/FSMPilot.cpp:112:19:[m[K   required from here
[01m[K/home/noahw/programs/machpilot/src/FSMPilot/third_party/tinyfsm/include/tinyfsm.hpp:80:43:[m[K [01;31m[Kerror: [m[Kcannot declare variable ‘[01m[Ktinyfsm::_state_instance<Armed>::value[m[K’ to be of abstract type ‘[01m[KArmed[m[K’
   80 |   typename _state_instance<S>::value_type [01;31m[K_state_instance<S>[m[K::value;
      |                                           [01;31m[K^~~~~~~~~~~~~~~~~~[m[K
In file included from [01m[K/home/noahw/programs/machpilot/src/FSMPilot/src/FSMPilot.cpp:1[m[K:
[01m[K/home/noahw/programs/machpilot/src/FSMPilot/src/FSMPilot.hpp:88:7:[m[K [01;36m[Knote: [m[K  because the following virtual functions are pure within ‘[01m[KArmed[m[K’:
   88 | class [01;36m[KArmed[m[K : public StateMachine {
      |       [01;36m[K^~~~~[m[K
[01m[K/home/noahw/programs/machpilot/src/FSMPilot/src/FSMPilot.hpp:59:28:[m[K [01;36m[Knote: [m[K    ‘[01m[Kvirtual FSMPilotStates StateMachine::get_state()[m[K’
   59 |     virtual FSMPilotStates [01;36m[Kget_state[m[K()=0;
      |                            [01;36m[K^~~~~~~~~[m[K
In file included from [01m[K/home/noahw/programs/machpilot/src/FSMPilot/src/FSMPilot.hpp:4[m[K,
                 from [01m[K/home/noahw/programs/machpilot/src/FSMPilot/src/FSMPilot.cpp:1[m[K:
/home/noahw/programs/machpilot/src/FSMPilot/third_party/tinyfsm/include/tinyfsm.hpp: In instantiation of ‘[01m[Ktinyfsm::_state_instance<ManualFlight>::value_type tinyfsm::_state_instance<ManualFlight>::value[m[K’:
[01m[K/home/noahw/programs/machpilot/src/FSMPilot/third_party/tinyfsm/include/tinyfsm.hpp:137:27:[m[K   required from ‘[01m[Kvoid tinyfsm::Fsm<F>::transit() [with S = ManualFlight; F = StateMachine][m[K’
[01m[K/home/noahw/programs/machpilot/src/FSMPilot/src/FSMPilot.cpp:134:26:[m[K   required from here
[01m[K/home/noahw/programs/machpilot/src/FSMPilot/third_party/tinyfsm/include/tinyfsm.hpp:80:43:[m[K [01;31m[Kerror: [m[Kcannot declare variable ‘[01m[Ktinyfsm::_state_instance<ManualFlight>::value[m[K’ to be of abstract type ‘[01m[KManualFlight[m[K’
   80 |   typename _state_instance<S>::value_type [01;31m[K_state_instance<S>[m[K::value;
      |                                           [01;31m[K^~~~~~~~~~~~~~~~~~[m[K
In file included from [01m[K/home/noahw/programs/machpilot/src/FSMPilot/src/FSMPilot.cpp:1[m[K:
[01m[K/home/noahw/programs/machpilot/src/FSMPilot/src/FSMPilot.hpp:96:7:[m[K [01;36m[Knote: [m[K  because the following virtual functions are pure within ‘[01m[KManualFlight[m[K’:
   96 | class [01;36m[KManualFlight[m[K : public StateMachine {
      |       [01;36m[K^~~~~~~~~~~~[m[K
[01m[K/home/noahw/programs/machpilot/src/FSMPilot/src/FSMPilot.hpp:59:28:[m[K [01;36m[Knote: [m[K    ‘[01m[Kvirtual FSMPilotStates StateMachine::get_state()[m[K’
   59 |     virtual FSMPilotStates [01;36m[Kget_state[m[K()=0;
      |                            [01;36m[K^~~~~~~~~[m[K
In file included from [01m[K/home/noahw/programs/machpilot/src/FSMPilot/src/FSMPilot.hpp:4[m[K,
                 from [01m[K/home/noahw/programs/machpilot/src/FSMPilot/src/FSMPilot.cpp:1[m[K:
/home/noahw/programs/machpilot/src/FSMPilot/third_party/tinyfsm/include/tinyfsm.hpp: In instantiation of ‘[01m[Ktinyfsm::_state_instance<Disarm>::value_type tinyfsm::_state_instance<Disarm>::value[m[K’:
[01m[K/home/noahw/programs/machpilot/src/FSMPilot/third_party/tinyfsm/include/tinyfsm.hpp:137:27:[m[K   required from ‘[01m[Kvoid tinyfsm::Fsm<F>::transit() [with S = Disarm; F = StateMachine][m[K’
[01m[K/home/noahw/programs/machpilot/src/FSMPilot/src/FSMPilot.cpp:138:20:[m[K   required from here
[01m[K/home/noahw/programs/machpilot/src/FSMPilot/third_party/tinyfsm/include/tinyfsm.hpp:80:43:[m[K [01;31m[Kerror: [m[Kcannot declare variable ‘[01m[Ktinyfsm::_state_instance<Disarm>::value[m[K’ to be of abstract type ‘[01m[KDisarm[m[K’
   80 |   typename _state_instance<S>::value_type [01;31m[K_state_instance<S>[m[K::value;
      |                                           [01;31m[K^~~~~~~~~~~~~~~~~~[m[K
In file included from [01m[K/home/noahw/programs/machpilot/src/FSMPilot/src/FSMPilot.cpp:1[m[K:
[01m[K/home/noahw/programs/machpilot/src/FSMPilot/src/FSMPilot.hpp:102:7:[m[K [01;36m[Knote: [m[K  because the following virtual functions are pure within ‘[01m[KDisarm[m[K’:
  102 | class [01;36m[KDisarm[m[K : public StateMachine {
      |       [01;36m[K^~~~~~[m[K
[01m[K/home/noahw/programs/machpilot/src/FSMPilot/src/FSMPilot.hpp:59:28:[m[K [01;36m[Knote: [m[K    ‘[01m[Kvirtual FSMPilotStates StateMachine::get_state()[m[K’
   59 |     virtual FSMPilotStates [01;36m[Kget_state[m[K()=0;
      |                            [01;36m[K^~~~~~~~~[m[K
In file included from [01m[K/home/noahw/programs/machpilot/src/FSMPilot/src/FSMPilot.hpp:4[m[K,
                 from [01m[K/home/noahw/programs/machpilot/src/FSMPilot/src/FSMPilot.cpp:1[m[K:
/home/noahw/programs/machpilot/src/FSMPilot/third_party/tinyfsm/include/tinyfsm.hpp: In instantiation of ‘[01m[Ktinyfsm::_state_instance<Shutdown>::value_type tinyfsm::_state_instance<Shutdown>::value[m[K’:
[01m[K/home/noahw/programs/machpilot/src/FSMPilot/third_party/tinyfsm/include/tinyfsm.hpp:137:27:[m[K   required from ‘[01m[Kvoid tinyfsm::Fsm<F>::transit() [with S = Shutdown; F = StateMachine][m[K’
[01m[K/home/noahw/programs/machpilot/src/FSMPilot/src/FSMPilot.cpp:178:22:[m[K   required from here
[01m[K/home/noahw/programs/machpilot/src/FSMPilot/third_party/tinyfsm/include/tinyfsm.hpp:80:43:[m[K [01;31m[Kerror: [m[Kcannot declare variable ‘[01m[Ktinyfsm::_state_instance<Shutdown>::value[m[K’ to be of abstract type ‘[01m[KShutdown[m[K’
   80 |   typename _state_instance<S>::value_type [01;31m[K_state_instance<S>[m[K::value;
      |                                           [01;31m[K^~~~~~~~~~~~~~~~~~[m[K
In file included from [01m[K/home/noahw/programs/machpilot/src/FSMPilot/src/FSMPilot.cpp:1[m[K:
[01m[K/home/noahw/programs/machpilot/src/FSMPilot/src/FSMPilot.hpp:109:7:[m[K [01;36m[Knote: [m[K  because the following virtual functions are pure within ‘[01m[KShutdown[m[K’:
  109 | class [01;36m[KShutdown[m[K : public StateMachine {
      |       [01;36m[K^~~~~~~~[m[K
[01m[K/home/noahw/programs/machpilot/src/FSMPilot/src/FSMPilot.hpp:59:28:[m[K [01;36m[Knote: [m[K    ‘[01m[Kvirtual FSMPilotStates StateMachine::get_state()[m[K’
   59 |     virtual FSMPilotStates [01;36m[Kget_state[m[K()=0;
      |                            [01;36m[K^~~~~~~~~[m[K
gmake[2]: *** [CMakeFiles/state_machine_node.dir/build.make:104: CMakeFiles/state_machine_node.dir/src/FSMPilot.cpp.o] Error 1
gmake[2]: *** Waiting for unfinished jobs....
gmake[1]: *** [CMakeFiles/Makefile2:137: CMakeFiles/state_machine_node.dir/all] Error 2
gmake: *** [Makefile:146: all] Error 2
