[0.274s] Invoking command in '/workspace/src/build/airspeed': CMAKE_PREFIX_PATH=/opt/ros/humble /usr/bin/cmake /workspace/src/embedded_system/airspeed -DCMAKE_INSTALL_PREFIX=/workspace/src/install/airspeed
[0.768s] -- The C compiler identification is GNU 11.4.0
[1.229s] -- The CXX compiler identification is GNU 11.4.0
[1.266s] -- Detecting C compiler ABI info
[1.946s] -- Detecting C compiler ABI info - done
[2.010s] -- Check for working C compiler: /usr/bin/cc - skipped
[2.013s] -- Detecting C compile features
[2.017s] -- Detecting C compile features - done
[2.048s] -- Detecting CXX compiler ABI info
[2.784s] -- Detecting CXX compiler ABI info - done
[2.850s] -- Check for working CXX compiler: /usr/bin/c++ - skipped
[2.856s] -- Detecting CXX compile features
[2.859s] -- Detecting CXX compile features - done
[2.941s] -- Found ament_cmake: 1.3.12 (/opt/ros/humble/share/ament_cmake/cmake)
[3.442s] -- Found Python3: /usr/bin/python3 (found version "3.10.12") found components: Interpreter 
[4.430s] -- Found rclcpp: 16.0.15 (/opt/ros/humble/share/rclcpp/cmake)
[4.633s] -- Found rosidl_generator_c: 3.1.7 (/opt/ros/humble/share/rosidl_generator_c/cmake)
[4.693s] -- Found rosidl_adapter: 3.1.7 (/opt/ros/humble/share/rosidl_adapter/cmake)
[4.772s] -- Found rosidl_generator_cpp: 3.1.7 (/opt/ros/humble/share/rosidl_generator_cpp/cmake)
[4.802s] -- Using all available rosidl_typesupport_c: rosidl_typesupport_fastrtps_c;rosidl_typesupport_introspection_c
[4.900s] -- Using all available rosidl_typesupport_cpp: rosidl_typesupport_fastrtps_cpp;rosidl_typesupport_introspection_cpp
[5.163s] -- Found rmw_implementation_cmake: 6.1.2 (/opt/ros/humble/share/rmw_implementation_cmake/cmake)
[5.197s] -- Found rmw_fastrtps_cpp: 6.2.9 (/opt/ros/humble/share/rmw_fastrtps_cpp/cmake)
[5.571s] -- Found OpenSSL: /usr/lib/x86_64-linux-gnu/libcrypto.so (found version "3.0.2")  
[5.623s] -- Found FastRTPS: /opt/ros/humble/include  
[5.691s] -- Using RMW implementation 'rmw_fastrtps_cpp' as default
[5.747s] -- Looking for pthread.h
[6.369s] -- Looking for pthread.h - found
[6.379s] -- Performing Test CMAKE_HAVE_LIBC_PTHREAD
[7.140s] -- Performing Test CMAKE_HAVE_LIBC_PTHREAD - Success
[7.156s] -- Found Threads: TRUE  
[7.352s] -- Found rclcpp_action: 16.0.15 (/opt/ros/humble/share/rclcpp_action/cmake)
[7.486s] -- Found rosidl_default_generators: 1.2.0 (/opt/ros/humble/share/rosidl_default_generators/cmake)
[7.515s] -- Found rclcpp_lifecycle: 16.0.15 (/opt/ros/humble/share/rclcpp_lifecycle/cmake)
[7.594s] -- Found sensor_msgs: 4.9.0 (/opt/ros/humble/share/sensor_msgs/cmake)
[7.782s] -- Found ament_lint_auto: 0.12.14 (/opt/ros/humble/share/ament_lint_auto/cmake)
[8.322s] -- Added test 'cppcheck' to perform static code analysis on C / C++ code
[8.325s] -- Configured cppcheck include dirs: $<BUILD_INTERFACE:/workspace/src/embedded_system/airspeed/include/airspeed>;$<BUILD_INTERFACE:/workspace/src/embedded_system/airspeed/../dependencies/include>
[8.328s] -- Configured cppcheck exclude dirs and/or files: 
[8.387s] -- Added test 'cpplint' to check C / C++ code against the Google style
[8.391s] -- Configured cpplint exclude dirs and/or files: 
[8.411s] -- Added test 'lint_cmake' to check CMake code style
[8.487s] -- Added test 'uncrustify' to check C / C++ code style
[8.490s] -- Configured uncrustify additional arguments: 
[8.498s] -- Added test 'xmllint' to check XML markup files
[8.598s] -- Configuring done
[8.985s] -- Generating done
[9.181s] -- Build files have been written to: /workspace/src/build/airspeed
