[35m[1mConsolidate compiler generated dependencies of target health_monitor[0m
[ 50%] [32mBuilding CXX object CMakeFiles/health_monitor.dir/ErrorMonitor.cpp.o[0m
[100%] [32m[1mLinking CXX executable health_monitor[0m
[100%] Built target health_monitor
-- Install configuration: ""
-- Installing: /workspace/src/install/health_monitor/lib/health_monitor/health_monitor
-- Set runtime path of "/workspace/src/install/health_monitor/lib/health_monitor/health_monitor" to ""
-- Up-to-date: /workspace/src/install/health_monitor/share/health_monitor
-- Installing: /workspace/src/install/health_monitor/share/ament_index/resource_index/package_run_dependencies/health_monitor
-- Installing: /workspace/src/install/health_monitor/share/ament_index/resource_index/parent_prefix_path/health_monitor
-- Installing: /workspace/src/install/health_monitor/share/health_monitor/environment/ament_prefix_path.sh
-- Installing: /workspace/src/install/health_monitor/share/health_monitor/environment/ament_prefix_path.dsv
-- Installing: /workspace/src/install/health_monitor/share/health_monitor/environment/path.sh
-- Installing: /workspace/src/install/health_monitor/share/health_monitor/environment/path.dsv
-- Installing: /workspace/src/install/health_monitor/share/health_monitor/local_setup.bash
-- Installing: /workspace/src/install/health_monitor/share/health_monitor/local_setup.sh
-- Installing: /workspace/src/install/health_monitor/share/health_monitor/local_setup.zsh
-- Installing: /workspace/src/install/health_monitor/share/health_monitor/local_setup.dsv
-- Installing: /workspace/src/install/health_monitor/share/health_monitor/package.dsv
-- Installing: /workspace/src/install/health_monitor/share/ament_index/resource_index/packages/health_monitor
-- Installing: /workspace/src/install/health_monitor/share/health_monitor/cmake/ament_cmake_export_dependencies-extras.cmake
-- Installing: /workspace/src/install/health_monitor/share/health_monitor/cmake/health_monitorConfig.cmake
-- Installing: /workspace/src/install/health_monitor/share/health_monitor/cmake/health_monitorConfig-version.cmake
-- Installing: /workspace/src/install/health_monitor/share/health_monitor/package.xml
