[0.014s] Invoking command in '/workspace/src/build/health_monitor': CMAKE_PREFIX_PATH=/opt/ros/humble /usr/bin/cmake --build /workspace/src/build/health_monitor -- -j12 -l12
[0.045s] [35m[1mConsolidate compiler generated dependencies of target health_monitor[0m
[0.058s] [ 50%] [32mBuilding CXX object CMakeFiles/health_monitor.dir/ErrorMonitor.cpp.o[0m
[6.090s] [100%] [32m[1mLinking CXX executable health_monitor[0m
[6.419s] [100%] Built target health_monitor
[6.427s] Invoked command in '/workspace/src/build/health_monitor' returned '0': CMAKE_PREFIX_PATH=/opt/ros/humble /usr/bin/cmake --build /workspace/src/build/health_monitor -- -j12 -l12
[6.435s] Invoking command in '/workspace/src/build/health_monitor': CMAKE_PREFIX_PATH=/opt/ros/humble /usr/bin/cmake --install /workspace/src/build/health_monitor
[6.439s] -- Install configuration: ""
[6.440s] -- Installing: /workspace/src/install/health_monitor/lib/health_monitor/health_monitor
[6.442s] -- Set runtime path of "/workspace/src/install/health_monitor/lib/health_monitor/health_monitor" to ""
[6.442s] -- Up-to-date: /workspace/src/install/health_monitor/share/health_monitor
[6.442s] -- Installing: /workspace/src/install/health_monitor/share/ament_index/resource_index/package_run_dependencies/health_monitor
[6.442s] -- Installing: /workspace/src/install/health_monitor/share/ament_index/resource_index/parent_prefix_path/health_monitor
[6.442s] -- Installing: /workspace/src/install/health_monitor/share/health_monitor/environment/ament_prefix_path.sh
[6.443s] -- Installing: /workspace/src/install/health_monitor/share/health_monitor/environment/ament_prefix_path.dsv
[6.443s] -- Installing: /workspace/src/install/health_monitor/share/health_monitor/environment/path.sh
[6.443s] -- Installing: /workspace/src/install/health_monitor/share/health_monitor/environment/path.dsv
[6.443s] -- Installing: /workspace/src/install/health_monitor/share/health_monitor/local_setup.bash
[6.443s] -- Installing: /workspace/src/install/health_monitor/share/health_monitor/local_setup.sh
[6.443s] -- Installing: /workspace/src/install/health_monitor/share/health_monitor/local_setup.zsh
[6.444s] -- Installing: /workspace/src/install/health_monitor/share/health_monitor/local_setup.dsv
[6.444s] -- Installing: /workspace/src/install/health_monitor/share/health_monitor/package.dsv
[6.444s] -- Installing: /workspace/src/install/health_monitor/share/ament_index/resource_index/packages/health_monitor
[6.445s] -- Installing: /workspace/src/install/health_monitor/share/health_monitor/cmake/ament_cmake_export_dependencies-extras.cmake
[6.445s] -- Installing: /workspace/src/install/health_monitor/share/health_monitor/cmake/health_monitorConfig.cmake
[6.445s] -- Installing: /workspace/src/install/health_monitor/share/health_monitor/cmake/health_monitorConfig-version.cmake
[6.445s] -- Installing: /workspace/src/install/health_monitor/share/health_monitor/package.xml
[6.447s] Invoked command in '/workspace/src/build/health_monitor' returned '0': CMAKE_PREFIX_PATH=/opt/ros/humble /usr/bin/cmake --install /workspace/src/build/health_monitor
