[0.158s] DEBUG:colcon:Command line arguments: ['/usr/bin/colcon', 'build']
[0.158s] DEBUG:colcon:Parsed command line arguments: Namespace(log_base=None, log_level=None, verb_name='build', build_base='build', install_base='install', merge_install=False, symlink_install=False, test_result_base=None, continue_on_error=False, executor='parallel', parallel_workers=4, event_handlers=None, ignore_user_meta=False, metas=['./colcon.meta'], base_paths=['.'], packages_ignore=None, packages_ignore_regex=None, paths=None, packages_up_to=None, packages_up_to_regex=None, packages_above=None, packages_above_and_dependencies=None, packages_above_depth=None, packages_select_by_dep=None, packages_skip_by_dep=None, packages_skip_up_to=None, packages_select_build_failed=False, packages_skip_build_finished=False, packages_select_test_failures=False, packages_skip_test_passed=False, packages_select=None, packages_skip=None, packages_select_regex=None, packages_skip_regex=None, packages_start=None, packages_end=None, cmake_args=None, cmake_target=None, cmake_target_skip_unavailable=False, cmake_clean_cache=False, cmake_clean_first=False, cmake_force_configure=False, ament_cmake_args=None, catkin_cmake_args=None, catkin_skip_building_tests=False, mixin_files=None, mixin=None, verb_parser=<colcon_mixin.mixin.mixin_argument.MixinArgumentDecorator object at 0x7f0e78989e70>, verb_extension=<colcon_core.verb.build.BuildVerb object at 0x7f0e789898a0>, main=<bound method BuildVerb.main of <colcon_core.verb.build.BuildVerb object at 0x7f0e789898a0>>, mixin_verb=('build',))
[0.472s] Level 1:colcon.colcon_core.package_discovery:discover_packages(colcon_meta) check parameters
[0.475s] INFO:colcon.colcon_metadata.package_discovery.colcon_meta:Using configuration from '/root/.colcon/metadata/default/Gazebo.meta'
[0.477s] INFO:colcon.colcon_metadata.package_discovery.colcon_meta:Using configuration from '/root/.colcon/metadata/default/fastdds.meta'
[0.479s] INFO:colcon.colcon_metadata.package_discovery.colcon_meta:Using configuration from '/root/.colcon/metadata/default/fastrtps.meta'
[0.480s] Level 1:colcon.colcon_core.package_discovery:discover_packages(recursive) check parameters
[0.480s] Level 1:colcon.colcon_core.package_discovery:discover_packages(ignore) check parameters
[0.480s] Level 1:colcon.colcon_core.package_discovery:discover_packages(path) check parameters
[0.480s] Level 1:colcon.colcon_core.package_discovery:discover_packages(colcon_meta) discover
[0.481s] Level 1:colcon.colcon_core.package_discovery:discover_packages(recursive) discover
[0.481s] INFO:colcon.colcon_core.package_discovery:Crawling recursively for packages in '/workspace/src'
[0.484s] Level 1:colcon.colcon_core.package_identification:_identify(.) by extensions ['ignore', 'ignore_ament_install']
[0.484s] Level 1:colcon.colcon_core.package_identification:_identify(.) by extension 'ignore'
[0.485s] Level 1:colcon.colcon_core.package_identification:_identify(.) by extension 'ignore_ament_install'
[0.486s] Level 1:colcon.colcon_core.package_identification:_identify(.) by extensions ['colcon_pkg']
[0.486s] Level 1:colcon.colcon_core.package_identification:_identify(.) by extension 'colcon_pkg'
[0.486s] Level 1:colcon.colcon_core.package_identification:_identify(.) by extensions ['colcon_meta']
[0.487s] Level 1:colcon.colcon_core.package_identification:_identify(.) by extension 'colcon_meta'
[0.487s] Level 1:colcon.colcon_core.package_identification:_identify(.) by extensions ['ros']
[0.487s] Level 1:colcon.colcon_core.package_identification:_identify(.) by extension 'ros'
[0.507s] Level 1:colcon.colcon_core.package_identification:_identify(.) by extensions ['cmake', 'python']
[0.507s] Level 1:colcon.colcon_core.package_identification:_identify(.) by extension 'cmake'
[0.508s] Level 1:colcon.colcon_core.package_identification:_identify(.) by extension 'python'
[0.508s] Level 1:colcon.colcon_core.package_identification:_identify(.) by extensions ['python_setup_py']
[0.508s] Level 1:colcon.colcon_core.package_identification:_identify(.) by extension 'python_setup_py'
[0.511s] Level 1:colcon.colcon_core.package_identification:_identify(build) by extensions ['ignore', 'ignore_ament_install']
[0.512s] Level 1:colcon.colcon_core.package_identification:_identify(build) by extension 'ignore'
[0.512s] Level 1:colcon.colcon_core.package_identification:_identify(build) ignored
[0.514s] Level 1:colcon.colcon_core.package_identification:_identify(embedded_system) by extensions ['ignore', 'ignore_ament_install']
[0.515s] Level 1:colcon.colcon_core.package_identification:_identify(embedded_system) by extension 'ignore'
[0.515s] Level 1:colcon.colcon_core.package_identification:_identify(embedded_system) by extension 'ignore_ament_install'
[0.516s] Level 1:colcon.colcon_core.package_identification:_identify(embedded_system) by extensions ['colcon_pkg']
[0.516s] Level 1:colcon.colcon_core.package_identification:_identify(embedded_system) by extension 'colcon_pkg'
[0.516s] Level 1:colcon.colcon_core.package_identification:_identify(embedded_system) by extensions ['colcon_meta']
[0.517s] Level 1:colcon.colcon_core.package_identification:_identify(embedded_system) by extension 'colcon_meta'
[0.517s] Level 1:colcon.colcon_core.package_identification:_identify(embedded_system) by extensions ['ros']
[0.517s] Level 1:colcon.colcon_core.package_identification:_identify(embedded_system) by extension 'ros'
[0.518s] Level 1:colcon.colcon_core.package_identification:_identify(embedded_system) by extensions ['cmake', 'python']
[0.518s] Level 1:colcon.colcon_core.package_identification:_identify(embedded_system) by extension 'cmake'
[0.519s] Level 1:colcon.colcon_core.package_identification:_identify(embedded_system) by extension 'python'
[0.519s] Level 1:colcon.colcon_core.package_identification:_identify(embedded_system) by extensions ['python_setup_py']
[0.519s] Level 1:colcon.colcon_core.package_identification:_identify(embedded_system) by extension 'python_setup_py'
[0.521s] Level 1:colcon.colcon_core.package_identification:_identify(embedded_system/accel) by extensions ['ignore', 'ignore_ament_install']
[0.522s] Level 1:colcon.colcon_core.package_identification:_identify(embedded_system/accel) by extension 'ignore'
[0.522s] Level 1:colcon.colcon_core.package_identification:_identify(embedded_system/accel) by extension 'ignore_ament_install'
[0.523s] Level 1:colcon.colcon_core.package_identification:_identify(embedded_system/accel) by extensions ['colcon_pkg']
[0.523s] Level 1:colcon.colcon_core.package_identification:_identify(embedded_system/accel) by extension 'colcon_pkg'
[0.523s] Level 1:colcon.colcon_core.package_identification:_identify(embedded_system/accel) by extensions ['colcon_meta']
[0.524s] Level 1:colcon.colcon_core.package_identification:_identify(embedded_system/accel) by extension 'colcon_meta'
[0.524s] Level 1:colcon.colcon_core.package_identification:_identify(embedded_system/accel) by extensions ['ros']
[0.524s] Level 1:colcon.colcon_core.package_identification:_identify(embedded_system/accel) by extension 'ros'
[0.531s] DEBUG:colcon.colcon_core.package_identification:Package 'embedded_system/accel' with type 'ros.ament_cmake' and name 'accel'
[0.532s] Level 1:colcon.colcon_core.package_identification:_identify(embedded_system/airspeed) by extensions ['ignore', 'ignore_ament_install']
[0.533s] Level 1:colcon.colcon_core.package_identification:_identify(embedded_system/airspeed) by extension 'ignore'
[0.533s] Level 1:colcon.colcon_core.package_identification:_identify(embedded_system/airspeed) by extension 'ignore_ament_install'
[0.534s] Level 1:colcon.colcon_core.package_identification:_identify(embedded_system/airspeed) by extensions ['colcon_pkg']
[0.534s] Level 1:colcon.colcon_core.package_identification:_identify(embedded_system/airspeed) by extension 'colcon_pkg'
[0.534s] Level 1:colcon.colcon_core.package_identification:_identify(embedded_system/airspeed) by extensions ['colcon_meta']
[0.535s] Level 1:colcon.colcon_core.package_identification:_identify(embedded_system/airspeed) by extension 'colcon_meta'
[0.535s] Level 1:colcon.colcon_core.package_identification:_identify(embedded_system/airspeed) by extensions ['ros']
[0.535s] Level 1:colcon.colcon_core.package_identification:_identify(embedded_system/airspeed) by extension 'ros'
[0.538s] DEBUG:colcon.colcon_core.package_identification:Package 'embedded_system/airspeed' with type 'ros.ament_cmake' and name 'airspeed'
[0.544s] Level 1:colcon.colcon_core.package_identification:_identify(embedded_system/dependencies) by extensions ['ignore', 'ignore_ament_install']
[0.544s] Level 1:colcon.colcon_core.package_identification:_identify(embedded_system/dependencies) by extension 'ignore'
[0.545s] Level 1:colcon.colcon_core.package_identification:_identify(embedded_system/dependencies) by extension 'ignore_ament_install'
[0.546s] Level 1:colcon.colcon_core.package_identification:_identify(embedded_system/dependencies) by extensions ['colcon_pkg']
[0.546s] Level 1:colcon.colcon_core.package_identification:_identify(embedded_system/dependencies) by extension 'colcon_pkg'
[0.547s] Level 1:colcon.colcon_core.package_identification:_identify(embedded_system/dependencies) by extensions ['colcon_meta']
[0.547s] Level 1:colcon.colcon_core.package_identification:_identify(embedded_system/dependencies) by extension 'colcon_meta'
[0.547s] Level 1:colcon.colcon_core.package_identification:_identify(embedded_system/dependencies) by extensions ['ros']
[0.547s] Level 1:colcon.colcon_core.package_identification:_identify(embedded_system/dependencies) by extension 'ros'
[0.548s] Level 1:colcon.colcon_core.package_identification:_identify(embedded_system/dependencies) by extensions ['cmake', 'python']
[0.549s] Level 1:colcon.colcon_core.package_identification:_identify(embedded_system/dependencies) by extension 'cmake'
[0.549s] Level 1:colcon.colcon_core.package_identification:_identify(embedded_system/dependencies) by extension 'python'
[0.549s] Level 1:colcon.colcon_core.package_identification:_identify(embedded_system/dependencies) by extensions ['python_setup_py']
[0.550s] Level 1:colcon.colcon_core.package_identification:_identify(embedded_system/dependencies) by extension 'python_setup_py'
[0.552s] Level 1:colcon.colcon_core.package_identification:_identify(embedded_system/dependencies/include) by extensions ['ignore', 'ignore_ament_install']
[0.552s] Level 1:colcon.colcon_core.package_identification:_identify(embedded_system/dependencies/include) by extension 'ignore'
[0.553s] Level 1:colcon.colcon_core.package_identification:_identify(embedded_system/dependencies/include) by extension 'ignore_ament_install'
[0.553s] Level 1:colcon.colcon_core.package_identification:_identify(embedded_system/dependencies/include) by extensions ['colcon_pkg']
[0.553s] Level 1:colcon.colcon_core.package_identification:_identify(embedded_system/dependencies/include) by extension 'colcon_pkg'
[0.554s] Level 1:colcon.colcon_core.package_identification:_identify(embedded_system/dependencies/include) by extensions ['colcon_meta']
[0.554s] Level 1:colcon.colcon_core.package_identification:_identify(embedded_system/dependencies/include) by extension 'colcon_meta'
[0.554s] Level 1:colcon.colcon_core.package_identification:_identify(embedded_system/dependencies/include) by extensions ['ros']
[0.554s] Level 1:colcon.colcon_core.package_identification:_identify(embedded_system/dependencies/include) by extension 'ros'
[0.555s] Level 1:colcon.colcon_core.package_identification:_identify(embedded_system/dependencies/include) by extensions ['cmake', 'python']
[0.555s] Level 1:colcon.colcon_core.package_identification:_identify(embedded_system/dependencies/include) by extension 'cmake'
[0.556s] Level 1:colcon.colcon_core.package_identification:_identify(embedded_system/dependencies/include) by extension 'python'
[0.556s] Level 1:colcon.colcon_core.package_identification:_identify(embedded_system/dependencies/include) by extensions ['python_setup_py']
[0.556s] Level 1:colcon.colcon_core.package_identification:_identify(embedded_system/dependencies/include) by extension 'python_setup_py'
[0.558s] Level 1:colcon.colcon_core.package_identification:_identify(embedded_system/dependencies/librobotcontrol) by extensions ['ignore', 'ignore_ament_install']
[0.558s] Level 1:colcon.colcon_core.package_identification:_identify(embedded_system/dependencies/librobotcontrol) by extension 'ignore'
[0.559s] Level 1:colcon.colcon_core.package_identification:_identify(embedded_system/dependencies/librobotcontrol) by extension 'ignore_ament_install'
[0.559s] Level 1:colcon.colcon_core.package_identification:_identify(embedded_system/dependencies/librobotcontrol) by extensions ['colcon_pkg']
[0.560s] Level 1:colcon.colcon_core.package_identification:_identify(embedded_system/dependencies/librobotcontrol) by extension 'colcon_pkg'
[0.560s] Level 1:colcon.colcon_core.package_identification:_identify(embedded_system/dependencies/librobotcontrol) by extensions ['colcon_meta']
[0.560s] Level 1:colcon.colcon_core.package_identification:_identify(embedded_system/dependencies/librobotcontrol) by extension 'colcon_meta'
[0.561s] Level 1:colcon.colcon_core.package_identification:_identify(embedded_system/dependencies/librobotcontrol) by extensions ['ros']
[0.561s] Level 1:colcon.colcon_core.package_identification:_identify(embedded_system/dependencies/librobotcontrol) by extension 'ros'
[0.563s] Level 1:colcon.colcon_core.package_identification:_identify(embedded_system/dependencies/librobotcontrol) by extensions ['cmake', 'python']
[0.563s] Level 1:colcon.colcon_core.package_identification:_identify(embedded_system/dependencies/librobotcontrol) by extension 'cmake'
[0.563s] Level 1:colcon.colcon_core.package_identification:_identify(embedded_system/dependencies/librobotcontrol) by extension 'python'
[0.564s] Level 1:colcon.colcon_core.package_identification:_identify(embedded_system/dependencies/librobotcontrol) by extensions ['python_setup_py']
[0.564s] Level 1:colcon.colcon_core.package_identification:_identify(embedded_system/dependencies/librobotcontrol) by extension 'python_setup_py'
[0.566s] Level 1:colcon.colcon_core.package_identification:_identify(embedded_system/dependencies/src) by extensions ['ignore', 'ignore_ament_install']
[0.566s] Level 1:colcon.colcon_core.package_identification:_identify(embedded_system/dependencies/src) by extension 'ignore'
[0.566s] Level 1:colcon.colcon_core.package_identification:_identify(embedded_system/dependencies/src) by extension 'ignore_ament_install'
[0.567s] Level 1:colcon.colcon_core.package_identification:_identify(embedded_system/dependencies/src) by extensions ['colcon_pkg']
[0.567s] Level 1:colcon.colcon_core.package_identification:_identify(embedded_system/dependencies/src) by extension 'colcon_pkg'
[0.568s] Level 1:colcon.colcon_core.package_identification:_identify(embedded_system/dependencies/src) by extensions ['colcon_meta']
[0.568s] Level 1:colcon.colcon_core.package_identification:_identify(embedded_system/dependencies/src) by extension 'colcon_meta'
[0.568s] Level 1:colcon.colcon_core.package_identification:_identify(embedded_system/dependencies/src) by extensions ['ros']
[0.568s] Level 1:colcon.colcon_core.package_identification:_identify(embedded_system/dependencies/src) by extension 'ros'
[0.570s] Level 1:colcon.colcon_core.package_identification:_identify(embedded_system/dependencies/src) by extensions ['cmake', 'python']
[0.570s] Level 1:colcon.colcon_core.package_identification:_identify(embedded_system/dependencies/src) by extension 'cmake'
[0.571s] Level 1:colcon.colcon_core.package_identification:_identify(embedded_system/dependencies/src) by extension 'python'
[0.571s] Level 1:colcon.colcon_core.package_identification:_identify(embedded_system/dependencies/src) by extensions ['python_setup_py']
[0.571s] Level 1:colcon.colcon_core.package_identification:_identify(embedded_system/dependencies/src) by extension 'python_setup_py'
[0.574s] Level 1:colcon.colcon_core.package_identification:_identify(embedded_system/display) by extensions ['ignore', 'ignore_ament_install']
[0.574s] Level 1:colcon.colcon_core.package_identification:_identify(embedded_system/display) by extension 'ignore'
[0.575s] Level 1:colcon.colcon_core.package_identification:_identify(embedded_system/display) by extension 'ignore_ament_install'
[0.575s] Level 1:colcon.colcon_core.package_identification:_identify(embedded_system/display) by extensions ['colcon_pkg']
[0.576s] Level 1:colcon.colcon_core.package_identification:_identify(embedded_system/display) by extension 'colcon_pkg'
[0.577s] Level 1:colcon.colcon_core.package_identification:_identify(embedded_system/display) by extensions ['colcon_meta']
[0.577s] Level 1:colcon.colcon_core.package_identification:_identify(embedded_system/display) by extension 'colcon_meta'
[0.578s] Level 1:colcon.colcon_core.package_identification:_identify(embedded_system/display) by extensions ['ros']
[0.578s] Level 1:colcon.colcon_core.package_identification:_identify(embedded_system/display) by extension 'ros'
[0.580s] DEBUG:colcon.colcon_core.package_identification:Package 'embedded_system/display' with type 'ros.ament_cmake' and name 'display_sub'
[0.582s] Level 1:colcon.colcon_core.package_identification:_identify(embedded_system/gps) by extensions ['ignore', 'ignore_ament_install']
[0.582s] Level 1:colcon.colcon_core.package_identification:_identify(embedded_system/gps) by extension 'ignore'
[0.582s] Level 1:colcon.colcon_core.package_identification:_identify(embedded_system/gps) by extension 'ignore_ament_install'
[0.583s] Level 1:colcon.colcon_core.package_identification:_identify(embedded_system/gps) by extensions ['colcon_pkg']
[0.583s] Level 1:colcon.colcon_core.package_identification:_identify(embedded_system/gps) by extension 'colcon_pkg'
[0.584s] Level 1:colcon.colcon_core.package_identification:_identify(embedded_system/gps) by extensions ['colcon_meta']
[0.584s] Level 1:colcon.colcon_core.package_identification:_identify(embedded_system/gps) by extension 'colcon_meta'
[0.584s] Level 1:colcon.colcon_core.package_identification:_identify(embedded_system/gps) by extensions ['ros']
[0.584s] Level 1:colcon.colcon_core.package_identification:_identify(embedded_system/gps) by extension 'ros'
[0.587s] DEBUG:colcon.colcon_core.package_identification:Package 'embedded_system/gps' with type 'ros.ament_cmake' and name 'gps'
[0.588s] Level 1:colcon.colcon_core.package_identification:_identify(embedded_system/h20pro) by extensions ['ignore', 'ignore_ament_install']
[0.588s] Level 1:colcon.colcon_core.package_identification:_identify(embedded_system/h20pro) by extension 'ignore'
[0.589s] Level 1:colcon.colcon_core.package_identification:_identify(embedded_system/h20pro) by extension 'ignore_ament_install'
[0.589s] Level 1:colcon.colcon_core.package_identification:_identify(embedded_system/h20pro) by extensions ['colcon_pkg']
[0.590s] Level 1:colcon.colcon_core.package_identification:_identify(embedded_system/h20pro) by extension 'colcon_pkg'
[0.590s] Level 1:colcon.colcon_core.package_identification:_identify(embedded_system/h20pro) by extensions ['colcon_meta']
[0.590s] Level 1:colcon.colcon_core.package_identification:_identify(embedded_system/h20pro) by extension 'colcon_meta'
[0.590s] Level 1:colcon.colcon_core.package_identification:_identify(embedded_system/h20pro) by extensions ['ros']
[0.591s] Level 1:colcon.colcon_core.package_identification:_identify(embedded_system/h20pro) by extension 'ros'
[0.593s] DEBUG:colcon.colcon_core.package_identification:Package 'embedded_system/h20pro' with type 'ros.ament_cmake' and name 'h20pro'
[0.595s] Level 1:colcon.colcon_core.package_identification:_identify(embedded_system/orient) by extensions ['ignore', 'ignore_ament_install']
[0.595s] Level 1:colcon.colcon_core.package_identification:_identify(embedded_system/orient) by extension 'ignore'
[0.595s] Level 1:colcon.colcon_core.package_identification:_identify(embedded_system/orient) by extension 'ignore_ament_install'
[0.596s] Level 1:colcon.colcon_core.package_identification:_identify(embedded_system/orient) by extensions ['colcon_pkg']
[0.596s] Level 1:colcon.colcon_core.package_identification:_identify(embedded_system/orient) by extension 'colcon_pkg'
[0.597s] Level 1:colcon.colcon_core.package_identification:_identify(embedded_system/orient) by extensions ['colcon_meta']
[0.597s] Level 1:colcon.colcon_core.package_identification:_identify(embedded_system/orient) by extension 'colcon_meta'
[0.597s] Level 1:colcon.colcon_core.package_identification:_identify(embedded_system/orient) by extensions ['ros']
[0.597s] Level 1:colcon.colcon_core.package_identification:_identify(embedded_system/orient) by extension 'ros'
[0.600s] DEBUG:colcon.colcon_core.package_identification:Package 'embedded_system/orient' with type 'ros.ament_cmake' and name 'orient'
[0.602s] Level 1:colcon.colcon_core.package_identification:_identify(embedded_system/orient2) by extensions ['ignore', 'ignore_ament_install']
[0.602s] Level 1:colcon.colcon_core.package_identification:_identify(embedded_system/orient2) by extension 'ignore'
[0.603s] Level 1:colcon.colcon_core.package_identification:_identify(embedded_system/orient2) by extension 'ignore_ament_install'
[0.603s] Level 1:colcon.colcon_core.package_identification:_identify(embedded_system/orient2) by extensions ['colcon_pkg']
[0.603s] Level 1:colcon.colcon_core.package_identification:_identify(embedded_system/orient2) by extension 'colcon_pkg'
[0.604s] Level 1:colcon.colcon_core.package_identification:_identify(embedded_system/orient2) by extensions ['colcon_meta']
[0.604s] Level 1:colcon.colcon_core.package_identification:_identify(embedded_system/orient2) by extension 'colcon_meta'
[0.604s] Level 1:colcon.colcon_core.package_identification:_identify(embedded_system/orient2) by extensions ['ros']
[0.604s] Level 1:colcon.colcon_core.package_identification:_identify(embedded_system/orient2) by extension 'ros'
[0.607s] DEBUG:colcon.colcon_core.package_identification:Package 'embedded_system/orient2' with type 'ros.ament_cmake' and name 'orient2'
[0.609s] Level 1:colcon.colcon_core.package_identification:_identify(embedded_system/pressure) by extensions ['ignore', 'ignore_ament_install']
[0.610s] Level 1:colcon.colcon_core.package_identification:_identify(embedded_system/pressure) by extension 'ignore'
[0.610s] Level 1:colcon.colcon_core.package_identification:_identify(embedded_system/pressure) by extension 'ignore_ament_install'
[0.612s] Level 1:colcon.colcon_core.package_identification:_identify(embedded_system/pressure) by extensions ['colcon_pkg']
[0.612s] Level 1:colcon.colcon_core.package_identification:_identify(embedded_system/pressure) by extension 'colcon_pkg'
[0.613s] Level 1:colcon.colcon_core.package_identification:_identify(embedded_system/pressure) by extensions ['colcon_meta']
[0.613s] Level 1:colcon.colcon_core.package_identification:_identify(embedded_system/pressure) by extension 'colcon_meta'
[0.613s] Level 1:colcon.colcon_core.package_identification:_identify(embedded_system/pressure) by extensions ['ros']
[0.613s] Level 1:colcon.colcon_core.package_identification:_identify(embedded_system/pressure) by extension 'ros'
[0.616s] DEBUG:colcon.colcon_core.package_identification:Package 'embedded_system/pressure' with type 'ros.ament_cmake' and name 'pressure'
[0.618s] Level 1:colcon.colcon_core.package_identification:_identify(embedded_system/pwm) by extensions ['ignore', 'ignore_ament_install']
[0.619s] Level 1:colcon.colcon_core.package_identification:_identify(embedded_system/pwm) by extension 'ignore'
[0.619s] Level 1:colcon.colcon_core.package_identification:_identify(embedded_system/pwm) by extension 'ignore_ament_install'
[0.620s] Level 1:colcon.colcon_core.package_identification:_identify(embedded_system/pwm) by extensions ['colcon_pkg']
[0.620s] Level 1:colcon.colcon_core.package_identification:_identify(embedded_system/pwm) by extension 'colcon_pkg'
[0.620s] Level 1:colcon.colcon_core.package_identification:_identify(embedded_system/pwm) by extensions ['colcon_meta']
[0.621s] Level 1:colcon.colcon_core.package_identification:_identify(embedded_system/pwm) by extension 'colcon_meta'
[0.621s] Level 1:colcon.colcon_core.package_identification:_identify(embedded_system/pwm) by extensions ['ros']
[0.621s] Level 1:colcon.colcon_core.package_identification:_identify(embedded_system/pwm) by extension 'ros'
[0.625s] DEBUG:colcon.colcon_core.package_identification:Package 'embedded_system/pwm' with type 'ros.ament_cmake' and name 'pwm'
[0.628s] Level 1:colcon.colcon_core.package_identification:_identify(gnc) by extensions ['ignore', 'ignore_ament_install']
[0.629s] Level 1:colcon.colcon_core.package_identification:_identify(gnc) by extension 'ignore'
[0.629s] Level 1:colcon.colcon_core.package_identification:_identify(gnc) by extension 'ignore_ament_install'
[0.630s] Level 1:colcon.colcon_core.package_identification:_identify(gnc) by extensions ['colcon_pkg']
[0.630s] Level 1:colcon.colcon_core.package_identification:_identify(gnc) by extension 'colcon_pkg'
[0.630s] Level 1:colcon.colcon_core.package_identification:_identify(gnc) by extensions ['colcon_meta']
[0.631s] Level 1:colcon.colcon_core.package_identification:_identify(gnc) by extension 'colcon_meta'
[0.631s] Level 1:colcon.colcon_core.package_identification:_identify(gnc) by extensions ['ros']
[0.631s] Level 1:colcon.colcon_core.package_identification:_identify(gnc) by extension 'ros'
[0.634s] DEBUG:colcon.colcon_core.package_identification:Package 'gnc' with type 'ros.ament_cmake' and name 'gnc'
[0.635s] Level 1:colcon.colcon_core.package_identification:_identify(install) by extensions ['ignore', 'ignore_ament_install']
[0.635s] Level 1:colcon.colcon_core.package_identification:_identify(install) by extension 'ignore'
[0.636s] Level 1:colcon.colcon_core.package_identification:_identify(install) ignored
[0.637s] Level 1:colcon.colcon_core.package_identification:_identify(log) by extensions ['ignore', 'ignore_ament_install']
[0.638s] Level 1:colcon.colcon_core.package_identification:_identify(log) by extension 'ignore'
[0.638s] Level 1:colcon.colcon_core.package_identification:_identify(log) ignored
[0.640s] Level 1:colcon.colcon_core.package_identification:_identify(telemetry_manager) by extensions ['ignore', 'ignore_ament_install']
[0.640s] Level 1:colcon.colcon_core.package_identification:_identify(telemetry_manager) by extension 'ignore'
[0.640s] Level 1:colcon.colcon_core.package_identification:_identify(telemetry_manager) by extension 'ignore_ament_install'
[0.641s] Level 1:colcon.colcon_core.package_identification:_identify(telemetry_manager) by extensions ['colcon_pkg']
[0.641s] Level 1:colcon.colcon_core.package_identification:_identify(telemetry_manager) by extension 'colcon_pkg'
[0.642s] Level 1:colcon.colcon_core.package_identification:_identify(telemetry_manager) by extensions ['colcon_meta']
[0.642s] Level 1:colcon.colcon_core.package_identification:_identify(telemetry_manager) by extension 'colcon_meta'
[0.642s] Level 1:colcon.colcon_core.package_identification:_identify(telemetry_manager) by extensions ['ros']
[0.642s] Level 1:colcon.colcon_core.package_identification:_identify(telemetry_manager) by extension 'ros'
[0.643s] Level 1:colcon.colcon_core.package_identification:_identify(telemetry_manager) by extensions ['cmake', 'python']
[0.644s] Level 1:colcon.colcon_core.package_identification:_identify(telemetry_manager) by extension 'cmake'
[0.644s] Level 1:colcon.colcon_core.package_identification:_identify(telemetry_manager) by extension 'python'
[0.645s] Level 1:colcon.colcon_core.package_identification:_identify(telemetry_manager) by extensions ['python_setup_py']
[0.646s] Level 1:colcon.colcon_core.package_identification:_identify(telemetry_manager) by extension 'python_setup_py'
[0.647s] Level 1:colcon.colcon_core.package_identification:_identify(telemetry_manager/communicator) by extensions ['ignore', 'ignore_ament_install']
[0.647s] Level 1:colcon.colcon_core.package_identification:_identify(telemetry_manager/communicator) by extension 'ignore'
[0.648s] Level 1:colcon.colcon_core.package_identification:_identify(telemetry_manager/communicator) by extension 'ignore_ament_install'
[0.648s] Level 1:colcon.colcon_core.package_identification:_identify(telemetry_manager/communicator) by extensions ['colcon_pkg']
[0.648s] Level 1:colcon.colcon_core.package_identification:_identify(telemetry_manager/communicator) by extension 'colcon_pkg'
[0.649s] Level 1:colcon.colcon_core.package_identification:_identify(telemetry_manager/communicator) by extensions ['colcon_meta']
[0.649s] Level 1:colcon.colcon_core.package_identification:_identify(telemetry_manager/communicator) by extension 'colcon_meta'
[0.649s] Level 1:colcon.colcon_core.package_identification:_identify(telemetry_manager/communicator) by extensions ['ros']
[0.650s] Level 1:colcon.colcon_core.package_identification:_identify(telemetry_manager/communicator) by extension 'ros'
[0.653s] DEBUG:colcon.colcon_core.package_identification:Package 'telemetry_manager/communicator' with type 'ros.ament_cmake' and name 'communicator'
[0.655s] Level 1:colcon.colcon_core.package_identification:_identify(templates) by extensions ['ignore', 'ignore_ament_install']
[0.656s] Level 1:colcon.colcon_core.package_identification:_identify(templates) by extension 'ignore'
[0.656s] Level 1:colcon.colcon_core.package_identification:_identify(templates) by extension 'ignore_ament_install'
[0.657s] Level 1:colcon.colcon_core.package_identification:_identify(templates) by extensions ['colcon_pkg']
[0.657s] Level 1:colcon.colcon_core.package_identification:_identify(templates) by extension 'colcon_pkg'
[0.657s] Level 1:colcon.colcon_core.package_identification:_identify(templates) by extensions ['colcon_meta']
[0.658s] Level 1:colcon.colcon_core.package_identification:_identify(templates) by extension 'colcon_meta'
[0.658s] Level 1:colcon.colcon_core.package_identification:_identify(templates) by extensions ['ros']
[0.658s] Level 1:colcon.colcon_core.package_identification:_identify(templates) by extension 'ros'
[0.659s] Level 1:colcon.colcon_core.package_identification:_identify(templates) by extensions ['cmake', 'python']
[0.660s] Level 1:colcon.colcon_core.package_identification:_identify(templates) by extension 'cmake'
[0.660s] Level 1:colcon.colcon_core.package_identification:_identify(templates) by extension 'python'
[0.661s] Level 1:colcon.colcon_core.package_identification:_identify(templates) by extensions ['python_setup_py']
[0.661s] Level 1:colcon.colcon_core.package_identification:_identify(templates) by extension 'python_setup_py'
[0.664s] Level 1:colcon.colcon_core.package_identification:_identify(templates/docs) by extensions ['ignore', 'ignore_ament_install']
[0.664s] Level 1:colcon.colcon_core.package_identification:_identify(templates/docs) by extension 'ignore'
[0.664s] Level 1:colcon.colcon_core.package_identification:_identify(templates/docs) by extension 'ignore_ament_install'
[0.665s] Level 1:colcon.colcon_core.package_identification:_identify(templates/docs) by extensions ['colcon_pkg']
[0.665s] Level 1:colcon.colcon_core.package_identification:_identify(templates/docs) by extension 'colcon_pkg'
[0.665s] Level 1:colcon.colcon_core.package_identification:_identify(templates/docs) by extensions ['colcon_meta']
[0.665s] Level 1:colcon.colcon_core.package_identification:_identify(templates/docs) by extension 'colcon_meta'
[0.666s] Level 1:colcon.colcon_core.package_identification:_identify(templates/docs) by extensions ['ros']
[0.666s] Level 1:colcon.colcon_core.package_identification:_identify(templates/docs) by extension 'ros'
[0.667s] Level 1:colcon.colcon_core.package_identification:_identify(templates/docs) by extensions ['cmake', 'python']
[0.667s] Level 1:colcon.colcon_core.package_identification:_identify(templates/docs) by extension 'cmake'
[0.668s] Level 1:colcon.colcon_core.package_identification:_identify(templates/docs) by extension 'python'
[0.668s] Level 1:colcon.colcon_core.package_identification:_identify(templates/docs) by extensions ['python_setup_py']
[0.668s] Level 1:colcon.colcon_core.package_identification:_identify(templates/docs) by extension 'python_setup_py'
[0.670s] Level 1:colcon.colcon_core.package_identification:_identify(testing) by extensions ['ignore', 'ignore_ament_install']
[0.670s] Level 1:colcon.colcon_core.package_identification:_identify(testing) by extension 'ignore'
[0.671s] Level 1:colcon.colcon_core.package_identification:_identify(testing) by extension 'ignore_ament_install'
[0.672s] Level 1:colcon.colcon_core.package_identification:_identify(testing) by extensions ['colcon_pkg']
[0.672s] Level 1:colcon.colcon_core.package_identification:_identify(testing) by extension 'colcon_pkg'
[0.673s] Level 1:colcon.colcon_core.package_identification:_identify(testing) by extensions ['colcon_meta']
[0.673s] Level 1:colcon.colcon_core.package_identification:_identify(testing) by extension 'colcon_meta'
[0.673s] Level 1:colcon.colcon_core.package_identification:_identify(testing) by extensions ['ros']
[0.673s] Level 1:colcon.colcon_core.package_identification:_identify(testing) by extension 'ros'
[0.676s] DEBUG:colcon.colcon_core.package_identification:Package 'testing' with type 'ros.ament_cmake' and name 'testing'
[0.677s] Level 1:colcon.colcon_core.package_identification:_identify(util) by extensions ['ignore', 'ignore_ament_install']
[0.678s] Level 1:colcon.colcon_core.package_identification:_identify(util) by extension 'ignore'
[0.678s] Level 1:colcon.colcon_core.package_identification:_identify(util) by extension 'ignore_ament_install'
[0.679s] Level 1:colcon.colcon_core.package_identification:_identify(util) by extensions ['colcon_pkg']
[0.679s] Level 1:colcon.colcon_core.package_identification:_identify(util) by extension 'colcon_pkg'
[0.679s] Level 1:colcon.colcon_core.package_identification:_identify(util) by extensions ['colcon_meta']
[0.680s] Level 1:colcon.colcon_core.package_identification:_identify(util) by extension 'colcon_meta'
[0.680s] Level 1:colcon.colcon_core.package_identification:_identify(util) by extensions ['ros']
[0.680s] Level 1:colcon.colcon_core.package_identification:_identify(util) by extension 'ros'
[0.683s] Level 1:colcon.colcon_core.package_identification:_identify(util) by extensions ['cmake', 'python']
[0.683s] Level 1:colcon.colcon_core.package_identification:_identify(util) by extension 'cmake'
[0.683s] Level 1:colcon.colcon_core.package_identification:_identify(util) by extension 'python'
[0.684s] Level 1:colcon.colcon_core.package_identification:_identify(util) by extensions ['python_setup_py']
[0.684s] Level 1:colcon.colcon_core.package_identification:_identify(util) by extension 'python_setup_py'
[0.687s] Level 1:colcon.colcon_core.package_identification:_identify(util/interfaces) by extensions ['ignore', 'ignore_ament_install']
[0.688s] Level 1:colcon.colcon_core.package_identification:_identify(util/interfaces) by extension 'ignore'
[0.688s] Level 1:colcon.colcon_core.package_identification:_identify(util/interfaces) by extension 'ignore_ament_install'
[0.689s] Level 1:colcon.colcon_core.package_identification:_identify(util/interfaces) by extensions ['colcon_pkg']
[0.689s] Level 1:colcon.colcon_core.package_identification:_identify(util/interfaces) by extension 'colcon_pkg'
[0.689s] Level 1:colcon.colcon_core.package_identification:_identify(util/interfaces) by extensions ['colcon_meta']
[0.690s] Level 1:colcon.colcon_core.package_identification:_identify(util/interfaces) by extension 'colcon_meta'
[0.690s] Level 1:colcon.colcon_core.package_identification:_identify(util/interfaces) by extensions ['ros']
[0.690s] Level 1:colcon.colcon_core.package_identification:_identify(util/interfaces) by extension 'ros'
[0.693s] DEBUG:colcon.colcon_core.package_identification:Package 'util/interfaces' with type 'ros.ament_cmake' and name 'interfaces'
[0.695s] Level 1:colcon.colcon_core.package_identification:_identify(util/matlab_msg_gen) by extensions ['ignore', 'ignore_ament_install']
[0.696s] Level 1:colcon.colcon_core.package_identification:_identify(util/matlab_msg_gen) by extension 'ignore'
[0.697s] Level 1:colcon.colcon_core.package_identification:_identify(util/matlab_msg_gen) ignored
[0.700s] Level 1:colcon.colcon_core.package_identification:_identify(vehicle_manager_system) by extensions ['ignore', 'ignore_ament_install']
[0.700s] Level 1:colcon.colcon_core.package_identification:_identify(vehicle_manager_system) by extension 'ignore'
[0.701s] Level 1:colcon.colcon_core.package_identification:_identify(vehicle_manager_system) by extension 'ignore_ament_install'
[0.702s] Level 1:colcon.colcon_core.package_identification:_identify(vehicle_manager_system) by extensions ['colcon_pkg']
[0.703s] Level 1:colcon.colcon_core.package_identification:_identify(vehicle_manager_system) by extension 'colcon_pkg'
[0.704s] Level 1:colcon.colcon_core.package_identification:_identify(vehicle_manager_system) by extensions ['colcon_meta']
[0.704s] Level 1:colcon.colcon_core.package_identification:_identify(vehicle_manager_system) by extension 'colcon_meta'
[0.705s] Level 1:colcon.colcon_core.package_identification:_identify(vehicle_manager_system) by extensions ['ros']
[0.705s] Level 1:colcon.colcon_core.package_identification:_identify(vehicle_manager_system) by extension 'ros'
[0.706s] Level 1:colcon.colcon_core.package_identification:_identify(vehicle_manager_system) by extensions ['cmake', 'python']
[0.707s] Level 1:colcon.colcon_core.package_identification:_identify(vehicle_manager_system) by extension 'cmake'
[0.707s] Level 1:colcon.colcon_core.package_identification:_identify(vehicle_manager_system) by extension 'python'
[0.708s] Level 1:colcon.colcon_core.package_identification:_identify(vehicle_manager_system) by extensions ['python_setup_py']
[0.708s] Level 1:colcon.colcon_core.package_identification:_identify(vehicle_manager_system) by extension 'python_setup_py'
[0.714s] Level 1:colcon.colcon_core.package_identification:_identify(vehicle_manager_system/FSMPilot) by extensions ['ignore', 'ignore_ament_install']
[0.714s] Level 1:colcon.colcon_core.package_identification:_identify(vehicle_manager_system/FSMPilot) by extension 'ignore'
[0.715s] Level 1:colcon.colcon_core.package_identification:_identify(vehicle_manager_system/FSMPilot) by extension 'ignore_ament_install'
[0.717s] Level 1:colcon.colcon_core.package_identification:_identify(vehicle_manager_system/FSMPilot) by extensions ['colcon_pkg']
[0.717s] Level 1:colcon.colcon_core.package_identification:_identify(vehicle_manager_system/FSMPilot) by extension 'colcon_pkg'
[0.718s] Level 1:colcon.colcon_core.package_identification:_identify(vehicle_manager_system/FSMPilot) by extensions ['colcon_meta']
[0.718s] Level 1:colcon.colcon_core.package_identification:_identify(vehicle_manager_system/FSMPilot) by extension 'colcon_meta'
[0.719s] Level 1:colcon.colcon_core.package_identification:_identify(vehicle_manager_system/FSMPilot) by extensions ['ros']
[0.719s] Level 1:colcon.colcon_core.package_identification:_identify(vehicle_manager_system/FSMPilot) by extension 'ros'
[0.721s] Level 1:colcon.colcon_core.package_identification:_identify(vehicle_manager_system/FSMPilot) by extensions ['cmake', 'python']
[0.721s] Level 1:colcon.colcon_core.package_identification:_identify(vehicle_manager_system/FSMPilot) by extension 'cmake'
[0.782s] Level 1:colcon.colcon_core.package_identification:_identify(vehicle_manager_system/FSMPilot) by extension 'python'
[0.784s] DEBUG:colcon.colcon_core.package_identification:Package 'vehicle_manager_system/FSMPilot' with type 'cmake' and name 'FSMPilot'
[0.788s] Level 1:colcon.colcon_core.package_identification:_identify(vehicle_manager_system/health_monitor) by extensions ['ignore', 'ignore_ament_install']
[0.789s] Level 1:colcon.colcon_core.package_identification:_identify(vehicle_manager_system/health_monitor) by extension 'ignore'
[0.790s] Level 1:colcon.colcon_core.package_identification:_identify(vehicle_manager_system/health_monitor) by extension 'ignore_ament_install'
[0.795s] Level 1:colcon.colcon_core.package_identification:_identify(vehicle_manager_system/health_monitor) by extensions ['colcon_pkg']
[0.795s] Level 1:colcon.colcon_core.package_identification:_identify(vehicle_manager_system/health_monitor) by extension 'colcon_pkg'
[0.798s] Level 1:colcon.colcon_core.package_identification:_identify(vehicle_manager_system/health_monitor) by extensions ['colcon_meta']
[0.798s] Level 1:colcon.colcon_core.package_identification:_identify(vehicle_manager_system/health_monitor) by extension 'colcon_meta'
[0.799s] Level 1:colcon.colcon_core.package_identification:_identify(vehicle_manager_system/health_monitor) by extensions ['ros']
[0.802s] Level 1:colcon.colcon_core.package_identification:_identify(vehicle_manager_system/health_monitor) by extension 'ros'
[0.807s] DEBUG:colcon.colcon_core.package_identification:Package 'vehicle_manager_system/health_monitor' with type 'ros.ament_cmake' and name 'monitor'
[0.832s] Level 1:colcon.colcon_core.package_identification:_identify(vehicle_manager_system/monitor) by extensions ['ignore', 'ignore_ament_install']
[0.833s] Level 1:colcon.colcon_core.package_identification:_identify(vehicle_manager_system/monitor) by extension 'ignore'
[0.834s] Level 1:colcon.colcon_core.package_identification:_identify(vehicle_manager_system/monitor) by extension 'ignore_ament_install'
[0.834s] Level 1:colcon.colcon_core.package_identification:_identify(vehicle_manager_system/monitor) by extensions ['colcon_pkg']
[0.835s] Level 1:colcon.colcon_core.package_identification:_identify(vehicle_manager_system/monitor) by extension 'colcon_pkg'
[0.835s] Level 1:colcon.colcon_core.package_identification:_identify(vehicle_manager_system/monitor) by extensions ['colcon_meta']
[0.836s] Level 1:colcon.colcon_core.package_identification:_identify(vehicle_manager_system/monitor) by extension 'colcon_meta'
[0.836s] Level 1:colcon.colcon_core.package_identification:_identify(vehicle_manager_system/monitor) by extensions ['ros']
[0.837s] Level 1:colcon.colcon_core.package_identification:_identify(vehicle_manager_system/monitor) by extension 'ros'
[0.839s] DEBUG:colcon.colcon_core.package_identification:Package 'vehicle_manager_system/monitor' with type 'ros.ament_cmake' and name 'monitor'
[0.840s] Level 1:colcon.colcon_core.package_discovery:discover_packages(recursive) using defaults
[0.840s] Level 1:colcon.colcon_core.package_discovery:discover_packages(ignore) discover
[0.841s] Level 1:colcon.colcon_core.package_discovery:discover_packages(ignore) using defaults
[0.841s] Level 1:colcon.colcon_core.package_discovery:discover_packages(path) discover
[0.841s] Level 1:colcon.colcon_core.package_discovery:discover_packages(path) using defaults
[0.946s] ERROR:colcon:colcon build: Duplicate package names not supported:
- monitor:
  - vehicle_manager_system/health_monitor
  - vehicle_manager_system/monitor
