[0.007s] Invoking command in '/home/noahw/programs/machpilot/src/FSMPilot/build/fsm_ros_wrapper': CMAKE_PREFIX_PATH=/opt/ros/humble /usr/bin/cmake --build /home/noahw/programs/machpilot/src/FSMPilot/build/fsm_ros_wrapper -- -j32 -l32
[0.032s] [ 10%] [32mBuilding CXX object CMakeFiles/state_machine_node.dir/src/ros_main.cpp.o[0m
[0.032s] [ 30%] [32mBuilding CXX object CMakeFiles/state_machine_node.dir/src/FSMPilot.cpp.o[0m
[0.032s] [ 30%] [32mBuilding CXX object CMakeFiles/state_machine_node.dir/src/state_machine_node.cpp.o[0m
[0.032s] [ 40%] [32mBuilding CXX object CMakeFiles/state_machine_node.dir/src/ErrorManager.cpp.o[0m
[0.032s] [ 50%] [32mBuilding CXX object CMakeFiles/state_machine_node.dir/src/FireManager.cpp.o[0m
[0.033s] [ 70%] [32mBuilding CXX object CMakeFiles/state_machine_node.dir/src/FSMPilotStates.cpp.o[0m
[0.033s] [ 60%] [32mBuilding CXX object CMakeFiles/state_machine_node.dir/src/ErrorManagerList.cpp.o[0m
[0.054s] [01m[K/home/noahw/programs/machpilot/src/FSMPilot/src/state_machine_node.cpp:1:10:[m[K [01;31m[Kfatal error: [m[Kfsm_ros_wrapper/state_machine_node.hpp: No such file or directory
[0.055s]     1 | #include [01;31m[K"fsm_ros_wrapper/state_machine_node.hpp"[m[K
[0.055s]       |          [01;31m[K^~~~~~~~~~~~~~~~~~~~~~~~~~~~~~~~~~~~~~~~[m[K
[0.055s] [01m[K/home/noahw/programs/machpilot/src/FSMPilot/src/FSMPilotStates.cpp:1:10:[m[K [01;31m[Kfatal error: [m[Kfsm_ros_wrapper/FSMPilotStates.hpp: No such file or directory
[0.055s]     1 | #include [01;31m[K"fsm_ros_wrapper/FSMPilotStates.hpp"[m[K
[0.055s]       |          [01;31m[K^~~~~~~~~~~~~~~~~~~~~~~~~~~~~~~~~~~~[m[K
[0.055s] compilation terminated.
[0.055s] compilation terminated.
[0.056s] gmake[2]: *** [CMakeFiles/state_machine_node.dir/build.make:188: CMakeFiles/state_machine_node.dir/src/FSMPilotStates.cpp.o] Error 1
[0.056s] gmake[2]: *** Waiting for unfinished jobs....
[0.056s] gmake[2]: *** [CMakeFiles/state_machine_node.dir/build.make:90: CMakeFiles/state_machine_node.dir/src/state_machine_node.cpp.o] Error 1
[0.079s] In file included from [01m[K/home/noahw/programs/machpilot/src/FSMPilot/src/FSMPilot.cpp:1[m[K:
[0.079s] [01m[K/home/noahw/programs/machpilot/src/FSMPilot/src/FSMPilot.hpp:10:10:[m[K [01;31m[Kfatal error: [m[Kfsm_ros_wrapper/FSMPilotStates.hpp: No such file or directory
[0.079s]    10 | #include [01;31m[K"fsm_ros_wrapper/FSMPilotStates.hpp"[m[K
[0.079s]       |          [01;31m[K^~~~~~~~~~~~~~~~~~~~~~~~~~~~~~~~~~~~[m[K
[0.079s] compilation terminated.
[0.079s] In file included from [01m[K/home/noahw/programs/machpilot/src/FSMPilot/src/ErrorManager.hpp:6[m[K,
[0.079s]                  from [01m[K/home/noahw/programs/machpilot/src/FSMPilot/src/ErrorManager.cpp:3[m[K:
[0.079s] [01m[K/home/noahw/programs/machpilot/src/FSMPilot/src/FSMPilot.hpp:10:10:[m[K [01;31m[Kfatal error: [m[Kfsm_ros_wrapper/FSMPilotStates.hpp: No such file or directory
[0.079s]    10 | #include [01;31m[K"fsm_ros_wrapper/FSMPilotStates.hpp"[m[K
[0.079s]       |          [01;31m[K^~~~~~~~~~~~~~~~~~~~~~~~~~~~~~~~~~~~[m[K
[0.079s] compilation terminated.
[0.079s] In file included from [01m[K/home/noahw/programs/machpilot/src/FSMPilot/src/ErrorManager.hpp:6[m[K,
[0.079s]                  from [01m[K/home/noahw/programs/machpilot/src/FSMPilot/src/FireManager.hpp:1[m[K,
[0.079s]                  from [01m[K/home/noahw/programs/machpilot/src/FSMPilot/src/FireManager.cpp:1[m[K:
[0.079s] [01m[K/home/noahw/programs/machpilot/src/FSMPilot/src/FSMPilot.hpp:10:10:[m[K [01;31m[Kfatal error: [m[Kfsm_ros_wrapper/FSMPilotStates.hpp: No such file or directory
[0.079s]    10 | #include [01;31m[K"fsm_ros_wrapper/FSMPilotStates.hpp"[m[K
[0.079s]       |          [01;31m[K^~~~~~~~~~~~~~~~~~~~~~~~~~~~~~~~~~~~[m[K
[0.079s] compilation terminated.
[0.079s] gmake[2]: *** [CMakeFiles/state_machine_node.dir/build.make:104: CMakeFiles/state_machine_node.dir/src/FSMPilot.cpp.o] Error 1
[0.079s] In file included from [01m[K/home/noahw/programs/machpilot/src/FSMPilot/src/ErrorManager.hpp:6[m[K,
[0.079s]                  from [01m[K/home/noahw/programs/machpilot/src/FSMPilot/src/ErrorManagerList.hpp:1[m[K,
[0.079s]                  from [01m[K/home/noahw/programs/machpilot/src/FSMPilot/src/ErrorManagerList.cpp:1[m[K:
[0.079s] [01m[K/home/noahw/programs/machpilot/src/FSMPilot/src/FSMPilot.hpp:10:10:[m[K [01;31m[Kfatal error: [m[Kfsm_ros_wrapper/FSMPilotStates.hpp: No such file or directory
[0.079s]    10 | #include [01;31m[K"fsm_ros_wrapper/FSMPilotStates.hpp"[m[K
[0.079s]       |          [01;31m[K^~~~~~~~~~~~~~~~~~~~~~~~~~~~~~~~~~~~[m[K
[0.079s] compilation terminated.
[0.080s] gmake[2]: *** [CMakeFiles/state_machine_node.dir/build.make:146: CMakeFiles/state_machine_node.dir/src/ErrorManager.cpp.o] Error 1
[0.080s] gmake[2]: *** [CMakeFiles/state_machine_node.dir/build.make:160: CMakeFiles/state_machine_node.dir/src/FireManager.cpp.o] Error 1
[0.080s] gmake[2]: *** [CMakeFiles/state_machine_node.dir/build.make:174: CMakeFiles/state_machine_node.dir/src/ErrorManagerList.cpp.o] Error 1
[0.133s] [01m[K/home/noahw/programs/machpilot/src/FSMPilot/src/ros_main.cpp:2:10:[m[K [01;31m[Kfatal error: [m[Kfsm_ros_wrapper/state_machine_node.hpp: No such file or directory
[0.133s]     2 | #include [01;31m[K"fsm_ros_wrapper/state_machine_node.hpp"[m[K
[0.133s]       |          [01;31m[K^~~~~~~~~~~~~~~~~~~~~~~~~~~~~~~~~~~~~~~~[m[K
[0.133s] compilation terminated.
[0.134s] gmake[2]: *** [CMakeFiles/state_machine_node.dir/build.make:76: CMakeFiles/state_machine_node.dir/src/ros_main.cpp.o] Error 1
[0.134s] gmake[1]: *** [CMakeFiles/Makefile2:137: CMakeFiles/state_machine_node.dir/all] Error 2
[0.134s] gmake: *** [Makefile:146: all] Error 2
[0.136s] Invoked command in '/home/noahw/programs/machpilot/src/FSMPilot/build/fsm_ros_wrapper' returned '2': CMAKE_PREFIX_PATH=/opt/ros/humble /usr/bin/cmake --build /home/noahw/programs/machpilot/src/FSMPilot/build/fsm_ros_wrapper -- -j32 -l32
