[0.007s] Invoking command in '/workspace/src/build/ublox_gps_driver': CMAKE_PREFIX_PATH=${CMAKE_PREFIX_PATH}:/opt/ros/humble /usr/bin/cmake --build /workspace/src/build/ublox_gps_driver -- -j8 -l8
[0.058s] [ 35%] Built target ublox_messages
[0.059s] [ 35%] Built target gtest
[0.060s] [ 35%] Built target gtest_main
[0.061s] [ 47%] Built target uart_lib
[0.077s] [ 70%] Built target ublox_parser
[0.078s] [ 70%] Built target test_checksum
[0.079s] [ 82%] Built target uart_interface
[0.091s] [35m[1mConsolidate compiler generated dependencies of target gps_node[0m
[0.225s] [ 88%] [32mBuilding CXX object CMakeFiles/gps_node.dir/src/gps_node.cpp.o[0m
[1.411s] [01m[K/workspace/src/embedded_system/ublox_gps_driver/src/gps_node.cpp:[m[K In constructor ‘[01m[Kublox::GpsNode::GpsNode(const rclcpp::NodeOptions&)[m[K’:
[1.416s] [01m[K/workspace/src/embedded_system/ublox_gps_driver/src/gps_node.cpp:12:13:[m[K [01;31m[Kerror: [m[Kclass ‘[01m[Kublox::GpsNode[m[K’ does not have any field named ‘[01m[Kerror_count[m[K’
[1.418s]    12 |             [01;31m[Kerror_count[m[K(0) {
[1.419s]       |             [01;31m[K^~~~~~~~~~~[m[K
[1.419s] [01m[K/workspace/src/embedded_system/ublox_gps_driver/src/gps_node.cpp:[m[K At global scope:
[1.419s] [01m[K/workspace/src/embedded_system/ublox_gps_driver/src/gps_node.cpp:21:23:[m[K [01;31m[Kerror: [m[Kdefinition of implicitly-declared ‘[01m[Kvirtual ublox::GpsNode::~GpsNode()[m[K’
[1.419s]    21 |     GpsNode::~GpsNode([01;31m[K)[m[K {
[1.419s]       |                       [01;31m[K^[m[K
[1.419s] [01m[K/workspace/src/embedded_system/ublox_gps_driver/src/gps_node.cpp:[m[K In member function ‘[01m[Kbool ublox::GpsNode::sendConfigMessage(const std::vector<unsigned char, std::allocator<unsigned char> >&)[m[K’:
[1.419s] [01m[K/workspace/src/embedded_system/ublox_gps_driver/src/gps_node.cpp:118:25:[m[K [01;31m[Kerror: [m[K‘[01m[Kflush_buf[m[K’ was not declared in this scope; did you mean ‘[01m[Kflush_buffer[m[K’?
[1.419s]   118 |             uart_->read([01;31m[Kflush_buf[m[K, sizeof(flush_buffer));
[1.419s]       |                         [01;31m[K^~~~~~~~~[m[K
[1.420s]       |                         [32m[Kflush_buffer[m[K
[1.420s] [01m[K/workspace/src/embedded_system/ublox_gps_driver/src/gps_node.cpp:[m[K In member function ‘[01m[Kbool ublox::GpsNode::configureGPS()[m[K’:
[1.420s] [01m[K/workspace/src/embedded_system/ublox_gps_driver/src/gps_node.cpp:137:14:[m[K [01;31m[Kerror: [m[K‘[01m[KsendConfiMessage[m[K’ was not declared in this scope; did you mean ‘[01m[KsendConfigMessage[m[K’?
[1.420s]   137 |         if (![01;31m[KsendConfiMessage[m[K(cfg_msg)) {
[1.420s]       |              [01;31m[K^~~~~~~~~~~~~~~~[m[K
[1.420s]       |              [32m[KsendConfigMessage[m[K
[1.421s] [01m[K/workspace/src/embedded_system/ublox_gps_driver/src/gps_node.cpp:[m[K In member function ‘[01m[Kvirtual rclcpp_lifecycle::node_interfaces::LifecycleNodeInterface::CallbackReturn ublox::GpsNode::on_configure(const rclcpp_lifecycle::State&)[m[K’:
[1.421s] [01m[K/workspace/src/embedded_system/ublox_gps_driver/src/gps_node.cpp:158:60:[m[K [01;31m[Kerror: [m[K‘[01m[Kmsgs[m[K’ is not a member of ‘[01m[Ksensor_msgs[m[K’; did you mean ‘[01m[Kmsg[m[K’?
[1.421s]   158 |         nav_sat_pub_ = this->create_publisher<sensor_msgs::[01;31m[Kmsgs[m[K::NavSatFix>(
[1.421s]       |                                                            [01;31m[K^~~~[m[K
[1.421s]       |                                                            [32m[Kmsg[m[K
[1.422s] [01m[K/workspace/src/embedded_system/ublox_gps_driver/src/gps_node.cpp:158:30:[m[K [01;31m[Kerror: [m[Kparse error in template argument list
[1.422s]   158 |         nav_sat_pub_ = this->[01;31m[Kcreate_publisher<sensor_msgs::msgs::NavSatFix>[m[K(
[1.422s]       |                              [01;31m[K^~~~~~~~~~~~~~~~~~~~~~~~~~~~~~~~~~~~~~~~~~~~~~[m[K
[1.422s] [01m[K/workspace/src/embedded_system/ublox_gps_driver/src/gps_node.cpp:158:76:[m[K [01;31m[Kerror: [m[Kno matching function for call to ‘[01m[Kublox::GpsNode::create_publisher<<expression error> >(const char [4], int)[m[K’
[1.423s]   158 |         nav_sat_pub_ = [01;31m[Kthis->create_publisher<sensor_msgs::msgs::NavSatFix>([m[K
[1.423s]       |                        [01;31m[K~~~~~~~~~~~~~~~~~~~~~~~~~~~~~~~~~~~~~~~~~~~~~~~~~~~~^[m[K
[1.423s]   159 | [01;31m[K            "fix", 10[m[K
[1.423s]       |             [01;31m[K~~~~~~~~~[m[K                                                       
[1.423s]   160 | [01;31m[K        )[m[K;
[1.424s]       |         [01;31m[K~[m[K                                                                   
[1.427s] In file included from [01m[K/workspace/src/embedded_system/ublox_gps_driver/include/ublox_gps_driver/gps_node.hpp:4[m[K,
[1.428s]                  from [01m[K/workspace/src/embedded_system/ublox_gps_driver/src/gps_node.cpp:1[m[K:
[1.428s] [01m[K/opt/ros/humble/include/rclcpp_lifecycle/rclcpp_lifecycle/lifecycle_node.hpp:210:3:[m[K [01;36m[Knote: [m[Kcandidate: ‘[01m[Ktemplate<class MessageT, class AllocatorT> std::shared_ptr<rclcpp_lifecycle::LifecyclePublisher<MessageT, Alloc> > rclcpp_lifecycle::LifecycleNode::create_publisher(const string&, const rclcpp::QoS&, const rclcpp::PublisherOptionsWithAllocator<AllocatorT>&)[m[K’
[1.428s]   210 |   [01;36m[Kcreate_publisher[m[K(
[1.428s]       |   [01;36m[K^~~~~~~~~~~~~~~~[m[K
[1.428s] [01m[K/opt/ros/humble/include/rclcpp_lifecycle/rclcpp_lifecycle/lifecycle_node.hpp:210:3:[m[K [01;36m[Knote: [m[K  template argument deduction/substitution failed:
[1.428s] [01m[K/workspace/src/embedded_system/ublox_gps_driver/src/gps_node.cpp:158:76:[m[K [01;31m[Kerror: [m[Ktemplate argument 1 is invalid
[1.428s]   158 |         nav_sat_pub_ = [01;31m[Kthis->create_publisher<sensor_msgs::msgs::NavSatFix>([m[K
[1.429s]       |                        [01;31m[K~~~~~~~~~~~~~~~~~~~~~~~~~~~~~~~~~~~~~~~~~~~~~~~~~~~~^[m[K
[1.429s]   159 | [01;31m[K            "fix", 10[m[K
[1.429s]       |             [01;31m[K~~~~~~~~~[m[K                                                       
[1.429s]   160 | [01;31m[K        )[m[K;
[1.429s]       |         [01;31m[K~[m[K                                                                   
[1.429s] [01m[K/workspace/src/embedded_system/ublox_gps_driver/src/gps_node.cpp:171:79:[m[K [01;31m[Kerror: [m[K‘[01m[Krclcpp_lifecycle::node_interfaces::LifecycleNodeInterface::CallBackReturn[m[K’ has not been declared
[1.429s]   171 |             return rclcpp_lifecycle::node_interfaces::LifecycleNodeInterface::[01;31m[KCallBackReturn[m[K::FAILURE;
[1.429s]       |                                                                               [01;31m[K^~~~~~~~~~~~~~[m[K
[1.432s] [01m[K/workspace/src/embedded_system/ublox_gps_driver/src/gps_node.cpp:[m[K In lambda function:
[1.433s] [01m[K/workspace/src/embedded_system/ublox_gps_driver/src/gps_node.cpp:189:62:[m[K [01;31m[Kerror: [m[Kexpected ‘[01m[K{[m[K’ before ‘[01m[K)[m[K’ token
[1.433s]   189 |         parser_->setNavPVTCallback([this](const NavPVT& ppvt)[01;31m[K)[m[K {
[1.433s]       |                                                              [01;31m[K^[m[K
[1.433s] [01m[K/workspace/src/embedded_system/ublox_gps_driver/src/gps_node.cpp:189:57:[m[K [01;35m[Kwarning: [m[Kunused parameter ‘[01m[Kppvt[m[K’ [[01;35m[K-Wunused-parameter[m[K]
[1.433s]   189 |         parser_->setNavPVTCallback([this]([01;35m[Kconst NavPVT& ppvt[m[K)) {
[1.433s]       |                                           [01;35m[K~~~~~~~~~~~~~~^~~~[m[K
[1.433s] [01m[K/workspace/src/embedded_system/ublox_gps_driver/src/gps_node.cpp:[m[K In member function ‘[01m[Kvirtual rclcpp_lifecycle::node_interfaces::LifecycleNodeInterface::CallbackReturn ublox::GpsNode::on_configure(const rclcpp_lifecycle::State&)[m[K’:
[1.434s] [01m[K/workspace/src/embedded_system/ublox_gps_driver/src/gps_node.cpp:189:63:[m[K [01;31m[Kerror: [m[Kexpected ‘[01m[K;[m[K’ before ‘[01m[K{[m[K’ token
[1.434s]   189 |         parser_->setNavPVTCallback([this](const NavPVT& ppvt))[01;31m[K [m[K[32m[K{[m[K
[1.434s]       |                                                               [01;31m[K^[m[K[32m[K~[m[K
[1.434s]       |                                                               [32m[K;[m[K
[1.817s] gmake[2]: *** [CMakeFiles/gps_node.dir/build.make:76: CMakeFiles/gps_node.dir/src/gps_node.cpp.o] Error 1
[1.817s] gmake[1]: *** [CMakeFiles/Makefile2:272: CMakeFiles/gps_node.dir/all] Error 2
[1.818s] gmake: *** [Makefile:146: all] Error 2
[1.827s] Invoked command in '/workspace/src/build/ublox_gps_driver' returned '2': CMAKE_PREFIX_PATH=${CMAKE_PREFIX_PATH}:/opt/ros/humble /usr/bin/cmake --build /workspace/src/build/ublox_gps_driver -- -j8 -l8
