[01m[K/home/noahw/programs/machpilot/src/FSMPilot/src/FSMPilot.cpp:1:10:[m[K [01;31m[Kfatal error: [m[KFMPilot.hpp: No such file or directory
    1 | #include [01;31m[K"FMPilot.hpp"[m[K
      |          [01;31m[K^~~~~~~~~~~~~[m[K
compilation terminated.
gmake[2]: *** [CMakeFiles/state_machine_node.dir/build.make:104: CMakeFiles/state_machine_node.dir/src/FSMPilot.cpp.o] Error 1
gmake[2]: *** Waiting for unfinished jobs....
In file included from [01m[K/home/noahw/programs/machpilot/src/FSMPilot/src/ros_main.cpp:2[m[K:
[01m[K/home/noahw/programs/machpilot/src/FSMPilot/include/fsm_ros_wrapper/state_machine_node.hpp:8:10:[m[K [01;31m[Kfatal error: [m[KFMPilot.hpp: No such file or directory
    8 | #include [01;31m[K"FMPilot.hpp"[m[K
      |          [01;31m[K^~~~~~~~~~~~~[m[K
compilation terminated.
gmake[2]: *** [CMakeFiles/state_machine_node.dir/build.make:76: CMakeFiles/state_machine_node.dir/src/ros_main.cpp.o] Error 1
In file included from [01m[K/home/noahw/programs/machpilot/src/FSMPilot/src/state_machine_node.cpp:1[m[K:
[01m[K/home/noahw/programs/machpilot/src/FSMPilot/include/fsm_ros_wrapper/state_machine_node.hpp:8:10:[m[K [01;31m[Kfatal error: [m[KFMPilot.hpp: No such file or directory
    8 | #include [01;31m[K"FMPilot.hpp"[m[K
      |          [01;31m[K^~~~~~~~~~~~~[m[K
compilation terminated.
gmake[2]: *** [CMakeFiles/state_machine_node.dir/build.make:90: CMakeFiles/state_machine_node.dir/src/state_machine_node.cpp.o] Error 1
gmake[1]: *** [CMakeFiles/Makefile2:137: CMakeFiles/state_machine_node.dir/all] Error 2
gmake: *** [Makefile:146: all] Error 2
