[0.016s] Invoking command in '/home/noahw/programs/machpilot/src/FSMPilot/build/fsm_ros_wrapper': CMAKE_PREFIX_PATH=${CMAKE_PREFIX_PATH}:/opt/ros/humble /usr/bin/cmake --build /home/noahw/programs/machpilot/src/FSMPilot/build/fsm_ros_wrapper -- -j32 -l32
[0.071s] [35m[1mConsolidate compiler generated dependencies of target state_machine_node[0m
[0.082s] [ 10%] [32mBuilding CXX object CMakeFiles/state_machine_node.dir/src/ros_main.cpp.o[0m
[0.082s] [ 20%] [32mBuilding CXX object CMakeFiles/state_machine_node.dir/src/state_machine_node.cpp.o[0m
[0.083s] [ 30%] [32mBuilding CXX object CMakeFiles/state_machine_node.dir/src/FSMPilot.cpp.o[0m
[0.243s] [01m[K/home/noahw/programs/machpilot/src/FSMPilot/src/FSMPilot.cpp:62:28:[m[K [01;31m[Kerror: [m[Knon-member function ‘[01m[KFSMPilotStates get_state()[m[K’ cannot have cv-qualifier
[0.243s]    62 | FSMPilotStates get_state() [01;31m[Kconst[m[K{
[0.243s]       |                            [01;31m[K^~~~~[m[K
[0.245s] [01m[K/home/noahw/programs/machpilot/src/FSMPilot/src/FSMPilot.cpp:103:28:[m[K [01;31m[Kerror: [m[Knon-member function ‘[01m[KFSMPilotStates get_state()[m[K’ cannot have cv-qualifier
[0.245s]   103 | FSMPilotStates get_state() [01;31m[Kconst[m[K{
[0.245s]       |                            [01;31m[K^~~~~[m[K
[0.245s] [01m[K/home/noahw/programs/machpilot/src/FSMPilot/src/FSMPilot.cpp:103:16:[m[K [01;31m[Kerror: [m[Kredefinition of ‘[01m[KFSMPilotStates get_state()[m[K’
[0.245s]   103 | FSMPilotStates [01;31m[Kget_state[m[K() const{
[0.245s]       |                [01;31m[K^~~~~~~~~[m[K
[0.246s] [01m[K/home/noahw/programs/machpilot/src/FSMPilot/src/FSMPilot.cpp:62:16:[m[K [01;36m[Knote: [m[K‘[01m[KFSMPilotStates get_state()[m[K’ previously defined here
[0.246s]    62 | FSMPilotStates [01;36m[Kget_state[m[K() const{
[0.246s]       |                [01;36m[K^~~~~~~~~[m[K
[0.246s] [01m[K/home/noahw/programs/machpilot/src/FSMPilot/src/FSMPilot.cpp:125:28:[m[K [01;31m[Kerror: [m[Knon-member function ‘[01m[KFSMPilotStates get_state()[m[K’ cannot have cv-qualifier
[0.246s]   125 | FSMPilotStates get_state() [01;31m[Kconst[m[K{
[0.246s]       |                            [01;31m[K^~~~~[m[K
[0.246s] [01m[K/home/noahw/programs/machpilot/src/FSMPilot/src/FSMPilot.cpp:125:16:[m[K [01;31m[Kerror: [m[Kredefinition of ‘[01m[KFSMPilotStates get_state()[m[K’
[0.246s]   125 | FSMPilotStates [01;31m[Kget_state[m[K() const{
[0.246s]       |                [01;31m[K^~~~~~~~~[m[K
[0.246s] [01m[K/home/noahw/programs/machpilot/src/FSMPilot/src/FSMPilot.cpp:62:16:[m[K [01;36m[Knote: [m[K‘[01m[KFSMPilotStates get_state()[m[K’ previously defined here
[0.246s]    62 | FSMPilotStates [01;36m[Kget_state[m[K() const{
[0.246s]       |                [01;36m[K^~~~~~~~~[m[K
[0.246s] [01m[K/home/noahw/programs/machpilot/src/FSMPilot/src/FSMPilot.cpp:151:28:[m[K [01;31m[Kerror: [m[Knon-member function ‘[01m[KFSMPilotStates get_state()[m[K’ cannot have cv-qualifier
[0.246s]   151 | FSMPilotStates get_state() [01;31m[Kconst[m[K{
[0.246s]       |                            [01;31m[K^~~~~[m[K
[0.246s] [01m[K/home/noahw/programs/machpilot/src/FSMPilot/src/FSMPilot.cpp:151:16:[m[K [01;31m[Kerror: [m[Kredefinition of ‘[01m[KFSMPilotStates get_state()[m[K’
[0.246s]   151 | FSMPilotStates [01;31m[Kget_state[m[K() const{
[0.246s]       |                [01;31m[K^~~~~~~~~[m[K
[0.247s] [01m[K/home/noahw/programs/machpilot/src/FSMPilot/src/FSMPilot.cpp:62:16:[m[K [01;36m[Knote: [m[K‘[01m[KFSMPilotStates get_state()[m[K’ previously defined here
[0.247s]    62 | FSMPilotStates [01;36m[Kget_state[m[K() const{
[0.247s]       |                [01;36m[K^~~~~~~~~[m[K
[0.247s] [01m[K/home/noahw/programs/machpilot/src/FSMPilot/src/FSMPilot.cpp:169:28:[m[K [01;31m[Kerror: [m[Knon-member function ‘[01m[KFSMPilotStates get_state()[m[K’ cannot have cv-qualifier
[0.247s]   169 | FSMPilotStates get_state() [01;31m[Kconst[m[K{
[0.247s]       |                            [01;31m[K^~~~~[m[K
[0.247s] [01m[K/home/noahw/programs/machpilot/src/FSMPilot/src/FSMPilot.cpp:169:16:[m[K [01;31m[Kerror: [m[Kredefinition of ‘[01m[KFSMPilotStates get_state()[m[K’
[0.247s]   169 | FSMPilotStates [01;31m[Kget_state[m[K() const{
[0.247s]       |                [01;31m[K^~~~~~~~~[m[K
[0.247s] [01m[K/home/noahw/programs/machpilot/src/FSMPilot/src/FSMPilot.cpp:62:16:[m[K [01;36m[Knote: [m[K‘[01m[KFSMPilotStates get_state()[m[K’ previously defined here
[0.247s]    62 | FSMPilotStates [01;36m[Kget_state[m[K() const{
[0.247s]       |                [01;36m[K^~~~~~~~~[m[K
[0.247s] [01m[K/home/noahw/programs/machpilot/src/FSMPilot/src/FSMPilot.cpp:191:28:[m[K [01;31m[Kerror: [m[Knon-member function ‘[01m[KFSMPilotStates get_state()[m[K’ cannot have cv-qualifier
[0.247s]   191 | FSMPilotStates get_state() [01;31m[Kconst[m[K{
[0.247s]       |                            [01;31m[K^~~~~[m[K
[0.247s] [01m[K/home/noahw/programs/machpilot/src/FSMPilot/src/FSMPilot.cpp:191:16:[m[K [01;31m[Kerror: [m[Kredefinition of ‘[01m[KFSMPilotStates get_state()[m[K’
[0.247s]   191 | FSMPilotStates [01;31m[Kget_state[m[K() const{
[0.247s]       |                [01;31m[K^~~~~~~~~[m[K
[0.247s] [01m[K/home/noahw/programs/machpilot/src/FSMPilot/src/FSMPilot.cpp:62:16:[m[K [01;36m[Knote: [m[K‘[01m[KFSMPilotStates get_state()[m[K’ previously defined here
[0.247s]    62 | FSMPilotStates [01;36m[Kget_state[m[K() const{
[0.247s]       |                [01;36m[K^~~~~~~~~[m[K
[0.247s] In file included from [01m[K/home/noahw/programs/machpilot/src/FSMPilot/src/FSMPilot.hpp:4[m[K,
[0.247s]                  from [01m[K/home/noahw/programs/machpilot/src/FSMPilot/src/FSMPilot.cpp:1[m[K:
[0.247s] /home/noahw/programs/machpilot/src/FSMPilot/third_party/tinyfsm/include/tinyfsm.hpp: In instantiation of ‘[01m[Ktinyfsm::_state_instance<Uninitialized>::value_type tinyfsm::_state_instance<Uninitialized>::value[m[K’:
[0.247s] [01m[K/home/noahw/programs/machpilot/src/FSMPilot/src/FSMPilot.cpp:204:1:[m[K   required from here
[0.247s] [01m[K/home/noahw/programs/machpilot/src/FSMPilot/third_party/tinyfsm/include/tinyfsm.hpp:80:43:[m[K [01;31m[Kerror: [m[Kcannot declare variable ‘[01m[Ktinyfsm::_state_instance<Uninitialized>::value[m[K’ to be of abstract type ‘[01m[KUninitialized[m[K’
[0.247s]    80 |   typename _state_instance<S>::value_type [01;31m[K_state_instance<S>[m[K::value;
[0.248s]       |                                           [01;31m[K^~~~~~~~~~~~~~~~~~[m[K
[0.248s] In file included from [01m[K/home/noahw/programs/machpilot/src/FSMPilot/src/FSMPilot.cpp:1[m[K:
[0.248s] [01m[K/home/noahw/programs/machpilot/src/FSMPilot/src/FSMPilot.hpp:68:7:[m[K [01;36m[Knote: [m[K  because the following virtual functions are pure within ‘[01m[KUninitialized[m[K’:
[0.248s]    68 | class [01;36m[KUninitialized[m[K : public StateMachine {
[0.248s]       |       [01;36m[K^~~~~~~~~~~~~[m[K
[0.248s] [01m[K/home/noahw/programs/machpilot/src/FSMPilot/src/FSMPilot.hpp:59:28:[m[K [01;36m[Knote: [m[K    ‘[01m[Kvirtual FSMPilotStates StateMachine::get_state()[m[K’
[0.248s]    59 |     virtual FSMPilotStates [01;36m[Kget_state[m[K()=0;
[0.248s]       |                            [01;36m[K^~~~~~~~~[m[K
[0.257s] In file included from [01m[K/home/noahw/programs/machpilot/src/FSMPilot/src/FSMPilot.hpp:4[m[K,
[0.257s]                  from [01m[K/home/noahw/programs/machpilot/src/FSMPilot/src/FSMPilot.cpp:1[m[K:
[0.257s] /home/noahw/programs/machpilot/src/FSMPilot/third_party/tinyfsm/include/tinyfsm.hpp: In instantiation of ‘[01m[Ktinyfsm::_state_instance<Initialized>::value_type tinyfsm::_state_instance<Initialized>::value[m[K’:
[0.257s] [01m[K/home/noahw/programs/machpilot/src/FSMPilot/third_party/tinyfsm/include/tinyfsm.hpp:137:27:[m[K   required from ‘[01m[Kvoid tinyfsm::Fsm<F>::transit() [with S = Initialized; F = StateMachine][m[K’
[0.257s] [01m[K/home/noahw/programs/machpilot/src/FSMPilot/src/FSMPilot.cpp:73:29:[m[K   required from here
[0.257s] [01m[K/home/noahw/programs/machpilot/src/FSMPilot/third_party/tinyfsm/include/tinyfsm.hpp:80:43:[m[K [01;31m[Kerror: [m[Kcannot declare variable ‘[01m[Ktinyfsm::_state_instance<Initialized>::value[m[K’ to be of abstract type ‘[01m[KInitialized[m[K’
[0.257s]    80 |   typename _state_instance<S>::value_type [01;31m[K_state_instance<S>[m[K::value;
[0.257s]       |                                           [01;31m[K^~~~~~~~~~~~~~~~~~[m[K
[0.257s] In file included from [01m[K/home/noahw/programs/machpilot/src/FSMPilot/src/FSMPilot.cpp:1[m[K:
[0.257s] [01m[K/home/noahw/programs/machpilot/src/FSMPilot/src/FSMPilot.hpp:81:7:[m[K [01;36m[Knote: [m[K  because the following virtual functions are pure within ‘[01m[KInitialized[m[K’:
[0.257s]    81 | class [01;36m[KInitialized[m[K : public StateMachine {
[0.257s]       |       [01;36m[K^~~~~~~~~~~[m[K
[0.258s] [01m[K/home/noahw/programs/machpilot/src/FSMPilot/src/FSMPilot.hpp:59:28:[m[K [01;36m[Knote: [m[K    ‘[01m[Kvirtual FSMPilotStates StateMachine::get_state()[m[K’
[0.258s]    59 |     virtual FSMPilotStates [01;36m[Kget_state[m[K()=0;
[0.258s]       |                            [01;36m[K^~~~~~~~~[m[K
[0.258s] In file included from [01m[K/home/noahw/programs/machpilot/src/FSMPilot/src/FSMPilot.hpp:4[m[K,
[0.258s]                  from [01m[K/home/noahw/programs/machpilot/src/FSMPilot/src/FSMPilot.cpp:1[m[K:
[0.258s] /home/noahw/programs/machpilot/src/FSMPilot/third_party/tinyfsm/include/tinyfsm.hpp: In instantiation of ‘[01m[Ktinyfsm::_state_instance<Armed>::value_type tinyfsm::_state_instance<Armed>::value[m[K’:
[0.258s] [01m[K/home/noahw/programs/machpilot/src/FSMPilot/third_party/tinyfsm/include/tinyfsm.hpp:137:27:[m[K   required from ‘[01m[Kvoid tinyfsm::Fsm<F>::transit() [with S = Armed; F = StateMachine][m[K’
[0.258s] [01m[K/home/noahw/programs/machpilot/src/FSMPilot/src/FSMPilot.cpp:112:19:[m[K   required from here
[0.258s] [01m[K/home/noahw/programs/machpilot/src/FSMPilot/third_party/tinyfsm/include/tinyfsm.hpp:80:43:[m[K [01;31m[Kerror: [m[Kcannot declare variable ‘[01m[Ktinyfsm::_state_instance<Armed>::value[m[K’ to be of abstract type ‘[01m[KArmed[m[K’
[0.258s]    80 |   typename _state_instance<S>::value_type [01;31m[K_state_instance<S>[m[K::value;
[0.258s]       |                                           [01;31m[K^~~~~~~~~~~~~~~~~~[m[K
[0.258s] In file included from [01m[K/home/noahw/programs/machpilot/src/FSMPilot/src/FSMPilot.cpp:1[m[K:
[0.258s] [01m[K/home/noahw/programs/machpilot/src/FSMPilot/src/FSMPilot.hpp:88:7:[m[K [01;36m[Knote: [m[K  because the following virtual functions are pure within ‘[01m[KArmed[m[K’:
[0.258s]    88 | class [01;36m[KArmed[m[K : public StateMachine {
[0.258s]       |       [01;36m[K^~~~~[m[K
[0.258s] [01m[K/home/noahw/programs/machpilot/src/FSMPilot/src/FSMPilot.hpp:59:28:[m[K [01;36m[Knote: [m[K    ‘[01m[Kvirtual FSMPilotStates StateMachine::get_state()[m[K’
[0.258s]    59 |     virtual FSMPilotStates [01;36m[Kget_state[m[K()=0;
[0.258s]       |                            [01;36m[K^~~~~~~~~[m[K
[0.258s] In file included from [01m[K/home/noahw/programs/machpilot/src/FSMPilot/src/FSMPilot.hpp:4[m[K,
[0.258s]                  from [01m[K/home/noahw/programs/machpilot/src/FSMPilot/src/FSMPilot.cpp:1[m[K:
[0.258s] /home/noahw/programs/machpilot/src/FSMPilot/third_party/tinyfsm/include/tinyfsm.hpp: In instantiation of ‘[01m[Ktinyfsm::_state_instance<ManualFlight>::value_type tinyfsm::_state_instance<ManualFlight>::value[m[K’:
[0.258s] [01m[K/home/noahw/programs/machpilot/src/FSMPilot/third_party/tinyfsm/include/tinyfsm.hpp:137:27:[m[K   required from ‘[01m[Kvoid tinyfsm::Fsm<F>::transit() [with S = ManualFlight; F = StateMachine][m[K’
[0.258s] [01m[K/home/noahw/programs/machpilot/src/FSMPilot/src/FSMPilot.cpp:134:26:[m[K   required from here
[0.258s] [01m[K/home/noahw/programs/machpilot/src/FSMPilot/third_party/tinyfsm/include/tinyfsm.hpp:80:43:[m[K [01;31m[Kerror: [m[Kcannot declare variable ‘[01m[Ktinyfsm::_state_instance<ManualFlight>::value[m[K’ to be of abstract type ‘[01m[KManualFlight[m[K’
[0.258s]    80 |   typename _state_instance<S>::value_type [01;31m[K_state_instance<S>[m[K::value;
[0.258s]       |                                           [01;31m[K^~~~~~~~~~~~~~~~~~[m[K
[0.258s] In file included from [01m[K/home/noahw/programs/machpilot/src/FSMPilot/src/FSMPilot.cpp:1[m[K:
[0.258s] [01m[K/home/noahw/programs/machpilot/src/FSMPilot/src/FSMPilot.hpp:96:7:[m[K [01;36m[Knote: [m[K  because the following virtual functions are pure within ‘[01m[KManualFlight[m[K’:
[0.258s]    96 | class [01;36m[KManualFlight[m[K : public StateMachine {
[0.258s]       |       [01;36m[K^~~~~~~~~~~~[m[K
[0.258s] [01m[K/home/noahw/programs/machpilot/src/FSMPilot/src/FSMPilot.hpp:59:28:[m[K [01;36m[Knote: [m[K    ‘[01m[Kvirtual FSMPilotStates StateMachine::get_state()[m[K’
[0.258s]    59 |     virtual FSMPilotStates [01;36m[Kget_state[m[K()=0;
[0.258s]       |                            [01;36m[K^~~~~~~~~[m[K
[0.258s] In file included from [01m[K/home/noahw/programs/machpilot/src/FSMPilot/src/FSMPilot.hpp:4[m[K,
[0.258s]                  from [01m[K/home/noahw/programs/machpilot/src/FSMPilot/src/FSMPilot.cpp:1[m[K:
[0.258s] /home/noahw/programs/machpilot/src/FSMPilot/third_party/tinyfsm/include/tinyfsm.hpp: In instantiation of ‘[01m[Ktinyfsm::_state_instance<Disarm>::value_type tinyfsm::_state_instance<Disarm>::value[m[K’:
[0.258s] [01m[K/home/noahw/programs/machpilot/src/FSMPilot/third_party/tinyfsm/include/tinyfsm.hpp:137:27:[m[K   required from ‘[01m[Kvoid tinyfsm::Fsm<F>::transit() [with S = Disarm; F = StateMachine][m[K’
[0.258s] [01m[K/home/noahw/programs/machpilot/src/FSMPilot/src/FSMPilot.cpp:138:20:[m[K   required from here
[0.258s] [01m[K/home/noahw/programs/machpilot/src/FSMPilot/third_party/tinyfsm/include/tinyfsm.hpp:80:43:[m[K [01;31m[Kerror: [m[Kcannot declare variable ‘[01m[Ktinyfsm::_state_instance<Disarm>::value[m[K’ to be of abstract type ‘[01m[KDisarm[m[K’
[0.259s]    80 |   typename _state_instance<S>::value_type [01;31m[K_state_instance<S>[m[K::value;
[0.259s]       |                                           [01;31m[K^~~~~~~~~~~~~~~~~~[m[K
[0.259s] In file included from [01m[K/home/noahw/programs/machpilot/src/FSMPilot/src/FSMPilot.cpp:1[m[K:
[0.259s] [01m[K/home/noahw/programs/machpilot/src/FSMPilot/src/FSMPilot.hpp:102:7:[m[K [01;36m[Knote: [m[K  because the following virtual functions are pure within ‘[01m[KDisarm[m[K’:
[0.259s]   102 | class [01;36m[KDisarm[m[K : public StateMachine {
[0.259s]       |       [01;36m[K^~~~~~[m[K
[0.259s] [01m[K/home/noahw/programs/machpilot/src/FSMPilot/src/FSMPilot.hpp:59:28:[m[K [01;36m[Knote: [m[K    ‘[01m[Kvirtual FSMPilotStates StateMachine::get_state()[m[K’
[0.259s]    59 |     virtual FSMPilotStates [01;36m[Kget_state[m[K()=0;
[0.259s]       |                            [01;36m[K^~~~~~~~~[m[K
[0.259s] In file included from [01m[K/home/noahw/programs/machpilot/src/FSMPilot/src/FSMPilot.hpp:4[m[K,
[0.259s]                  from [01m[K/home/noahw/programs/machpilot/src/FSMPilot/src/FSMPilot.cpp:1[m[K:
[0.259s] /home/noahw/programs/machpilot/src/FSMPilot/third_party/tinyfsm/include/tinyfsm.hpp: In instantiation of ‘[01m[Ktinyfsm::_state_instance<Shutdown>::value_type tinyfsm::_state_instance<Shutdown>::value[m[K’:
[0.259s] [01m[K/home/noahw/programs/machpilot/src/FSMPilot/third_party/tinyfsm/include/tinyfsm.hpp:137:27:[m[K   required from ‘[01m[Kvoid tinyfsm::Fsm<F>::transit() [with S = Shutdown; F = StateMachine][m[K’
[0.259s] [01m[K/home/noahw/programs/machpilot/src/FSMPilot/src/FSMPilot.cpp:178:22:[m[K   required from here
[0.259s] [01m[K/home/noahw/programs/machpilot/src/FSMPilot/third_party/tinyfsm/include/tinyfsm.hpp:80:43:[m[K [01;31m[Kerror: [m[Kcannot declare variable ‘[01m[Ktinyfsm::_state_instance<Shutdown>::value[m[K’ to be of abstract type ‘[01m[KShutdown[m[K’
[0.259s]    80 |   typename _state_instance<S>::value_type [01;31m[K_state_instance<S>[m[K::value;
[0.259s]       |                                           [01;31m[K^~~~~~~~~~~~~~~~~~[m[K
[0.259s] In file included from [01m[K/home/noahw/programs/machpilot/src/FSMPilot/src/FSMPilot.cpp:1[m[K:
[0.259s] [01m[K/home/noahw/programs/machpilot/src/FSMPilot/src/FSMPilot.hpp:109:7:[m[K [01;36m[Knote: [m[K  because the following virtual functions are pure within ‘[01m[KShutdown[m[K’:
[0.259s]   109 | class [01;36m[KShutdown[m[K : public StateMachine {
[0.259s]       |       [01;36m[K^~~~~~~~[m[K
[0.259s] [01m[K/home/noahw/programs/machpilot/src/FSMPilot/src/FSMPilot.hpp:59:28:[m[K [01;36m[Knote: [m[K    ‘[01m[Kvirtual FSMPilotStates StateMachine::get_state()[m[K’
[0.259s]    59 |     virtual FSMPilotStates [01;36m[Kget_state[m[K()=0;
[0.259s]       |                            [01;36m[K^~~~~~~~~[m[K
[0.270s] gmake[2]: *** [CMakeFiles/state_machine_node.dir/build.make:104: CMakeFiles/state_machine_node.dir/src/FSMPilot.cpp.o] Error 1
[0.270s] gmake[2]: *** Waiting for unfinished jobs....
[1.494s] In file included from [01m[K/home/noahw/programs/machpilot/src/FSMPilot/include/fsm_ros_wrapper/state_machine_node.hpp:9[m[K,
[1.494s]                  from [01m[K/home/noahw/programs/machpilot/src/FSMPilot/src/ros_main.cpp:2[m[K:
[1.494s] [01m[K/home/noahw/programs/machpilot/src/FSMPilot/include/fsm_ros_wrapper/FSMPilotStates.hpp:3:12:[m[K [01;31m[Kerror: [m[Kmultiple definition of ‘[01m[Kenum class FSMPilotStates[m[K’
[1.494s]     3 | enum class [01;31m[KFSMPilotStates[m[K: unsigned char{
[1.494s]       |            [01;31m[K^~~~~~~~~~~~~~[m[K
[1.494s] In file included from [01m[K/home/noahw/programs/machpilot/src/FSMPilot/src/FSMPilot.hpp:9[m[K,
[1.494s]                  from [01m[K/home/noahw/programs/machpilot/src/FSMPilot/include/fsm_ros_wrapper/state_machine_node.hpp:8[m[K,
[1.494s]                  from [01m[K/home/noahw/programs/machpilot/src/FSMPilot/src/ros_main.cpp:2[m[K:
[1.494s] [01m[K/home/noahw/programs/machpilot/src/FSMPilot/include/fsm_ros_wrapper/FSMPilotStates.hpp:3:12:[m[K [01;36m[Knote: [m[Kprevious definition here
[1.494s]     3 | enum class [01;36m[KFSMPilotStates[m[K: unsigned char{
[1.494s]       |            [01;36m[K^~~~~~~~~~~~~~[m[K
[1.494s] In file included from [01m[K/home/noahw/programs/machpilot/src/FSMPilot/include/fsm_ros_wrapper/state_machine_node.hpp:9[m[K,
[1.495s]                  from [01m[K/home/noahw/programs/machpilot/src/FSMPilot/src/state_machine_node.cpp:1[m[K:
[1.495s] [01m[K/home/noahw/programs/machpilot/src/FSMPilot/include/fsm_ros_wrapper/FSMPilotStates.hpp:3:12:[m[K [01;31m[Kerror: [m[Kmultiple definition of ‘[01m[Kenum class FSMPilotStates[m[K’
[1.495s]     3 | enum class [01;31m[KFSMPilotStates[m[K: unsigned char{
[1.495s]       |            [01;31m[K^~~~~~~~~~~~~~[m[K
[1.495s] In file included from [01m[K/home/noahw/programs/machpilot/src/FSMPilot/src/FSMPilot.hpp:9[m[K,
[1.495s]                  from [01m[K/home/noahw/programs/machpilot/src/FSMPilot/include/fsm_ros_wrapper/state_machine_node.hpp:8[m[K,
[1.495s]                  from [01m[K/home/noahw/programs/machpilot/src/FSMPilot/src/state_machine_node.cpp:1[m[K:
[1.495s] [01m[K/home/noahw/programs/machpilot/src/FSMPilot/include/fsm_ros_wrapper/FSMPilotStates.hpp:3:12:[m[K [01;36m[Knote: [m[Kprevious definition here
[1.495s]     3 | enum class [01;36m[KFSMPilotStates[m[K: unsigned char{
[1.495s]       |            [01;36m[K^~~~~~~~~~~~~~[m[K
[1.790s] gmake[2]: *** [CMakeFiles/state_machine_node.dir/build.make:76: CMakeFiles/state_machine_node.dir/src/ros_main.cpp.o] Error 1
[3.417s] gmake[2]: *** [CMakeFiles/state_machine_node.dir/build.make:90: CMakeFiles/state_machine_node.dir/src/state_machine_node.cpp.o] Error 1
[3.417s] gmake[1]: *** [CMakeFiles/Makefile2:137: CMakeFiles/state_machine_node.dir/all] Error 2
[3.417s] gmake: *** [Makefile:146: all] Error 2
[3.420s] Invoked command in '/home/noahw/programs/machpilot/src/FSMPilot/build/fsm_ros_wrapper' returned '2': CMAKE_PREFIX_PATH=${CMAKE_PREFIX_PATH}:/opt/ros/humble /usr/bin/cmake --build /home/noahw/programs/machpilot/src/FSMPilot/build/fsm_ros_wrapper -- -j32 -l32
