[0.201s] Invoking command in '/workspace/src/build/interfaces': CMAKE_PREFIX_PATH=/opt/ros/humble /usr/bin/cmake /workspace/src/util/interfaces -DCMAKE_INSTALL_PREFIX=/workspace/src/install/interfaces
[0.878s] -- The C compiler identification is GNU 11.4.0
[1.309s] -- The CXX compiler identification is GNU 11.4.0
[1.371s] -- Detecting C compiler ABI info
[2.084s] -- Detecting C compiler ABI info - done
[2.132s] -- Check for working C compiler: /usr/bin/cc - skipped
[2.135s] -- Detecting C compile features
[2.137s] -- Detecting C compile features - done
[2.160s] -- Detecting CXX compiler ABI info
[2.875s] -- Detecting CXX compiler ABI info - done
[2.922s] -- Check for working CXX compiler: /usr/bin/c++ - skipped
[2.936s] -- Detecting CXX compile features
[2.939s] -- Detecting CXX compile features - done
[3.049s] -- Found ament_cmake: 1.3.12 (/opt/ros/humble/share/ament_cmake/cmake)
[3.476s] -- Found Python3: /usr/bin/python3 (found version "3.10.12") found components: Interpreter 
[4.515s] -- Found std_msgs: 4.9.0 (/opt/ros/humble/share/std_msgs/cmake)
[4.742s] -- Found rosidl_generator_c: 3.1.7 (/opt/ros/humble/share/rosidl_generator_c/cmake)
[4.847s] -- Found rosidl_adapter: 3.1.7 (/opt/ros/humble/share/rosidl_adapter/cmake)
[4.876s] -- Found rosidl_generator_cpp: 3.1.7 (/opt/ros/humble/share/rosidl_generator_cpp/cmake)
[4.881s] -- Using all available rosidl_typesupport_c: rosidl_typesupport_fastrtps_c;rosidl_typesupport_introspection_c
[4.921s] -- Using all available rosidl_typesupport_cpp: rosidl_typesupport_fastrtps_cpp;rosidl_typesupport_introspection_cpp
[5.090s] -- Found rosidl_default_generators: 1.2.0 (/opt/ros/humble/share/rosidl_default_generators/cmake)
[8.171s] -- Found ament_cmake_ros: 0.10.0 (/opt/ros/humble/share/ament_cmake_ros/cmake)
[10.536s] -- Using all available rosidl_typesupport_c: rosidl_typesupport_fastrtps_c;rosidl_typesupport_introspection_c
[11.240s] -- Using all available rosidl_typesupport_cpp: rosidl_typesupport_fastrtps_cpp;rosidl_typesupport_introspection_cpp
[11.279s] -- Found PythonInterp: /usr/bin/python3 (found suitable version "3.10.12", minimum required is "3.6") 
[11.283s] -- Found python_cmake_module: 0.10.0 (/opt/ros/humble/share/python_cmake_module/cmake)
[11.332s] -- Found PythonLibs: /usr/lib/x86_64-linux-gnu/libpython3.10.so (found suitable version "3.10.12", minimum required is "3.5") 
[11.334s] -- Using PYTHON_EXECUTABLE: /usr/bin/python3
[11.336s] -- Using PYTHON_INCLUDE_DIRS: /usr/include/python3.10
[11.339s] -- Using PYTHON_LIBRARIES: /usr/lib/x86_64-linux-gnu/libpython3.10.so
[11.369s] -- Found PythonExtra: .so  
[11.767s] -- Found ament_lint_auto: 0.12.14 (/opt/ros/humble/share/ament_lint_auto/cmake)
[12.137s] -- Added test 'lint_cmake' to check CMake code style
[12.182s] -- Added test 'xmllint' to check XML markup files
[12.326s] -- Configuring done
[13.797s] -- Generating done
[14.328s] -- Build files have been written to: /workspace/src/build/interfaces
