[ 11%] Built target uart_lib
[ 29%] Built target ublox_messages
[ 47%] Built target gtest_main
[ 47%] Built target gtest
[ 58%] Built target uart_interface
[ 70%] Built target test_checksum
[ 82%] Built target ublox_parser
[35m[1mConsolidate compiler generated dependencies of target gps_node[0m
[ 88%] [32mBuilding CXX object CMakeFiles/gps_node.dir/src/gps_node.cpp.o[0m
[ 94%] [32mBuilding CXX object CMakeFiles/gps_node.dir/src/main.cpp.o[0m
[100%] [32m[1mLinking CXX executable gps_node[0m
[100%] Built target gps_node
-- Install configuration: ""
-- Installing: /workspace/src/install/ublox_gps_driver/lib/ublox_gps_driver/gps_node
-- Set runtime path of "/workspace/src/install/ublox_gps_driver/lib/ublox_gps_driver/gps_node" to ""
-- Installing: /workspace/src/install/ublox_gps_driver/include
-- Installing: /workspace/src/install/ublox_gps_driver/include/ublox_gps_driver
-- Installing: /workspace/src/install/ublox_gps_driver/include/ublox_gps_driver/uart_interface.hpp
-- Installing: /workspace/src/install/ublox_gps_driver/include/ublox_gps_driver/ublox_messages.hpp
-- Installing: /workspace/src/install/ublox_gps_driver/include/ublox_gps_driver/ublox_parser.hpp
-- Installing: /workspace/src/install/ublox_gps_driver/include/ublox_gps_driver/gps_node.hpp
-- Installing: /workspace/src/install/ublox_gps_driver/share/ament_index/resource_index/package_run_dependencies/ublox_gps_driver
-- Installing: /workspace/src/install/ublox_gps_driver/share/ament_index/resource_index/parent_prefix_path/ublox_gps_driver
-- Installing: /workspace/src/install/ublox_gps_driver/share/ublox_gps_driver/environment/ament_prefix_path.sh
-- Installing: /workspace/src/install/ublox_gps_driver/share/ublox_gps_driver/environment/ament_prefix_path.dsv
-- Installing: /workspace/src/install/ublox_gps_driver/share/ublox_gps_driver/environment/path.sh
-- Installing: /workspace/src/install/ublox_gps_driver/share/ublox_gps_driver/environment/path.dsv
-- Installing: /workspace/src/install/ublox_gps_driver/share/ublox_gps_driver/local_setup.bash
-- Installing: /workspace/src/install/ublox_gps_driver/share/ublox_gps_driver/local_setup.sh
-- Installing: /workspace/src/install/ublox_gps_driver/share/ublox_gps_driver/local_setup.zsh
-- Installing: /workspace/src/install/ublox_gps_driver/share/ublox_gps_driver/local_setup.dsv
-- Installing: /workspace/src/install/ublox_gps_driver/share/ublox_gps_driver/package.dsv
-- Installing: /workspace/src/install/ublox_gps_driver/share/ament_index/resource_index/packages/ublox_gps_driver
-- Installing: /workspace/src/install/ublox_gps_driver/share/ublox_gps_driver/cmake/ublox_gps_driverConfig.cmake
-- Installing: /workspace/src/install/ublox_gps_driver/share/ublox_gps_driver/cmake/ublox_gps_driverConfig-version.cmake
-- Installing: /workspace/src/install/ublox_gps_driver/share/ublox_gps_driver/package.xml
