[0.008s] Invoking command in '/workspace/src/build/ublox_gps_driver': CMAKE_PREFIX_PATH=${CMAKE_PREFIX_PATH}:/opt/ros/humble /usr/bin/cmake --build /workspace/src/build/ublox_gps_driver -- -j8 -l8
[0.057s] [ 11%] Built target uart_lib
[0.060s] [ 29%] Built target ublox_messages
[0.061s] [ 47%] Built target gtest_main
[0.062s] [ 47%] Built target gtest
[0.070s] [ 58%] Built target uart_interface
[0.078s] [ 70%] Built target test_checksum
[0.078s] [ 82%] Built target ublox_parser
[0.089s] [35m[1mConsolidate compiler generated dependencies of target gps_node[0m
[0.166s] [ 88%] [32mBuilding CXX object CMakeFiles/gps_node.dir/src/gps_node.cpp.o[0m
[0.167s] [ 94%] [32mBuilding CXX object CMakeFiles/gps_node.dir/src/main.cpp.o[0m
[2.474s] [100%] [32m[1mLinking CXX executable gps_node[0m
[2.656s] [100%] Built target gps_node
[2.666s] Invoked command in '/workspace/src/build/ublox_gps_driver' returned '0': CMAKE_PREFIX_PATH=${CMAKE_PREFIX_PATH}:/opt/ros/humble /usr/bin/cmake --build /workspace/src/build/ublox_gps_driver -- -j8 -l8
[2.673s] Invoking command in '/workspace/src/build/ublox_gps_driver': CMAKE_PREFIX_PATH=${CMAKE_PREFIX_PATH}:/opt/ros/humble /usr/bin/cmake --install /workspace/src/build/ublox_gps_driver
[2.676s] -- Install configuration: ""
[2.677s] -- Installing: /workspace/src/install/ublox_gps_driver/lib/ublox_gps_driver/gps_node
[2.685s] -- Set runtime path of "/workspace/src/install/ublox_gps_driver/lib/ublox_gps_driver/gps_node" to ""
[2.686s] -- Installing: /workspace/src/install/ublox_gps_driver/include
[2.687s] -- Installing: /workspace/src/install/ublox_gps_driver/include/ublox_gps_driver
[2.688s] -- Installing: /workspace/src/install/ublox_gps_driver/include/ublox_gps_driver/uart_interface.hpp
[2.689s] -- Installing: /workspace/src/install/ublox_gps_driver/include/ublox_gps_driver/ublox_messages.hpp
[2.690s] -- Installing: /workspace/src/install/ublox_gps_driver/include/ublox_gps_driver/ublox_parser.hpp
[2.691s] -- Installing: /workspace/src/install/ublox_gps_driver/include/ublox_gps_driver/gps_node.hpp
[2.693s] -- Installing: /workspace/src/install/ublox_gps_driver/share/ament_index/resource_index/package_run_dependencies/ublox_gps_driver
[2.694s] -- Installing: /workspace/src/install/ublox_gps_driver/share/ament_index/resource_index/parent_prefix_path/ublox_gps_driver
[2.696s] -- Installing: /workspace/src/install/ublox_gps_driver/share/ublox_gps_driver/environment/ament_prefix_path.sh
[2.697s] -- Installing: /workspace/src/install/ublox_gps_driver/share/ublox_gps_driver/environment/ament_prefix_path.dsv
[2.698s] -- Installing: /workspace/src/install/ublox_gps_driver/share/ublox_gps_driver/environment/path.sh
[2.700s] -- Installing: /workspace/src/install/ublox_gps_driver/share/ublox_gps_driver/environment/path.dsv
[2.701s] -- Installing: /workspace/src/install/ublox_gps_driver/share/ublox_gps_driver/local_setup.bash
[2.702s] -- Installing: /workspace/src/install/ublox_gps_driver/share/ublox_gps_driver/local_setup.sh
[2.704s] -- Installing: /workspace/src/install/ublox_gps_driver/share/ublox_gps_driver/local_setup.zsh
[2.705s] -- Installing: /workspace/src/install/ublox_gps_driver/share/ublox_gps_driver/local_setup.dsv
[2.706s] -- Installing: /workspace/src/install/ublox_gps_driver/share/ublox_gps_driver/package.dsv
[2.708s] -- Installing: /workspace/src/install/ublox_gps_driver/share/ament_index/resource_index/packages/ublox_gps_driver
[2.709s] -- Installing: /workspace/src/install/ublox_gps_driver/share/ublox_gps_driver/cmake/ublox_gps_driverConfig.cmake
[2.710s] -- Installing: /workspace/src/install/ublox_gps_driver/share/ublox_gps_driver/cmake/ublox_gps_driverConfig-version.cmake
[2.711s] -- Installing: /workspace/src/install/ublox_gps_driver/share/ublox_gps_driver/package.xml
[2.716s] Invoked command in '/workspace/src/build/ublox_gps_driver' returned '0': CMAKE_PREFIX_PATH=${CMAKE_PREFIX_PATH}:/opt/ros/humble /usr/bin/cmake --install /workspace/src/build/ublox_gps_driver
