[0.006s] Invoking command in '/home/noahw/programs/machpilot/src/FSMPilot/build/fsm_ros_wrapper': CMAKE_PREFIX_PATH=/opt/ros/humble /usr/bin/cmake --build /home/noahw/programs/machpilot/src/FSMPilot/build/fsm_ros_wrapper -- -j32 -l32
[0.031s] [35m[1mConsolidate compiler generated dependencies of target state_machine_node[0m
[0.043s] [ 11%] [32mBuilding CXX object CMakeFiles/state_machine_node.dir/src/state_machine_node.cpp.o[0m
[6.234s] [ 22%] [32m[1mLinking CXX executable state_machine_node[0m
[6.714s] [100%] Built target state_machine_node
[6.719s] Invoked command in '/home/noahw/programs/machpilot/src/FSMPilot/build/fsm_ros_wrapper' returned '0': CMAKE_PREFIX_PATH=/opt/ros/humble /usr/bin/cmake --build /home/noahw/programs/machpilot/src/FSMPilot/build/fsm_ros_wrapper -- -j32 -l32
[6.724s] Invoking command in '/home/noahw/programs/machpilot/src/FSMPilot/build/fsm_ros_wrapper': CMAKE_PREFIX_PATH=/opt/ros/humble /usr/bin/cmake --install /home/noahw/programs/machpilot/src/FSMPilot/build/fsm_ros_wrapper
[6.728s] -- Install configuration: ""
[6.729s] -- Installing: /home/noahw/programs/machpilot/src/FSMPilot/install/fsm_ros_wrapper/lib/fsm_ros_wrapper/state_machine_node
[6.733s] -- Set runtime path of "/home/noahw/programs/machpilot/src/FSMPilot/install/fsm_ros_wrapper/lib/fsm_ros_wrapper/state_machine_node" to ""
[6.734s] -- Installing: /home/noahw/programs/machpilot/src/FSMPilot/install/fsm_ros_wrapper/share/ament_index/resource_index/package_run_dependencies/fsm_ros_wrapper
[6.734s] -- Installing: /home/noahw/programs/machpilot/src/FSMPilot/install/fsm_ros_wrapper/share/ament_index/resource_index/parent_prefix_path/fsm_ros_wrapper
[6.735s] -- Installing: /home/noahw/programs/machpilot/src/FSMPilot/install/fsm_ros_wrapper/share/fsm_ros_wrapper/environment/ament_prefix_path.sh
[6.735s] -- Installing: /home/noahw/programs/machpilot/src/FSMPilot/install/fsm_ros_wrapper/share/fsm_ros_wrapper/environment/ament_prefix_path.dsv
[6.736s] -- Installing: /home/noahw/programs/machpilot/src/FSMPilot/install/fsm_ros_wrapper/share/fsm_ros_wrapper/environment/path.sh
[6.736s] -- Installing: /home/noahw/programs/machpilot/src/FSMPilot/install/fsm_ros_wrapper/share/fsm_ros_wrapper/environment/path.dsv
[6.736s] -- Installing: /home/noahw/programs/machpilot/src/FSMPilot/install/fsm_ros_wrapper/share/fsm_ros_wrapper/local_setup.bash
[6.737s] -- Installing: /home/noahw/programs/machpilot/src/FSMPilot/install/fsm_ros_wrapper/share/fsm_ros_wrapper/local_setup.sh
[6.737s] -- Installing: /home/noahw/programs/machpilot/src/FSMPilot/install/fsm_ros_wrapper/share/fsm_ros_wrapper/local_setup.zsh
[6.737s] -- Installing: /home/noahw/programs/machpilot/src/FSMPilot/install/fsm_ros_wrapper/share/fsm_ros_wrapper/local_setup.dsv
[6.737s] -- Installing: /home/noahw/programs/machpilot/src/FSMPilot/install/fsm_ros_wrapper/share/fsm_ros_wrapper/package.dsv
[6.738s] -- Installing: /home/noahw/programs/machpilot/src/FSMPilot/install/fsm_ros_wrapper/share/ament_index/resource_index/packages/fsm_ros_wrapper
[6.738s] -- Installing: /home/noahw/programs/machpilot/src/FSMPilot/install/fsm_ros_wrapper/share/fsm_ros_wrapper/cmake/fsm_ros_wrapperConfig.cmake
[6.739s] -- Installing: /home/noahw/programs/machpilot/src/FSMPilot/install/fsm_ros_wrapper/share/fsm_ros_wrapper/cmake/fsm_ros_wrapperConfig-version.cmake
[6.739s] -- Installing: /home/noahw/programs/machpilot/src/FSMPilot/install/fsm_ros_wrapper/share/fsm_ros_wrapper/package.xml
[6.741s] Invoked command in '/home/noahw/programs/machpilot/src/FSMPilot/build/fsm_ros_wrapper' returned '0': CMAKE_PREFIX_PATH=/opt/ros/humble /usr/bin/cmake --install /home/noahw/programs/machpilot/src/FSMPilot/build/fsm_ros_wrapper
