[01m[K/home/noahw/programs/machpilot/src/FSMPilot/src/FSMPilotStates.cpp:1:10:[m[K [01;31m[Kfatal error: [m[Kfsm_ros_wrapper/FSMPilotStates.hpp: No such file or directory
    1 | #include [01;31m[K"fsm_ros_wrapper/FSMPilotStates.hpp"[m[K
      |          [01;31m[K^~~~~~~~~~~~~~~~~~~~~~~~~~~~~~~~~~~~[m[K
compilation terminated.
gmake[2]: *** [CMakeFiles/state_machine_node.dir/build.make:188: CMakeFiles/state_machine_node.dir/src/FSMPilotStates.cpp.o] Error 1
gmake[2]: *** Waiting for unfinished jobs....
[01m[K/home/noahw/programs/machpilot/src/FSMPilot/src/FSMPilot.cpp:5:10:[m[K [01;31m[Kfatal error: [m[Kfsm_ros_wrapper/state_machine_node.hpp: No such file or directory
    5 | #include [01;31m[K"fsm_ros_wrapper/state_machine_node.hpp"[m[K
      |          [01;31m[K^~~~~~~~~~~~~~~~~~~~~~~~~~~~~~~~~~~~~~~~[m[K
compilation terminated.
gmake[2]: *** [CMakeFiles/state_machine_node.dir/build.make:104: CMakeFiles/state_machine_node.dir/src/FSMPilot.cpp.o] Error 1
during RTL pass: ira
In file included from [01m[K/opt/ros/humble/include/rclcpp/rclcpp/node_impl.hpp:43[m[K,
                 from [01m[K/opt/ros/humble/include/rclcpp/rclcpp/node.hpp:1321[m[K,
                 from [01m[K/opt/ros/humble/include/rclcpp/rclcpp/executors/single_threaded_executor.hpp:28[m[K,
                 from [01m[K/opt/ros/humble/include/rclcpp/rclcpp/executors.hpp:22[m[K,
                 from [01m[K/opt/ros/humble/include/rclcpp/rclcpp/rclcpp.hpp:155[m[K,
                 from [01m[K/home/noahw/programs/machpilot/src/FSMPilot/src/state_machine_node.hpp:4[m[K,
                 from [01m[K/home/noahw/programs/machpilot/src/FSMPilot/src/state_machine_node.cpp:1[m[K:
[01m[K/opt/ros/humble/include/rclcpp/rclcpp/create_subscription.hpp:[m[K In function ‘[01m[Kstd::shared_ptr<ROSMessageT> rclcpp::detail::create_subscription(NodeParametersT&, NodeTopicsT&, const string&, const rclcpp::QoS&, CallbackT&&, const rclcpp::SubscriptionOptionsWithAllocator<AllocatorT>&, typename MessageMemoryStrategyT::SharedPtr) [with MessageT = std_msgs::msg::UInt64_<std::allocator<void> >; CallbackT = StateMachineNode::StateMachineNode()::<lambda(const UInt64&)>; AllocatorT = std::allocator<void>; SubscriptionT = rclcpp::Subscription<std_msgs::msg::UInt64_<std::allocator<void> > >; MessageMemoryStrategyT = rclcpp::message_memory_strategy::MessageMemoryStrategy<std_msgs::msg::UInt64_<std::allocator<void> >, std::allocator<void> >; NodeParametersT = rclcpp::Node; NodeTopicsT = rclcpp::Node; ROSMessageType = std_msgs::msg::UInt64_<std::allocator<void> >][m[K’:
[01m[K/opt/ros/humble/include/rclcpp/rclcpp/create_subscription.hpp:140:1:[m[K [01;31m[Kinternal compiler error: [m[KSegmentation fault
  140 | [01;31m[K}[m[K
      | [01;31m[K^[m[K
0xe34ce7 internal_error(char const*, ...)
	???:0
[01m[Kg++:[m[K [01;31m[Kinternal compiler error: [m[KSegmentation fault signal terminated program cc1plus
Please submit a full bug report,
with preprocessed source if appropriate.
See <file:///usr/share/doc/gcc-11/README.Bugs> for instructions.
gmake[2]: *** [CMakeFiles/state_machine_node.dir/build.make:90: CMakeFiles/state_machine_node.dir/src/state_machine_node.cpp.o] Error 4
gmake[1]: *** [CMakeFiles/Makefile2:137: CMakeFiles/state_machine_node.dir/all] Error 2
gmake: *** [Makefile:146: all] Error 2
