[35m[1mConsolidate compiler generated dependencies of target state_machine_node[0m
[ 11%] [32mBuilding CXX object CMakeFiles/state_machine_node.dir/src/state_machine_node.cpp.o[0m
[ 22%] [32mBuilding CXX object CMakeFiles/state_machine_node.dir/src/FSMPilot.cpp.o[0m
[01m[K/home/noahw/programs/machpilot/src/FSMPilot/src/state_machine_node.cpp:[m[K In function ‘[01m[Kstd::string screen_state_to_string(ScreenState)[m[K’:
[01m[K/home/noahw/programs/machpilot/src/FSMPilot/src/state_machine_node.cpp:13:27:[m[K [01;31m[Kerror: [m[K‘[01m[KBOOTING[m[K’ is not a member of ‘[01m[KScreenState[m[K’
   13 |         case ScreenState::[01;31m[KBOOTING[m[K: return "BOOTING";
      |                           [01;31m[K^~~~~~~[m[K
[01m[K/home/noahw/programs/machpilot/src/FSMPilot/src/state_machine_node.cpp:14:27:[m[K [01;31m[Kerror: [m[K‘[01m[KREADY[m[K’ is not a member of ‘[01m[KScreenState[m[K’
   14 |         case ScreenState::[01;31m[KREADY[m[K: return "READY";
      |                           [01;31m[K^~~~~[m[K
[01m[K/home/noahw/programs/machpilot/src/FSMPilot/src/state_machine_node.cpp:[m[K In function ‘[01m[Kstd::string motor_sound_to_string(MotorSound)[m[K’:
[01m[K/home/noahw/programs/machpilot/src/FSMPilot/src/state_machine_node.cpp:23:26:[m[K [01;31m[Kerror: [m[K‘[01m[KSILENT[m[K’ is not a member of ‘[01m[KMotorSound[m[K’
   23 |         case MotorSound::[01;31m[KSILENT[m[K: return "SILENT";
      |                          [01;31m[K^~~~~~[m[K
[01m[K/home/noahw/programs/machpilot/src/FSMPilot/src/state_machine_node.cpp:24:26:[m[K [01;31m[Kerror: [m[K‘[01m[KARMED_BEEP[m[K’ is not a member of ‘[01m[KMotorSound[m[K’
   24 |         case MotorSound::[01;31m[KARMED_BEEP[m[K: return "ARMED_BEEP";
      |                          [01;31m[K^~~~~~~~~~[m[K
[01m[K/home/noahw/programs/machpilot/src/FSMPilot/src/state_machine_node.cpp:[m[K In constructor ‘[01m[KStateMachineNode::StateMachineNode()[m[K’:
[01m[K/home/noahw/programs/machpilot/src/FSMPilot/src/state_machine_node.cpp:35:38:[m[K [01;31m[Kerror: [m[Kexpected primary-expression before ‘[01m[K>[m[K’ token
   35 |     StateMachine::start<Uninitialized[01;31m[K>[m[K();
      |                                      [01;31m[K^[m[K
[01m[K/home/noahw/programs/machpilot/src/FSMPilot/src/state_machine_node.cpp:35:40:[m[K [01;31m[Kerror: [m[Kexpected primary-expression before ‘[01m[K)[m[K’ token
   35 |     StateMachine::start<Uninitialized>([01;31m[K)[m[K;
      |                                        [01;31m[K^[m[K
[01m[K/home/noahw/programs/machpilot/src/FSMPilot/src/state_machine_node.cpp:[m[K In member function ‘[01m[Kvoid StateMachineNode::publish_state_callback()[m[K’:
[01m[K/home/noahw/programs/machpilot/src/FSMPilot/src/state_machine_node.cpp:118:39:[m[K [01;31m[Kerror: [m[Kinvalid cast to abstract class type ‘[01m[KStateMachine[m[K’
  118 |     auto& fsm_instance = StateMachine([01;31m[K)[m[K;
      |                                       [01;31m[K^[m[K
In file included from [01m[K/home/noahw/programs/machpilot/src/FSMPilot/include/fsm_ros_wrapper/state_machine_node.hpp:8[m[K,
                 from [01m[K/home/noahw/programs/machpilot/src/FSMPilot/src/state_machine_node.cpp:1[m[K:
[01m[K/home/noahw/programs/machpilot/src/FSMPilot/src/FSMPilot.hpp:43:7:[m[K [01;36m[Knote: [m[K  because the following virtual functions are pure within ‘[01m[KStateMachine[m[K’:
   43 | class [01;36m[KStateMachine[m[K : public tinyfsm::Fsm<StateMachine> {
      |       [01;36m[K^~~~~~~~~~~~[m[K
[01m[K/home/noahw/programs/machpilot/src/FSMPilot/src/FSMPilot.hpp:54:25:[m[K [01;36m[Knote: [m[K    ‘[01m[Kvirtual ScreenState StateMachine::get_screen_state()[m[K’
   54 |     virtual ScreenState [01;36m[Kget_screen_state[m[K() = 0;
      |                         [01;36m[K^~~~~~~~~~~~~~~~[m[K
[01m[K/home/noahw/programs/machpilot/src/FSMPilot/src/FSMPilot.hpp:57:25:[m[K [01;36m[Knote: [m[K    ‘[01m[Kvirtual std::string StateMachine::get_name() const[m[K’
   57 |     virtual std::string [01;36m[Kget_name[m[K() const=0;
      |                         [01;36m[K^~~~~~~~[m[K
gmake[2]: *** [CMakeFiles/state_machine_node.dir/build.make:90: CMakeFiles/state_machine_node.dir/src/state_machine_node.cpp.o] Error 1
gmake[1]: *** [CMakeFiles/Makefile2:137: CMakeFiles/state_machine_node.dir/all] Error 2
gmake: *** [Makefile:146: all] Error 2
