[0.007s] Invoking command in '/home/noahw/programs/machpilot/src/FSMPilot/build/fsm_ros_wrapper': CMAKE_PREFIX_PATH=/opt/ros/humble /usr/bin/cmake --build /home/noahw/programs/machpilot/src/FSMPilot/build/fsm_ros_wrapper -- -j32 -l32
[0.039s] -- Found ament_cmake: 1.3.12 (/opt/ros/humble/share/ament_cmake/cmake)
[0.136s] -- Found rclcpp: 16.0.14 (/opt/ros/humble/share/rclcpp/cmake)
[0.346s] -- Found rosidl_generator_c: 3.1.7 (/opt/ros/humble/share/rosidl_generator_c/cmake)
[0.349s] -- Found rosidl_adapter: 3.1.7 (/opt/ros/humble/share/rosidl_adapter/cmake)
[0.356s] -- Found rosidl_generator_cpp: 3.1.7 (/opt/ros/humble/share/rosidl_generator_cpp/cmake)
[0.367s] -- Using all available rosidl_typesupport_c: rosidl_typesupport_fastrtps_c;rosidl_typesupport_introspection_c
[0.380s] -- Using all available rosidl_typesupport_cpp: rosidl_typesupport_fastrtps_cpp;rosidl_typesupport_introspection_cpp
[0.418s] -- Found rmw_implementation_cmake: 6.1.2 (/opt/ros/humble/share/rmw_implementation_cmake/cmake)
[0.421s] -- Found rmw_fastrtps_cpp: 6.2.8 (/opt/ros/humble/share/rmw_fastrtps_cpp/cmake)
[7.350s] -- Using RMW implementation 'rmw_fastrtps_cpp' as default
[7.449s] -- Configuring done
[7.461s] -- Generating done
[7.464s] -- Build files have been written to: /home/noahw/programs/machpilot/src/FSMPilot/build/fsm_ros_wrapper
[7.479s] [35m[1mConsolidate compiler generated dependencies of target state_machine_node[0m
[7.490s] [ 11%] [32mBuilding CXX object CMakeFiles/state_machine_node.dir/src/state_machine_node.cpp.o[0m
[7.491s] [ 22%] [32mBuilding CXX object CMakeFiles/state_machine_node.dir/src/FSMPilot.cpp.o[0m
[8.781s] [01m[K/home/noahw/programs/machpilot/src/FSMPilot/src/state_machine_node.cpp:[m[K In function ‘[01m[Kstd::string screen_state_to_string(ScreenState)[m[K’:
[8.781s] [01m[K/home/noahw/programs/machpilot/src/FSMPilot/src/state_machine_node.cpp:13:27:[m[K [01;31m[Kerror: [m[K‘[01m[KBOOTING[m[K’ is not a member of ‘[01m[KScreenState[m[K’
[8.781s]    13 |         case ScreenState::[01;31m[KBOOTING[m[K: return "BOOTING";
[8.781s]       |                           [01;31m[K^~~~~~~[m[K
[8.781s] [01m[K/home/noahw/programs/machpilot/src/FSMPilot/src/state_machine_node.cpp:14:27:[m[K [01;31m[Kerror: [m[K‘[01m[KREADY[m[K’ is not a member of ‘[01m[KScreenState[m[K’
[8.782s]    14 |         case ScreenState::[01;31m[KREADY[m[K: return "READY";
[8.782s]       |                           [01;31m[K^~~~~[m[K
[8.782s] [01m[K/home/noahw/programs/machpilot/src/FSMPilot/src/state_machine_node.cpp:[m[K In function ‘[01m[Kstd::string motor_sound_to_string(MotorSound)[m[K’:
[8.782s] [01m[K/home/noahw/programs/machpilot/src/FSMPilot/src/state_machine_node.cpp:23:26:[m[K [01;31m[Kerror: [m[K‘[01m[KSILENT[m[K’ is not a member of ‘[01m[KMotorSound[m[K’
[8.782s]    23 |         case MotorSound::[01;31m[KSILENT[m[K: return "SILENT";
[8.782s]       |                          [01;31m[K^~~~~~[m[K
[8.782s] [01m[K/home/noahw/programs/machpilot/src/FSMPilot/src/state_machine_node.cpp:24:26:[m[K [01;31m[Kerror: [m[K‘[01m[KARMED_BEEP[m[K’ is not a member of ‘[01m[KMotorSound[m[K’
[8.782s]    24 |         case MotorSound::[01;31m[KARMED_BEEP[m[K: return "ARMED_BEEP";
[8.782s]       |                          [01;31m[K^~~~~~~~~~[m[K
[8.782s] [01m[K/home/noahw/programs/machpilot/src/FSMPilot/src/state_machine_node.cpp:[m[K In constructor ‘[01m[KStateMachineNode::StateMachineNode()[m[K’:
[8.782s] [01m[K/home/noahw/programs/machpilot/src/FSMPilot/src/state_machine_node.cpp:35:38:[m[K [01;31m[Kerror: [m[Kexpected primary-expression before ‘[01m[K>[m[K’ token
[8.782s]    35 |     StateMachine::start<Uninitialized[01;31m[K>[m[K();
[8.782s]       |                                      [01;31m[K^[m[K
[8.782s] [01m[K/home/noahw/programs/machpilot/src/FSMPilot/src/state_machine_node.cpp:35:40:[m[K [01;31m[Kerror: [m[Kexpected primary-expression before ‘[01m[K)[m[K’ token
[8.782s]    35 |     StateMachine::start<Uninitialized>([01;31m[K)[m[K;
[8.782s]       |                                        [01;31m[K^[m[K
[8.791s] [01m[K/home/noahw/programs/machpilot/src/FSMPilot/src/state_machine_node.cpp:[m[K In member function ‘[01m[Kvoid StateMachineNode::publish_state_callback()[m[K’:
[8.791s] [01m[K/home/noahw/programs/machpilot/src/FSMPilot/src/state_machine_node.cpp:118:39:[m[K [01;31m[Kerror: [m[Kinvalid cast to abstract class type ‘[01m[KStateMachine[m[K’
[8.791s]   118 |     auto& fsm_instance = StateMachine([01;31m[K)[m[K;
[8.791s]       |                                       [01;31m[K^[m[K
[8.791s] In file included from [01m[K/home/noahw/programs/machpilot/src/FSMPilot/include/fsm_ros_wrapper/state_machine_node.hpp:8[m[K,
[8.791s]                  from [01m[K/home/noahw/programs/machpilot/src/FSMPilot/src/state_machine_node.cpp:1[m[K:
[8.791s] [01m[K/home/noahw/programs/machpilot/src/FSMPilot/src/FSMPilot.hpp:43:7:[m[K [01;36m[Knote: [m[K  because the following virtual functions are pure within ‘[01m[KStateMachine[m[K’:
[8.791s]    43 | class [01;36m[KStateMachine[m[K : public tinyfsm::Fsm<StateMachine> {
[8.791s]       |       [01;36m[K^~~~~~~~~~~~[m[K
[8.791s] [01m[K/home/noahw/programs/machpilot/src/FSMPilot/src/FSMPilot.hpp:54:25:[m[K [01;36m[Knote: [m[K    ‘[01m[Kvirtual ScreenState StateMachine::get_screen_state()[m[K’
[8.791s]    54 |     virtual ScreenState [01;36m[Kget_screen_state[m[K() = 0;
[8.791s]       |                         [01;36m[K^~~~~~~~~~~~~~~~[m[K
[8.791s] [01m[K/home/noahw/programs/machpilot/src/FSMPilot/src/FSMPilot.hpp:57:25:[m[K [01;36m[Knote: [m[K    ‘[01m[Kvirtual std::string StateMachine::get_name() const[m[K’
[8.791s]    57 |     virtual std::string [01;36m[Kget_name[m[K() const=0;
[8.791s]       |                         [01;36m[K^~~~~~~~[m[K
[10.714s] gmake[2]: *** [CMakeFiles/state_machine_node.dir/build.make:90: CMakeFiles/state_machine_node.dir/src/state_machine_node.cpp.o] Error 1
[10.714s] gmake[1]: *** [CMakeFiles/Makefile2:137: CMakeFiles/state_machine_node.dir/all] Error 2
[10.714s] gmake: *** [Makefile:146: all] Error 2
[10.716s] Invoked command in '/home/noahw/programs/machpilot/src/FSMPilot/build/fsm_ros_wrapper' returned '2': CMAKE_PREFIX_PATH=/opt/ros/humble /usr/bin/cmake --build /home/noahw/programs/machpilot/src/FSMPilot/build/fsm_ros_wrapper -- -j32 -l32
