[0.009s] Invoking command in '/home/noahw/programs/machpilot/src/FSMPilot/build/fsm_ros_wrapper': CMAKE_PREFIX_PATH=${CMAKE_PREFIX_PATH}:/opt/ros/humble /usr/bin/cmake --build /home/noahw/programs/machpilot/src/FSMPilot/build/fsm_ros_wrapper -- -j32 -l32
[0.042s] [35m[1mConsolidate compiler generated dependencies of target state_machine_node[0m
[0.058s] [ 10%] [32mBuilding CXX object CMakeFiles/state_machine_node.dir/src/state_machine_node.cpp.o[0m
[0.058s] [ 20%] [32mBuilding CXX object CMakeFiles/state_machine_node.dir/src/FSMPilot.cpp.o[0m
[1.405s] In file included from [01m[K/opt/ros/humble/include/rclcpp/rclcpp/client.hpp:40[m[K,
[1.406s]                  from [01m[K/opt/ros/humble/include/rclcpp/rclcpp/callback_group.hpp:24[m[K,
[1.406s]                  from [01m[K/opt/ros/humble/include/rclcpp/rclcpp/any_executable.hpp:20[m[K,
[1.406s]                  from [01m[K/opt/ros/humble/include/rclcpp/rclcpp/memory_strategy.hpp:25[m[K,
[1.406s]                  from [01m[K/opt/ros/humble/include/rclcpp/rclcpp/memory_strategies.hpp:18[m[K,
[1.406s]                  from [01m[K/opt/ros/humble/include/rclcpp/rclcpp/executor_options.hpp:20[m[K,
[1.406s]                  from [01m[K/opt/ros/humble/include/rclcpp/rclcpp/executor.hpp:37[m[K,
[1.406s]                  from [01m[K/opt/ros/humble/include/rclcpp/rclcpp/executors/multi_threaded_executor.hpp:25[m[K,
[1.406s]                  from [01m[K/opt/ros/humble/include/rclcpp/rclcpp/executors.hpp:21[m[K,
[1.406s]                  from [01m[K/opt/ros/humble/include/rclcpp/rclcpp/rclcpp.hpp:155[m[K,
[1.406s]                  from [01m[K/home/noahw/programs/machpilot/src/FSMPilot/include/fsm_ros_wrapper/state_machine_node.hpp:4[m[K,
[1.406s]                  from [01m[K/home/noahw/programs/machpilot/src/FSMPilot/src/state_machine_node.cpp:1[m[K:
[1.406s] [01m[K/home/noahw/programs/machpilot/src/FSMPilot/src/state_machine_node.cpp:[m[K In function ‘[01m[Kvoid pubish_state(std::shared_ptr<StateMachineNode>, FSMPilotStates)[m[K’:
[1.406s] [01m[K/home/noahw/programs/machpilot/src/FSMPilot/src/state_machine_node.cpp:92:17:[m[K [01;31m[Kerror: [m[Kinvalid use of ‘[01m[Kthis[m[K’ in non-member function
[1.406s]    92 |     RCLCPP_INFO([01;31m[Kthis[m[K->get_logger(), "Event: InState %", message);
[1.406s]       |                 [01;31m[K^~~~[m[K
[1.406s] [01m[K/home/noahw/programs/machpilot/src/FSMPilot/src/state_machine_node.cpp:92:17:[m[K [01;31m[Kerror: [m[Kinvalid use of ‘[01m[Kthis[m[K’ in non-member function
[1.406s] [01m[K/home/noahw/programs/machpilot/src/FSMPilot/src/state_machine_node.cpp:92:5:[m[K [01;31m[Kerror: [m[Ktemplate argument 1 is invalid
[1.406s]    92 |     [01;31m[KRCLCPP_INFO[m[K(this->get_logger(), "Event: InState %", message);
[1.406s]       |     [01;31m[K^~~~~~~~~~~[m[K
[1.406s] [01m[K/home/noahw/programs/machpilot/src/FSMPilot/src/state_machine_node.cpp:92:5:[m[K [01;31m[Kerror: [m[Ktemplate argument 1 is invalid
[1.406s]    92 |     [01;31m[KRCLCPP_INFO[m[K(this->get_logger(), "Event: InState %", message);
[1.406s]       |     [01;31m[K^~~~~~~~~~~[m[K
[1.406s] [01m[K/home/noahw/programs/machpilot/src/FSMPilot/src/state_machine_node.cpp:92:5:[m[K [01;31m[Kerror: [m[Ktemplate argument 1 is invalid
[1.406s]    92 |     [01;31m[KRCLCPP_INFO[m[K(this->get_logger(), "Event: InState %", message);
[1.406s]       |     [01;31m[K^~~~~~~~~~~[m[K
[1.406s] In file included from [01m[K/opt/ros/humble/include/rclcpp/rclcpp/logging.hpp:24[m[K,
[1.406s]                  from [01m[K/opt/ros/humble/include/rclcpp/rclcpp/client.hpp:40[m[K,
[1.406s]                  from [01m[K/opt/ros/humble/include/rclcpp/rclcpp/callback_group.hpp:24[m[K,
[1.406s]                  from [01m[K/opt/ros/humble/include/rclcpp/rclcpp/any_executable.hpp:20[m[K,
[1.406s]                  from [01m[K/opt/ros/humble/include/rclcpp/rclcpp/memory_strategy.hpp:25[m[K,
[1.406s]                  from [01m[K/opt/ros/humble/include/rclcpp/rclcpp/memory_strategies.hpp:18[m[K,
[1.406s]                  from [01m[K/opt/ros/humble/include/rclcpp/rclcpp/executor_options.hpp:20[m[K,
[1.406s]                  from [01m[K/opt/ros/humble/include/rclcpp/rclcpp/executor.hpp:37[m[K,
[1.406s]                  from [01m[K/opt/ros/humble/include/rclcpp/rclcpp/executors/multi_threaded_executor.hpp:25[m[K,
[1.406s]                  from [01m[K/opt/ros/humble/include/rclcpp/rclcpp/executors.hpp:21[m[K,
[1.407s]                  from [01m[K/opt/ros/humble/include/rclcpp/rclcpp/rclcpp.hpp:155[m[K,
[1.407s]                  from [01m[K/home/noahw/programs/machpilot/src/FSMPilot/include/fsm_ros_wrapper/state_machine_node.hpp:4[m[K,
[1.407s]                  from [01m[K/home/noahw/programs/machpilot/src/FSMPilot/src/state_machine_node.cpp:1[m[K:
[1.407s] [01m[K/home/noahw/programs/machpilot/src/FSMPilot/src/state_machine_node.cpp:92:17:[m[K [01;31m[Kerror: [m[Kinvalid use of ‘[01m[Kthis[m[K’ in non-member function
[1.407s]    92 |     RCLCPP_INFO([01;31m[Kthis[m[K->get_logger(), "Event: InState %", message);
[1.407s]       |                 [01;31m[K^~~~[m[K
[1.407s] [01m[K/home/noahw/programs/machpilot/src/FSMPilot/src/state_machine_node.cpp:92:17:[m[K [01;31m[Kerror: [m[Kinvalid use of ‘[01m[Kthis[m[K’ in non-member function
[1.407s]    92 |     RCLCPP_INFO([01;31m[Kthis[m[K->get_logger(), "Event: InState %", message);
[1.407s]       |                 [01;31m[K^~~~[m[K
[3.286s] gmake[2]: *** [CMakeFiles/state_machine_node.dir/build.make:90: CMakeFiles/state_machine_node.dir/src/state_machine_node.cpp.o] Error 1
[3.286s] gmake[1]: *** [CMakeFiles/Makefile2:137: CMakeFiles/state_machine_node.dir/all] Error 2
[3.286s] gmake: *** [Makefile:146: all] Error 2
[3.288s] Invoked command in '/home/noahw/programs/machpilot/src/FSMPilot/build/fsm_ros_wrapper' returned '2': CMAKE_PREFIX_PATH=${CMAKE_PREFIX_PATH}:/opt/ros/humble /usr/bin/cmake --build /home/noahw/programs/machpilot/src/FSMPilot/build/fsm_ros_wrapper -- -j32 -l32
