[0.007s] Invoking command in '/home/noahw/programs/machpilot/src/FSMPilot/build/fsm_ros_wrapper': CMAKE_PREFIX_PATH=${CMAKE_PREFIX_PATH}:/opt/ros/humble /usr/bin/cmake --build /home/noahw/programs/machpilot/src/FSMPilot/build/fsm_ros_wrapper -- -j32 -l32
[0.029s] [35m[1mConsolidate compiler generated dependencies of target state_machine_node[0m
[0.041s] [ 10%] [32mBuilding CXX object CMakeFiles/state_machine_node.dir/src/ros_main.cpp.o[0m
[0.041s] [ 30%] [32mBuilding CXX object CMakeFiles/state_machine_node.dir/src/FSMPilot.cpp.o[0m
[0.041s] [ 30%] [32mBuilding CXX object CMakeFiles/state_machine_node.dir/src/state_machine_node.cpp.o[0m
[0.041s] [ 40%] [32mBuilding CXX object CMakeFiles/state_machine_node.dir/src/ErrorManager.cpp.o[0m
[0.041s] [ 50%] [32mBuilding CXX object CMakeFiles/state_machine_node.dir/src/FireManager.cpp.o[0m
[0.041s] [ 60%] [32mBuilding CXX object CMakeFiles/state_machine_node.dir/src/ErrorManagerList.cpp.o[0m
[0.173s] [01m[K/home/noahw/programs/machpilot/src/FSMPilot/src/FSMPilot.cpp:62:28:[m[K [01;31m[Kerror: [m[Knon-member function ‘[01m[KFSMPilotStates get_state()[m[K’ cannot have cv-qualifier
[0.173s]    62 | FSMPilotStates get_state() [01;31m[Kconst[m[K{
[0.173s]       |                            [01;31m[K^~~~~[m[K
[0.174s] [01m[K/home/noahw/programs/machpilot/src/FSMPilot/src/FSMPilot.cpp:103:28:[m[K [01;31m[Kerror: [m[Knon-member function ‘[01m[KFSMPilotStates get_state()[m[K’ cannot have cv-qualifier
[0.174s]   103 | FSMPilotStates get_state() [01;31m[Kconst[m[K{
[0.174s]       |                            [01;31m[K^~~~~[m[K
[0.174s] [01m[K/home/noahw/programs/machpilot/src/FSMPilot/src/FSMPilot.cpp:103:16:[m[K [01;31m[Kerror: [m[Kredefinition of ‘[01m[KFSMPilotStates get_state()[m[K’
[0.174s]   103 | FSMPilotStates [01;31m[Kget_state[m[K() const{
[0.174s]       |                [01;31m[K^~~~~~~~~[m[K
[0.174s] [01m[K/home/noahw/programs/machpilot/src/FSMPilot/src/FSMPilot.cpp:62:16:[m[K [01;36m[Knote: [m[K‘[01m[KFSMPilotStates get_state()[m[K’ previously defined here
[0.174s]    62 | FSMPilotStates [01;36m[Kget_state[m[K() const{
[0.174s]       |                [01;36m[K^~~~~~~~~[m[K
[0.174s] [01m[K/home/noahw/programs/machpilot/src/FSMPilot/src/FSMPilot.cpp:125:28:[m[K [01;31m[Kerror: [m[Knon-member function ‘[01m[KFSMPilotStates get_state()[m[K’ cannot have cv-qualifier
[0.174s]   125 | FSMPilotStates get_state() [01;31m[Kconst[m[K{
[0.174s]       |                            [01;31m[K^~~~~[m[K
[0.174s] [01m[K/home/noahw/programs/machpilot/src/FSMPilot/src/FSMPilot.cpp:125:16:[m[K [01;31m[Kerror: [m[Kredefinition of ‘[01m[KFSMPilotStates get_state()[m[K’
[0.174s]   125 | FSMPilotStates [01;31m[Kget_state[m[K() const{
[0.174s]       |                [01;31m[K^~~~~~~~~[m[K
[0.174s] [01m[K/home/noahw/programs/machpilot/src/FSMPilot/src/FSMPilot.cpp:62:16:[m[K [01;36m[Knote: [m[K‘[01m[KFSMPilotStates get_state()[m[K’ previously defined here
[0.174s]    62 | FSMPilotStates [01;36m[Kget_state[m[K() const{
[0.174s]       |                [01;36m[K^~~~~~~~~[m[K
[0.174s] [01m[K/home/noahw/programs/machpilot/src/FSMPilot/src/FSMPilot.cpp:151:28:[m[K [01;31m[Kerror: [m[Knon-member function ‘[01m[KFSMPilotStates get_state()[m[K’ cannot have cv-qualifier
[0.174s]   151 | FSMPilotStates get_state() [01;31m[Kconst[m[K{
[0.174s]       |                            [01;31m[K^~~~~[m[K
[0.174s] [01m[K/home/noahw/programs/machpilot/src/FSMPilot/src/FSMPilot.cpp:151:16:[m[K [01;31m[Kerror: [m[Kredefinition of ‘[01m[KFSMPilotStates get_state()[m[K’
[0.174s]   151 | FSMPilotStates [01;31m[Kget_state[m[K() const{
[0.174s]       |                [01;31m[K^~~~~~~~~[m[K
[0.174s] [01m[K/home/noahw/programs/machpilot/src/FSMPilot/src/FSMPilot.cpp:62:16:[m[K [01;36m[Knote: [m[K‘[01m[KFSMPilotStates get_state()[m[K’ previously defined here
[0.174s]    62 | FSMPilotStates [01;36m[Kget_state[m[K() const{
[0.174s]       |                [01;36m[K^~~~~~~~~[m[K
[0.174s] [01m[K/home/noahw/programs/machpilot/src/FSMPilot/src/FSMPilot.cpp:169:28:[m[K [01;31m[Kerror: [m[Knon-member function ‘[01m[KFSMPilotStates get_state()[m[K’ cannot have cv-qualifier
[0.174s]   169 | FSMPilotStates get_state() [01;31m[Kconst[m[K{
[0.174s]       |                            [01;31m[K^~~~~[m[K
[0.174s] [01m[K/home/noahw/programs/machpilot/src/FSMPilot/src/FSMPilot.cpp:169:16:[m[K [01;31m[Kerror: [m[Kredefinition of ‘[01m[KFSMPilotStates get_state()[m[K’
[0.174s]   169 | FSMPilotStates [01;31m[Kget_state[m[K() const{
[0.174s]       |                [01;31m[K^~~~~~~~~[m[K
[0.174s] [01m[K/home/noahw/programs/machpilot/src/FSMPilot/src/FSMPilot.cpp:62:16:[m[K [01;36m[Knote: [m[K‘[01m[KFSMPilotStates get_state()[m[K’ previously defined here
[0.175s]    62 | FSMPilotStates [01;36m[Kget_state[m[K() const{
[0.175s]       |                [01;36m[K^~~~~~~~~[m[K
[0.175s] [01m[K/home/noahw/programs/machpilot/src/FSMPilot/src/FSMPilot.cpp:191:28:[m[K [01;31m[Kerror: [m[Knon-member function ‘[01m[KFSMPilotStates get_state()[m[K’ cannot have cv-qualifier
[0.175s]   191 | FSMPilotStates get_state() [01;31m[Kconst[m[K{
[0.175s]       |                            [01;31m[K^~~~~[m[K
[0.175s] [01m[K/home/noahw/programs/machpilot/src/FSMPilot/src/FSMPilot.cpp:191:16:[m[K [01;31m[Kerror: [m[Kredefinition of ‘[01m[KFSMPilotStates get_state()[m[K’
[0.175s]   191 | FSMPilotStates [01;31m[Kget_state[m[K() const{
[0.175s]       |                [01;31m[K^~~~~~~~~[m[K
[0.175s] [01m[K/home/noahw/programs/machpilot/src/FSMPilot/src/FSMPilot.cpp:62:16:[m[K [01;36m[Knote: [m[K‘[01m[KFSMPilotStates get_state()[m[K’ previously defined here
[0.175s]    62 | FSMPilotStates [01;36m[Kget_state[m[K() const{
[0.175s]       |                [01;36m[K^~~~~~~~~[m[K
[0.193s] gmake[2]: *** [CMakeFiles/state_machine_node.dir/build.make:104: CMakeFiles/state_machine_node.dir/src/FSMPilot.cpp.o] Error 1
[0.193s] gmake[2]: *** Waiting for unfinished jobs....
[6.166s] gmake[1]: *** [CMakeFiles/Makefile2:137: CMakeFiles/state_machine_node.dir/all] Error 2
[6.167s] gmake: *** [Makefile:146: all] Error 2
[6.170s] Invoked command in '/home/noahw/programs/machpilot/src/FSMPilot/build/fsm_ros_wrapper' returned '2': CMAKE_PREFIX_PATH=${CMAKE_PREFIX_PATH}:/opt/ros/humble /usr/bin/cmake --build /home/noahw/programs/machpilot/src/FSMPilot/build/fsm_ros_wrapper -- -j32 -l32
