[0.010s] Invoking command in '/workspace/src/build/ublox_gps_driver': CMAKE_PREFIX_PATH=${CMAKE_PREFIX_PATH}:/opt/ros/humble /usr/bin/cmake --build /workspace/src/build/ublox_gps_driver -- -j8 -l8
[0.049s] [ 17%] Built target ublox_messages
[0.050s] [ 29%] Built target uart_lib
[0.051s] [ 35%] Built target gtest
[0.053s] [ 47%] Built target gtest_main
[0.065s] [ 64%] Built target uart_interface
[0.065s] [ 76%] Built target ublox_parser
[0.066s] [ 82%] Built target test_checksum
[0.076s] [35m[1mConsolidate compiler generated dependencies of target gps_node[0m
[0.154s] [ 88%] [32mBuilding CXX object CMakeFiles/gps_node.dir/src/gps_node.cpp.o[0m
[2.221s] [ 94%] [32m[1mLinking CXX executable gps_node[0m
[2.367s] [100%] Built target gps_node
[2.374s] Invoked command in '/workspace/src/build/ublox_gps_driver' returned '0': CMAKE_PREFIX_PATH=${CMAKE_PREFIX_PATH}:/opt/ros/humble /usr/bin/cmake --build /workspace/src/build/ublox_gps_driver -- -j8 -l8
[2.380s] Invoking command in '/workspace/src/build/ublox_gps_driver': CMAKE_PREFIX_PATH=${CMAKE_PREFIX_PATH}:/opt/ros/humble /usr/bin/cmake --install /workspace/src/build/ublox_gps_driver
[2.383s] -- Install configuration: ""
[2.383s] -- Installing: /workspace/src/install/ublox_gps_driver/lib/ublox_gps_driver/gps_node
[2.392s] -- Set runtime path of "/workspace/src/install/ublox_gps_driver/lib/ublox_gps_driver/gps_node" to ""
[2.392s] -- Up-to-date: /workspace/src/install/ublox_gps_driver/include
[2.392s] -- Up-to-date: /workspace/src/install/ublox_gps_driver/include/ublox_gps_driver
[2.392s] -- Up-to-date: /workspace/src/install/ublox_gps_driver/include/ublox_gps_driver/uart_interface.hpp
[2.392s] -- Up-to-date: /workspace/src/install/ublox_gps_driver/include/ublox_gps_driver/ublox_messages.hpp
[2.393s] -- Up-to-date: /workspace/src/install/ublox_gps_driver/include/ublox_gps_driver/ublox_parser.hpp
[2.393s] -- Up-to-date: /workspace/src/install/ublox_gps_driver/include/ublox_gps_driver/gps_node.hpp
[2.393s] -- Up-to-date: /workspace/src/install/ublox_gps_driver/share/ament_index/resource_index/package_run_dependencies/ublox_gps_driver
[2.394s] -- Up-to-date: /workspace/src/install/ublox_gps_driver/share/ament_index/resource_index/parent_prefix_path/ublox_gps_driver
[2.394s] -- Up-to-date: /workspace/src/install/ublox_gps_driver/share/ublox_gps_driver/environment/ament_prefix_path.sh
[2.394s] -- Up-to-date: /workspace/src/install/ublox_gps_driver/share/ublox_gps_driver/environment/ament_prefix_path.dsv
[2.394s] -- Up-to-date: /workspace/src/install/ublox_gps_driver/share/ublox_gps_driver/environment/path.sh
[2.395s] -- Up-to-date: /workspace/src/install/ublox_gps_driver/share/ublox_gps_driver/environment/path.dsv
[2.395s] -- Up-to-date: /workspace/src/install/ublox_gps_driver/share/ublox_gps_driver/local_setup.bash
[2.395s] -- Up-to-date: /workspace/src/install/ublox_gps_driver/share/ublox_gps_driver/local_setup.sh
[2.396s] -- Up-to-date: /workspace/src/install/ublox_gps_driver/share/ublox_gps_driver/local_setup.zsh
[2.396s] -- Up-to-date: /workspace/src/install/ublox_gps_driver/share/ublox_gps_driver/local_setup.dsv
[2.396s] -- Installing: /workspace/src/install/ublox_gps_driver/share/ublox_gps_driver/package.dsv
[2.397s] -- Up-to-date: /workspace/src/install/ublox_gps_driver/share/ament_index/resource_index/packages/ublox_gps_driver
[2.398s] -- Up-to-date: /workspace/src/install/ublox_gps_driver/share/ublox_gps_driver/cmake/ublox_gps_driverConfig.cmake
[2.398s] -- Up-to-date: /workspace/src/install/ublox_gps_driver/share/ublox_gps_driver/cmake/ublox_gps_driverConfig-version.cmake
[2.398s] -- Up-to-date: /workspace/src/install/ublox_gps_driver/share/ublox_gps_driver/package.xml
[2.401s] Invoked command in '/workspace/src/build/ublox_gps_driver' returned '0': CMAKE_PREFIX_PATH=${CMAKE_PREFIX_PATH}:/opt/ros/humble /usr/bin/cmake --install /workspace/src/build/ublox_gps_driver
