[0.158s] DEBUG:colcon:Command line arguments: ['/usr/bin/colcon', 'build', '--packages-select', 'accel']
[0.158s] DEBUG:colcon:Parsed command line arguments: Namespace(log_base=None, log_level=None, verb_name='build', build_base='build', install_base='install', merge_install=False, symlink_install=False, test_result_base=None, continue_on_error=False, executor='parallel', parallel_workers=4, event_handlers=None, ignore_user_meta=False, metas=['./colcon.meta'], base_paths=['.'], packages_ignore=None, packages_ignore_regex=None, paths=None, packages_up_to=None, packages_up_to_regex=None, packages_above=None, packages_above_and_dependencies=None, packages_above_depth=None, packages_select_by_dep=None, packages_skip_by_dep=None, packages_skip_up_to=None, packages_select_build_failed=False, packages_skip_build_finished=False, packages_select_test_failures=False, packages_skip_test_passed=False, packages_select=['accel'], packages_skip=None, packages_select_regex=None, packages_skip_regex=None, packages_start=None, packages_end=None, cmake_args=None, cmake_target=None, cmake_target_skip_unavailable=False, cmake_clean_cache=False, cmake_clean_first=False, cmake_force_configure=False, ament_cmake_args=None, catkin_cmake_args=None, catkin_skip_building_tests=False, mixin_files=None, mixin=None, verb_parser=<colcon_mixin.mixin.mixin_argument.MixinArgumentDecorator object at 0x7f47b7b85ea0>, verb_extension=<colcon_core.verb.build.BuildVerb object at 0x7f47b7b858d0>, main=<bound method BuildVerb.main of <colcon_core.verb.build.BuildVerb object at 0x7f47b7b858d0>>, mixin_verb=('build',))
[0.315s] Level 1:colcon.colcon_core.package_discovery:discover_packages(colcon_meta) check parameters
[0.317s] INFO:colcon.colcon_metadata.package_discovery.colcon_meta:Using configuration from '/root/.colcon/metadata/default/Gazebo.meta'
[0.318s] INFO:colcon.colcon_metadata.package_discovery.colcon_meta:Using configuration from '/root/.colcon/metadata/default/fastdds.meta'
[0.318s] INFO:colcon.colcon_metadata.package_discovery.colcon_meta:Using configuration from '/root/.colcon/metadata/default/fastrtps.meta'
[0.319s] Level 1:colcon.colcon_core.package_discovery:discover_packages(recursive) check parameters
[0.319s] Level 1:colcon.colcon_core.package_discovery:discover_packages(ignore) check parameters
[0.319s] Level 1:colcon.colcon_core.package_discovery:discover_packages(path) check parameters
[0.320s] Level 1:colcon.colcon_core.package_discovery:discover_packages(colcon_meta) discover
[0.320s] Level 1:colcon.colcon_core.package_discovery:discover_packages(recursive) discover
[0.320s] INFO:colcon.colcon_core.package_discovery:Crawling recursively for packages in '/workspace/src'
[0.323s] Level 1:colcon.colcon_core.package_identification:_identify(.) by extensions ['ignore', 'ignore_ament_install']
[0.324s] Level 1:colcon.colcon_core.package_identification:_identify(.) by extension 'ignore'
[0.324s] Level 1:colcon.colcon_core.package_identification:_identify(.) by extension 'ignore_ament_install'
[0.325s] Level 1:colcon.colcon_core.package_identification:_identify(.) by extensions ['colcon_pkg']
[0.325s] Level 1:colcon.colcon_core.package_identification:_identify(.) by extension 'colcon_pkg'
[0.326s] Level 1:colcon.colcon_core.package_identification:_identify(.) by extensions ['colcon_meta']
[0.326s] Level 1:colcon.colcon_core.package_identification:_identify(.) by extension 'colcon_meta'
[0.326s] Level 1:colcon.colcon_core.package_identification:_identify(.) by extensions ['ros']
[0.327s] Level 1:colcon.colcon_core.package_identification:_identify(.) by extension 'ros'
[0.341s] Level 1:colcon.colcon_core.package_identification:_identify(.) by extensions ['cmake', 'python']
[0.341s] Level 1:colcon.colcon_core.package_identification:_identify(.) by extension 'cmake'
[0.342s] Level 1:colcon.colcon_core.package_identification:_identify(.) by extension 'python'
[0.342s] Level 1:colcon.colcon_core.package_identification:_identify(.) by extensions ['python_setup_py']
[0.342s] Level 1:colcon.colcon_core.package_identification:_identify(.) by extension 'python_setup_py'
[0.344s] Level 1:colcon.colcon_core.package_identification:_identify(build) by extensions ['ignore', 'ignore_ament_install']
[0.344s] Level 1:colcon.colcon_core.package_identification:_identify(build) by extension 'ignore'
[0.344s] Level 1:colcon.colcon_core.package_identification:_identify(build) ignored
[0.347s] Level 1:colcon.colcon_core.package_identification:_identify(embedded_system) by extensions ['ignore', 'ignore_ament_install']
[0.347s] Level 1:colcon.colcon_core.package_identification:_identify(embedded_system) by extension 'ignore'
[0.347s] Level 1:colcon.colcon_core.package_identification:_identify(embedded_system) by extension 'ignore_ament_install'
[0.348s] Level 1:colcon.colcon_core.package_identification:_identify(embedded_system) by extensions ['colcon_pkg']
[0.348s] Level 1:colcon.colcon_core.package_identification:_identify(embedded_system) by extension 'colcon_pkg'
[0.349s] Level 1:colcon.colcon_core.package_identification:_identify(embedded_system) by extensions ['colcon_meta']
[0.349s] Level 1:colcon.colcon_core.package_identification:_identify(embedded_system) by extension 'colcon_meta'
[0.349s] Level 1:colcon.colcon_core.package_identification:_identify(embedded_system) by extensions ['ros']
[0.349s] Level 1:colcon.colcon_core.package_identification:_identify(embedded_system) by extension 'ros'
[0.350s] Level 1:colcon.colcon_core.package_identification:_identify(embedded_system) by extensions ['cmake', 'python']
[0.351s] Level 1:colcon.colcon_core.package_identification:_identify(embedded_system) by extension 'cmake'
[0.351s] Level 1:colcon.colcon_core.package_identification:_identify(embedded_system) by extension 'python'
[0.351s] Level 1:colcon.colcon_core.package_identification:_identify(embedded_system) by extensions ['python_setup_py']
[0.352s] Level 1:colcon.colcon_core.package_identification:_identify(embedded_system) by extension 'python_setup_py'
[0.353s] Level 1:colcon.colcon_core.package_identification:_identify(embedded_system/accel) by extensions ['ignore', 'ignore_ament_install']
[0.354s] Level 1:colcon.colcon_core.package_identification:_identify(embedded_system/accel) by extension 'ignore'
[0.354s] Level 1:colcon.colcon_core.package_identification:_identify(embedded_system/accel) by extension 'ignore_ament_install'
[0.355s] Level 1:colcon.colcon_core.package_identification:_identify(embedded_system/accel) by extensions ['colcon_pkg']
[0.355s] Level 1:colcon.colcon_core.package_identification:_identify(embedded_system/accel) by extension 'colcon_pkg'
[0.355s] Level 1:colcon.colcon_core.package_identification:_identify(embedded_system/accel) by extensions ['colcon_meta']
[0.355s] Level 1:colcon.colcon_core.package_identification:_identify(embedded_system/accel) by extension 'colcon_meta'
[0.356s] Level 1:colcon.colcon_core.package_identification:_identify(embedded_system/accel) by extensions ['ros']
[0.356s] Level 1:colcon.colcon_core.package_identification:_identify(embedded_system/accel) by extension 'ros'
[0.361s] DEBUG:colcon.colcon_core.package_identification:Package 'embedded_system/accel' with type 'ros.ament_cmake' and name 'accel'
[0.363s] Level 1:colcon.colcon_core.package_identification:_identify(embedded_system/airspeed) by extensions ['ignore', 'ignore_ament_install']
[0.364s] Level 1:colcon.colcon_core.package_identification:_identify(embedded_system/airspeed) by extension 'ignore'
[0.364s] Level 1:colcon.colcon_core.package_identification:_identify(embedded_system/airspeed) by extension 'ignore_ament_install'
[0.365s] Level 1:colcon.colcon_core.package_identification:_identify(embedded_system/airspeed) by extensions ['colcon_pkg']
[0.365s] Level 1:colcon.colcon_core.package_identification:_identify(embedded_system/airspeed) by extension 'colcon_pkg'
[0.365s] Level 1:colcon.colcon_core.package_identification:_identify(embedded_system/airspeed) by extensions ['colcon_meta']
[0.366s] Level 1:colcon.colcon_core.package_identification:_identify(embedded_system/airspeed) by extension 'colcon_meta'
[0.366s] Level 1:colcon.colcon_core.package_identification:_identify(embedded_system/airspeed) by extensions ['ros']
[0.366s] Level 1:colcon.colcon_core.package_identification:_identify(embedded_system/airspeed) by extension 'ros'
[0.369s] DEBUG:colcon.colcon_core.package_identification:Package 'embedded_system/airspeed' with type 'ros.ament_cmake' and name 'airspeed'
[0.370s] Level 1:colcon.colcon_core.package_identification:_identify(embedded_system/dependencies) by extensions ['ignore', 'ignore_ament_install']
[0.371s] Level 1:colcon.colcon_core.package_identification:_identify(embedded_system/dependencies) by extension 'ignore'
[0.371s] Level 1:colcon.colcon_core.package_identification:_identify(embedded_system/dependencies) by extension 'ignore_ament_install'
[0.372s] Level 1:colcon.colcon_core.package_identification:_identify(embedded_system/dependencies) by extensions ['colcon_pkg']
[0.372s] Level 1:colcon.colcon_core.package_identification:_identify(embedded_system/dependencies) by extension 'colcon_pkg'
[0.372s] Level 1:colcon.colcon_core.package_identification:_identify(embedded_system/dependencies) by extensions ['colcon_meta']
[0.372s] Level 1:colcon.colcon_core.package_identification:_identify(embedded_system/dependencies) by extension 'colcon_meta'
[0.373s] Level 1:colcon.colcon_core.package_identification:_identify(embedded_system/dependencies) by extensions ['ros']
[0.373s] Level 1:colcon.colcon_core.package_identification:_identify(embedded_system/dependencies) by extension 'ros'
[0.374s] Level 1:colcon.colcon_core.package_identification:_identify(embedded_system/dependencies) by extensions ['cmake', 'python']
[0.374s] Level 1:colcon.colcon_core.package_identification:_identify(embedded_system/dependencies) by extension 'cmake'
[0.374s] Level 1:colcon.colcon_core.package_identification:_identify(embedded_system/dependencies) by extension 'python'
[0.375s] Level 1:colcon.colcon_core.package_identification:_identify(embedded_system/dependencies) by extensions ['python_setup_py']
[0.375s] Level 1:colcon.colcon_core.package_identification:_identify(embedded_system/dependencies) by extension 'python_setup_py'
[0.376s] Level 1:colcon.colcon_core.package_identification:_identify(embedded_system/dependencies/include) by extensions ['ignore', 'ignore_ament_install']
[0.377s] Level 1:colcon.colcon_core.package_identification:_identify(embedded_system/dependencies/include) by extension 'ignore'
[0.377s] Level 1:colcon.colcon_core.package_identification:_identify(embedded_system/dependencies/include) by extension 'ignore_ament_install'
[0.378s] Level 1:colcon.colcon_core.package_identification:_identify(embedded_system/dependencies/include) by extensions ['colcon_pkg']
[0.378s] Level 1:colcon.colcon_core.package_identification:_identify(embedded_system/dependencies/include) by extension 'colcon_pkg'
[0.379s] Level 1:colcon.colcon_core.package_identification:_identify(embedded_system/dependencies/include) by extensions ['colcon_meta']
[0.379s] Level 1:colcon.colcon_core.package_identification:_identify(embedded_system/dependencies/include) by extension 'colcon_meta'
[0.380s] Level 1:colcon.colcon_core.package_identification:_identify(embedded_system/dependencies/include) by extensions ['ros']
[0.380s] Level 1:colcon.colcon_core.package_identification:_identify(embedded_system/dependencies/include) by extension 'ros'
[0.381s] Level 1:colcon.colcon_core.package_identification:_identify(embedded_system/dependencies/include) by extensions ['cmake', 'python']
[0.381s] Level 1:colcon.colcon_core.package_identification:_identify(embedded_system/dependencies/include) by extension 'cmake'
[0.381s] Level 1:colcon.colcon_core.package_identification:_identify(embedded_system/dependencies/include) by extension 'python'
[0.382s] Level 1:colcon.colcon_core.package_identification:_identify(embedded_system/dependencies/include) by extensions ['python_setup_py']
[0.382s] Level 1:colcon.colcon_core.package_identification:_identify(embedded_system/dependencies/include) by extension 'python_setup_py'
[0.383s] Level 1:colcon.colcon_core.package_identification:_identify(embedded_system/dependencies/librobotcontrol) by extensions ['ignore', 'ignore_ament_install']
[0.384s] Level 1:colcon.colcon_core.package_identification:_identify(embedded_system/dependencies/librobotcontrol) by extension 'ignore'
[0.384s] Level 1:colcon.colcon_core.package_identification:_identify(embedded_system/dependencies/librobotcontrol) by extension 'ignore_ament_install'
[0.385s] Level 1:colcon.colcon_core.package_identification:_identify(embedded_system/dependencies/librobotcontrol) by extensions ['colcon_pkg']
[0.385s] Level 1:colcon.colcon_core.package_identification:_identify(embedded_system/dependencies/librobotcontrol) by extension 'colcon_pkg'
[0.385s] Level 1:colcon.colcon_core.package_identification:_identify(embedded_system/dependencies/librobotcontrol) by extensions ['colcon_meta']
[0.386s] Level 1:colcon.colcon_core.package_identification:_identify(embedded_system/dependencies/librobotcontrol) by extension 'colcon_meta'
[0.386s] Level 1:colcon.colcon_core.package_identification:_identify(embedded_system/dependencies/librobotcontrol) by extensions ['ros']
[0.386s] Level 1:colcon.colcon_core.package_identification:_identify(embedded_system/dependencies/librobotcontrol) by extension 'ros'
[0.387s] Level 1:colcon.colcon_core.package_identification:_identify(embedded_system/dependencies/librobotcontrol) by extensions ['cmake', 'python']
[0.387s] Level 1:colcon.colcon_core.package_identification:_identify(embedded_system/dependencies/librobotcontrol) by extension 'cmake'
[0.388s] Level 1:colcon.colcon_core.package_identification:_identify(embedded_system/dependencies/librobotcontrol) by extension 'python'
[0.388s] Level 1:colcon.colcon_core.package_identification:_identify(embedded_system/dependencies/librobotcontrol) by extensions ['python_setup_py']
[0.388s] Level 1:colcon.colcon_core.package_identification:_identify(embedded_system/dependencies/librobotcontrol) by extension 'python_setup_py'
[0.390s] Level 1:colcon.colcon_core.package_identification:_identify(embedded_system/dependencies/src) by extensions ['ignore', 'ignore_ament_install']
[0.390s] Level 1:colcon.colcon_core.package_identification:_identify(embedded_system/dependencies/src) by extension 'ignore'
[0.391s] Level 1:colcon.colcon_core.package_identification:_identify(embedded_system/dependencies/src) by extension 'ignore_ament_install'
[0.391s] Level 1:colcon.colcon_core.package_identification:_identify(embedded_system/dependencies/src) by extensions ['colcon_pkg']
[0.391s] Level 1:colcon.colcon_core.package_identification:_identify(embedded_system/dependencies/src) by extension 'colcon_pkg'
[0.392s] Level 1:colcon.colcon_core.package_identification:_identify(embedded_system/dependencies/src) by extensions ['colcon_meta']
[0.392s] Level 1:colcon.colcon_core.package_identification:_identify(embedded_system/dependencies/src) by extension 'colcon_meta'
[0.393s] Level 1:colcon.colcon_core.package_identification:_identify(embedded_system/dependencies/src) by extensions ['ros']
[0.393s] Level 1:colcon.colcon_core.package_identification:_identify(embedded_system/dependencies/src) by extension 'ros'
[0.394s] Level 1:colcon.colcon_core.package_identification:_identify(embedded_system/dependencies/src) by extensions ['cmake', 'python']
[0.394s] Level 1:colcon.colcon_core.package_identification:_identify(embedded_system/dependencies/src) by extension 'cmake'
[0.394s] Level 1:colcon.colcon_core.package_identification:_identify(embedded_system/dependencies/src) by extension 'python'
[0.395s] Level 1:colcon.colcon_core.package_identification:_identify(embedded_system/dependencies/src) by extensions ['python_setup_py']
[0.395s] Level 1:colcon.colcon_core.package_identification:_identify(embedded_system/dependencies/src) by extension 'python_setup_py'
[0.396s] Level 1:colcon.colcon_core.package_identification:_identify(embedded_system/display) by extensions ['ignore', 'ignore_ament_install']
[0.396s] Level 1:colcon.colcon_core.package_identification:_identify(embedded_system/display) by extension 'ignore'
[0.397s] Level 1:colcon.colcon_core.package_identification:_identify(embedded_system/display) by extension 'ignore_ament_install'
[0.398s] Level 1:colcon.colcon_core.package_identification:_identify(embedded_system/display) by extensions ['colcon_pkg']
[0.398s] Level 1:colcon.colcon_core.package_identification:_identify(embedded_system/display) by extension 'colcon_pkg'
[0.398s] Level 1:colcon.colcon_core.package_identification:_identify(embedded_system/display) by extensions ['colcon_meta']
[0.398s] Level 1:colcon.colcon_core.package_identification:_identify(embedded_system/display) by extension 'colcon_meta'
[0.399s] Level 1:colcon.colcon_core.package_identification:_identify(embedded_system/display) by extensions ['ros']
[0.399s] Level 1:colcon.colcon_core.package_identification:_identify(embedded_system/display) by extension 'ros'
[0.401s] DEBUG:colcon.colcon_core.package_identification:Package 'embedded_system/display' with type 'ros.ament_cmake' and name 'display_sub'
[0.402s] Level 1:colcon.colcon_core.package_identification:_identify(embedded_system/gps) by extensions ['ignore', 'ignore_ament_install']
[0.403s] Level 1:colcon.colcon_core.package_identification:_identify(embedded_system/gps) by extension 'ignore'
[0.403s] Level 1:colcon.colcon_core.package_identification:_identify(embedded_system/gps) by extension 'ignore_ament_install'
[0.404s] Level 1:colcon.colcon_core.package_identification:_identify(embedded_system/gps) by extensions ['colcon_pkg']
[0.404s] Level 1:colcon.colcon_core.package_identification:_identify(embedded_system/gps) by extension 'colcon_pkg'
[0.405s] Level 1:colcon.colcon_core.package_identification:_identify(embedded_system/gps) by extensions ['colcon_meta']
[0.405s] Level 1:colcon.colcon_core.package_identification:_identify(embedded_system/gps) by extension 'colcon_meta'
[0.405s] Level 1:colcon.colcon_core.package_identification:_identify(embedded_system/gps) by extensions ['ros']
[0.406s] Level 1:colcon.colcon_core.package_identification:_identify(embedded_system/gps) by extension 'ros'
[0.408s] DEBUG:colcon.colcon_core.package_identification:Package 'embedded_system/gps' with type 'ros.ament_cmake' and name 'gps'
[0.409s] Level 1:colcon.colcon_core.package_identification:_identify(embedded_system/h20pro) by extensions ['ignore', 'ignore_ament_install']
[0.410s] Level 1:colcon.colcon_core.package_identification:_identify(embedded_system/h20pro) by extension 'ignore'
[0.410s] Level 1:colcon.colcon_core.package_identification:_identify(embedded_system/h20pro) by extension 'ignore_ament_install'
[0.411s] Level 1:colcon.colcon_core.package_identification:_identify(embedded_system/h20pro) by extensions ['colcon_pkg']
[0.411s] Level 1:colcon.colcon_core.package_identification:_identify(embedded_system/h20pro) by extension 'colcon_pkg'
[0.411s] Level 1:colcon.colcon_core.package_identification:_identify(embedded_system/h20pro) by extensions ['colcon_meta']
[0.412s] Level 1:colcon.colcon_core.package_identification:_identify(embedded_system/h20pro) by extension 'colcon_meta'
[0.412s] Level 1:colcon.colcon_core.package_identification:_identify(embedded_system/h20pro) by extensions ['ros']
[0.412s] Level 1:colcon.colcon_core.package_identification:_identify(embedded_system/h20pro) by extension 'ros'
[0.414s] DEBUG:colcon.colcon_core.package_identification:Package 'embedded_system/h20pro' with type 'ros.ament_cmake' and name 'h20pro'
[0.416s] Level 1:colcon.colcon_core.package_identification:_identify(embedded_system/orient) by extensions ['ignore', 'ignore_ament_install']
[0.416s] Level 1:colcon.colcon_core.package_identification:_identify(embedded_system/orient) by extension 'ignore'
[0.417s] Level 1:colcon.colcon_core.package_identification:_identify(embedded_system/orient) by extension 'ignore_ament_install'
[0.417s] Level 1:colcon.colcon_core.package_identification:_identify(embedded_system/orient) by extensions ['colcon_pkg']
[0.417s] Level 1:colcon.colcon_core.package_identification:_identify(embedded_system/orient) by extension 'colcon_pkg'
[0.418s] Level 1:colcon.colcon_core.package_identification:_identify(embedded_system/orient) by extensions ['colcon_meta']
[0.418s] Level 1:colcon.colcon_core.package_identification:_identify(embedded_system/orient) by extension 'colcon_meta'
[0.418s] Level 1:colcon.colcon_core.package_identification:_identify(embedded_system/orient) by extensions ['ros']
[0.419s] Level 1:colcon.colcon_core.package_identification:_identify(embedded_system/orient) by extension 'ros'
[0.421s] DEBUG:colcon.colcon_core.package_identification:Package 'embedded_system/orient' with type 'ros.ament_cmake' and name 'orient'
[0.423s] Level 1:colcon.colcon_core.package_identification:_identify(embedded_system/orient2) by extensions ['ignore', 'ignore_ament_install']
[0.424s] Level 1:colcon.colcon_core.package_identification:_identify(embedded_system/orient2) by extension 'ignore'
[0.424s] Level 1:colcon.colcon_core.package_identification:_identify(embedded_system/orient2) by extension 'ignore_ament_install'
[0.424s] Level 1:colcon.colcon_core.package_identification:_identify(embedded_system/orient2) by extensions ['colcon_pkg']
[0.425s] Level 1:colcon.colcon_core.package_identification:_identify(embedded_system/orient2) by extension 'colcon_pkg'
[0.425s] Level 1:colcon.colcon_core.package_identification:_identify(embedded_system/orient2) by extensions ['colcon_meta']
[0.425s] Level 1:colcon.colcon_core.package_identification:_identify(embedded_system/orient2) by extension 'colcon_meta'
[0.425s] Level 1:colcon.colcon_core.package_identification:_identify(embedded_system/orient2) by extensions ['ros']
[0.426s] Level 1:colcon.colcon_core.package_identification:_identify(embedded_system/orient2) by extension 'ros'
[0.428s] DEBUG:colcon.colcon_core.package_identification:Package 'embedded_system/orient2' with type 'ros.ament_cmake' and name 'orient2'
[0.430s] Level 1:colcon.colcon_core.package_identification:_identify(embedded_system/pressure) by extensions ['ignore', 'ignore_ament_install']
[0.430s] Level 1:colcon.colcon_core.package_identification:_identify(embedded_system/pressure) by extension 'ignore'
[0.430s] Level 1:colcon.colcon_core.package_identification:_identify(embedded_system/pressure) by extension 'ignore_ament_install'
[0.431s] Level 1:colcon.colcon_core.package_identification:_identify(embedded_system/pressure) by extensions ['colcon_pkg']
[0.432s] Level 1:colcon.colcon_core.package_identification:_identify(embedded_system/pressure) by extension 'colcon_pkg'
[0.432s] Level 1:colcon.colcon_core.package_identification:_identify(embedded_system/pressure) by extensions ['colcon_meta']
[0.433s] Level 1:colcon.colcon_core.package_identification:_identify(embedded_system/pressure) by extension 'colcon_meta'
[0.433s] Level 1:colcon.colcon_core.package_identification:_identify(embedded_system/pressure) by extensions ['ros']
[0.433s] Level 1:colcon.colcon_core.package_identification:_identify(embedded_system/pressure) by extension 'ros'
[0.438s] DEBUG:colcon.colcon_core.package_identification:Package 'embedded_system/pressure' with type 'ros.ament_cmake' and name 'pressure'
[0.441s] Level 1:colcon.colcon_core.package_identification:_identify(embedded_system/pwm) by extensions ['ignore', 'ignore_ament_install']
[0.441s] Level 1:colcon.colcon_core.package_identification:_identify(embedded_system/pwm) by extension 'ignore'
[0.442s] Level 1:colcon.colcon_core.package_identification:_identify(embedded_system/pwm) by extension 'ignore_ament_install'
[0.444s] Level 1:colcon.colcon_core.package_identification:_identify(embedded_system/pwm) by extensions ['colcon_pkg']
[0.444s] Level 1:colcon.colcon_core.package_identification:_identify(embedded_system/pwm) by extension 'colcon_pkg'
[0.445s] Level 1:colcon.colcon_core.package_identification:_identify(embedded_system/pwm) by extensions ['colcon_meta']
[0.446s] Level 1:colcon.colcon_core.package_identification:_identify(embedded_system/pwm) by extension 'colcon_meta'
[0.446s] Level 1:colcon.colcon_core.package_identification:_identify(embedded_system/pwm) by extensions ['ros']
[0.446s] Level 1:colcon.colcon_core.package_identification:_identify(embedded_system/pwm) by extension 'ros'
[0.449s] DEBUG:colcon.colcon_core.package_identification:Package 'embedded_system/pwm' with type 'ros.ament_cmake' and name 'pwm'
[0.451s] Level 1:colcon.colcon_core.package_identification:_identify(gnc) by extensions ['ignore', 'ignore_ament_install']
[0.451s] Level 1:colcon.colcon_core.package_identification:_identify(gnc) by extension 'ignore'
[0.452s] Level 1:colcon.colcon_core.package_identification:_identify(gnc) by extension 'ignore_ament_install'
[0.452s] Level 1:colcon.colcon_core.package_identification:_identify(gnc) by extensions ['colcon_pkg']
[0.452s] Level 1:colcon.colcon_core.package_identification:_identify(gnc) by extension 'colcon_pkg'
[0.453s] Level 1:colcon.colcon_core.package_identification:_identify(gnc) by extensions ['colcon_meta']
[0.453s] Level 1:colcon.colcon_core.package_identification:_identify(gnc) by extension 'colcon_meta'
[0.453s] Level 1:colcon.colcon_core.package_identification:_identify(gnc) by extensions ['ros']
[0.454s] Level 1:colcon.colcon_core.package_identification:_identify(gnc) by extension 'ros'
[0.456s] DEBUG:colcon.colcon_core.package_identification:Package 'gnc' with type 'ros.ament_cmake' and name 'gnc'
[0.457s] Level 1:colcon.colcon_core.package_identification:_identify(install) by extensions ['ignore', 'ignore_ament_install']
[0.457s] Level 1:colcon.colcon_core.package_identification:_identify(install) by extension 'ignore'
[0.457s] Level 1:colcon.colcon_core.package_identification:_identify(install) ignored
[0.460s] Level 1:colcon.colcon_core.package_identification:_identify(log) by extensions ['ignore', 'ignore_ament_install']
[0.460s] Level 1:colcon.colcon_core.package_identification:_identify(log) by extension 'ignore'
[0.461s] Level 1:colcon.colcon_core.package_identification:_identify(log) ignored
[0.463s] Level 1:colcon.colcon_core.package_identification:_identify(telemetry_manager) by extensions ['ignore', 'ignore_ament_install']
[0.463s] Level 1:colcon.colcon_core.package_identification:_identify(telemetry_manager) by extension 'ignore'
[0.464s] Level 1:colcon.colcon_core.package_identification:_identify(telemetry_manager) by extension 'ignore_ament_install'
[0.464s] Level 1:colcon.colcon_core.package_identification:_identify(telemetry_manager) by extensions ['colcon_pkg']
[0.465s] Level 1:colcon.colcon_core.package_identification:_identify(telemetry_manager) by extension 'colcon_pkg'
[0.465s] Level 1:colcon.colcon_core.package_identification:_identify(telemetry_manager) by extensions ['colcon_meta']
[0.465s] Level 1:colcon.colcon_core.package_identification:_identify(telemetry_manager) by extension 'colcon_meta'
[0.465s] Level 1:colcon.colcon_core.package_identification:_identify(telemetry_manager) by extensions ['ros']
[0.466s] Level 1:colcon.colcon_core.package_identification:_identify(telemetry_manager) by extension 'ros'
[0.467s] Level 1:colcon.colcon_core.package_identification:_identify(telemetry_manager) by extensions ['cmake', 'python']
[0.467s] Level 1:colcon.colcon_core.package_identification:_identify(telemetry_manager) by extension 'cmake'
[0.467s] Level 1:colcon.colcon_core.package_identification:_identify(telemetry_manager) by extension 'python'
[0.468s] Level 1:colcon.colcon_core.package_identification:_identify(telemetry_manager) by extensions ['python_setup_py']
[0.468s] Level 1:colcon.colcon_core.package_identification:_identify(telemetry_manager) by extension 'python_setup_py'
[0.469s] Level 1:colcon.colcon_core.package_identification:_identify(telemetry_manager/communicator) by extensions ['ignore', 'ignore_ament_install']
[0.470s] Level 1:colcon.colcon_core.package_identification:_identify(telemetry_manager/communicator) by extension 'ignore'
[0.470s] Level 1:colcon.colcon_core.package_identification:_identify(telemetry_manager/communicator) by extension 'ignore_ament_install'
[0.471s] Level 1:colcon.colcon_core.package_identification:_identify(telemetry_manager/communicator) by extensions ['colcon_pkg']
[0.471s] Level 1:colcon.colcon_core.package_identification:_identify(telemetry_manager/communicator) by extension 'colcon_pkg'
[0.471s] Level 1:colcon.colcon_core.package_identification:_identify(telemetry_manager/communicator) by extensions ['colcon_meta']
[0.472s] Level 1:colcon.colcon_core.package_identification:_identify(telemetry_manager/communicator) by extension 'colcon_meta'
[0.472s] Level 1:colcon.colcon_core.package_identification:_identify(telemetry_manager/communicator) by extensions ['ros']
[0.472s] Level 1:colcon.colcon_core.package_identification:_identify(telemetry_manager/communicator) by extension 'ros'
[0.475s] DEBUG:colcon.colcon_core.package_identification:Package 'telemetry_manager/communicator' with type 'ros.ament_cmake' and name 'communicator'
[0.477s] Level 1:colcon.colcon_core.package_identification:_identify(templates) by extensions ['ignore', 'ignore_ament_install']
[0.478s] Level 1:colcon.colcon_core.package_identification:_identify(templates) by extension 'ignore'
[0.478s] Level 1:colcon.colcon_core.package_identification:_identify(templates) by extension 'ignore_ament_install'
[0.479s] Level 1:colcon.colcon_core.package_identification:_identify(templates) by extensions ['colcon_pkg']
[0.479s] Level 1:colcon.colcon_core.package_identification:_identify(templates) by extension 'colcon_pkg'
[0.479s] Level 1:colcon.colcon_core.package_identification:_identify(templates) by extensions ['colcon_meta']
[0.480s] Level 1:colcon.colcon_core.package_identification:_identify(templates) by extension 'colcon_meta'
[0.480s] Level 1:colcon.colcon_core.package_identification:_identify(templates) by extensions ['ros']
[0.480s] Level 1:colcon.colcon_core.package_identification:_identify(templates) by extension 'ros'
[0.481s] Level 1:colcon.colcon_core.package_identification:_identify(templates) by extensions ['cmake', 'python']
[0.481s] Level 1:colcon.colcon_core.package_identification:_identify(templates) by extension 'cmake'
[0.481s] Level 1:colcon.colcon_core.package_identification:_identify(templates) by extension 'python'
[0.482s] Level 1:colcon.colcon_core.package_identification:_identify(templates) by extensions ['python_setup_py']
[0.482s] Level 1:colcon.colcon_core.package_identification:_identify(templates) by extension 'python_setup_py'
[0.483s] Level 1:colcon.colcon_core.package_identification:_identify(templates/docs) by extensions ['ignore', 'ignore_ament_install']
[0.484s] Level 1:colcon.colcon_core.package_identification:_identify(templates/docs) by extension 'ignore'
[0.484s] Level 1:colcon.colcon_core.package_identification:_identify(templates/docs) by extension 'ignore_ament_install'
[0.485s] Level 1:colcon.colcon_core.package_identification:_identify(templates/docs) by extensions ['colcon_pkg']
[0.485s] Level 1:colcon.colcon_core.package_identification:_identify(templates/docs) by extension 'colcon_pkg'
[0.485s] Level 1:colcon.colcon_core.package_identification:_identify(templates/docs) by extensions ['colcon_meta']
[0.486s] Level 1:colcon.colcon_core.package_identification:_identify(templates/docs) by extension 'colcon_meta'
[0.486s] Level 1:colcon.colcon_core.package_identification:_identify(templates/docs) by extensions ['ros']
[0.486s] Level 1:colcon.colcon_core.package_identification:_identify(templates/docs) by extension 'ros'
[0.487s] Level 1:colcon.colcon_core.package_identification:_identify(templates/docs) by extensions ['cmake', 'python']
[0.487s] Level 1:colcon.colcon_core.package_identification:_identify(templates/docs) by extension 'cmake'
[0.488s] Level 1:colcon.colcon_core.package_identification:_identify(templates/docs) by extension 'python'
[0.488s] Level 1:colcon.colcon_core.package_identification:_identify(templates/docs) by extensions ['python_setup_py']
[0.488s] Level 1:colcon.colcon_core.package_identification:_identify(templates/docs) by extension 'python_setup_py'
[0.489s] Level 1:colcon.colcon_core.package_identification:_identify(testing) by extensions ['ignore', 'ignore_ament_install']
[0.490s] Level 1:colcon.colcon_core.package_identification:_identify(testing) by extension 'ignore'
[0.490s] Level 1:colcon.colcon_core.package_identification:_identify(testing) by extension 'ignore_ament_install'
[0.491s] Level 1:colcon.colcon_core.package_identification:_identify(testing) by extensions ['colcon_pkg']
[0.491s] Level 1:colcon.colcon_core.package_identification:_identify(testing) by extension 'colcon_pkg'
[0.491s] Level 1:colcon.colcon_core.package_identification:_identify(testing) by extensions ['colcon_meta']
[0.492s] Level 1:colcon.colcon_core.package_identification:_identify(testing) by extension 'colcon_meta'
[0.492s] Level 1:colcon.colcon_core.package_identification:_identify(testing) by extensions ['ros']
[0.492s] Level 1:colcon.colcon_core.package_identification:_identify(testing) by extension 'ros'
[0.496s] DEBUG:colcon.colcon_core.package_identification:Package 'testing' with type 'ros.ament_cmake' and name 'testing'
[0.497s] Level 1:colcon.colcon_core.package_identification:_identify(util) by extensions ['ignore', 'ignore_ament_install']
[0.498s] Level 1:colcon.colcon_core.package_identification:_identify(util) by extension 'ignore'
[0.498s] Level 1:colcon.colcon_core.package_identification:_identify(util) by extension 'ignore_ament_install'
[0.499s] Level 1:colcon.colcon_core.package_identification:_identify(util) by extensions ['colcon_pkg']
[0.499s] Level 1:colcon.colcon_core.package_identification:_identify(util) by extension 'colcon_pkg'
[0.499s] Level 1:colcon.colcon_core.package_identification:_identify(util) by extensions ['colcon_meta']
[0.500s] Level 1:colcon.colcon_core.package_identification:_identify(util) by extension 'colcon_meta'
[0.500s] Level 1:colcon.colcon_core.package_identification:_identify(util) by extensions ['ros']
[0.500s] Level 1:colcon.colcon_core.package_identification:_identify(util) by extension 'ros'
[0.501s] Level 1:colcon.colcon_core.package_identification:_identify(util) by extensions ['cmake', 'python']
[0.501s] Level 1:colcon.colcon_core.package_identification:_identify(util) by extension 'cmake'
[0.501s] Level 1:colcon.colcon_core.package_identification:_identify(util) by extension 'python'
[0.502s] Level 1:colcon.colcon_core.package_identification:_identify(util) by extensions ['python_setup_py']
[0.502s] Level 1:colcon.colcon_core.package_identification:_identify(util) by extension 'python_setup_py'
[0.503s] Level 1:colcon.colcon_core.package_identification:_identify(util/interfaces) by extensions ['ignore', 'ignore_ament_install']
[0.504s] Level 1:colcon.colcon_core.package_identification:_identify(util/interfaces) by extension 'ignore'
[0.504s] Level 1:colcon.colcon_core.package_identification:_identify(util/interfaces) by extension 'ignore_ament_install'
[0.505s] Level 1:colcon.colcon_core.package_identification:_identify(util/interfaces) by extensions ['colcon_pkg']
[0.505s] Level 1:colcon.colcon_core.package_identification:_identify(util/interfaces) by extension 'colcon_pkg'
[0.505s] Level 1:colcon.colcon_core.package_identification:_identify(util/interfaces) by extensions ['colcon_meta']
[0.506s] Level 1:colcon.colcon_core.package_identification:_identify(util/interfaces) by extension 'colcon_meta'
[0.506s] Level 1:colcon.colcon_core.package_identification:_identify(util/interfaces) by extensions ['ros']
[0.506s] Level 1:colcon.colcon_core.package_identification:_identify(util/interfaces) by extension 'ros'
[0.510s] DEBUG:colcon.colcon_core.package_identification:Package 'util/interfaces' with type 'ros.ament_cmake' and name 'interfaces'
[0.512s] Level 1:colcon.colcon_core.package_identification:_identify(util/matlab_msg_gen) by extensions ['ignore', 'ignore_ament_install']
[0.512s] Level 1:colcon.colcon_core.package_identification:_identify(util/matlab_msg_gen) by extension 'ignore'
[0.513s] Level 1:colcon.colcon_core.package_identification:_identify(util/matlab_msg_gen) ignored
[0.514s] Level 1:colcon.colcon_core.package_identification:_identify(vehicle_manager_system) by extensions ['ignore', 'ignore_ament_install']
[0.515s] Level 1:colcon.colcon_core.package_identification:_identify(vehicle_manager_system) by extension 'ignore'
[0.515s] Level 1:colcon.colcon_core.package_identification:_identify(vehicle_manager_system) by extension 'ignore_ament_install'
[0.516s] Level 1:colcon.colcon_core.package_identification:_identify(vehicle_manager_system) by extensions ['colcon_pkg']
[0.516s] Level 1:colcon.colcon_core.package_identification:_identify(vehicle_manager_system) by extension 'colcon_pkg'
[0.517s] Level 1:colcon.colcon_core.package_identification:_identify(vehicle_manager_system) by extensions ['colcon_meta']
[0.517s] Level 1:colcon.colcon_core.package_identification:_identify(vehicle_manager_system) by extension 'colcon_meta'
[0.517s] Level 1:colcon.colcon_core.package_identification:_identify(vehicle_manager_system) by extensions ['ros']
[0.517s] Level 1:colcon.colcon_core.package_identification:_identify(vehicle_manager_system) by extension 'ros'
[0.518s] Level 1:colcon.colcon_core.package_identification:_identify(vehicle_manager_system) by extensions ['cmake', 'python']
[0.518s] Level 1:colcon.colcon_core.package_identification:_identify(vehicle_manager_system) by extension 'cmake'
[0.519s] Level 1:colcon.colcon_core.package_identification:_identify(vehicle_manager_system) by extension 'python'
[0.519s] Level 1:colcon.colcon_core.package_identification:_identify(vehicle_manager_system) by extensions ['python_setup_py']
[0.520s] Level 1:colcon.colcon_core.package_identification:_identify(vehicle_manager_system) by extension 'python_setup_py'
[0.522s] Level 1:colcon.colcon_core.package_identification:_identify(vehicle_manager_system/FSMPilot) by extensions ['ignore', 'ignore_ament_install']
[0.522s] Level 1:colcon.colcon_core.package_identification:_identify(vehicle_manager_system/FSMPilot) by extension 'ignore'
[0.523s] Level 1:colcon.colcon_core.package_identification:_identify(vehicle_manager_system/FSMPilot) by extension 'ignore_ament_install'
[0.523s] Level 1:colcon.colcon_core.package_identification:_identify(vehicle_manager_system/FSMPilot) by extensions ['colcon_pkg']
[0.524s] Level 1:colcon.colcon_core.package_identification:_identify(vehicle_manager_system/FSMPilot) by extension 'colcon_pkg'
[0.524s] Level 1:colcon.colcon_core.package_identification:_identify(vehicle_manager_system/FSMPilot) by extensions ['colcon_meta']
[0.524s] Level 1:colcon.colcon_core.package_identification:_identify(vehicle_manager_system/FSMPilot) by extension 'colcon_meta'
[0.524s] Level 1:colcon.colcon_core.package_identification:_identify(vehicle_manager_system/FSMPilot) by extensions ['ros']
[0.525s] Level 1:colcon.colcon_core.package_identification:_identify(vehicle_manager_system/FSMPilot) by extension 'ros'
[0.526s] Level 1:colcon.colcon_core.package_identification:_identify(vehicle_manager_system/FSMPilot) by extensions ['cmake', 'python']
[0.527s] Level 1:colcon.colcon_core.package_identification:_identify(vehicle_manager_system/FSMPilot) by extension 'cmake'
[0.563s] Level 1:colcon.colcon_core.package_identification:_identify(vehicle_manager_system/FSMPilot) by extension 'python'
[0.564s] DEBUG:colcon.colcon_core.package_identification:Package 'vehicle_manager_system/FSMPilot' with type 'cmake' and name 'FSMPilot'
[0.565s] Level 1:colcon.colcon_core.package_identification:_identify(vehicle_manager_system/health_monitor) by extensions ['ignore', 'ignore_ament_install']
[0.566s] Level 1:colcon.colcon_core.package_identification:_identify(vehicle_manager_system/health_monitor) by extension 'ignore'
[0.566s] Level 1:colcon.colcon_core.package_identification:_identify(vehicle_manager_system/health_monitor) by extension 'ignore_ament_install'
[0.567s] Level 1:colcon.colcon_core.package_identification:_identify(vehicle_manager_system/health_monitor) by extensions ['colcon_pkg']
[0.567s] Level 1:colcon.colcon_core.package_identification:_identify(vehicle_manager_system/health_monitor) by extension 'colcon_pkg'
[0.567s] Level 1:colcon.colcon_core.package_identification:_identify(vehicle_manager_system/health_monitor) by extensions ['colcon_meta']
[0.568s] Level 1:colcon.colcon_core.package_identification:_identify(vehicle_manager_system/health_monitor) by extension 'colcon_meta'
[0.568s] Level 1:colcon.colcon_core.package_identification:_identify(vehicle_manager_system/health_monitor) by extensions ['ros']
[0.568s] Level 1:colcon.colcon_core.package_identification:_identify(vehicle_manager_system/health_monitor) by extension 'ros'
[0.571s] DEBUG:colcon.colcon_core.package_identification:Package 'vehicle_manager_system/health_monitor' with type 'ros.ament_cmake' and name 'health_monitor'
[0.572s] Level 1:colcon.colcon_core.package_identification:_identify(vehicle_manager_system/monitor) by extensions ['ignore', 'ignore_ament_install']
[0.572s] Level 1:colcon.colcon_core.package_identification:_identify(vehicle_manager_system/monitor) by extension 'ignore'
[0.572s] Level 1:colcon.colcon_core.package_identification:_identify(vehicle_manager_system/monitor) by extension 'ignore_ament_install'
[0.573s] Level 1:colcon.colcon_core.package_identification:_identify(vehicle_manager_system/monitor) by extensions ['colcon_pkg']
[0.573s] Level 1:colcon.colcon_core.package_identification:_identify(vehicle_manager_system/monitor) by extension 'colcon_pkg'
[0.574s] Level 1:colcon.colcon_core.package_identification:_identify(vehicle_manager_system/monitor) by extensions ['colcon_meta']
[0.574s] Level 1:colcon.colcon_core.package_identification:_identify(vehicle_manager_system/monitor) by extension 'colcon_meta'
[0.574s] Level 1:colcon.colcon_core.package_identification:_identify(vehicle_manager_system/monitor) by extensions ['ros']
[0.574s] Level 1:colcon.colcon_core.package_identification:_identify(vehicle_manager_system/monitor) by extension 'ros'
[0.578s] DEBUG:colcon.colcon_core.package_identification:Package 'vehicle_manager_system/monitor' with type 'ros.ament_cmake' and name 'monitor'
[0.578s] Level 1:colcon.colcon_core.package_discovery:discover_packages(recursive) using defaults
[0.579s] Level 1:colcon.colcon_core.package_discovery:discover_packages(ignore) discover
[0.579s] Level 1:colcon.colcon_core.package_discovery:discover_packages(ignore) using defaults
[0.579s] Level 1:colcon.colcon_core.package_discovery:discover_packages(path) discover
[0.579s] Level 1:colcon.colcon_core.package_discovery:discover_packages(path) using defaults
[0.633s] INFO:colcon.colcon_core.package_selection:Skipping not selected package 'FSMPilot' in 'vehicle_manager_system/FSMPilot'
[0.634s] INFO:colcon.colcon_core.package_selection:Skipping not selected package 'airspeed' in 'embedded_system/airspeed'
[0.634s] INFO:colcon.colcon_core.package_selection:Skipping not selected package 'communicator' in 'telemetry_manager/communicator'
[0.635s] INFO:colcon.colcon_core.package_selection:Skipping not selected package 'display_sub' in 'embedded_system/display'
[0.635s] INFO:colcon.colcon_core.package_selection:Skipping not selected package 'gnc' in 'gnc'
[0.635s] INFO:colcon.colcon_core.package_selection:Skipping not selected package 'gps' in 'embedded_system/gps'
[0.635s] INFO:colcon.colcon_core.package_selection:Skipping not selected package 'health_monitor' in 'vehicle_manager_system/health_monitor'
[0.636s] INFO:colcon.colcon_core.package_selection:Skipping not selected package 'interfaces' in 'util/interfaces'
[0.636s] INFO:colcon.colcon_core.package_selection:Skipping not selected package 'monitor' in 'vehicle_manager_system/monitor'
[0.636s] INFO:colcon.colcon_core.package_selection:Skipping not selected package 'orient' in 'embedded_system/orient'
[0.636s] INFO:colcon.colcon_core.package_selection:Skipping not selected package 'orient2' in 'embedded_system/orient2'
[0.637s] INFO:colcon.colcon_core.package_selection:Skipping not selected package 'pressure' in 'embedded_system/pressure'
[0.637s] INFO:colcon.colcon_core.package_selection:Skipping not selected package 'pwm' in 'embedded_system/pwm'
[0.637s] INFO:colcon.colcon_core.package_selection:Skipping not selected package 'h20pro' in 'embedded_system/h20pro'
[0.637s] INFO:colcon.colcon_core.package_selection:Skipping not selected package 'testing' in 'testing'
[0.638s] Level 5:colcon.colcon_core.verb:set package 'accel' build argument 'cmake_args' from command line to 'None'
[0.639s] Level 5:colcon.colcon_core.verb:set package 'accel' build argument 'cmake_target' from command line to 'None'
[0.639s] Level 5:colcon.colcon_core.verb:set package 'accel' build argument 'cmake_target_skip_unavailable' from command line to 'False'
[0.640s] Level 5:colcon.colcon_core.verb:set package 'accel' build argument 'cmake_clean_cache' from command line to 'False'
[0.640s] Level 5:colcon.colcon_core.verb:set package 'accel' build argument 'cmake_clean_first' from command line to 'False'
[0.640s] Level 5:colcon.colcon_core.verb:set package 'accel' build argument 'cmake_force_configure' from command line to 'False'
[0.641s] Level 5:colcon.colcon_core.verb:set package 'accel' build argument 'ament_cmake_args' from command line to 'None'
[0.641s] Level 5:colcon.colcon_core.verb:set package 'accel' build argument 'catkin_cmake_args' from command line to 'None'
[0.641s] Level 5:colcon.colcon_core.verb:set package 'accel' build argument 'catkin_skip_building_tests' from command line to 'False'
[0.641s] DEBUG:colcon.colcon_core.verb:Building package 'accel' with the following arguments: {'ament_cmake_args': None, 'build_base': '/workspace/src/build/accel', 'catkin_cmake_args': None, 'catkin_skip_building_tests': False, 'cmake_args': None, 'cmake_clean_cache': False, 'cmake_clean_first': False, 'cmake_force_configure': False, 'cmake_target': None, 'cmake_target_skip_unavailable': False, 'install_base': '/workspace/src/install/accel', 'merge_install': False, 'path': '/workspace/src/embedded_system/accel', 'symlink_install': False, 'test_result_base': None}
[0.643s] INFO:colcon.colcon_core.executor:Executing jobs using 'parallel' executor
[0.647s] DEBUG:colcon.colcon_parallel_executor.executor.parallel:run_until_complete
[0.648s] INFO:colcon.colcon_ros.task.ament_cmake.build:Building ROS package in '/workspace/src/embedded_system/accel' with build type 'ament_cmake'
[0.649s] INFO:colcon.colcon_cmake.task.cmake.build:Building CMake package in '/workspace/src/embedded_system/accel'
[0.652s] INFO:colcon.colcon_core.plugin_system:Skipping extension 'colcon_core.shell.bat': Not used on non-Windows systems
[0.655s] INFO:colcon.colcon_core.shell:Skip shell extension 'powershell' for command environment: Not usable outside of PowerShell
[0.656s] DEBUG:colcon.colcon_core.shell:Skip shell extension 'dsv' for command environment
[0.719s] DEBUG:colcon.colcon_core.event_handler.log_command:Invoking command in '/workspace/src/build/accel': CMAKE_PREFIX_PATH=/opt/ros/humble /usr/bin/cmake /workspace/src/embedded_system/accel -DCMAKE_INSTALL_PREFIX=/workspace/src/install/accel
[2.052s] DEBUG:colcon.colcon_core.event_handler.log_command:Invoked command in '/workspace/src/build/accel' returned '1': CMAKE_PREFIX_PATH=/opt/ros/humble /usr/bin/cmake /workspace/src/embedded_system/accel -DCMAKE_INSTALL_PREFIX=/workspace/src/install/accel
[2.068s] Level 1:colcon.colcon_core.environment:create_environment_scripts_only(accel)
[2.081s] Level 1:colcon.colcon_core.environment:checking '/workspace/src/install/accel' for CMake module files
[2.086s] Level 1:colcon.colcon_core.environment:checking '/workspace/src/install/accel' for CMake config files
[2.087s] Level 1:colcon.colcon_core.environment:checking '/workspace/src/install/accel/bin'
[2.088s] Level 1:colcon.colcon_core.environment:checking '/workspace/src/install/accel/lib/pkgconfig/accel.pc'
[2.094s] Level 1:colcon.colcon_core.environment:checking '/workspace/src/install/accel/lib/python3.10/site-packages'
[2.095s] Level 1:colcon.colcon_core.environment:checking '/workspace/src/install/accel/bin'
[2.096s] INFO:colcon.colcon_core.shell:Creating package script '/workspace/src/install/accel/share/accel/package.ps1'
[2.104s] INFO:colcon.colcon_core.shell:Creating package descriptor '/workspace/src/install/accel/share/accel/package.dsv'
[2.112s] INFO:colcon.colcon_core.shell:Creating package script '/workspace/src/install/accel/share/accel/package.sh'
[2.118s] INFO:colcon.colcon_core.shell:Creating package script '/workspace/src/install/accel/share/accel/package.bash'
[2.123s] INFO:colcon.colcon_core.shell:Creating package script '/workspace/src/install/accel/share/accel/package.zsh'
[2.127s] Level 1:colcon.colcon_core.environment:create_file_with_runtime_dependencies(/workspace/src/install/accel/share/colcon-core/packages/accel)
[2.148s] DEBUG:colcon.colcon_parallel_executor.executor.parallel:closing loop
[2.150s] DEBUG:colcon.colcon_parallel_executor.executor.parallel:loop closed
[2.151s] DEBUG:colcon.colcon_parallel_executor.executor.parallel:run_until_complete finished with '1'
[2.152s] DEBUG:colcon.colcon_core.event_reactor:joining thread
[2.262s] INFO:colcon.colcon_core.plugin_system:Skipping extension 'colcon_notification.desktop_notification.notify_send': Could not find 'notify-send'
[2.263s] INFO:colcon.colcon_core.plugin_system:Skipping extension 'colcon_notification.desktop_notification.terminal_notifier': Not used on non-Darwin systems
[2.264s] INFO:colcon.colcon_core.plugin_system:Skipping extension 'colcon_notification.desktop_notification.win32': Not used on non-Windows systems
[2.265s] INFO:colcon.colcon_notification.desktop_notification:Sending desktop notification using 'notify2'
[2.265s] DEBUG:colcon.colcon_notification.desktop_notification.notify2:Failed to initialize notify2: org.freedesktop.DBus.Error.NotSupported: Unable to autolaunch a dbus-daemon without a $DISPLAY for X11
[2.266s] DEBUG:colcon.colcon_core.event_reactor:joined thread
[2.266s] INFO:colcon.colcon_core.shell:Creating prefix script '/workspace/src/install/local_setup.ps1'
[2.271s] INFO:colcon.colcon_core.shell:Creating prefix util module '/workspace/src/install/_local_setup_util_ps1.py'
[2.276s] INFO:colcon.colcon_core.shell:Creating prefix chain script '/workspace/src/install/setup.ps1'
[2.279s] INFO:colcon.colcon_core.shell:Creating prefix script '/workspace/src/install/local_setup.sh'
[2.283s] INFO:colcon.colcon_core.shell:Creating prefix util module '/workspace/src/install/_local_setup_util_sh.py'
[2.285s] INFO:colcon.colcon_core.shell:Creating prefix chain script '/workspace/src/install/setup.sh'
[2.288s] INFO:colcon.colcon_core.shell:Creating prefix script '/workspace/src/install/local_setup.bash'
[2.295s] INFO:colcon.colcon_core.shell:Creating prefix chain script '/workspace/src/install/setup.bash'
[2.300s] INFO:colcon.colcon_core.shell:Creating prefix script '/workspace/src/install/local_setup.zsh'
[2.302s] INFO:colcon.colcon_core.shell:Creating prefix chain script '/workspace/src/install/setup.zsh'
