[0.010s] Invoking command in '/home/noahw/programs/machpilot/src/FSMPilot/build/fsm_ros_wrapper': CMAKE_PREFIX_PATH=/opt/ros/humble /usr/bin/cmake --build /home/noahw/programs/machpilot/src/FSMPilot/build/fsm_ros_wrapper -- -j32 -l32
[0.064s] [35m[1mConsolidate compiler generated dependencies of target state_machine_node[0m
[0.079s] [ 20%] [32mBuilding CXX object CMakeFiles/state_machine_node.dir/src/ros_main.cpp.o[0m
[0.079s] [ 20%] [32mBuilding CXX object CMakeFiles/state_machine_node.dir/src/state_machine_node.cpp.o[0m
[0.079s] [ 30%] [32mBuilding CXX object CMakeFiles/state_machine_node.dir/src/FSMPilot.cpp.o[0m
[0.079s] [ 40%] [32mBuilding CXX object CMakeFiles/state_machine_node.dir/src/ErrorManager.cpp.o[0m
[0.079s] [ 50%] [32mBuilding CXX object CMakeFiles/state_machine_node.dir/src/FireManager.cpp.o[0m
[0.079s] [ 60%] [32mBuilding CXX object CMakeFiles/state_machine_node.dir/src/ErrorManagerList.cpp.o[0m
[1.529s] [01m[K/home/noahw/programs/machpilot/src/FSMPilot/src/state_machine_node.cpp:[m[K In function ‘[01m[Kvoid pubish_state(std::shared_ptr<StateMachineNode>, FSMPilotStates)[m[K’:
[1.529s] [01m[K/home/noahw/programs/machpilot/src/FSMPilot/src/state_machine_node.cpp:90:18:[m[K [01;31m[Kerror: [m[K‘[01m[Krclcpp::Publisher<std_msgs::msg::UInt64_<std::allocator<void> > >::SharedPtr StateMachineNode::state_publisher[m[K’ is private within this context
[1.529s]    90 |     output_node->[01;31m[Kstate_publisher[m[K->publish(msg);
[1.529s]       |                  [01;31m[K^~~~~~~~~~~~~~~[m[K
[1.529s] In file included from [01m[K/home/noahw/programs/machpilot/src/FSMPilot/src/state_machine_node.cpp:1[m[K:
[1.529s] [01m[K/home/noahw/programs/machpilot/src/FSMPilot/src/state_machine_node.hpp:17:57:[m[K [01;36m[Knote: [m[Kdeclared private here
[1.529s]    17 |     rclcpp::Publisher<std_msgs::msg::UInt64>::SharedPtr [01;36m[Kstate_publisher[m[K;
[1.529s]       |                                                         [01;36m[K^~~~~~~~~~~~~~~[m[K
[3.284s] gmake[2]: *** [CMakeFiles/state_machine_node.dir/build.make:90: CMakeFiles/state_machine_node.dir/src/state_machine_node.cpp.o] Error 1
[3.285s] gmake[1]: *** [CMakeFiles/Makefile2:137: CMakeFiles/state_machine_node.dir/all] Error 2
[3.285s] gmake: *** [Makefile:146: all] Error 2
[3.287s] Invoked command in '/home/noahw/programs/machpilot/src/FSMPilot/build/fsm_ros_wrapper' returned '2': CMAKE_PREFIX_PATH=/opt/ros/humble /usr/bin/cmake --build /home/noahw/programs/machpilot/src/FSMPilot/build/fsm_ros_wrapper -- -j32 -l32
