[0.006s] Invoking command in '/home/noahw/programs/machpilot/src/FSMPilot/build/fsm_ros_wrapper': CMAKE_PREFIX_PATH=/opt/ros/humble /usr/bin/cmake --build /home/noahw/programs/machpilot/src/FSMPilot/build/fsm_ros_wrapper -- -j32 -l32
[0.022s] -- Found ament_cmake: 1.3.12 (/opt/ros/humble/share/ament_cmake/cmake)
[0.082s] -- Found rclcpp: 16.0.14 (/opt/ros/humble/share/rclcpp/cmake)
[0.230s] -- Found rosidl_generator_c: 3.1.7 (/opt/ros/humble/share/rosidl_generator_c/cmake)
[0.231s] -- Found rosidl_adapter: 3.1.7 (/opt/ros/humble/share/rosidl_adapter/cmake)
[0.234s] -- Found rosidl_generator_cpp: 3.1.7 (/opt/ros/humble/share/rosidl_generator_cpp/cmake)
[0.238s] -- Using all available rosidl_typesupport_c: rosidl_typesupport_fastrtps_c;rosidl_typesupport_introspection_c
[0.244s] -- Using all available rosidl_typesupport_cpp: rosidl_typesupport_fastrtps_cpp;rosidl_typesupport_introspection_cpp
[0.258s] -- Found rmw_implementation_cmake: 6.1.2 (/opt/ros/humble/share/rmw_implementation_cmake/cmake)
[0.259s] -- Found rmw_fastrtps_cpp: 6.2.8 (/opt/ros/humble/share/rmw_fastrtps_cpp/cmake)
[6.536s] -- Using RMW implementation 'rmw_fastrtps_cpp' as default
[6.593s] -- Configuring done
[6.598s] -- Generating done
[6.600s] -- Build files have been written to: /home/noahw/programs/machpilot/src/FSMPilot/build/fsm_ros_wrapper
[6.612s] [35m[1mConsolidate compiler generated dependencies of target state_machine_node[0m
[6.619s] [ 11%] [32mBuilding CXX object CMakeFiles/state_machine_node.dir/src/ros_main.cpp.o[0m
[6.619s] [ 33%] [32mBuilding CXX object CMakeFiles/state_machine_node.dir/src/state_machine_node.cpp.o[0m
[6.619s] [ 44%] [32mBuilding CXX object CMakeFiles/state_machine_node.dir/src/FSMPilot.cpp.o[0m
[6.619s] [ 44%] [32mBuilding CXX object CMakeFiles/state_machine_node.dir/src/motorManager.cpp.o[0m
[6.619s] [ 55%] [32mBuilding CXX object CMakeFiles/state_machine_node.dir/src/ScreenManager.cpp.o[0m
[6.620s] [ 66%] [32mBuilding CXX object CMakeFiles/state_machine_node.dir/src/ErrorManager.cpp.o[0m
[6.621s] [ 77%] [32mBuilding CXX object CMakeFiles/state_machine_node.dir/src/FireManager.cpp.o[0m
[6.621s] [ 88%] [32mBuilding CXX object CMakeFiles/state_machine_node.dir/src/ErrorManagerList.cpp.o[0m
[6.625s] [01m[K/home/noahw/programs/machpilot/src/FSMPilot/src/state_machine_node.cpp:1:10:[m[K [01;31m[Kfatal error: [m[Kfsm_ros_wrapper/state_machine_node.hpp: No such file or directory
[6.625s]     1 | #include [01;31m[K"fsm_ros_wrapper/state_machine_node.hpp"[m[K
[6.625s]       |          [01;31m[K^~~~~~~~~~~~~~~~~~~~~~~~~~~~~~~~~~~~~~~~[m[K
[6.625s] compilation terminated.
[6.625s] In file included from [01m[K/home/noahw/programs/machpilot/src/FSMPilot/src/FSMPilot.cpp:1[m[K:
[6.625s] [01m[K/home/noahw/programs/machpilot/src/FSMPilot/src/FSMPilot.hpp:4:10:[m[K [01;31m[Kfatal error: [m[Ktinyfsm.hpp: No such file or directory
[6.625s]     4 | #include [01;31m[K<tinyfsm.hpp>[m[K
[6.625s]       |          [01;31m[K^~~~~~~~~~~~~[m[K
[6.625s] compilation terminated.
[6.625s] In file included from [01m[K/home/noahw/programs/machpilot/src/FSMPilot/src/FireManager.hpp:1[m[K,
[6.625s]                  from [01m[K/home/noahw/programs/machpilot/src/FSMPilot/src/FireManager.cpp:1[m[K:
[6.625s] [01m[K/home/noahw/programs/machpilot/src/FSMPilot/src/ErrorManager.hpp:4:10:[m[K [01;31m[Kfatal error: [m[Ktinyfsm.hpp: No such file or directory
[6.625s]     4 | #include [01;31m[K<tinyfsm.hpp>[m[K
[6.625s]       |          [01;31m[K^~~~~~~~~~~~~[m[K
[6.625s] compilation terminated.
[6.625s] [01m[K/home/noahw/programs/machpilot/src/FSMPilot/src/ErrorManager.cpp:1:10:[m[K [01;31m[Kfatal error: [m[Ktinyfsm.hpp: No such file or directory
[6.625s]     1 | #include [01;31m[K<tinyfsm.hpp>[m[K
[6.626s]       |          [01;31m[K^~~~~~~~~~~~~[m[K
[6.626s] compilation terminated.
[6.626s] gmake[2]: *** [CMakeFiles/state_machine_node.dir/build.make:90: CMakeFiles/state_machine_node.dir/src/state_machine_node.cpp.o] Error 1
[6.626s] gmake[2]: *** Waiting for unfinished jobs....
[6.626s] gmake[2]: *** [CMakeFiles/state_machine_node.dir/build.make:160: CMakeFiles/state_machine_node.dir/src/FireManager.cpp.o] Error 1
[6.626s] gmake[2]: *** [CMakeFiles/state_machine_node.dir/build.make:146: CMakeFiles/state_machine_node.dir/src/ErrorManager.cpp.o] Error 1
[6.626s] gmake[2]: *** [CMakeFiles/state_machine_node.dir/build.make:104: CMakeFiles/state_machine_node.dir/src/FSMPilot.cpp.o] Error 1
[6.626s] In file included from [01m[K/home/noahw/programs/machpilot/src/FSMPilot/src/ErrorManagerList.hpp:1[m[K,
[6.626s]                  from [01m[K/home/noahw/programs/machpilot/src/FSMPilot/src/ErrorManagerList.cpp:1[m[K:
[6.626s] [01m[K/home/noahw/programs/machpilot/src/FSMPilot/src/ErrorManager.hpp:4:10:[m[K [01;31m[Kfatal error: [m[Ktinyfsm.hpp: No such file or directory
[6.626s]     4 | #include [01;31m[K<tinyfsm.hpp>[m[K
[6.626s]       |          [01;31m[K^~~~~~~~~~~~~[m[K
[6.626s] compilation terminated.
[6.626s] gmake[2]: *** [CMakeFiles/state_machine_node.dir/build.make:174: CMakeFiles/state_machine_node.dir/src/ErrorManagerList.cpp.o] Error 1
[6.710s] [01m[K/home/noahw/programs/machpilot/src/FSMPilot/src/ros_main.cpp:2:10:[m[K [01;31m[Kfatal error: [m[Kfsm_ros_wrapper/state_machine_node.hpp: No such file or directory
[6.710s]     2 | #include [01;31m[K"fsm_ros_wrapper/state_machine_node.hpp"[m[K
[6.710s]       |          [01;31m[K^~~~~~~~~~~~~~~~~~~~~~~~~~~~~~~~~~~~~~~~[m[K
[6.710s] compilation terminated.
[6.715s] gmake[2]: *** [CMakeFiles/state_machine_node.dir/build.make:76: CMakeFiles/state_machine_node.dir/src/ros_main.cpp.o] Error 1
[6.738s] gmake[1]: *** [CMakeFiles/Makefile2:137: CMakeFiles/state_machine_node.dir/all] Error 2
[6.738s] gmake: *** [Makefile:146: all] Error 2
[6.740s] Invoked command in '/home/noahw/programs/machpilot/src/FSMPilot/build/fsm_ros_wrapper' returned '2': CMAKE_PREFIX_PATH=/opt/ros/humble /usr/bin/cmake --build /home/noahw/programs/machpilot/src/FSMPilot/build/fsm_ros_wrapper -- -j32 -l32
