[0.007s] Invoking command in '/home/noahw/programs/machpilot/src/FSMPilot/build/fsm_ros_wrapper': CMAKE_PREFIX_PATH=${CMAKE_PREFIX_PATH}:/opt/ros/humble /usr/bin/cmake --build /home/noahw/programs/machpilot/src/FSMPilot/build/fsm_ros_wrapper -- -j32 -l32
[0.025s] [35m[1mConsolidate compiler generated dependencies of target state_machine_node[0m
[0.035s] [ 10%] [32mBuilding CXX object CMakeFiles/state_machine_node.dir/src/FSMPilotStates.cpp.o[0m
[0.074s] [ 20%] [32m[1mLinking CXX executable state_machine_node[0m
[0.432s] [100%] Built target state_machine_node
[0.437s] Invoked command in '/home/noahw/programs/machpilot/src/FSMPilot/build/fsm_ros_wrapper' returned '0': CMAKE_PREFIX_PATH=${CMAKE_PREFIX_PATH}:/opt/ros/humble /usr/bin/cmake --build /home/noahw/programs/machpilot/src/FSMPilot/build/fsm_ros_wrapper -- -j32 -l32
[0.442s] Invoking command in '/home/noahw/programs/machpilot/src/FSMPilot/build/fsm_ros_wrapper': CMAKE_PREFIX_PATH=${CMAKE_PREFIX_PATH}:/opt/ros/humble /usr/bin/cmake --install /home/noahw/programs/machpilot/src/FSMPilot/build/fsm_ros_wrapper
[0.445s] -- Install configuration: ""
[0.445s] -- Installing: /home/noahw/programs/machpilot/src/FSMPilot/install/fsm_ros_wrapper/lib/fsm_ros_wrapper/state_machine_node
[0.448s] -- Set runtime path of "/home/noahw/programs/machpilot/src/FSMPilot/install/fsm_ros_wrapper/lib/fsm_ros_wrapper/state_machine_node" to ""
[0.448s] -- Up-to-date: /home/noahw/programs/machpilot/src/FSMPilot/install/fsm_ros_wrapper/share/ament_index/resource_index/package_run_dependencies/fsm_ros_wrapper
[0.448s] -- Up-to-date: /home/noahw/programs/machpilot/src/FSMPilot/install/fsm_ros_wrapper/share/ament_index/resource_index/parent_prefix_path/fsm_ros_wrapper
[0.448s] -- Up-to-date: /home/noahw/programs/machpilot/src/FSMPilot/install/fsm_ros_wrapper/share/fsm_ros_wrapper/environment/ament_prefix_path.sh
[0.448s] -- Up-to-date: /home/noahw/programs/machpilot/src/FSMPilot/install/fsm_ros_wrapper/share/fsm_ros_wrapper/environment/ament_prefix_path.dsv
[0.448s] -- Up-to-date: /home/noahw/programs/machpilot/src/FSMPilot/install/fsm_ros_wrapper/share/fsm_ros_wrapper/environment/path.sh
[0.448s] -- Up-to-date: /home/noahw/programs/machpilot/src/FSMPilot/install/fsm_ros_wrapper/share/fsm_ros_wrapper/environment/path.dsv
[0.449s] -- Up-to-date: /home/noahw/programs/machpilot/src/FSMPilot/install/fsm_ros_wrapper/share/fsm_ros_wrapper/local_setup.bash
[0.449s] -- Up-to-date: /home/noahw/programs/machpilot/src/FSMPilot/install/fsm_ros_wrapper/share/fsm_ros_wrapper/local_setup.sh
[0.450s] -- Up-to-date: /home/noahw/programs/machpilot/src/FSMPilot/install/fsm_ros_wrapper/share/fsm_ros_wrapper/local_setup.zsh
[0.450s] -- Up-to-date: /home/noahw/programs/machpilot/src/FSMPilot/install/fsm_ros_wrapper/share/fsm_ros_wrapper/local_setup.dsv
[0.450s] -- Installing: /home/noahw/programs/machpilot/src/FSMPilot/install/fsm_ros_wrapper/share/fsm_ros_wrapper/package.dsv
[0.450s] -- Up-to-date: /home/noahw/programs/machpilot/src/FSMPilot/install/fsm_ros_wrapper/share/ament_index/resource_index/packages/fsm_ros_wrapper
[0.450s] -- Up-to-date: /home/noahw/programs/machpilot/src/FSMPilot/install/fsm_ros_wrapper/share/fsm_ros_wrapper/cmake/fsm_ros_wrapperConfig.cmake
[0.450s] -- Up-to-date: /home/noahw/programs/machpilot/src/FSMPilot/install/fsm_ros_wrapper/share/fsm_ros_wrapper/cmake/fsm_ros_wrapperConfig-version.cmake
[0.450s] -- Up-to-date: /home/noahw/programs/machpilot/src/FSMPilot/install/fsm_ros_wrapper/share/fsm_ros_wrapper/package.xml
[0.450s] Invoked command in '/home/noahw/programs/machpilot/src/FSMPilot/build/fsm_ros_wrapper' returned '0': CMAKE_PREFIX_PATH=${CMAKE_PREFIX_PATH}:/opt/ros/humble /usr/bin/cmake --install /home/noahw/programs/machpilot/src/FSMPilot/build/fsm_ros_wrapper
