[0.045s] Invoking command in '/workspace/src/build/accel': CMAKE_PREFIX_PATH=/opt/ros/humble /usr/bin/cmake /workspace/src/embedded_system/accel -DCMAKE_INSTALL_PREFIX=/workspace/src/install/accel
[0.066s] -- Found ament_cmake: 1.3.12 (/opt/ros/humble/share/ament_cmake/cmake)
[0.330s] -- Found rclcpp: 16.0.15 (/opt/ros/humble/share/rclcpp/cmake)
[0.378s] -- Found rosidl_generator_c: 3.1.7 (/opt/ros/humble/share/rosidl_generator_c/cmake)
[0.383s] -- Found rosidl_adapter: 3.1.7 (/opt/ros/humble/share/rosidl_adapter/cmake)
[0.396s] -- Found rosidl_generator_cpp: 3.1.7 (/opt/ros/humble/share/rosidl_generator_cpp/cmake)
[0.413s] -- Using all available rosidl_typesupport_c: rosidl_typesupport_fastrtps_c;rosidl_typesupport_introspection_c
[0.429s] -- Using all available rosidl_typesupport_cpp: rosidl_typesupport_fastrtps_cpp;rosidl_typesupport_introspection_cpp
[0.472s] -- Found rmw_implementation_cmake: 6.1.2 (/opt/ros/humble/share/rmw_implementation_cmake/cmake)
[0.476s] -- Found rmw_fastrtps_cpp: 6.2.9 (/opt/ros/humble/share/rmw_fastrtps_cpp/cmake)
[0.615s] -- Using RMW implementation 'rmw_fastrtps_cpp' as default
[0.686s] -- Found rclcpp_action: 16.0.15 (/opt/ros/humble/share/rclcpp_action/cmake)
[0.728s] -- Found rosidl_default_generators: 1.2.0 (/opt/ros/humble/share/rosidl_default_generators/cmake)
[0.743s] -- Found rclcpp_lifecycle: 16.0.15 (/opt/ros/humble/share/rclcpp_lifecycle/cmake)
[0.765s] -- Found ament_lint_auto: 0.12.14 (/opt/ros/humble/share/ament_lint_auto/cmake)
[1.069s] -- Added test 'cppcheck' to perform static code analysis on C / C++ code
[1.073s] -- Configured cppcheck include dirs: $<BUILD_INTERFACE:/workspace/src/embedded_system/accel/include/accel>;$<BUILD_INTERFACE:/workspace/src/embedded_system/accel/../dependencies/include>
[1.075s] -- Configured cppcheck exclude dirs and/or files: 
[1.176s] -- Added test 'cpplint' to check C / C++ code against the Google style
[1.179s] -- Configured cpplint exclude dirs and/or files: 
[1.211s] -- Added test 'lint_cmake' to check CMake code style
[1.283s] -- Added test 'uncrustify' to check C / C++ code style
[1.284s] -- Configured uncrustify additional arguments: 
[1.293s] -- Added test 'xmllint' to check XML markup files
[1.311s] -- Configuring done
[1.354s] [31mCMake Error at CMakeLists.txt:41 (add_executable):
[1.355s]   Cannot find source file:
[1.356s] 
[1.357s]     src/adxl345_driver.c
[1.358s] 
[1.359s]   Tried extensions .c .C .c++ .cc .cpp .cxx .cu .mpp .m .M .mm .ixx .cppm .h
[1.362s]   .hh .h++ .hm .hpp .hxx .in .txx .f .F .for .f77 .f90 .f95 .f03 .hip .ispc
[1.364s] 
[1.365s] [0m
[1.372s] [31mCMake Error at CMakeLists.txt:41 (add_executable):
[1.373s]   No SOURCES given to target: adxl345_node
[1.374s] 
[1.375s] [0m
[1.377s] [0mCMake Generate step failed.  Build files cannot be regenerated correctly.[0m
[1.378s] Invoked command in '/workspace/src/build/accel' returned '1': CMAKE_PREFIX_PATH=/opt/ros/humble /usr/bin/cmake /workspace/src/embedded_system/accel -DCMAKE_INSTALL_PREFIX=/workspace/src/install/accel
